RUN	com.octoperf.tutorials.one.PetStoreSimulation4	petstoresimulation4	1623555088310	testing	3.6.0
USER	PetStoreSimulation	START	1623555090230
USER	PetStoreSimulation	START	1623555090562
USER	PetStoreSimulation	START	1623555090895
REQUEST		request_0	1623555090256	1623555091241	OK	 
REQUEST		request_0	1623555090562	1623555091501	OK	 
REQUEST		request_1	1623555091274	1623555091549	OK	 
REQUEST		request_1	1623555091507	1623555091920	OK	 
REQUEST		request_7	1623555091615	1623555092029	OK	 
REQUEST		request_0	1623555090895	1623555092075	OK	 
REQUEST		request_7	1623555091923	1623555092192	OK	 
REQUEST		request_6	1623555091277	1623555092339	OK	 
REQUEST		request_5	1623555091277	1623555092345	OK	 
REQUEST		request_8	1623555092035	1623555092412	OK	 
REQUEST		request_3	1623555091276	1623555092428	OK	 
REQUEST		request_1	1623555092091	1623555092429	OK	 
REQUEST		request_4	1623555091276	1623555092435	OK	 
REQUEST		request_2	1623555091275	1623555092468	OK	 
REQUEST		request_8	1623555092194	1623555092468	OK	 
REQUEST		request_5	1623555091513	1623555092493	OK	 
REQUEST		request_2	1623555091509	1623555092538	OK	 
REQUEST		request_3	1623555091511	1623555092544	OK	 
REQUEST		request_4	1623555091512	1623555092550	OK	 
REQUEST		request_6	1623555091514	1623555092624	OK	 
REQUEST		request_9	1623555092341	1623555092683	OK	 
REQUEST		request_10	1623555092347	1623555092688	OK	 
REQUEST		request_11	1623555092415	1623555092698	OK	 
REQUEST		request_7	1623555092431	1623555092718	OK	 
REQUEST		request_12	1623555092430	1623555092719	OK	 
REQUEST		request_13	1623555092436	1623555092722	OK	 
REQUEST		request_9	1623555092470	1623555092729	OK	 
REQUEST		request_14	1623555092470	1623555092729	OK	 
REQUEST		request_10	1623555092496	1623555092735	OK	 
REQUEST		request_13	1623555092553	1623555092778	OK	 
REQUEST		request_12	1623555092547	1623555092780	OK	 
REQUEST		request_11	1623555092540	1623555092787	OK	 
REQUEST		request_14	1623555092627	1623555092860	OK	 
REQUEST		request_8	1623555092720	1623555092963	OK	 
REQUEST		request_3	1623555092099	1623555093019	OK	 
REQUEST		request_2	1623555092096	1623555093030	OK	 
REQUEST		request_4	1623555092101	1623555093036	OK	 
REQUEST		request_6	1623555092103	1623555093069	OK	 
REQUEST		request_5	1623555092102	1623555093187	OK	 
REQUEST		request_15	1623555092685	1623555093267	OK	 
REQUEST		request_15	1623555092731	1623555093267	OK	 
REQUEST		request_9	1623555092966	1623555093267	OK	 
USER	PetStoreSimulation	END	1623555093288
USER	PetStoreSimulation	END	1623555093289
USER	PetStoreSimulation	START	1623555093291
USER	PetStoreSimulation	START	1623555093291
REQUEST		request_11	1623555093032	1623555093297	OK	 
REQUEST		request_10	1623555093022	1623555093298	OK	 
REQUEST		request_12	1623555093038	1623555093306	OK	 
REQUEST		request_13	1623555093072	1623555093309	OK	 
REQUEST		request_14	1623555093188	1623555093414	OK	 
REQUEST		request_15	1623555093269	1623555093861	OK	 
USER	PetStoreSimulation	END	1623555093873
USER	PetStoreSimulation	START	1623555093877
REQUEST		request_0	1623555093292	1623555094305	OK	 
REQUEST		request_0	1623555093292	1623555094306	OK	 
REQUEST		request_1	1623555094309	1623555094529	OK	 
REQUEST		request_1	1623555094311	1623555094541	OK	 
REQUEST		request_0	1623555093878	1623555094744	OK	 
REQUEST		request_7	1623555094533	1623555094787	OK	 
REQUEST		request_7	1623555094546	1623555094858	OK	 
REQUEST		request_1	1623555094746	1623555095064	OK	 
REQUEST		request_8	1623555094787	1623555095064	OK	 
REQUEST		request_8	1623555094858	1623555095077	OK	 
REQUEST		request_3	1623555094312	1623555095231	OK	 
REQUEST		request_2	1623555094311	1623555095260	OK	 
REQUEST		request_4	1623555094316	1623555095263	OK	 
REQUEST		request_6	1623555094315	1623555095267	OK	 
REQUEST		request_2	1623555094314	1623555095271	OK	 
REQUEST		request_3	1623555094315	1623555095282	OK	 
REQUEST		request_9	1623555095065	1623555095287	OK	 
REQUEST		request_5	1623555094316	1623555095289	OK	 
REQUEST		request_6	1623555094317	1623555095294	OK	 
REQUEST		request_7	1623555095065	1623555095295	OK	 
REQUEST		request_9	1623555095077	1623555095298	OK	 
REQUEST		request_5	1623555094315	1623555095378	OK	 
REQUEST		request_4	1623555094314	1623555095437	OK	 
REQUEST		request_10	1623555095234	1623555095456	OK	 
REQUEST		request_11	1623555095263	1623555095496	OK	 
REQUEST		request_10	1623555095266	1623555095497	OK	 
REQUEST		request_12	1623555095270	1623555095505	OK	 
REQUEST		request_11	1623555095277	1623555095505	OK	 
REQUEST		request_13	1623555095289	1623555095506	OK	 
REQUEST		request_14	1623555095296	1623555095521	OK	 
REQUEST		request_12	1623555095286	1623555095560	OK	 
REQUEST		request_13	1623555095291	1623555095566	OK	 
REQUEST		request_8	1623555095296	1623555095567	OK	 
REQUEST		request_14	1623555095378	1623555095602	OK	 
REQUEST		request_15	1623555095300	1623555095723	OK	 
USER	PetStoreSimulation	END	1623555095732
USER	PetStoreSimulation	START	1623555095734
REQUEST		request_3	1623555094748	1623555095760	OK	 
REQUEST		request_2	1623555094747	1623555095767	OK	 
REQUEST		request_4	1623555094748	1623555095770	OK	 
REQUEST		request_9	1623555095567	1623555095801	OK	 
REQUEST		request_6	1623555094749	1623555095816	OK	 
REQUEST		request_5	1623555094749	1623555095819	OK	 
REQUEST		request_15	1623555095438	1623555095871	OK	 
USER	PetStoreSimulation	END	1623555095878
USER	PetStoreSimulation	START	1623555095880
REQUEST		request_10	1623555095761	1623555095976	OK	 
REQUEST		request_11	1623555095768	1623555095980	OK	 
REQUEST		request_12	1623555095771	1623555095985	OK	 
REQUEST		request_13	1623555095802	1623555096023	OK	 
REQUEST		request_14	1623555095817	1623555096031	OK	 
REQUEST		request_15	1623555095820	1623555096256	OK	 
USER	PetStoreSimulation	END	1623555096265
USER	PetStoreSimulation	START	1623555096267
REQUEST		request_0	1623555095735	1623555096663	OK	 
REQUEST		request_0	1623555095880	1623555096718	OK	 
REQUEST		request_1	1623555096669	1623555096899	OK	 
REQUEST		request_1	1623555096722	1623555096948	OK	 
REQUEST		request_0	1623555096268	1623555097107	OK	 
REQUEST		request_7	1623555096900	1623555097122	OK	 
REQUEST		request_7	1623555096949	1623555097210	OK	 
REQUEST		request_1	1623555097111	1623555097341	OK	 
REQUEST		request_8	1623555097122	1623555097357	OK	 
REQUEST		request_8	1623555097211	1623555097426	OK	 
REQUEST		request_4	1623555096673	1623555097506	OK	 
REQUEST		request_2	1623555096670	1623555097509	OK	 
REQUEST		request_3	1623555096672	1623555097511	OK	 
REQUEST		request_6	1623555096676	1623555097534	OK	 
REQUEST		request_7	1623555097343	1623555097557	OK	 
REQUEST		request_2	1623555096724	1623555097566	OK	 
REQUEST		request_9	1623555097357	1623555097567	OK	 
REQUEST		request_4	1623555096727	1623555097574	OK	 
REQUEST		request_3	1623555096725	1623555097577	OK	 
REQUEST		request_6	1623555096729	1623555097581	OK	 
REQUEST		request_5	1623555096674	1623555097581	OK	 
REQUEST		request_5	1623555096728	1623555097617	OK	 
REQUEST		request_9	1623555097427	1623555097646	OK	 
REQUEST		request_8	1623555097557	1623555097782	OK	 
REQUEST		request_10	1623555097567	1623555097782	OK	 
REQUEST		request_10	1623555097507	1623555097783	OK	 
REQUEST		request_14	1623555097567	1623555097783	OK	 
REQUEST		request_11	1623555097510	1623555097784	OK	 
REQUEST		request_12	1623555097512	1623555097785	OK	 
REQUEST		request_13	1623555097535	1623555097786	OK	 
REQUEST		request_11	1623555097575	1623555097815	OK	 
REQUEST		request_12	1623555097578	1623555097816	OK	 
REQUEST		request_13	1623555097582	1623555097817	OK	 
REQUEST		request_14	1623555097618	1623555097832	OK	 
REQUEST		request_5	1623555097113	1623555097948	OK	 
REQUEST		request_3	1623555097112	1623555097958	OK	 
REQUEST		request_15	1623555097582	1623555098027	OK	 
REQUEST		request_6	1623555097114	1623555098027	OK	 
REQUEST		request_9	1623555097783	1623555098028	OK	 
REQUEST		request_2	1623555097111	1623555098029	OK	 
USER	PetStoreSimulation	END	1623555098029
REQUEST		request_4	1623555097113	1623555098031	OK	 
USER	PetStoreSimulation	START	1623555098030
REQUEST		request_15	1623555097647	1623555098090	OK	 
USER	PetStoreSimulation	END	1623555098105
USER	PetStoreSimulation	START	1623555098109
REQUEST		request_11	1623555097959	1623555098177	OK	 
REQUEST		request_10	1623555097949	1623555098179	OK	 
REQUEST		request_13	1623555098028	1623555098241	OK	 
REQUEST		request_12	1623555098027	1623555098244	OK	 
REQUEST		request_14	1623555098030	1623555098247	OK	 
REQUEST		request_15	1623555098031	1623555098448	OK	 
USER	PetStoreSimulation	END	1623555098460
USER	PetStoreSimulation	START	1623555098464
REQUEST		request_0	1623555098031	1623555098921	OK	 
REQUEST		request_0	1623555098111	1623555098980	OK	 
REQUEST		request_1	1623555098932	1623555099161	OK	 
REQUEST		request_1	1623555098982	1623555099217	OK	 
REQUEST		request_0	1623555098466	1623555099321	OK	 
REQUEST		request_7	1623555099162	1623555099394	OK	 
REQUEST		request_7	1623555099218	1623555099457	OK	 
REQUEST		request_1	1623555099324	1623555099554	OK	 
REQUEST		request_8	1623555099395	1623555099612	OK	 
REQUEST		request_8	1623555099458	1623555099674	OK	 
REQUEST		request_6	1623555098948	1623555099747	OK	 
REQUEST		request_4	1623555098943	1623555099753	OK	 
REQUEST		request_5	1623555098946	1623555099755	OK	 
REQUEST		request_3	1623555098939	1623555099765	OK	 
REQUEST		request_2	1623555098936	1623555099767	OK	 
REQUEST		request_7	1623555099555	1623555099772	OK	 
REQUEST		request_6	1623555098985	1623555099795	OK	 
REQUEST		request_5	1623555098984	1623555099834	OK	 
REQUEST		request_2	1623555098983	1623555099837	OK	 
REQUEST		request_3	1623555098983	1623555099840	OK	 
REQUEST		request_4	1623555098984	1623555099843	OK	 
REQUEST		request_9	1623555099613	1623555099856	OK	 
REQUEST		request_9	1623555099675	1623555099904	OK	 
REQUEST		request_10	1623555099747	1623555099968	OK	 
REQUEST		request_11	1623555099754	1623555099969	OK	 
REQUEST		request_12	1623555099755	1623555099970	OK	 
REQUEST		request_13	1623555099766	1623555099981	OK	 
REQUEST		request_14	1623555099768	1623555099982	OK	 
REQUEST		request_8	1623555099772	1623555099986	OK	 
REQUEST		request_10	1623555099796	1623555100018	OK	 
REQUEST		request_11	1623555099835	1623555100067	OK	 
REQUEST		request_14	1623555099844	1623555100071	OK	 
REQUEST		request_13	1623555099841	1623555100071	OK	 
REQUEST		request_12	1623555099838	1623555100073	OK	 
REQUEST		request_5	1623555099326	1623555100161	OK	 
REQUEST		request_2	1623555099325	1623555100166	OK	 
REQUEST		request_9	1623555099987	1623555100204	OK	 
REQUEST		request_4	1623555099326	1623555100224	OK	 
REQUEST		request_3	1623555099325	1623555100225	OK	 
REQUEST		request_6	1623555099327	1623555100229	OK	 
REQUEST		request_15	1623555099857	1623555100294	OK	 
USER	PetStoreSimulation	END	1623555100297
REQUEST		request_15	1623555099905	1623555100300	OK	 
USER	PetStoreSimulation	START	1623555100300
USER	PetStoreSimulation	END	1623555100303
USER	PetStoreSimulation	START	1623555100304
REQUEST		request_10	1623555100161	1623555100426	OK	 
REQUEST		request_11	1623555100167	1623555100426	OK	 
REQUEST		request_12	1623555100205	1623555100449	OK	 
REQUEST		request_13	1623555100224	1623555100457	OK	 
REQUEST		request_14	1623555100225	1623555100458	OK	 
REQUEST		request_15	1623555100229	1623555100637	OK	 
USER	PetStoreSimulation	END	1623555100646
USER	PetStoreSimulation	START	1623555100648
REQUEST		request_0	1623555100300	1623555101181	OK	 
REQUEST		request_0	1623555100304	1623555101182	OK	 
REQUEST		request_1	1623555101188	1623555101462	OK	 
REQUEST		request_1	1623555101188	1623555101462	OK	 
REQUEST		request_0	1623555100649	1623555101546	OK	 
REQUEST		request_7	1623555101465	1623555101712	OK	 
REQUEST		request_7	1623555101465	1623555101712	OK	 
REQUEST		request_1	1623555101549	1623555101783	OK	 
REQUEST		request_8	1623555101713	1623555101927	OK	 
REQUEST		request_8	1623555101712	1623555101927	OK	 
REQUEST		request_5	1623555101193	1623555101992	OK	 
REQUEST		request_3	1623555101191	1623555101992	OK	 
REQUEST		request_2	1623555101189	1623555101996	OK	 
REQUEST		request_2	1623555101189	1623555102000	OK	 
REQUEST		request_7	1623555101784	1623555102061	OK	 
REQUEST		request_5	1623555101193	1623555102069	OK	 
REQUEST		request_3	1623555101191	1623555102069	OK	 
REQUEST		request_4	1623555101192	1623555102087	OK	 
REQUEST		request_6	1623555101194	1623555102087	OK	 
REQUEST		request_4	1623555101192	1623555102091	OK	 
REQUEST		request_6	1623555101194	1623555102092	OK	 
REQUEST		request_9	1623555101928	1623555102147	OK	 
REQUEST		request_9	1623555101928	1623555102147	OK	 
REQUEST		request_10	1623555101993	1623555102217	OK	 
REQUEST		request_10	1623555101993	1623555102217	OK	 
REQUEST		request_11	1623555101997	1623555102217	OK	 
REQUEST		request_11	1623555102000	1623555102217	OK	 
REQUEST		request_8	1623555102062	1623555102277	OK	 
REQUEST		request_12	1623555102071	1623555102298	OK	 
REQUEST		request_12	1623555102071	1623555102298	OK	 
REQUEST		request_13	1623555102089	1623555102309	OK	 
REQUEST		request_13	1623555102089	1623555102317	OK	 
REQUEST		request_14	1623555102093	1623555102341	OK	 
REQUEST		request_14	1623555102093	1623555102341	OK	 
REQUEST		request_4	1623555101551	1623555102363	OK	 
REQUEST		request_3	1623555101551	1623555102400	OK	 
REQUEST		request_2	1623555101550	1623555102427	OK	 
REQUEST		request_6	1623555101552	1623555102439	OK	 
REQUEST		request_5	1623555101552	1623555102445	OK	 
REQUEST		request_9	1623555102279	1623555102502	OK	 
REQUEST		request_15	1623555102147	1623555102560	OK	 
USER	PetStoreSimulation	END	1623555102566
USER	PetStoreSimulation	START	1623555102567
REQUEST		request_15	1623555102147	1623555102585	OK	 
USER	PetStoreSimulation	END	1623555102591
USER	PetStoreSimulation	START	1623555102592
REQUEST		request_10	1623555102366	1623555102696	OK	 
REQUEST		request_11	1623555102401	1623555102698	OK	 
REQUEST		request_12	1623555102428	1623555102700	OK	 
REQUEST		request_14	1623555102446	1623555102700	OK	 
REQUEST		request_13	1623555102440	1623555102701	OK	 
REQUEST		request_15	1623555102503	1623555103004	OK	 
USER	PetStoreSimulation	END	1623555103009
USER	PetStoreSimulation	START	1623555103011
REQUEST		request_0	1623555102568	1623555104055	OK	 
REQUEST		request_0	1623555102593	1623555104055	OK	 
REQUEST		request_1	1623555104059	1623555104320	OK	 
REQUEST		request_1	1623555104061	1623555104320	OK	 
REQUEST		request_7	1623555104321	1623555104537	OK	 
REQUEST		request_7	1623555104321	1623555104544	OK	 
REQUEST		request_0	1623555103011	1623555104566	OK	 
REQUEST		request_8	1623555104538	1623555105141	OK	 
REQUEST		request_8	1623555104545	1623555105144	OK	 
REQUEST		request_1	1623555104568	1623555105209	OK	 
REQUEST		request_9	1623555105141	1623555105371	OK	 
REQUEST		request_9	1623555105144	1623555105377	OK	 
REQUEST		request_3	1623555104061	1623555105437	OK	 
REQUEST		request_5	1623555104062	1623555105439	OK	 
REQUEST		request_2	1623555104060	1623555105467	OK	 
REQUEST		request_7	1623555105209	1623555105467	OK	 
REQUEST		request_3	1623555104063	1623555105467	OK	 
REQUEST		request_6	1623555104063	1623555105778	OK	 
REQUEST		request_5	1623555104064	1623555105778	OK	 
REQUEST		request_10	1623555105372	1623555105779	OK	 
REQUEST		request_2	1623555104062	1623555105779	OK	 
REQUEST		request_4	1623555104064	1623555105781	OK	 
REQUEST		request_4	1623555104062	1623555105781	OK	 
REQUEST		request_6	1623555104065	1623555105782	OK	 
REQUEST		request_10	1623555105378	1623555105854	OK	 
REQUEST		request_13	1623555105468	1623555105855	OK	 
REQUEST		request_11	1623555105468	1623555105855	OK	 
REQUEST		request_11	1623555105437	1623555105855	OK	 
REQUEST		request_12	1623555105440	1623555105855	OK	 
REQUEST		request_8	1623555105468	1623555105857	OK	 
REQUEST		request_12	1623555105778	1623555106009	OK	 
REQUEST		request_14	1623555105778	1623555106079	OK	 
REQUEST		request_13	1623555105780	1623555106079	OK	 
REQUEST		request_14	1623555105781	1623555106080	OK	 
REQUEST		request_9	1623555105857	1623555106096	OK	 
REQUEST		request_15	1623555105780	1623555106209	OK	 
USER	PetStoreSimulation	END	1623555106215
USER	PetStoreSimulation	START	1623555106217
REQUEST		request_6	1623555104572	1623555106247	OK	 
REQUEST		request_2	1623555104569	1623555106266	OK	 
REQUEST		request_3	1623555104570	1623555106277	OK	 
REQUEST		request_4	1623555104571	1623555106279	OK	 
REQUEST		request_5	1623555104571	1623555106281	OK	 
REQUEST		request_15	1623555105783	1623555106306	OK	 
USER	PetStoreSimulation	END	1623555106313
USER	PetStoreSimulation	START	1623555106314
REQUEST		request_10	1623555106096	1623555106316	OK	 
REQUEST		request_11	1623555106248	1623555106569	OK	 
REQUEST		request_12	1623555106267	1623555106588	OK	 
REQUEST		request_13	1623555106278	1623555106695	OK	 
REQUEST		request_14	1623555106280	1623555106715	OK	 
REQUEST		request_15	1623555106282	1623555107577	OK	 
USER	PetStoreSimulation	END	1623555107586
USER	PetStoreSimulation	START	1623555107588
REQUEST		request_0	1623555106218	1623555107739	OK	 
REQUEST		request_0	1623555106315	1623555107879	OK	 
REQUEST		request_1	1623555107742	1623555107958	OK	 
REQUEST		request_1	1623555107881	1623555108116	OK	 
REQUEST		request_7	1623555107959	1623555108175	OK	 
REQUEST		request_7	1623555108117	1623555108386	OK	 
REQUEST		request_8	1623555108176	1623555108395	OK	 
REQUEST		request_0	1623555107589	1623555108419	OK	 
REQUEST		request_3	1623555107743	1623555108555	OK	 
REQUEST		request_6	1623555107745	1623555108557	OK	 
REQUEST		request_5	1623555107745	1623555108567	OK	 
REQUEST		request_9	1623555108395	1623555108605	OK	 
REQUEST		request_8	1623555108387	1623555108605	OK	 
REQUEST		request_2	1623555107742	1623555108626	OK	 
REQUEST		request_4	1623555107744	1623555108629	OK	 
REQUEST		request_1	1623555108421	1623555108648	OK	 
REQUEST		request_6	1623555107884	1623555108692	OK	 
REQUEST		request_2	1623555107882	1623555108717	OK	 
REQUEST		request_5	1623555107884	1623555108730	OK	 
REQUEST		request_3	1623555107883	1623555108745	OK	 
REQUEST		request_4	1623555107883	1623555108756	OK	 
REQUEST		request_11	1623555108557	1623555108780	OK	 
REQUEST		request_10	1623555108555	1623555108781	OK	 
REQUEST		request_12	1623555108568	1623555108781	OK	 
REQUEST		request_13	1623555108606	1623555108825	OK	 
REQUEST		request_9	1623555108606	1623555108836	OK	 
REQUEST		request_14	1623555108627	1623555108854	OK	 
REQUEST		request_7	1623555108649	1623555108924	OK	 
REQUEST		request_10	1623555108693	1623555108928	OK	 
REQUEST		request_11	1623555108718	1623555108955	OK	 
REQUEST		request_12	1623555108730	1623555108956	OK	 
REQUEST		request_13	1623555108746	1623555108976	OK	 
REQUEST		request_14	1623555108756	1623555108976	OK	 
REQUEST		request_15	1623555108629	1623555109118	OK	 
USER	PetStoreSimulation	END	1623555109123
USER	PetStoreSimulation	START	1623555109124
REQUEST		request_8	1623555108925	1623555109142	OK	 
REQUEST		request_15	1623555108837	1623555109306	OK	 
REQUEST		request_6	1623555108424	1623555109306	OK	 
USER	PetStoreSimulation	END	1623555109309
USER	PetStoreSimulation	START	1623555109310
REQUEST		request_2	1623555108422	1623555109328	OK	 
REQUEST		request_3	1623555108422	1623555109329	OK	 
REQUEST		request_4	1623555108423	1623555109331	OK	 
REQUEST		request_5	1623555108424	1623555109332	OK	 
REQUEST		request_9	1623555109143	1623555109359	OK	 
REQUEST		request_10	1623555109306	1623555109529	OK	 
REQUEST		request_13	1623555109331	1623555109554	OK	 
REQUEST		request_11	1623555109328	1623555109557	OK	 
REQUEST		request_12	1623555109330	1623555109558	OK	 
REQUEST		request_14	1623555109332	1623555109558	OK	 
REQUEST		request_15	1623555109359	1623555109797	OK	 
USER	PetStoreSimulation	END	1623555109800
USER	PetStoreSimulation	START	1623555109803
REQUEST		request_0	1623555109125	1623555109940	OK	 
REQUEST		request_1	1623555109942	1623555110164	OK	 
REQUEST		request_0	1623555109311	1623555110198	OK	 
REQUEST		request_7	1623555110165	1623555110379	OK	 
REQUEST		request_1	1623555110199	1623555110445	OK	 
REQUEST		request_8	1623555110380	1623555110608	OK	 
REQUEST		request_0	1623555109804	1623555110631	OK	 
REQUEST		request_7	1623555110445	1623555110667	OK	 
REQUEST		request_5	1623555109944	1623555110780	OK	 
REQUEST		request_4	1623555109943	1623555110781	OK	 
REQUEST		request_3	1623555109943	1623555110785	OK	 
REQUEST		request_2	1623555109942	1623555110827	OK	 
REQUEST		request_9	1623555110608	1623555110835	OK	 
REQUEST		request_6	1623555109944	1623555110836	OK	 
REQUEST		request_1	1623555110635	1623555110854	OK	 
REQUEST		request_8	1623555110668	1623555110886	OK	 
REQUEST		request_10	1623555110781	1623555110992	OK	 
REQUEST		request_11	1623555110782	1623555110993	OK	 
REQUEST		request_12	1623555110785	1623555110995	OK	 
REQUEST		request_14	1623555110836	1623555111057	OK	 
REQUEST		request_13	1623555110828	1623555111062	OK	 
REQUEST		request_7	1623555110855	1623555111087	OK	 
REQUEST		request_5	1623555110201	1623555111127	OK	 
REQUEST		request_2	1623555110200	1623555111135	OK	 
REQUEST		request_9	1623555110886	1623555111143	OK	 
REQUEST		request_4	1623555110201	1623555111166	OK	 
REQUEST		request_3	1623555110201	1623555111167	OK	 
REQUEST		request_6	1623555110202	1623555111168	OK	 
REQUEST		request_15	1623555110837	1623555111266	OK	 
USER	PetStoreSimulation	END	1623555111281
USER	PetStoreSimulation	START	1623555111282
REQUEST		request_8	1623555111088	1623555111300	OK	 
REQUEST		request_10	1623555111127	1623555111346	OK	 
REQUEST		request_11	1623555111136	1623555111366	OK	 
REQUEST		request_12	1623555111144	1623555111366	OK	 
REQUEST		request_14	1623555111167	1623555111398	OK	 
REQUEST		request_13	1623555111166	1623555111398	OK	 
REQUEST		request_3	1623555110638	1623555111487	OK	 
REQUEST		request_5	1623555110639	1623555111491	OK	 
REQUEST		request_2	1623555110636	1623555111516	OK	 
REQUEST		request_6	1623555110640	1623555111517	OK	 
REQUEST		request_4	1623555110638	1623555111520	OK	 
REQUEST		request_9	1623555111301	1623555111525	OK	 
REQUEST		request_15	1623555111168	1623555111607	OK	 
USER	PetStoreSimulation	END	1623555111609
USER	PetStoreSimulation	START	1623555111610
REQUEST		request_11	1623555111492	1623555111704	OK	 
REQUEST		request_10	1623555111487	1623555111706	OK	 
REQUEST		request_12	1623555111516	1623555111766	OK	 
REQUEST		request_14	1623555111520	1623555111767	OK	 
REQUEST		request_13	1623555111517	1623555111775	OK	 
REQUEST		request_15	1623555111526	1623555111965	OK	 
USER	PetStoreSimulation	END	1623555111968
USER	PetStoreSimulation	START	1623555111970
REQUEST		request_0	1623555111282	1623555112111	OK	 
REQUEST		request_1	1623555112116	1623555112331	OK	 
REQUEST		request_0	1623555111610	1623555112442	OK	 
REQUEST		request_7	1623555112332	1623555112546	OK	 
REQUEST		request_1	1623555112445	1623555112687	OK	 
REQUEST		request_8	1623555112547	1623555112754	OK	 
REQUEST		request_0	1623555111970	1623555112776	OK	 
REQUEST		request_3	1623555112120	1623555112926	OK	 
REQUEST		request_5	1623555112122	1623555112926	OK	 
REQUEST		request_7	1623555112688	1623555112930	OK	 
REQUEST		request_6	1623555112123	1623555112956	OK	 
REQUEST		request_2	1623555112118	1623555112957	OK	 
REQUEST		request_4	1623555112121	1623555112970	OK	 
REQUEST		request_9	1623555112755	1623555112977	OK	 
REQUEST		request_1	1623555112777	1623555112999	OK	 
REQUEST		request_11	1623555112927	1623555113162	OK	 
REQUEST		request_8	1623555112931	1623555113163	OK	 
REQUEST		request_10	1623555112926	1623555113163	OK	 
REQUEST		request_12	1623555112956	1623555113183	OK	 
REQUEST		request_13	1623555112957	1623555113184	OK	 
REQUEST		request_14	1623555112970	1623555113228	OK	 
REQUEST		request_7	1623555113000	1623555113256	OK	 
REQUEST		request_3	1623555112446	1623555113256	OK	 
REQUEST		request_4	1623555112447	1623555113265	OK	 
REQUEST		request_5	1623555112448	1623555113306	OK	 
REQUEST		request_6	1623555112448	1623555113307	OK	 
REQUEST		request_2	1623555112446	1623555113312	OK	 
REQUEST		request_15	1623555112978	1623555113396	OK	 
REQUEST		request_9	1623555113163	1623555113396	OK	 
USER	PetStoreSimulation	END	1623555113398
USER	PetStoreSimulation	START	1623555113398
REQUEST		request_10	1623555113256	1623555113467	OK	 
REQUEST		request_8	1623555113256	1623555113467	OK	 
REQUEST		request_11	1623555113266	1623555113470	OK	 
REQUEST		request_13	1623555113307	1623555113525	OK	 
REQUEST		request_14	1623555113312	1623555113534	OK	 
REQUEST		request_12	1623555113306	1623555113535	OK	 
REQUEST		request_2	1623555112778	1623555113622	OK	 
REQUEST		request_5	1623555112779	1623555113623	OK	 
REQUEST		request_6	1623555112779	1623555113624	OK	 
REQUEST		request_3	1623555112778	1623555113669	OK	 
REQUEST		request_9	1623555113467	1623555113680	OK	 
REQUEST		request_4	1623555112779	1623555113685	OK	 
REQUEST		request_15	1623555113396	1623555113857	OK	 
REQUEST		request_10	1623555113623	1623555113857	OK	 
REQUEST		request_11	1623555113624	1623555113858	OK	 
REQUEST		request_12	1623555113625	1623555113858	OK	 
USER	PetStoreSimulation	END	1623555113859
USER	PetStoreSimulation	START	1623555113860
REQUEST		request_13	1623555113670	1623555113895	OK	 
REQUEST		request_14	1623555113681	1623555113899	OK	 
REQUEST		request_15	1623555113685	1623555114249	OK	 
REQUEST		request_0	1623555113399	1623555114251	OK	 
USER	PetStoreSimulation	END	1623555114255
USER	PetStoreSimulation	START	1623555114257
REQUEST		request_1	1623555114255	1623555114468	OK	 
REQUEST		request_7	1623555114469	1623555114684	OK	 
REQUEST		request_0	1623555113860	1623555114766	OK	 
REQUEST		request_8	1623555114684	1623555114896	OK	 
REQUEST		request_1	1623555114768	1623555114995	OK	 
REQUEST		request_4	1623555114258	1623555115055	OK	 
REQUEST		request_2	1623555114256	1623555115058	OK	 
REQUEST		request_3	1623555114257	1623555115060	OK	 
REQUEST		request_6	1623555114260	1623555115087	OK	 
REQUEST		request_9	1623555114897	1623555115107	OK	 
REQUEST		request_5	1623555114259	1623555115136	OK	 
REQUEST		request_0	1623555114257	1623555115136	OK	 
REQUEST		request_7	1623555114995	1623555115207	OK	 
REQUEST		request_11	1623555115059	1623555115287	OK	 
REQUEST		request_12	1623555115061	1623555115288	OK	 
REQUEST		request_10	1623555115056	1623555115289	OK	 
REQUEST		request_14	1623555115107	1623555115318	OK	 
REQUEST		request_13	1623555115088	1623555115319	OK	 
REQUEST		request_1	1623555115137	1623555115359	OK	 
REQUEST		request_8	1623555115208	1623555115415	OK	 
REQUEST		request_15	1623555115136	1623555115600	OK	 
USER	PetStoreSimulation	END	1623555115604
REQUEST		request_5	1623555114771	1623555115606	OK	 
USER	PetStoreSimulation	START	1623555115605
REQUEST		request_2	1623555114769	1623555115626	OK	 
REQUEST		request_7	1623555115359	1623555115626	OK	 
REQUEST		request_4	1623555114770	1623555115668	OK	 
REQUEST		request_6	1623555114772	1623555115669	OK	 
REQUEST		request_3	1623555114770	1623555115676	OK	 
REQUEST		request_9	1623555115415	1623555115678	OK	 
REQUEST		request_10	1623555115607	1623555115835	OK	 
REQUEST		request_8	1623555115626	1623555115860	OK	 
REQUEST		request_11	1623555115626	1623555115861	OK	 
REQUEST		request_13	1623555115669	1623555115888	OK	 
REQUEST		request_12	1623555115668	1623555115888	OK	 
REQUEST		request_14	1623555115677	1623555115895	OK	 
REQUEST		request_3	1623555115138	1623555115977	OK	 
REQUEST		request_5	1623555115139	1623555115987	OK	 
REQUEST		request_2	1623555115138	1623555115992	OK	 
REQUEST		request_4	1623555115139	1623555116007	OK	 
REQUEST		request_6	1623555115139	1623555116107	OK	 
REQUEST		request_15	1623555115679	1623555116107	OK	 
USER	PetStoreSimulation	END	1623555116110
USER	PetStoreSimulation	START	1623555116110
REQUEST		request_9	1623555115861	1623555116118	OK	 
REQUEST		request_10	1623555115977	1623555116207	OK	 
REQUEST		request_12	1623555115993	1623555116236	OK	 
REQUEST		request_13	1623555116008	1623555116237	OK	 
REQUEST		request_11	1623555115988	1623555116237	OK	 
REQUEST		request_14	1623555116108	1623555116331	OK	 
REQUEST		request_15	1623555116118	1623555116546	OK	 
REQUEST		request_0	1623555115606	1623555116548	OK	 
USER	PetStoreSimulation	END	1623555116558
USER	PetStoreSimulation	START	1623555116560
REQUEST		request_1	1623555116553	1623555116818	OK	 
REQUEST		request_0	1623555116110	1623555116932	OK	 
REQUEST		request_7	1623555116818	1623555117058	OK	 
REQUEST		request_1	1623555116934	1623555117164	OK	 
REQUEST		request_8	1623555117058	1623555117276	OK	 
REQUEST		request_6	1623555116560	1623555117351	OK	 
REQUEST		request_4	1623555116558	1623555117352	OK	 
REQUEST		request_2	1623555116555	1623555117355	OK	 
REQUEST		request_0	1623555116560	1623555117358	OK	 
REQUEST		request_7	1623555117165	1623555117397	OK	 
REQUEST		request_3	1623555116556	1623555117426	OK	 
REQUEST		request_5	1623555116559	1623555117487	OK	 
REQUEST		request_9	1623555117277	1623555117496	OK	 
REQUEST		request_11	1623555117352	1623555117574	OK	 
REQUEST		request_12	1623555117355	1623555117575	OK	 
REQUEST		request_10	1623555117352	1623555117575	OK	 
REQUEST		request_1	1623555117359	1623555117576	OK	 
REQUEST		request_8	1623555117397	1623555117622	OK	 
REQUEST		request_13	1623555117427	1623555117652	OK	 
REQUEST		request_14	1623555117487	1623555117712	OK	 
REQUEST		request_4	1623555116936	1623555117795	OK	 
REQUEST		request_7	1623555117577	1623555117796	OK	 
REQUEST		request_2	1623555116935	1623555117797	OK	 
REQUEST		request_3	1623555116936	1623555117858	OK	 
REQUEST		request_15	1623555117497	1623555117915	OK	 
REQUEST		request_9	1623555117623	1623555117916	OK	 
REQUEST		request_6	1623555116937	1623555117917	OK	 
REQUEST		request_5	1623555116937	1623555117918	OK	 
USER	PetStoreSimulation	END	1623555117919
USER	PetStoreSimulation	START	1623555117920
REQUEST		request_11	1623555117797	1623555118010	OK	 
REQUEST		request_8	1623555117797	1623555118010	OK	 
REQUEST		request_10	1623555117795	1623555118011	OK	 
REQUEST		request_12	1623555117859	1623555118078	OK	 
REQUEST		request_9	1623555118011	1623555118377	OK	 
REQUEST		request_14	1623555117917	1623555118378	OK	 
REQUEST		request_4	1623555117360	1623555118379	OK	 
REQUEST		request_5	1623555117360	1623555118380	OK	 
REQUEST		request_6	1623555117360	1623555118400	OK	 
REQUEST		request_13	1623555117916	1623555118400	OK	 
REQUEST		request_3	1623555117359	1623555118402	OK	 
REQUEST		request_2	1623555117359	1623555118417	OK	 
REQUEST		request_15	1623555117918	1623555118608	OK	 
REQUEST		request_10	1623555118378	1623555118608	OK	 
REQUEST		request_11	1623555118379	1623555118609	OK	 
REQUEST		request_12	1623555118380	1623555118609	OK	 
USER	PetStoreSimulation	END	1623555118612
USER	PetStoreSimulation	START	1623555118612
REQUEST		request_13	1623555118401	1623555118666	OK	 
REQUEST		request_14	1623555118402	1623555118666	OK	 
REQUEST		request_15	1623555118417	1623555118866	OK	 
USER	PetStoreSimulation	END	1623555118871
USER	PetStoreSimulation	START	1623555118872
REQUEST		request_0	1623555117920	1623555119019	OK	 
REQUEST		request_1	1623555119021	1623555119241	OK	 
REQUEST		request_7	1623555119241	1623555119459	OK	 
REQUEST		request_0	1623555118613	1623555119462	OK	 
REQUEST		request_8	1623555119460	1623555119678	OK	 
REQUEST		request_0	1623555118873	1623555119679	OK	 
REQUEST		request_1	1623555119466	1623555119679	OK	 
REQUEST		request_2	1623555119022	1623555119824	OK	 
REQUEST		request_4	1623555119024	1623555119894	OK	 
REQUEST		request_9	1623555119679	1623555119897	OK	 
REQUEST		request_1	1623555119681	1623555119898	OK	 
REQUEST		request_7	1623555119680	1623555119918	OK	 
REQUEST		request_6	1623555119025	1623555119957	OK	 
REQUEST		request_3	1623555119023	1623555119960	OK	 
REQUEST		request_5	1623555119024	1623555119962	OK	 
REQUEST		request_10	1623555119825	1623555120037	OK	 
REQUEST		request_11	1623555119895	1623555120118	OK	 
REQUEST		request_7	1623555119899	1623555120118	OK	 
REQUEST		request_12	1623555119898	1623555120118	OK	 
REQUEST		request_8	1623555119919	1623555120210	OK	 
REQUEST		request_14	1623555119960	1623555120212	OK	 
REQUEST		request_13	1623555119958	1623555120213	OK	 
REQUEST		request_3	1623555119469	1623555120267	OK	 
REQUEST		request_4	1623555119470	1623555120407	OK	 
REQUEST		request_2	1623555119467	1623555120426	OK	 
REQUEST		request_5	1623555119471	1623555120428	OK	 
REQUEST		request_8	1623555120118	1623555120428	OK	 
REQUEST		request_15	1623555119963	1623555120428	OK	 
REQUEST		request_6	1623555119472	1623555120430	OK	 
REQUEST		request_9	1623555120211	1623555120431	OK	 
USER	PetStoreSimulation	END	1623555120433
USER	PetStoreSimulation	START	1623555120435
REQUEST		request_10	1623555120268	1623555120488	OK	 
REQUEST		request_6	1623555119684	1623555120490	OK	 
REQUEST		request_4	1623555119683	1623555120586	OK	 
REQUEST		request_3	1623555119682	1623555120587	OK	 
REQUEST		request_2	1623555119681	1623555120596	OK	 
REQUEST		request_5	1623555119683	1623555120597	OK	 
REQUEST		request_11	1623555120407	1623555120632	OK	 
REQUEST		request_9	1623555120429	1623555120652	OK	 
REQUEST		request_13	1623555120429	1623555120686	OK	 
REQUEST		request_12	1623555120427	1623555120686	OK	 
REQUEST		request_14	1623555120430	1623555120686	OK	 
REQUEST		request_10	1623555120490	1623555120745	OK	 
REQUEST		request_15	1623555120432	1623555120902	OK	 
REQUEST		request_11	1623555120586	1623555120903	OK	 
REQUEST		request_13	1623555120596	1623555120903	OK	 
REQUEST		request_12	1623555120587	1623555120904	OK	 
REQUEST		request_14	1623555120597	1623555120905	OK	 
USER	PetStoreSimulation	END	1623555120909
USER	PetStoreSimulation	START	1623555120910
REQUEST		request_15	1623555120652	1623555121071	OK	 
USER	PetStoreSimulation	END	1623555121074
USER	PetStoreSimulation	START	1623555121075
REQUEST		request_0	1623555120435	1623555121314	OK	 
REQUEST		request_1	1623555121316	1623555121544	OK	 
REQUEST		request_0	1623555120910	1623555121729	OK	 
REQUEST		request_7	1623555121545	1623555121903	OK	 
REQUEST		request_0	1623555121075	1623555121923	OK	 
REQUEST		request_1	1623555121732	1623555121959	OK	 
REQUEST		request_8	1623555121904	1623555122133	OK	 
REQUEST		request_4	1623555121325	1623555122136	OK	 
REQUEST		request_2	1623555121316	1623555122139	OK	 
REQUEST		request_3	1623555121317	1623555122158	OK	 
REQUEST		request_1	1623555121925	1623555122161	OK	 
REQUEST		request_7	1623555121959	1623555122177	OK	 
REQUEST		request_5	1623555121325	1623555122277	OK	 
REQUEST		request_6	1623555121326	1623555122278	OK	 
REQUEST		request_10	1623555122136	1623555122398	OK	 
REQUEST		request_11	1623555122139	1623555122404	OK	 
REQUEST		request_9	1623555122133	1623555122404	OK	 
REQUEST		request_12	1623555122159	1623555122405	OK	 
REQUEST		request_8	1623555122178	1623555122405	OK	 
REQUEST		request_7	1623555122162	1623555122406	OK	 
REQUEST		request_14	1623555122278	1623555122498	OK	 
REQUEST		request_13	1623555122277	1623555122501	OK	 
REQUEST		request_9	1623555122406	1623555122646	OK	 
REQUEST		request_8	1623555122407	1623555122646	OK	 
REQUEST		request_2	1623555121733	1623555122666	OK	 
REQUEST		request_4	1623555121736	1623555122668	OK	 
REQUEST		request_5	1623555121737	1623555122669	OK	 
REQUEST		request_5	1623555121928	1623555122711	OK	 
REQUEST		request_4	1623555121928	1623555122712	OK	 
REQUEST		request_3	1623555121927	1623555122714	OK	 
REQUEST		request_6	1623555121738	1623555122715	OK	 
REQUEST		request_3	1623555121735	1623555122715	OK	 
REQUEST		request_6	1623555121929	1623555122837	OK	 
REQUEST		request_2	1623555121926	1623555122839	OK	 
REQUEST		request_15	1623555122398	1623555122857	OK	 
USER	PetStoreSimulation	END	1623555122859
USER	PetStoreSimulation	START	1623555122859
REQUEST		request_10	1623555122646	1623555122860	OK	 
REQUEST		request_9	1623555122647	1623555122866	OK	 
REQUEST		request_11	1623555122667	1623555122889	OK	 
REQUEST		request_12	1623555122668	1623555122904	OK	 
REQUEST		request_13	1623555122669	1623555122905	OK	 
REQUEST		request_10	1623555122711	1623555122945	OK	 
REQUEST		request_11	1623555122712	1623555122966	OK	 
REQUEST		request_14	1623555122715	1623555122967	OK	 
REQUEST		request_12	1623555122714	1623555122967	OK	 
REQUEST		request_13	1623555122838	1623555123061	OK	 
REQUEST		request_14	1623555122840	1623555123064	OK	 
REQUEST		request_15	1623555122715	1623555123189	OK	 
USER	PetStoreSimulation	END	1623555123193
USER	PetStoreSimulation	START	1623555123195
REQUEST		request_15	1623555122866	1623555123286	OK	 
USER	PetStoreSimulation	END	1623555123290
USER	PetStoreSimulation	START	1623555123291
REQUEST		request_0	1623555122859	1623555123698	OK	 
REQUEST		request_1	1623555123699	1623555123933	OK	 
REQUEST		request_0	1623555123195	1623555124029	OK	 
REQUEST		request_0	1623555123291	1623555124102	OK	 
REQUEST		request_7	1623555123934	1623555124227	OK	 
REQUEST		request_1	1623555124030	1623555124247	OK	 
REQUEST		request_1	1623555124103	1623555124323	OK	 
REQUEST		request_8	1623555124228	1623555124454	OK	 
REQUEST		request_7	1623555124248	1623555124466	OK	 
REQUEST		request_5	1623555123701	1623555124536	OK	 
REQUEST		request_6	1623555123702	1623555124537	OK	 
REQUEST		request_2	1623555123700	1623555124545	OK	 
REQUEST		request_4	1623555123701	1623555124546	OK	 
REQUEST		request_7	1623555124324	1623555124558	OK	 
REQUEST		request_3	1623555123700	1623555124614	OK	 
REQUEST		request_8	1623555124467	1623555124686	OK	 
REQUEST		request_9	1623555124454	1623555124687	OK	 
REQUEST		request_10	1623555124536	1623555124747	OK	 
REQUEST		request_11	1623555124537	1623555124748	OK	 
REQUEST		request_12	1623555124545	1623555124756	OK	 
REQUEST		request_13	1623555124546	1623555124757	OK	 
REQUEST		request_8	1623555124559	1623555124767	OK	 
REQUEST		request_4	1623555124032	1623555124822	OK	 
REQUEST		request_14	1623555124614	1623555124841	OK	 
REQUEST		request_2	1623555124031	1623555124852	OK	 
REQUEST		request_5	1623555124033	1623555124855	OK	 
REQUEST		request_3	1623555124032	1623555124856	OK	 
REQUEST		request_6	1623555124033	1623555124871	OK	 
REQUEST		request_9	1623555124687	1623555124906	OK	 
REQUEST		request_9	1623555124767	1623555124981	OK	 
REQUEST		request_3	1623555124105	1623555124984	OK	 
REQUEST		request_4	1623555124106	1623555124985	OK	 
REQUEST		request_5	1623555124107	1623555124995	OK	 
REQUEST		request_6	1623555124107	1623555125026	OK	 
REQUEST		request_10	1623555124822	1623555125045	OK	 
REQUEST		request_15	1623555124687	1623555125118	OK	 
REQUEST		request_11	1623555124852	1623555125119	OK	 
REQUEST		request_2	1623555124104	1623555125119	OK	 
REQUEST		request_13	1623555124856	1623555125121	OK	 
REQUEST		request_12	1623555124855	1623555125122	OK	 
REQUEST		request_14	1623555124871	1623555125122	OK	 
USER	PetStoreSimulation	END	1623555125126
USER	PetStoreSimulation	START	1623555125127
REQUEST		request_11	1623555124984	1623555125206	OK	 
REQUEST		request_10	1623555124981	1623555125207	OK	 
REQUEST		request_12	1623555124985	1623555125207	OK	 
REQUEST		request_13	1623555124996	1623555125226	OK	 
REQUEST		request_14	1623555125027	1623555125253	OK	 
REQUEST		request_15	1623555124907	1623555125318	OK	 
USER	PetStoreSimulation	END	1623555125324
USER	PetStoreSimulation	START	1623555125325
REQUEST		request_15	1623555125120	1623555125564	OK	 
USER	PetStoreSimulation	END	1623555125566
USER	PetStoreSimulation	START	1623555125567
REQUEST		request_0	1623555125128	1623555125991	OK	 
REQUEST		request_0	1623555125326	1623555126149	OK	 
REQUEST		request_1	1623555125993	1623555126216	OK	 
REQUEST		request_1	1623555126151	1623555126371	OK	 
REQUEST		request_7	1623555126217	1623555126437	OK	 
REQUEST		request_0	1623555125567	1623555126503	OK	 
REQUEST		request_7	1623555126372	1623555126646	OK	 
REQUEST		request_8	1623555126437	1623555126647	OK	 
REQUEST		request_1	1623555126504	1623555126717	OK	 
REQUEST		request_5	1623555125995	1623555126796	OK	 
REQUEST		request_4	1623555125994	1623555126833	OK	 
REQUEST		request_2	1623555125993	1623555126836	OK	 
REQUEST		request_6	1623555125995	1623555126846	OK	 
REQUEST		request_3	1623555125994	1623555126857	OK	 
REQUEST		request_9	1623555126647	1623555126860	OK	 
REQUEST		request_8	1623555126646	1623555126896	OK	 
REQUEST		request_5	1623555126154	1623555126978	OK	 
REQUEST		request_7	1623555126717	1623555126980	OK	 
REQUEST		request_3	1623555126152	1623555126998	OK	 
REQUEST		request_6	1623555126154	1623555127017	OK	 
REQUEST		request_2	1623555126152	1623555127036	OK	 
REQUEST		request_10	1623555126797	1623555127037	OK	 
REQUEST		request_4	1623555126153	1623555127038	OK	 
REQUEST		request_11	1623555126833	1623555127065	OK	 
REQUEST		request_13	1623555126846	1623555127066	OK	 
REQUEST		request_12	1623555126836	1623555127076	OK	 
REQUEST		request_14	1623555126857	1623555127105	OK	 
REQUEST		request_9	1623555126897	1623555127135	OK	 
REQUEST		request_10	1623555126979	1623555127196	OK	 
REQUEST		request_8	1623555126980	1623555127197	OK	 
REQUEST		request_11	1623555126998	1623555127212	OK	 
REQUEST		request_15	1623555126860	1623555127289	OK	 
REQUEST		request_12	1623555127018	1623555127289	OK	 
USER	PetStoreSimulation	END	1623555127291
USER	PetStoreSimulation	START	1623555127291
REQUEST		request_13	1623555127037	1623555127304	OK	 
REQUEST		request_14	1623555127038	1623555127335	OK	 
REQUEST		request_3	1623555126506	1623555127335	OK	 
REQUEST		request_5	1623555126507	1623555127336	OK	 
REQUEST		request_2	1623555126505	1623555127346	OK	 
REQUEST		request_4	1623555126506	1623555127407	OK	 
REQUEST		request_6	1623555126507	1623555127408	OK	 
REQUEST		request_9	1623555127197	1623555127417	OK	 
REQUEST		request_15	1623555127135	1623555127588	OK	 
REQUEST		request_10	1623555127335	1623555127589	OK	 
REQUEST		request_11	1623555127336	1623555127590	OK	 
REQUEST		request_12	1623555127346	1623555127590	OK	 
USER	PetStoreSimulation	END	1623555127594
USER	PetStoreSimulation	START	1623555127595
REQUEST		request_13	1623555127407	1623555127616	OK	 
REQUEST		request_14	1623555127408	1623555127641	OK	 
REQUEST		request_15	1623555127417	1623555127846	OK	 
USER	PetStoreSimulation	END	1623555127850
USER	PetStoreSimulation	START	1623555127851
REQUEST		request_0	1623555127292	1623555128236	OK	 
REQUEST		request_0	1623555127595	1623555128428	OK	 
REQUEST		request_1	1623555128238	1623555128460	OK	 
REQUEST		request_1	1623555128429	1623555128653	OK	 
REQUEST		request_0	1623555127852	1623555128697	OK	 
REQUEST		request_7	1623555128460	1623555128717	OK	 
REQUEST		request_7	1623555128654	1623555128919	OK	 
REQUEST		request_1	1623555128697	1623555128925	OK	 
REQUEST		request_8	1623555128717	1623555128940	OK	 
REQUEST		request_3	1623555128240	1623555129025	OK	 
REQUEST		request_5	1623555128241	1623555129033	OK	 
REQUEST		request_6	1623555128241	1623555129086	OK	 
REQUEST		request_2	1623555128239	1623555129104	OK	 
REQUEST		request_4	1623555128240	1623555129105	OK	 
REQUEST		request_8	1623555128919	1623555129161	OK	 
REQUEST		request_9	1623555128941	1623555129161	OK	 
REQUEST		request_7	1623555128926	1623555129162	OK	 
REQUEST		request_3	1623555128430	1623555129240	OK	 
REQUEST		request_2	1623555128430	1623555129241	OK	 
REQUEST		request_10	1623555129025	1623555129255	OK	 
REQUEST		request_11	1623555129034	1623555129255	OK	 
REQUEST		request_5	1623555128431	1623555129272	OK	 
REQUEST		request_4	1623555128431	1623555129290	OK	 
REQUEST		request_6	1623555128432	1623555129291	OK	 
REQUEST		request_12	1623555129086	1623555129308	OK	 
REQUEST		request_13	1623555129104	1623555129322	OK	 
REQUEST		request_14	1623555129106	1623555129322	OK	 
REQUEST		request_8	1623555129162	1623555129389	OK	 
REQUEST		request_9	1623555129161	1623555129389	OK	 
REQUEST		request_10	1623555129240	1623555129450	OK	 
REQUEST		request_11	1623555129241	1623555129451	OK	 
REQUEST		request_12	1623555129272	1623555129491	OK	 
REQUEST		request_3	1623555128698	1623555129504	OK	 
REQUEST		request_13	1623555129290	1623555129509	OK	 
REQUEST		request_14	1623555129292	1623555129510	OK	 
REQUEST		request_15	1623555129161	1623555129576	OK	 
USER	PetStoreSimulation	END	1623555129579
USER	PetStoreSimulation	START	1623555129580
REQUEST		request_4	1623555128698	1623555129583	OK	 
REQUEST		request_5	1623555128698	1623555129584	OK	 
REQUEST		request_2	1623555128698	1623555129586	OK	 
REQUEST		request_6	1623555128699	1623555129587	OK	 
REQUEST		request_9	1623555129390	1623555129636	OK	 
REQUEST		request_10	1623555129504	1623555129727	OK	 
REQUEST		request_15	1623555129390	1623555129843	OK	 
REQUEST		request_11	1623555129584	1623555129844	OK	 
REQUEST		request_14	1623555129587	1623555129844	OK	 
REQUEST		request_13	1623555129586	1623555129844	OK	 
REQUEST		request_12	1623555129584	1623555129845	OK	 
USER	PetStoreSimulation	END	1623555129848
USER	PetStoreSimulation	START	1623555129849
REQUEST		request_15	1623555129636	1623555130077	OK	 
USER	PetStoreSimulation	END	1623555130082
USER	PetStoreSimulation	START	1623555130083
REQUEST		request_0	1623555129580	1623555130381	OK	 
REQUEST		request_1	1623555130383	1623555130606	OK	 
REQUEST		request_0	1623555129849	1623555130687	OK	 
REQUEST		request_7	1623555130607	1623555130978	OK	 
REQUEST		request_1	1623555130688	1623555130980	OK	 
REQUEST		request_0	1623555130083	1623555130981	OK	 
REQUEST		request_8	1623555130978	1623555131199	OK	 
REQUEST		request_1	1623555130982	1623555131207	OK	 
REQUEST		request_7	1623555130981	1623555131207	OK	 
REQUEST		request_2	1623555130384	1623555131276	OK	 
REQUEST		request_4	1623555130386	1623555131277	OK	 
REQUEST		request_6	1623555130388	1623555131346	OK	 
REQUEST		request_3	1623555130385	1623555131351	OK	 
REQUEST		request_5	1623555130387	1623555131361	OK	 
REQUEST		request_9	1623555131200	1623555131426	OK	 
REQUEST		request_8	1623555131207	1623555131444	OK	 
REQUEST		request_7	1623555131207	1623555131448	OK	 
REQUEST		request_10	1623555131276	1623555131495	OK	 
REQUEST		request_11	1623555131277	1623555131497	OK	 
REQUEST		request_12	1623555131346	1623555131557	OK	 
REQUEST		request_13	1623555131351	1623555131562	OK	 
REQUEST		request_14	1623555131362	1623555131567	OK	 
REQUEST		request_2	1623555130688	1623555131650	OK	 
REQUEST		request_5	1623555130689	1623555131686	OK	 
REQUEST		request_8	1623555131448	1623555131686	OK	 
REQUEST		request_9	1623555131445	1623555131687	OK	 
REQUEST		request_3	1623555130689	1623555131707	OK	 
REQUEST		request_4	1623555130689	1623555131709	OK	 
REQUEST		request_6	1623555130689	1623555131709	OK	 
REQUEST		request_15	1623555131427	1623555131857	OK	 
REQUEST		request_3	1623555130984	1623555131857	OK	 
USER	PetStoreSimulation	END	1623555131860
USER	PetStoreSimulation	START	1623555131861
REQUEST		request_2	1623555130983	1623555131886	OK	 
REQUEST		request_10	1623555131650	1623555131887	OK	 
REQUEST		request_5	1623555130985	1623555131888	OK	 
REQUEST		request_6	1623555130985	1623555131889	OK	 
REQUEST		request_4	1623555130984	1623555131890	OK	 
REQUEST		request_11	1623555131686	1623555131921	OK	 
REQUEST		request_9	1623555131686	1623555131926	OK	 
REQUEST		request_12	1623555131687	1623555131926	OK	 
REQUEST		request_13	1623555131708	1623555131926	OK	 
REQUEST		request_14	1623555131709	1623555131947	OK	 
REQUEST		request_10	1623555131857	1623555132077	OK	 
REQUEST		request_15	1623555131710	1623555132139	OK	 
REQUEST		request_11	1623555131887	1623555132139	OK	 
USER	PetStoreSimulation	END	1623555132141
USER	PetStoreSimulation	START	1623555132142
REQUEST		request_12	1623555131888	1623555132144	OK	 
REQUEST		request_14	1623555131890	1623555132144	OK	 
REQUEST		request_13	1623555131889	1623555132144	OK	 
REQUEST		request_15	1623555131926	1623555132377	OK	 
USER	PetStoreSimulation	END	1623555132378
USER	PetStoreSimulation	START	1623555132379
REQUEST		request_0	1623555131862	1623555132761	OK	 
REQUEST		request_0	1623555132142	1623555132969	OK	 
REQUEST		request_1	1623555132762	1623555132996	OK	 
REQUEST		request_1	1623555132970	1623555133198	OK	 
REQUEST		request_0	1623555132379	1623555133198	OK	 
REQUEST		request_7	1623555132996	1623555133257	OK	 
REQUEST		request_1	1623555133199	1623555133420	OK	 
REQUEST		request_7	1623555133198	1623555133428	OK	 
REQUEST		request_8	1623555133257	1623555133486	OK	 
REQUEST		request_3	1623555132763	1623555133566	OK	 
REQUEST		request_5	1623555132763	1623555133568	OK	 
REQUEST		request_6	1623555132763	1623555133626	OK	 
REQUEST		request_4	1623555132763	1623555133628	OK	 
REQUEST		request_2	1623555132762	1623555133636	OK	 
REQUEST		request_7	1623555133421	1623555133646	OK	 
REQUEST		request_8	1623555133429	1623555133652	OK	 
REQUEST		request_9	1623555133486	1623555133714	OK	 
REQUEST		request_10	1623555133567	1623555133791	OK	 
REQUEST		request_11	1623555133569	1623555133792	OK	 
REQUEST		request_6	1623555132971	1623555133793	OK	 
REQUEST		request_2	1623555132970	1623555133802	OK	 
REQUEST		request_4	1623555132971	1623555133803	OK	 
REQUEST		request_13	1623555133628	1623555133847	OK	 
REQUEST		request_12	1623555133627	1623555133847	OK	 
REQUEST		request_5	1623555132971	1623555133857	OK	 
REQUEST		request_3	1623555132971	1623555133859	OK	 
REQUEST		request_14	1623555133636	1623555133866	OK	 
REQUEST		request_8	1623555133646	1623555133872	OK	 
REQUEST		request_9	1623555133652	1623555133876	OK	 
REQUEST		request_10	1623555133793	1623555134017	OK	 
REQUEST		request_11	1623555133802	1623555134020	OK	 
REQUEST		request_12	1623555133803	1623555134020	OK	 
REQUEST		request_4	1623555133201	1623555134021	OK	 
REQUEST		request_2	1623555133200	1623555134029	OK	 
REQUEST		request_5	1623555133201	1623555134049	OK	 
REQUEST		request_3	1623555133200	1623555134065	OK	 
REQUEST		request_6	1623555133202	1623555134074	OK	 
REQUEST		request_9	1623555133872	1623555134074	OK	 
REQUEST		request_13	1623555133858	1623555134081	OK	 
REQUEST		request_14	1623555133859	1623555134095	OK	 
REQUEST		request_15	1623555133715	1623555134125	OK	 
USER	PetStoreSimulation	END	1623555134127
USER	PetStoreSimulation	START	1623555134127
REQUEST		request_10	1623555134021	1623555134245	OK	 
REQUEST		request_11	1623555134030	1623555134254	OK	 
REQUEST		request_15	1623555133877	1623555134310	OK	 
REQUEST		request_12	1623555134049	1623555134311	OK	 
REQUEST		request_13	1623555134065	1623555134312	OK	 
USER	PetStoreSimulation	END	1623555134315
USER	PetStoreSimulation	START	1623555134317
REQUEST		request_14	1623555134074	1623555134327	OK	 
REQUEST		request_15	1623555134074	1623555134467	OK	 
USER	PetStoreSimulation	END	1623555134470
USER	PetStoreSimulation	START	1623555134472
REQUEST		request_0	1623555134127	1623555134943	OK	 
REQUEST		request_1	1623555134945	1623555135157	OK	 
REQUEST		request_0	1623555134317	1623555135168	OK	 
REQUEST		request_0	1623555134472	1623555135308	OK	 
REQUEST		request_7	1623555135158	1623555135377	OK	 
REQUEST		request_1	1623555135169	1623555135416	OK	 
REQUEST		request_1	1623555135308	1623555135535	OK	 
REQUEST		request_8	1623555135378	1623555135598	OK	 
REQUEST		request_7	1623555135417	1623555135657	OK	 
REQUEST		request_4	1623555134947	1623555135754	OK	 
REQUEST		request_2	1623555134946	1623555135762	OK	 
REQUEST		request_6	1623555134947	1623555135765	OK	 
REQUEST		request_7	1623555135535	1623555135819	OK	 
REQUEST		request_3	1623555134947	1623555135819	OK	 
REQUEST		request_5	1623555134947	1623555135820	OK	 
REQUEST		request_9	1623555135599	1623555135829	OK	 
REQUEST		request_8	1623555135658	1623555135941	OK	 
REQUEST		request_3	1623555135170	1623555135965	OK	 
REQUEST		request_4	1623555135170	1623555135967	OK	 
REQUEST		request_6	1623555135171	1623555135969	OK	 
REQUEST		request_10	1623555135754	1623555135979	OK	 
REQUEST		request_11	1623555135763	1623555135981	OK	 
REQUEST		request_12	1623555135765	1623555135981	OK	 
REQUEST		request_5	1623555135171	1623555136006	OK	 
REQUEST		request_2	1623555135169	1623555136016	OK	 
REQUEST		request_14	1623555135820	1623555136054	OK	 
REQUEST		request_13	1623555135819	1623555136055	OK	 
REQUEST		request_8	1623555135819	1623555136055	OK	 
REQUEST		request_4	1623555135309	1623555136126	OK	 
REQUEST		request_2	1623555135309	1623555136127	OK	 
REQUEST		request_6	1623555135310	1623555136131	OK	 
REQUEST		request_9	1623555135941	1623555136173	OK	 
REQUEST		request_10	1623555135966	1623555136176	OK	 
REQUEST		request_11	1623555135968	1623555136176	OK	 
REQUEST		request_12	1623555135969	1623555136179	OK	 
REQUEST		request_5	1623555135309	1623555136206	OK	 
REQUEST		request_3	1623555135309	1623555136209	OK	 
REQUEST		request_15	1623555135829	1623555136267	OK	 
REQUEST		request_13	1623555136007	1623555136268	OK	 
REQUEST		request_14	1623555136017	1623555136269	OK	 
USER	PetStoreSimulation	END	1623555136276
USER	PetStoreSimulation	START	1623555136278
REQUEST		request_9	1623555136056	1623555136284	OK	 
REQUEST		request_12	1623555136131	1623555136347	OK	 
REQUEST		request_11	1623555136127	1623555136348	OK	 
REQUEST		request_10	1623555136126	1623555136348	OK	 
REQUEST		request_13	1623555136207	1623555136432	OK	 
REQUEST		request_14	1623555136209	1623555136433	OK	 
REQUEST		request_15	1623555136173	1623555136587	OK	 
USER	PetStoreSimulation	END	1623555136592
USER	PetStoreSimulation	START	1623555136593
REQUEST		request_15	1623555136285	1623555136729	OK	 
USER	PetStoreSimulation	END	1623555136736
USER	PetStoreSimulation	START	1623555136738
REQUEST		request_0	1623555136278	1623555137108	OK	 
REQUEST		request_1	1623555137110	1623555137330	OK	 
REQUEST		request_0	1623555136594	1623555137520	OK	 
REQUEST		request_7	1623555137331	1623555137549	OK	 
REQUEST		request_0	1623555136738	1623555137576	OK	 
REQUEST		request_1	1623555137522	1623555137748	OK	 
REQUEST		request_8	1623555137549	1623555137763	OK	 
REQUEST		request_1	1623555137577	1623555137805	OK	 
REQUEST		request_4	1623555137113	1623555137903	OK	 
REQUEST		request_3	1623555137112	1623555137911	OK	 
REQUEST		request_6	1623555137115	1623555137913	OK	 
REQUEST		request_2	1623555137111	1623555137927	OK	 
REQUEST		request_5	1623555137114	1623555137958	OK	 
REQUEST		request_9	1623555137763	1623555137979	OK	 
REQUEST		request_7	1623555137749	1623555137983	OK	 
REQUEST		request_7	1623555137806	1623555138041	OK	 
REQUEST		request_11	1623555137912	1623555138127	OK	 
REQUEST		request_10	1623555137904	1623555138127	OK	 
REQUEST		request_12	1623555137913	1623555138129	OK	 
REQUEST		request_13	1623555137927	1623555138146	OK	 
REQUEST		request_14	1623555137959	1623555138193	OK	 
REQUEST		request_8	1623555137984	1623555138202	OK	 
REQUEST		request_8	1623555138042	1623555138270	OK	 
REQUEST		request_2	1623555137523	1623555138334	OK	 
REQUEST		request_3	1623555137524	1623555138337	OK	 
REQUEST		request_15	1623555137980	1623555138383	OK	 
USER	PetStoreSimulation	END	1623555138389
USER	PetStoreSimulation	START	1623555138392
REQUEST		request_4	1623555137525	1623555138397	OK	 
REQUEST		request_4	1623555137578	1623555138399	OK	 
REQUEST		request_5	1623555137526	1623555138399	OK	 
REQUEST		request_5	1623555137578	1623555138401	OK	 
REQUEST		request_6	1623555137527	1623555138401	OK	 
REQUEST		request_2	1623555137577	1623555138415	OK	 
REQUEST		request_3	1623555137578	1623555138423	OK	 
REQUEST		request_9	1623555138202	1623555138423	OK	 
REQUEST		request_6	1623555137578	1623555138441	OK	 
REQUEST		request_9	1623555138271	1623555138505	OK	 
REQUEST		request_10	1623555138335	1623555138571	OK	 
REQUEST		request_11	1623555138338	1623555138572	OK	 
REQUEST		request_10	1623555138399	1623555138637	OK	 
REQUEST		request_12	1623555138398	1623555138638	OK	 
REQUEST		request_11	1623555138402	1623555138638	OK	 
REQUEST		request_14	1623555138402	1623555138643	OK	 
REQUEST		request_13	1623555138399	1623555138643	OK	 
REQUEST		request_12	1623555138416	1623555138646	OK	 
REQUEST		request_13	1623555138424	1623555138667	OK	 
REQUEST		request_14	1623555138441	1623555138667	OK	 
REQUEST		request_15	1623555138424	1623555138823	OK	 
USER	PetStoreSimulation	END	1623555138827
USER	PetStoreSimulation	START	1623555138829
REQUEST		request_15	1623555138505	1623555138893	OK	 
USER	PetStoreSimulation	END	1623555138898
USER	PetStoreSimulation	START	1623555138899
REQUEST		request_0	1623555138392	1623555139243	OK	 
REQUEST		request_1	1623555139245	1623555139475	OK	 
REQUEST		request_0	1623555138829	1623555139683	OK	 
REQUEST		request_7	1623555139475	1623555139692	OK	 
REQUEST		request_0	1623555138899	1623555139859	OK	 
REQUEST		request_8	1623555139692	1623555139954	OK	 
REQUEST		request_1	1623555139685	1623555139955	OK	 
REQUEST		request_1	1623555139860	1623555140078	OK	 
REQUEST		request_3	1623555139247	1623555140095	OK	 
REQUEST		request_2	1623555139246	1623555140103	OK	 
REQUEST		request_4	1623555139248	1623555140104	OK	 
REQUEST		request_7	1623555139955	1623555140176	OK	 
REQUEST		request_9	1623555139954	1623555140176	OK	 
REQUEST		request_5	1623555139249	1623555140237	OK	 
REQUEST		request_6	1623555139250	1623555140239	OK	 
REQUEST		request_7	1623555140078	1623555140321	OK	 
REQUEST		request_10	1623555140095	1623555140329	OK	 
REQUEST		request_11	1623555140103	1623555140331	OK	 
REQUEST		request_12	1623555140104	1623555140347	OK	 
REQUEST		request_13	1623555140176	1623555140401	OK	 
REQUEST		request_8	1623555140176	1623555140401	OK	 
REQUEST		request_14	1623555140237	1623555140464	OK	 
REQUEST		request_8	1623555140321	1623555140568	OK	 
REQUEST		request_3	1623555139687	1623555140607	OK	 
REQUEST		request_4	1623555139688	1623555140609	OK	 
REQUEST		request_5	1623555139689	1623555140611	OK	 
REQUEST		request_15	1623555140239	1623555140680	OK	 
REQUEST		request_2	1623555139686	1623555140681	OK	 
REQUEST		request_9	1623555140402	1623555140683	OK	 
REQUEST		request_6	1623555139690	1623555140684	OK	 
USER	PetStoreSimulation	END	1623555140686
USER	PetStoreSimulation	START	1623555140687
REQUEST		request_6	1623555139865	1623555140715	OK	 
REQUEST		request_3	1623555139862	1623555140716	OK	 
REQUEST		request_5	1623555139864	1623555140716	OK	 
REQUEST		request_2	1623555139861	1623555140728	OK	 
REQUEST		request_4	1623555139863	1623555140728	OK	 
REQUEST		request_9	1623555140568	1623555140797	OK	 
REQUEST		request_12	1623555140612	1623555140828	OK	 
REQUEST		request_10	1623555140608	1623555140829	OK	 
REQUEST		request_11	1623555140610	1623555140829	OK	 
REQUEST		request_14	1623555140683	1623555140915	OK	 
REQUEST		request_13	1623555140682	1623555140916	OK	 
REQUEST		request_11	1623555140716	1623555140927	OK	 
REQUEST		request_10	1623555140715	1623555140927	OK	 
REQUEST		request_12	1623555140716	1623555140928	OK	 
REQUEST		request_13	1623555140728	1623555140943	OK	 
REQUEST		request_14	1623555140728	1623555140943	OK	 
REQUEST		request_15	1623555140684	1623555141077	OK	 
USER	PetStoreSimulation	END	1623555141079
USER	PetStoreSimulation	START	1623555141080
REQUEST		request_15	1623555140797	1623555141198	OK	 
USER	PetStoreSimulation	END	1623555141203
USER	PetStoreSimulation	START	1623555141204
REQUEST		request_0	1623555140688	1623555141519	OK	 
REQUEST		request_1	1623555141521	1623555141742	OK	 
REQUEST		request_0	1623555141080	1623555141887	OK	 
REQUEST		request_7	1623555141743	1623555141962	OK	 
REQUEST		request_0	1623555141205	1623555142028	OK	 
REQUEST		request_1	1623555141888	1623555142114	OK	 
REQUEST		request_8	1623555141962	1623555142176	OK	 
REQUEST		request_1	1623555142028	1623555142250	OK	 
REQUEST		request_4	1623555141525	1623555142330	OK	 
REQUEST		request_7	1623555142115	1623555142332	OK	 
REQUEST		request_2	1623555141523	1623555142337	OK	 
REQUEST		request_6	1623555141528	1623555142339	OK	 
REQUEST		request_5	1623555141527	1623555142352	OK	 
REQUEST		request_3	1623555141524	1623555142354	OK	 
REQUEST		request_9	1623555142176	1623555142413	OK	 
REQUEST		request_7	1623555142251	1623555142486	OK	 
REQUEST		request_11	1623555142338	1623555142567	OK	 
REQUEST		request_10	1623555142330	1623555142568	OK	 
REQUEST		request_8	1623555142333	1623555142569	OK	 
REQUEST		request_12	1623555142340	1623555142570	OK	 
REQUEST		request_14	1623555142355	1623555142587	OK	 
REQUEST		request_13	1623555142353	1623555142588	OK	 
REQUEST		request_8	1623555142487	1623555142708	OK	 
REQUEST		request_4	1623555141891	1623555142713	OK	 
REQUEST		request_6	1623555141892	1623555142714	OK	 
REQUEST		request_5	1623555141891	1623555142741	OK	 
REQUEST		request_3	1623555141890	1623555142743	OK	 
REQUEST		request_2	1623555141889	1623555142743	OK	 
REQUEST		request_15	1623555142413	1623555142787	OK	 
USER	PetStoreSimulation	END	1623555142789
USER	PetStoreSimulation	START	1623555142789
REQUEST		request_9	1623555142569	1623555142794	OK	 
REQUEST		request_5	1623555142029	1623555142857	OK	 
REQUEST		request_3	1623555142029	1623555142871	OK	 
REQUEST		request_2	1623555142028	1623555142872	OK	 
REQUEST		request_6	1623555142029	1623555142874	OK	 
REQUEST		request_4	1623555142029	1623555142874	OK	 
REQUEST		request_10	1623555142713	1623555142928	OK	 
REQUEST		request_9	1623555142708	1623555142928	OK	 
REQUEST		request_11	1623555142714	1623555142928	OK	 
REQUEST		request_14	1623555142743	1623555142972	OK	 
REQUEST		request_13	1623555142743	1623555142973	OK	 
REQUEST		request_12	1623555142742	1623555142973	OK	 
REQUEST		request_10	1623555142858	1623555143078	OK	 
REQUEST		request_11	1623555142871	1623555143087	OK	 
REQUEST		request_12	1623555142872	1623555143091	OK	 
REQUEST		request_13	1623555142874	1623555143092	OK	 
REQUEST		request_14	1623555142874	1623555143097	OK	 
REQUEST		request_15	1623555142794	1623555143159	OK	 
USER	PetStoreSimulation	END	1623555143161
USER	PetStoreSimulation	START	1623555143162
REQUEST		request_15	1623555142928	1623555143315	OK	 
USER	PetStoreSimulation	END	1623555143321
USER	PetStoreSimulation	START	1623555143322
REQUEST		request_0	1623555142789	1623555143643	OK	 
REQUEST		request_1	1623555143644	1623555143875	OK	 
REQUEST		request_0	1623555143162	1623555143999	OK	 
REQUEST		request_7	1623555143876	1623555144114	OK	 
REQUEST		request_0	1623555143323	1623555144157	OK	 
REQUEST		request_1	1623555144001	1623555144229	OK	 
REQUEST		request_8	1623555144114	1623555144345	OK	 
REQUEST		request_1	1623555144159	1623555144397	OK	 
REQUEST		request_3	1623555143646	1623555144440	OK	 
REQUEST		request_2	1623555143645	1623555144443	OK	 
REQUEST		request_5	1623555143647	1623555144457	OK	 
REQUEST		request_4	1623555143646	1623555144458	OK	 
REQUEST		request_7	1623555144230	1623555144458	OK	 
REQUEST		request_6	1623555143648	1623555144464	OK	 
REQUEST		request_9	1623555144345	1623555144571	OK	 
REQUEST		request_7	1623555144397	1623555144623	OK	 
REQUEST		request_10	1623555144441	1623555144657	OK	 
REQUEST		request_11	1623555144443	1623555144660	OK	 
REQUEST		request_13	1623555144458	1623555144669	OK	 
REQUEST		request_12	1623555144457	1623555144669	OK	 
REQUEST		request_8	1623555144458	1623555144672	OK	 
REQUEST		request_14	1623555144465	1623555144672	OK	 
REQUEST		request_2	1623555144002	1623555144804	OK	 
REQUEST		request_3	1623555144003	1623555144808	OK	 
REQUEST		request_5	1623555144005	1623555144810	OK	 
REQUEST		request_4	1623555144004	1623555144812	OK	 
REQUEST		request_6	1623555144005	1623555144814	OK	 
REQUEST		request_8	1623555144623	1623555144847	OK	 
REQUEST		request_9	1623555144672	1623555145020	OK	 
REQUEST		request_15	1623555144572	1623555145032	OK	 
REQUEST		request_2	1623555144159	1623555145034	OK	 
REQUEST		request_3	1623555144160	1623555145036	OK	 
USER	PetStoreSimulation	END	1623555145039
USER	PetStoreSimulation	START	1623555145041
REQUEST		request_4	1623555144160	1623555145067	OK	 
REQUEST		request_10	1623555144805	1623555145067	OK	 
REQUEST		request_5	1623555144161	1623555145067	OK	 
REQUEST		request_11	1623555144809	1623555145067	OK	 
REQUEST		request_12	1623555144811	1623555145067	OK	 
REQUEST		request_14	1623555144815	1623555145068	OK	 
REQUEST		request_6	1623555144161	1623555145068	OK	 
REQUEST		request_13	1623555144812	1623555145068	OK	 
REQUEST		request_9	1623555144847	1623555145086	OK	 
REQUEST		request_10	1623555145034	1623555145277	OK	 
REQUEST		request_11	1623555145037	1623555145283	OK	 
REQUEST		request_12	1623555145067	1623555145284	OK	 
REQUEST		request_13	1623555145067	1623555145284	OK	 
REQUEST		request_14	1623555145068	1623555145284	OK	 
REQUEST		request_15	1623555145020	1623555145434	OK	 
USER	PetStoreSimulation	END	1623555145441
USER	PetStoreSimulation	START	1623555145443
REQUEST		request_15	1623555145087	1623555145497	OK	 
USER	PetStoreSimulation	END	1623555145503
USER	PetStoreSimulation	START	1623555145504
REQUEST		request_0	1623555145041	1623555145903	OK	 
REQUEST		request_1	1623555145905	1623555146134	OK	 
REQUEST		request_0	1623555145444	1623555146279	OK	 
REQUEST		request_0	1623555145504	1623555146342	OK	 
REQUEST		request_7	1623555146135	1623555146365	OK	 
REQUEST		request_1	1623555146280	1623555146503	OK	 
REQUEST		request_1	1623555146344	1623555146573	OK	 
REQUEST		request_8	1623555146366	1623555146588	OK	 
REQUEST		request_7	1623555146504	1623555146718	OK	 
REQUEST		request_4	1623555145908	1623555146719	OK	 
REQUEST		request_5	1623555145909	1623555146721	OK	 
REQUEST		request_6	1623555145910	1623555146730	OK	 
REQUEST		request_3	1623555145907	1623555146741	OK	 
REQUEST		request_2	1623555145906	1623555146743	OK	 
REQUEST		request_7	1623555146574	1623555146827	OK	 
REQUEST		request_9	1623555146588	1623555146830	OK	 
REQUEST		request_10	1623555146719	1623555146941	OK	 
REQUEST		request_8	1623555146719	1623555146941	OK	 
REQUEST		request_11	1623555146721	1623555146941	OK	 
REQUEST		request_12	1623555146731	1623555146947	OK	 
REQUEST		request_14	1623555146744	1623555146957	OK	 
REQUEST		request_13	1623555146742	1623555146960	OK	 
REQUEST		request_8	1623555146827	1623555147046	OK	 
REQUEST		request_2	1623555146281	1623555147089	OK	 
REQUEST		request_4	1623555146283	1623555147095	OK	 
REQUEST		request_5	1623555146284	1623555147096	OK	 
REQUEST		request_6	1623555146285	1623555147099	OK	 
REQUEST		request_3	1623555146282	1623555147112	OK	 
REQUEST		request_9	1623555146941	1623555147168	OK	 
REQUEST		request_6	1623555146350	1623555147169	OK	 
REQUEST		request_2	1623555146345	1623555147187	OK	 
REQUEST		request_15	1623555146830	1623555147213	OK	 
REQUEST		request_3	1623555146347	1623555147214	OK	 
REQUEST		request_4	1623555146348	1623555147216	OK	 
REQUEST		request_5	1623555146349	1623555147218	OK	 
USER	PetStoreSimulation	END	1623555147222
USER	PetStoreSimulation	START	1623555147224
REQUEST		request_9	1623555147046	1623555147281	OK	 
REQUEST		request_10	1623555147090	1623555147307	OK	 
REQUEST		request_11	1623555147096	1623555147308	OK	 
REQUEST		request_12	1623555147097	1623555147310	OK	 
REQUEST		request_13	1623555147100	1623555147315	OK	 
REQUEST		request_14	1623555147112	1623555147321	OK	 
REQUEST		request_10	1623555147170	1623555147416	OK	 
REQUEST		request_11	1623555147188	1623555147419	OK	 
REQUEST		request_12	1623555147215	1623555147435	OK	 
REQUEST		request_13	1623555147217	1623555147436	OK	 
REQUEST		request_14	1623555147219	1623555147436	OK	 
REQUEST		request_15	1623555147168	1623555147544	OK	 
USER	PetStoreSimulation	END	1623555147548
USER	PetStoreSimulation	START	1623555147549
REQUEST		request_15	1623555147281	1623555147663	OK	 
USER	PetStoreSimulation	END	1623555147672
USER	PetStoreSimulation	START	1623555147674
REQUEST		request_0	1623555147225	1623555148042	OK	 
REQUEST		request_1	1623555148043	1623555148275	OK	 
REQUEST		request_0	1623555147549	1623555148383	OK	 
REQUEST		request_0	1623555147674	1623555148486	OK	 
REQUEST		request_7	1623555148276	1623555148504	OK	 
REQUEST		request_1	1623555148385	1623555148621	OK	 
REQUEST		request_1	1623555148488	1623555148690	OK	 
REQUEST		request_8	1623555148504	1623555148715	OK	 
REQUEST		request_4	1623555148044	1623555148842	OK	 
REQUEST		request_3	1623555148044	1623555148851	OK	 
REQUEST		request_7	1623555148621	1623555148853	OK	 
REQUEST		request_6	1623555148045	1623555148856	OK	 
REQUEST		request_5	1623555148045	1623555148871	OK	 
REQUEST		request_2	1623555148043	1623555148872	OK	 
REQUEST		request_7	1623555148690	1623555148906	OK	 
REQUEST		request_9	1623555148715	1623555148941	OK	 
REQUEST		request_10	1623555148842	1623555149069	OK	 
REQUEST		request_11	1623555148852	1623555149072	OK	 
REQUEST		request_12	1623555148856	1623555149073	OK	 
REQUEST		request_8	1623555148853	1623555149077	OK	 
REQUEST		request_14	1623555148872	1623555149083	OK	 
REQUEST		request_13	1623555148871	1623555149084	OK	 
REQUEST		request_8	1623555148906	1623555149128	OK	 
REQUEST		request_5	1623555148389	1623555149215	OK	 
REQUEST		request_2	1623555148386	1623555149217	OK	 
REQUEST		request_6	1623555148390	1623555149226	OK	 
REQUEST		request_4	1623555148388	1623555149227	OK	 
REQUEST		request_3	1623555148387	1623555149233	OK	 
REQUEST		request_3	1623555148490	1623555149287	OK	 
REQUEST		request_4	1623555148491	1623555149306	OK	 
REQUEST		request_15	1623555148942	1623555149311	OK	 
REQUEST		request_5	1623555148492	1623555149311	OK	 
REQUEST		request_2	1623555148489	1623555149313	OK	 
REQUEST		request_9	1623555149078	1623555149314	OK	 
REQUEST		request_6	1623555148492	1623555149314	OK	 
USER	PetStoreSimulation	END	1623555149316
USER	PetStoreSimulation	START	1623555149317
REQUEST		request_9	1623555149128	1623555149347	OK	 
REQUEST		request_10	1623555149215	1623555149448	OK	 
REQUEST		request_11	1623555149217	1623555149449	OK	 
REQUEST		request_12	1623555149226	1623555149456	OK	 
REQUEST		request_13	1623555149227	1623555149457	OK	 
REQUEST		request_14	1623555149233	1623555149458	OK	 
REQUEST		request_10	1623555149287	1623555149506	OK	 
REQUEST		request_11	1623555149306	1623555149517	OK	 
REQUEST		request_12	1623555149312	1623555149528	OK	 
REQUEST		request_13	1623555149313	1623555149533	OK	 
REQUEST		request_14	1623555149314	1623555149538	OK	 
REQUEST		request_15	1623555149314	1623555149692	OK	 
USER	PetStoreSimulation	END	1623555149695
USER	PetStoreSimulation	START	1623555149696
REQUEST		request_15	1623555149347	1623555149762	OK	 
USER	PetStoreSimulation	END	1623555149767
USER	PetStoreSimulation	START	1623555149768
REQUEST		request_0	1623555149317	1623555150203	OK	 
REQUEST		request_1	1623555150205	1623555150439	OK	 
REQUEST		request_0	1623555149768	1623555150580	OK	 
REQUEST		request_0	1623555149697	1623555150609	OK	 
REQUEST		request_7	1623555150440	1623555150738	OK	 
REQUEST		request_1	1623555150581	1623555150812	OK	 
REQUEST		request_1	1623555150609	1623555150845	OK	 
REQUEST		request_8	1623555150738	1623555151047	OK	 
REQUEST		request_7	1623555150812	1623555151047	OK	 
REQUEST		request_7	1623555150846	1623555151104	OK	 
REQUEST		request_4	1623555150209	1623555151143	OK	 
REQUEST		request_5	1623555150210	1623555151152	OK	 
REQUEST		request_2	1623555150207	1623555151153	OK	 
REQUEST		request_3	1623555150208	1623555151154	OK	 
REQUEST		request_6	1623555150211	1623555151154	OK	 
REQUEST		request_9	1623555151047	1623555151269	OK	 
REQUEST		request_8	1623555151047	1623555151276	OK	 
REQUEST		request_8	1623555151104	1623555151321	OK	 
REQUEST		request_10	1623555151143	1623555151367	OK	 
REQUEST		request_14	1623555151154	1623555151386	OK	 
REQUEST		request_12	1623555151153	1623555151387	OK	 
REQUEST		request_13	1623555151154	1623555151387	OK	 
REQUEST		request_11	1623555151153	1623555151388	OK	 
REQUEST		request_9	1623555151276	1623555151484	OK	 
REQUEST		request_9	1623555151321	1623555151536	OK	 
REQUEST		request_3	1623555150739	1623555151622	OK	 
REQUEST		request_6	1623555150740	1623555151621	OK	 
REQUEST		request_4	1623555150740	1623555151626	OK	 
REQUEST		request_6	1623555150740	1623555151627	OK	 
REQUEST		request_3	1623555150739	1623555151629	OK	 
REQUEST		request_4	1623555150739	1623555151630	OK	 
REQUEST		request_15	1623555151269	1623555151637	OK	 
REQUEST		request_5	1623555150739	1623555151638	OK	 
USER	PetStoreSimulation	END	1623555151641
REQUEST		request_2	1623555150582	1623555151675	OK	 
REQUEST		request_5	1623555150740	1623555151678	OK	 
REQUEST		request_2	1623555150610	1623555151686	OK	 
REQUEST		request_10	1623555151485	1623555151716	OK	 
REQUEST		request_10	1623555151536	1623555151760	OK	 
REQUEST		request_11	1623555151622	1623555151837	OK	 
REQUEST		request_11	1623555151622	1623555151837	OK	 
REQUEST		request_12	1623555151626	1623555151840	OK	 
REQUEST		request_13	1623555151630	1623555151840	OK	 
REQUEST		request_12	1623555151629	1623555151841	OK	 
REQUEST		request_13	1623555151627	1623555151843	OK	 
REQUEST		request_14	1623555151638	1623555151844	OK	 
REQUEST		request_14	1623555151679	1623555151908	OK	 
REQUEST		request_15	1623555151676	1623555152050	OK	 
USER	PetStoreSimulation	END	1623555152057
REQUEST		request_15	1623555151686	1623555152118	OK	 
USER	PetStoreSimulation	END	1623555152126
