RUN	com.octoperf.tutorials.one.PetStoreSimulation4	petstoresimulation4	1623510936094	testing	3.6.0
USER	PetStoreSimulation	START	1623510937949
USER	PetStoreSimulation	START	1623510938280
USER	PetStoreSimulation	START	1623510938612
REQUEST		request_0	1623510937985	1623510939033	OK	 
REQUEST		request_0	1623510938280	1623510939164	OK	 
REQUEST		request_1	1623510939069	1623510939316	OK	 
REQUEST		request_1	1623510939167	1623510939427	OK	 
REQUEST		request_0	1623510938613	1623510939482	OK	 
REQUEST		request_7	1623510939346	1623510939799	OK	 
REQUEST		request_7	1623510939428	1623510939888	OK	 
REQUEST		request_1	1623510939485	1623510940035	OK	 
REQUEST		request_8	1623510939800	1623510940053	OK	 
REQUEST		request_2	1623510939071	1623510940169	OK	 
REQUEST		request_8	1623510939888	1623510940169	OK	 
REQUEST		request_3	1623510939071	1623510940307	OK	 
REQUEST		request_7	1623510940036	1623510940346	OK	 
REQUEST		request_4	1623510939072	1623510940346	OK	 
REQUEST		request_4	1623510939170	1623510940346	OK	 
REQUEST		request_5	1623510939072	1623510940347	OK	 
REQUEST		request_6	1623510939073	1623510940349	OK	 
REQUEST		request_2	1623510939168	1623510940354	OK	 
REQUEST		request_9	1623510940054	1623510940354	OK	 
REQUEST		request_5	1623510939171	1623510940384	OK	 
REQUEST		request_3	1623510939169	1623510940386	OK	 
REQUEST		request_10	1623510940170	1623510940389	OK	 
REQUEST		request_9	1623510940170	1623510940435	OK	 
REQUEST		request_6	1623510939171	1623510940437	OK	 
REQUEST		request_11	1623510940308	1623510940542	OK	 
REQUEST		request_10	1623510940346	1623510940605	OK	 
REQUEST		request_12	1623510940346	1623510940605	OK	 
REQUEST		request_8	1623510940346	1623510940608	OK	 
REQUEST		request_6	1623510939488	1623510940636	OK	 
REQUEST		request_13	1623510940348	1623510940636	OK	 
REQUEST		request_14	1623510940350	1623510940637	OK	 
REQUEST		request_12	1623510940385	1623510940637	OK	 
REQUEST		request_11	1623510940355	1623510940730	OK	 
REQUEST		request_3	1623510939487	1623510940730	OK	 
REQUEST		request_13	1623510940386	1623510940730	OK	 
REQUEST		request_2	1623510939486	1623510940755	OK	 
REQUEST		request_4	1623510939487	1623510940757	OK	 
REQUEST		request_14	1623510940436	1623510940764	OK	 
REQUEST		request_5	1623510939488	1623510940819	OK	 
REQUEST		request_15	1623510940355	1623510940985	OK	 
REQUEST		request_9	1623510940608	1623510940985	OK	 
REQUEST		request_10	1623510940637	1623510940987	OK	 
USER	PetStoreSimulation	END	1623510940993
USER	PetStoreSimulation	START	1623510940994
REQUEST		request_11	1623510940730	1623510941065	OK	 
REQUEST		request_12	1623510940756	1623510941066	OK	 
REQUEST		request_13	1623510940758	1623510941069	OK	 
REQUEST		request_14	1623510940819	1623510941070	OK	 
REQUEST		request_15	1623510940437	1623510941130	OK	 
USER	PetStoreSimulation	END	1623510941133
USER	PetStoreSimulation	START	1623510941134
REQUEST		request_15	1623510940985	1623510941455	OK	 
USER	PetStoreSimulation	END	1623510941457
USER	PetStoreSimulation	START	1623510941458
REQUEST		request_0	1623510940994	1623510941908	OK	 
REQUEST		request_0	1623510941134	1623510942061	OK	 
REQUEST		request_1	1623510941910	1623510942167	OK	 
REQUEST		request_1	1623510942063	1623510942284	OK	 
REQUEST		request_0	1623510941458	1623510942352	OK	 
REQUEST		request_7	1623510942168	1623510942437	OK	 
REQUEST		request_7	1623510942285	1623510942512	OK	 
REQUEST		request_1	1623510942354	1623510942665	OK	 
REQUEST		request_8	1623510942438	1623510942672	OK	 
REQUEST		request_5	1623510941912	1623510942758	OK	 
REQUEST		request_8	1623510942513	1623510942758	OK	 
REQUEST		request_3	1623510941911	1623510942759	OK	 
REQUEST		request_6	1623510941912	1623510942823	OK	 
REQUEST		request_4	1623510941912	1623510942825	OK	 
REQUEST		request_2	1623510941911	1623510942827	OK	 
REQUEST		request_7	1623510942666	1623510942919	OK	 
REQUEST		request_9	1623510942672	1623510942920	OK	 
REQUEST		request_4	1623510942065	1623510942976	OK	 
REQUEST		request_10	1623510942758	1623510942980	OK	 
REQUEST		request_3	1623510942064	1623510942981	OK	 
REQUEST		request_5	1623510942065	1623510942982	OK	 
REQUEST		request_11	1623510942760	1623510942985	OK	 
REQUEST		request_6	1623510942065	1623510942985	OK	 
REQUEST		request_2	1623510942064	1623510943007	OK	 
REQUEST		request_9	1623510942758	1623510943010	OK	 
REQUEST		request_12	1623510942824	1623510943056	OK	 
REQUEST		request_14	1623510942827	1623510943058	OK	 
REQUEST		request_13	1623510942825	1623510943059	OK	 
REQUEST		request_8	1623510942920	1623510943169	OK	 
REQUEST		request_2	1623510942355	1623510943247	OK	 
REQUEST		request_10	1623510942976	1623510943252	OK	 
REQUEST		request_12	1623510942983	1623510943265	OK	 
REQUEST		request_11	1623510942982	1623510943266	OK	 
REQUEST		request_14	1623510943007	1623510943267	OK	 
REQUEST		request_13	1623510942985	1623510943267	OK	 
REQUEST		request_5	1623510942356	1623510943325	OK	 
REQUEST		request_3	1623510942355	1623510943390	OK	 
REQUEST		request_4	1623510942355	1623510943391	OK	 
REQUEST		request_6	1623510942356	1623510943411	OK	 
REQUEST		request_15	1623510942920	1623510943411	OK	 
USER	PetStoreSimulation	END	1623510943413
USER	PetStoreSimulation	START	1623510943414
REQUEST		request_9	1623510943170	1623510943505	OK	 
REQUEST		request_15	1623510943011	1623510943505	OK	 
USER	PetStoreSimulation	END	1623510943508
USER	PetStoreSimulation	START	1623510943509
REQUEST		request_10	1623510943248	1623510943539	OK	 
REQUEST		request_11	1623510943326	1623510943566	OK	 
REQUEST		request_13	1623510943391	1623510943616	OK	 
REQUEST		request_12	1623510943390	1623510943617	OK	 
REQUEST		request_14	1623510943411	1623510943691	OK	 
REQUEST		request_15	1623510943506	1623510943945	OK	 
USER	PetStoreSimulation	END	1623510943949
USER	PetStoreSimulation	START	1623510943950
REQUEST		request_0	1623510943414	1623510944343	OK	 
REQUEST		request_0	1623510943509	1623510944375	OK	 
REQUEST		request_1	1623510944345	1623510944587	OK	 
REQUEST		request_1	1623510944377	1623510944598	OK	 
REQUEST		request_7	1623510944589	1623510944812	OK	 
REQUEST		request_0	1623510943950	1623510944861	OK	 
REQUEST		request_7	1623510944600	1623510944913	OK	 
REQUEST		request_8	1623510944812	1623510945052	OK	 
REQUEST		request_1	1623510944863	1623510945097	OK	 
REQUEST		request_8	1623510944914	1623510945161	OK	 
REQUEST		request_5	1623510944346	1623510945194	OK	 
REQUEST		request_6	1623510944346	1623510945195	OK	 
REQUEST		request_2	1623510944377	1623510945198	OK	 
REQUEST		request_4	1623510944346	1623510945199	OK	 
REQUEST		request_9	1623510945052	1623510945271	OK	 
REQUEST		request_6	1623510944378	1623510945293	OK	 
REQUEST		request_4	1623510944378	1623510945295	OK	 
REQUEST		request_3	1623510944377	1623510945299	OK	 
REQUEST		request_5	1623510944378	1623510945302	OK	 
REQUEST		request_2	1623510944345	1623510945307	OK	 
REQUEST		request_3	1623510944345	1623510945315	OK	 
REQUEST		request_7	1623510945098	1623510945365	OK	 
REQUEST		request_9	1623510945161	1623510945401	OK	 
REQUEST		request_10	1623510945195	1623510945432	OK	 
REQUEST		request_11	1623510945196	1623510945432	OK	 
REQUEST		request_12	1623510945200	1623510945432	OK	 
REQUEST		request_10	1623510945198	1623510945436	OK	 
REQUEST		request_13	1623510945272	1623510945501	OK	 
REQUEST		request_11	1623510945293	1623510945509	OK	 
REQUEST		request_12	1623510945295	1623510945515	OK	 
REQUEST		request_13	1623510945299	1623510945516	OK	 
REQUEST		request_14	1623510945302	1623510945532	OK	 
REQUEST		request_14	1623510945307	1623510945536	OK	 
REQUEST		request_8	1623510945366	1623510945591	OK	 
REQUEST		request_3	1623510944863	1623510945682	OK	 
REQUEST		request_2	1623510944863	1623510945765	OK	 
REQUEST		request_4	1623510944864	1623510945766	OK	 
REQUEST		request_5	1623510944864	1623510945766	OK	 
REQUEST		request_15	1623510945316	1623510945769	OK	 
USER	PetStoreSimulation	END	1623510945772
USER	PetStoreSimulation	START	1623510945772
REQUEST		request_15	1623510945401	1623510945855	OK	 
REQUEST		request_6	1623510944864	1623510945855	OK	 
REQUEST		request_9	1623510945591	1623510945856	OK	 
USER	PetStoreSimulation	END	1623510945857
USER	PetStoreSimulation	START	1623510945858
REQUEST		request_10	1623510945682	1623510945925	OK	 
REQUEST		request_12	1623510945766	1623510946031	OK	 
REQUEST		request_11	1623510945765	1623510946031	OK	 
REQUEST		request_13	1623510945767	1623510946032	OK	 
REQUEST		request_14	1623510945855	1623510946101	OK	 
REQUEST		request_15	1623510945856	1623510946246	OK	 
USER	PetStoreSimulation	END	1623510946248
USER	PetStoreSimulation	START	1623510946249
REQUEST		request_0	1623510945773	1623510946668	OK	 
REQUEST		request_0	1623510945858	1623510946769	OK	 
REQUEST		request_1	1623510946670	1623510946896	OK	 
REQUEST		request_1	1623510946771	1623510947011	OK	 
REQUEST		request_0	1623510946249	1623510947108	OK	 
REQUEST		request_7	1623510946897	1623510947132	OK	 
REQUEST		request_7	1623510947012	1623510947240	OK	 
REQUEST		request_1	1623510947110	1623510947385	OK	 
REQUEST		request_8	1623510947132	1623510947386	OK	 
REQUEST		request_4	1623510946672	1623510947487	OK	 
REQUEST		request_3	1623510946672	1623510947488	OK	 
REQUEST		request_2	1623510946671	1623510947490	OK	 
REQUEST		request_6	1623510946673	1623510947491	OK	 
REQUEST		request_5	1623510946673	1623510947501	OK	 
REQUEST		request_8	1623510947241	1623510947508	OK	 
REQUEST		request_7	1623510947386	1623510947616	OK	 
REQUEST		request_9	1623510947387	1623510947616	OK	 
REQUEST		request_3	1623510946773	1623510947655	OK	 
REQUEST		request_6	1623510946774	1623510947656	OK	 
REQUEST		request_2	1623510946772	1623510947658	OK	 
REQUEST		request_5	1623510946774	1623510947661	OK	 
REQUEST		request_10	1623510947487	1623510947722	OK	 
REQUEST		request_11	1623510947488	1623510947722	OK	 
REQUEST		request_12	1623510947490	1623510947725	OK	 
REQUEST		request_13	1623510947491	1623510947736	OK	 
REQUEST		request_14	1623510947501	1623510947737	OK	 
REQUEST		request_9	1623510947508	1623510947739	OK	 
REQUEST		request_4	1623510946773	1623510947777	OK	 
REQUEST		request_8	1623510947617	1623510947855	OK	 
REQUEST		request_10	1623510947656	1623510947895	OK	 
REQUEST		request_12	1623510947658	1623510947895	OK	 
REQUEST		request_11	1623510947657	1623510947896	OK	 
REQUEST		request_13	1623510947661	1623510947900	OK	 
REQUEST		request_6	1623510947113	1623510947957	OK	 
REQUEST		request_5	1623510947112	1623510947959	OK	 
REQUEST		request_2	1623510947111	1623510947962	OK	 
REQUEST		request_14	1623510947739	1623510947967	OK	 
REQUEST		request_3	1623510947111	1623510947969	OK	 
REQUEST		request_4	1623510947112	1623510947971	OK	 
REQUEST		request_15	1623510947617	1623510948065	OK	 
USER	PetStoreSimulation	END	1623510948067
USER	PetStoreSimulation	START	1623510948068
REQUEST		request_9	1623510947855	1623510948093	OK	 
REQUEST		request_10	1623510947957	1623510948227	OK	 
REQUEST		request_11	1623510947960	1623510948227	OK	 
REQUEST		request_12	1623510947962	1623510948236	OK	 
REQUEST		request_13	1623510947969	1623510948237	OK	 
REQUEST		request_14	1623510947972	1623510948237	OK	 
REQUEST		request_15	1623510947777	1623510948239	OK	 
USER	PetStoreSimulation	END	1623510948241
USER	PetStoreSimulation	START	1623510948242
REQUEST		request_15	1623510948093	1623510948474	OK	 
USER	PetStoreSimulation	END	1623510948476
USER	PetStoreSimulation	START	1623510948477
REQUEST		request_0	1623510948068	1623510949084	OK	 
REQUEST		request_0	1623510948242	1623510949141	OK	 
REQUEST		request_1	1623510949086	1623510949308	OK	 
REQUEST		request_1	1623510949143	1623510949378	OK	 
REQUEST		request_0	1623510948477	1623510949468	OK	 
REQUEST		request_7	1623510949309	1623510949533	OK	 
REQUEST		request_7	1623510949378	1623510949639	OK	 
REQUEST		request_1	1623510949470	1623510949694	OK	 
REQUEST		request_8	1623510949534	1623510949762	OK	 
REQUEST		request_8	1623510949639	1623510949937	OK	 
REQUEST		request_2	1623510949087	1623510949940	OK	 
REQUEST		request_5	1623510949088	1623510949945	OK	 
REQUEST		request_6	1623510949088	1623510950025	OK	 
REQUEST		request_3	1623510949144	1623510950028	OK	 
REQUEST		request_3	1623510949087	1623510950028	OK	 
REQUEST		request_7	1623510949695	1623510950028	OK	 
REQUEST		request_4	1623510949087	1623510950029	OK	 
REQUEST		request_2	1623510949143	1623510950029	OK	 
REQUEST		request_9	1623510949763	1623510950030	OK	 
REQUEST		request_4	1623510949144	1623510950030	OK	 
REQUEST		request_5	1623510949145	1623510950031	OK	 
REQUEST		request_6	1623510949145	1623510950032	OK	 
REQUEST		request_10	1623510949941	1623510950171	OK	 
REQUEST		request_9	1623510949937	1623510950182	OK	 
REQUEST		request_11	1623510949946	1623510950184	OK	 
REQUEST		request_12	1623510950026	1623510950260	OK	 
REQUEST		request_8	1623510950029	1623510950283	OK	 
REQUEST		request_10	1623510950028	1623510950283	OK	 
REQUEST		request_14	1623510950029	1623510950284	OK	 
REQUEST		request_12	1623510950031	1623510950284	OK	 
REQUEST		request_11	1623510950030	1623510950284	OK	 
REQUEST		request_13	1623510950028	1623510950284	OK	 
REQUEST		request_13	1623510950032	1623510950315	OK	 
REQUEST		request_5	1623510949471	1623510950315	OK	 
REQUEST		request_14	1623510950033	1623510950316	OK	 
REQUEST		request_4	1623510949471	1623510950326	OK	 
REQUEST		request_2	1623510949470	1623510950335	OK	 
REQUEST		request_15	1623510950031	1623510950496	OK	 
REQUEST		request_3	1623510949471	1623510950496	OK	 
REQUEST		request_6	1623510949472	1623510950497	OK	 
USER	PetStoreSimulation	END	1623510950498
USER	PetStoreSimulation	START	1623510950499
REQUEST		request_9	1623510950284	1623510950527	OK	 
REQUEST		request_10	1623510950316	1623510950540	OK	 
REQUEST		request_11	1623510950326	1623510950544	OK	 
REQUEST		request_12	1623510950335	1623510950546	OK	 
REQUEST		request_15	1623510950182	1623510950594	OK	 
USER	PetStoreSimulation	END	1623510950596
USER	PetStoreSimulation	START	1623510950596
REQUEST		request_13	1623510950496	1623510950746	OK	 
REQUEST		request_14	1623510950497	1623510950750	OK	 
REQUEST		request_15	1623510950528	1623510950899	OK	 
USER	PetStoreSimulation	END	1623510950901
USER	PetStoreSimulation	START	1623510950902
REQUEST		request_0	1623510950499	1623510951359	OK	 
REQUEST		request_0	1623510950597	1623510951452	OK	 
REQUEST		request_1	1623510951360	1623510951593	OK	 
REQUEST		request_1	1623510951453	1623510951686	OK	 
REQUEST		request_0	1623510950902	1623510951747	OK	 
REQUEST		request_7	1623510951594	1623510951825	OK	 
REQUEST		request_7	1623510951686	1623510951917	OK	 
REQUEST		request_1	1623510951748	1623510951990	OK	 
REQUEST		request_8	1623510951826	1623510952063	OK	 
REQUEST		request_8	1623510951917	1623510952147	OK	 
REQUEST		request_3	1623510951361	1623510952206	OK	 
REQUEST		request_4	1623510951361	1623510952207	OK	 
REQUEST		request_5	1623510951361	1623510952209	OK	 
REQUEST		request_6	1623510951361	1623510952210	OK	 
REQUEST		request_2	1623510951360	1623510952266	OK	 
REQUEST		request_7	1623510951991	1623510952267	OK	 
REQUEST		request_6	1623510951454	1623510952285	OK	 
REQUEST		request_9	1623510952064	1623510952285	OK	 
REQUEST		request_2	1623510951453	1623510952307	OK	 
REQUEST		request_3	1623510951454	1623510952308	OK	 
REQUEST		request_5	1623510951454	1623510952309	OK	 
REQUEST		request_4	1623510951454	1623510952310	OK	 
REQUEST		request_9	1623510952147	1623510952472	OK	 
REQUEST		request_10	1623510952206	1623510952473	OK	 
REQUEST		request_11	1623510952207	1623510952474	OK	 
REQUEST		request_12	1623510952209	1623510952474	OK	 
REQUEST		request_13	1623510952210	1623510952475	OK	 
REQUEST		request_8	1623510952267	1623510952510	OK	 
REQUEST		request_10	1623510952286	1623510952510	OK	 
REQUEST		request_14	1623510952266	1623510952510	OK	 
REQUEST		request_11	1623510952307	1623510952556	OK	 
REQUEST		request_12	1623510952308	1623510952557	OK	 
REQUEST		request_14	1623510952310	1623510952557	OK	 
REQUEST		request_13	1623510952309	1623510952557	OK	 
REQUEST		request_4	1623510951749	1623510952596	OK	 
REQUEST		request_5	1623510951749	1623510952597	OK	 
REQUEST		request_3	1623510951749	1623510952598	OK	 
REQUEST		request_6	1623510951750	1623510952599	OK	 
REQUEST		request_2	1623510951749	1623510952651	OK	 
REQUEST		request_15	1623510952286	1623510952680	OK	 
USER	PetStoreSimulation	END	1623510952683
USER	PetStoreSimulation	START	1623510952684
REQUEST		request_9	1623510952510	1623510952735	OK	 
REQUEST		request_10	1623510952597	1623510952822	OK	 
REQUEST		request_11	1623510952598	1623510952822	OK	 
REQUEST		request_12	1623510952599	1623510952823	OK	 
REQUEST		request_13	1623510952600	1623510952823	OK	 
REQUEST		request_15	1623510952472	1623510952887	OK	 
REQUEST		request_14	1623510952652	1623510952887	OK	 
USER	PetStoreSimulation	END	1623510952889
USER	PetStoreSimulation	START	1623510952890
REQUEST		request_15	1623510952736	1623510953130	OK	 
USER	PetStoreSimulation	END	1623510953132
USER	PetStoreSimulation	START	1623510953133
REQUEST		request_0	1623510952684	1623510953551	OK	 
REQUEST		request_0	1623510952891	1623510953736	OK	 
REQUEST		request_1	1623510953552	1623510953783	OK	 
REQUEST		request_1	1623510953737	1623510953971	OK	 
REQUEST		request_0	1623510953133	1623510953986	OK	 
REQUEST		request_7	1623510953783	1623510954012	OK	 
REQUEST		request_7	1623510953972	1623510954199	OK	 
REQUEST		request_1	1623510953987	1623510954212	OK	 
REQUEST		request_8	1623510954012	1623510954244	OK	 
REQUEST		request_5	1623510953554	1623510954414	OK	 
REQUEST		request_2	1623510953553	1623510954417	OK	 
REQUEST		request_6	1623510953554	1623510954419	OK	 
REQUEST		request_8	1623510954200	1623510954442	OK	 
REQUEST		request_3	1623510953553	1623510954442	OK	 
REQUEST		request_7	1623510954212	1623510954456	OK	 
REQUEST		request_4	1623510953554	1623510954485	OK	 
REQUEST		request_9	1623510954244	1623510954487	OK	 
REQUEST		request_5	1623510953739	1623510954592	OK	 
REQUEST		request_4	1623510953739	1623510954622	OK	 
REQUEST		request_6	1623510953739	1623510954623	OK	 
REQUEST		request_3	1623510953738	1623510954625	OK	 
REQUEST		request_2	1623510953738	1623510954636	OK	 
REQUEST		request_10	1623510954415	1623510954640	OK	 
REQUEST		request_11	1623510954417	1623510954641	OK	 
REQUEST		request_12	1623510954419	1623510954642	OK	 
REQUEST		request_9	1623510954442	1623510954670	OK	 
REQUEST		request_13	1623510954442	1623510954675	OK	 
REQUEST		request_8	1623510954457	1623510954684	OK	 
REQUEST		request_14	1623510954485	1623510954720	OK	 
REQUEST		request_10	1623510954592	1623510954811	OK	 
REQUEST		request_5	1623510953988	1623510954827	OK	 
REQUEST		request_3	1623510953988	1623510954828	OK	 
REQUEST		request_4	1623510953988	1623510954830	OK	 
REQUEST		request_11	1623510954622	1623510954852	OK	 
REQUEST		request_12	1623510954623	1623510954853	OK	 
REQUEST		request_13	1623510954625	1623510954857	OK	 
REQUEST		request_15	1623510954487	1623510954897	OK	 
USER	PetStoreSimulation	END	1623510954899
USER	PetStoreSimulation	START	1623510954900
REQUEST		request_6	1623510953988	1623510954904	OK	 
REQUEST		request_14	1623510954636	1623510954904	OK	 
REQUEST		request_2	1623510953987	1623510954924	OK	 
REQUEST		request_9	1623510954684	1623510955074	OK	 
REQUEST		request_15	1623510954670	1623510955167	OK	 
REQUEST		request_11	1623510954828	1623510955167	OK	 
REQUEST		request_12	1623510954830	1623510955167	OK	 
REQUEST		request_10	1623510954827	1623510955168	OK	 
REQUEST		request_13	1623510954904	1623510955168	OK	 
USER	PetStoreSimulation	END	1623510955169
USER	PetStoreSimulation	START	1623510955170
REQUEST		request_14	1623510954924	1623510955215	OK	 
REQUEST		request_15	1623510955075	1623510955466	OK	 
USER	PetStoreSimulation	END	1623510955469
USER	PetStoreSimulation	START	1623510955470
REQUEST		request_0	1623510954900	1623510955915	OK	 
REQUEST		request_0	1623510955170	1623510956029	OK	 
REQUEST		request_1	1623510955916	1623510956145	OK	 
REQUEST		request_1	1623510956030	1623510956277	OK	 
REQUEST		request_0	1623510955470	1623510956331	OK	 
REQUEST		request_7	1623510956146	1623510956383	OK	 
REQUEST		request_7	1623510956277	1623510956506	OK	 
REQUEST		request_1	1623510956332	1623510956562	OK	 
REQUEST		request_8	1623510956384	1623510956612	OK	 
REQUEST		request_8	1623510956506	1623510956728	OK	 
REQUEST		request_6	1623510955918	1623510956754	OK	 
REQUEST		request_3	1623510955917	1623510956755	OK	 
REQUEST		request_2	1623510955917	1623510956759	OK	 
REQUEST		request_5	1623510955918	1623510956759	OK	 
REQUEST		request_4	1623510955917	1623510956760	OK	 
REQUEST		request_7	1623510956562	1623510956782	OK	 
REQUEST		request_9	1623510956612	1623510956853	OK	 
REQUEST		request_2	1623510956030	1623510956855	OK	 
REQUEST		request_4	1623510956031	1623510956869	OK	 
REQUEST		request_5	1623510956031	1623510956869	OK	 
REQUEST		request_6	1623510956031	1623510956885	OK	 
REQUEST		request_3	1623510956031	1623510956941	OK	 
REQUEST		request_9	1623510956728	1623510956974	OK	 
REQUEST		request_10	1623510956755	1623510956975	OK	 
REQUEST		request_11	1623510956756	1623510956976	OK	 
REQUEST		request_12	1623510956759	1623510956977	OK	 
REQUEST		request_14	1623510956760	1623510956992	OK	 
REQUEST		request_13	1623510956760	1623510956992	OK	 
REQUEST		request_8	1623510956783	1623510957024	OK	 
REQUEST		request_10	1623510956855	1623510957101	OK	 
REQUEST		request_11	1623510956869	1623510957104	OK	 
REQUEST		request_12	1623510956870	1623510957105	OK	 
REQUEST		request_13	1623510956885	1623510957119	OK	 
REQUEST		request_5	1623510956334	1623510957166	OK	 
REQUEST		request_4	1623510956334	1623510957167	OK	 
REQUEST		request_6	1623510956334	1623510957173	OK	 
REQUEST		request_14	1623510956941	1623510957179	OK	 
REQUEST		request_3	1623510956333	1623510957184	OK	 
REQUEST		request_2	1623510956333	1623510957202	OK	 
REQUEST		request_15	1623510956854	1623510957288	OK	 
REQUEST		request_9	1623510957024	1623510957289	OK	 
USER	PetStoreSimulation	END	1623510957291
USER	PetStoreSimulation	START	1623510957291
REQUEST		request_15	1623510956974	1623510957416	OK	 
USER	PetStoreSimulation	END	1623510957419
USER	PetStoreSimulation	START	1623510957420
REQUEST		request_11	1623510957167	1623510957424	OK	 
REQUEST		request_10	1623510957166	1623510957424	OK	 
REQUEST		request_13	1623510957184	1623510957425	OK	 
REQUEST		request_12	1623510957173	1623510957425	OK	 
REQUEST		request_14	1623510957202	1623510957440	OK	 
REQUEST		request_15	1623510957289	1623510957658	OK	 
USER	PetStoreSimulation	END	1623510957660
USER	PetStoreSimulation	START	1623510957661
REQUEST		request_0	1623510957291	1623510958176	OK	 
REQUEST		request_0	1623510957420	1623510958276	OK	 
REQUEST		request_1	1623510958177	1623510958411	OK	 
REQUEST		request_0	1623510957661	1623510958510	OK	 
REQUEST		request_1	1623510958277	1623510958513	OK	 
REQUEST		request_7	1623510958411	1623510958644	OK	 
REQUEST		request_1	1623510958511	1623510958754	OK	 
REQUEST		request_7	1623510958513	1623510958754	OK	 
REQUEST		request_8	1623510958644	1623510958880	OK	 
REQUEST		request_4	1623510958179	1623510959023	OK	 
REQUEST		request_3	1623510958178	1623510959024	OK	 
REQUEST		request_5	1623510958179	1623510959029	OK	 
REQUEST		request_6	1623510958179	1623510959071	OK	 
REQUEST		request_8	1623510958755	1623510959095	OK	 
REQUEST		request_7	1623510958755	1623510959095	OK	 
REQUEST		request_2	1623510958178	1623510959096	OK	 
REQUEST		request_9	1623510958880	1623510959100	OK	 
REQUEST		request_2	1623510958278	1623510959117	OK	 
REQUEST		request_4	1623510958278	1623510959207	OK	 
REQUEST		request_5	1623510958279	1623510959210	OK	 
REQUEST		request_3	1623510958278	1623510959214	OK	 
REQUEST		request_6	1623510958279	1623510959215	OK	 
REQUEST		request_10	1623510959023	1623510959246	OK	 
REQUEST		request_11	1623510959024	1623510959246	OK	 
REQUEST		request_12	1623510959030	1623510959251	OK	 
REQUEST		request_13	1623510959071	1623510959304	OK	 
REQUEST		request_8	1623510959095	1623510959327	OK	 
REQUEST		request_9	1623510959095	1623510959327	OK	 
REQUEST		request_14	1623510959096	1623510959334	OK	 
REQUEST		request_10	1623510959117	1623510959339	OK	 
REQUEST		request_3	1623510958512	1623510959379	OK	 
REQUEST		request_2	1623510958511	1623510959382	OK	 
REQUEST		request_4	1623510958512	1623510959395	OK	 
REQUEST		request_6	1623510958513	1623510959396	OK	 
REQUEST		request_5	1623510958513	1623510959404	OK	 
REQUEST		request_11	1623510959208	1623510959443	OK	 
REQUEST		request_12	1623510959210	1623510959445	OK	 
REQUEST		request_13	1623510959214	1623510959445	OK	 
REQUEST		request_14	1623510959215	1623510959446	OK	 
REQUEST		request_15	1623510959101	1623510959514	OK	 
USER	PetStoreSimulation	END	1623510959517
USER	PetStoreSimulation	START	1623510959517
REQUEST		request_9	1623510959327	1623510959562	OK	 
REQUEST		request_10	1623510959379	1623510959599	OK	 
REQUEST		request_11	1623510959382	1623510959604	OK	 
REQUEST		request_12	1623510959396	1623510959634	OK	 
REQUEST		request_13	1623510959396	1623510959634	OK	 
REQUEST		request_14	1623510959405	1623510959640	OK	 
REQUEST		request_15	1623510959327	1623510959716	OK	 
USER	PetStoreSimulation	END	1623510959720
USER	PetStoreSimulation	START	1623510959721
REQUEST		request_15	1623510959562	1623510959943	OK	 
USER	PetStoreSimulation	END	1623510959945
USER	PetStoreSimulation	START	1623510959945
REQUEST		request_0	1623510959945	1623510960813	OK	 
REQUEST		request_1	1623510960814	1623510961045	OK	 
REQUEST		request_7	1623510961045	1623510961278	OK	 
REQUEST		request_8	1623510961279	1623510961513	OK	 
REQUEST		request_6	1623510960816	1623510961657	OK	 
REQUEST		request_5	1623510960815	1623510961732	OK	 
REQUEST		request_4	1623510960815	1623510961733	OK	 
REQUEST		request_3	1623510960815	1623510961734	OK	 
REQUEST		request_2	1623510960814	1623510961735	OK	 
REQUEST		request_9	1623510961513	1623510961742	OK	 
REQUEST		request_10	1623510961657	1623510961891	OK	 
REQUEST		request_11	1623510961733	1623510961970	OK	 
REQUEST		request_14	1623510961735	1623510961970	OK	 
REQUEST		request_13	1623510961735	1623510961970	OK	 
REQUEST		request_12	1623510961734	1623510961970	OK	 
REQUEST		request_15	1623510961742	1623510962128	OK	 
USER	PetStoreSimulation	END	1623510962130
USER	PetStoreSimulation	START	1623510962130
REQUEST		request_0	1623510962130	1623510963025	OK	 
REQUEST		request_1	1623510963025	1623510963271	OK	 
REQUEST		request_7	1623510963271	1623510963513	OK	 
REQUEST		request_8	1623510963514	1623510963741	OK	 
REQUEST		request_3	1623510963026	1623510963872	OK	 
REQUEST		request_4	1623510963026	1623510963874	OK	 
REQUEST		request_6	1623510963027	1623510963875	OK	 
REQUEST		request_2	1623510963026	1623510963881	OK	 
REQUEST		request_5	1623510963027	1623510963885	OK	 
REQUEST		request_9	1623510963741	1623510963979	OK	 
REQUEST		request_10	1623510963872	1623510964121	OK	 
REQUEST		request_12	1623510963875	1623510964136	OK	 
REQUEST		request_11	1623510963874	1623510964136	OK	 
REQUEST		request_13	1623510963881	1623510964137	OK	 
REQUEST		request_14	1623510963885	1623510964140	OK	 
REQUEST		request_15	1623510963979	1623510964386	OK	 
USER	PetStoreSimulation	END	1623510964388
USER	PetStoreSimulation	START	1623510964388
REQUEST		request_0	1623510964388	1623510965239	OK	 
REQUEST		request_1	1623510965240	1623510965473	OK	 
REQUEST		request_7	1623510965473	1623510965708	OK	 
REQUEST		request_8	1623510965708	1623510965931	OK	 
REQUEST		request_4	1623510965241	1623510966077	OK	 
REQUEST		request_3	1623510965241	1623510966078	OK	 
REQUEST		request_5	1623510965241	1623510966078	OK	 
REQUEST		request_6	1623510965241	1623510966098	OK	 
REQUEST		request_2	1623510965240	1623510966106	OK	 
REQUEST		request_9	1623510965932	1623510966152	OK	 
REQUEST		request_10	1623510966078	1623510966300	OK	 
REQUEST		request_11	1623510966078	1623510966301	OK	 
REQUEST		request_12	1623510966078	1623510966303	OK	 
REQUEST		request_13	1623510966099	1623510966335	OK	 
REQUEST		request_14	1623510966107	1623510966340	OK	 
REQUEST		request_15	1623510966152	1623510966643	OK	 
USER	PetStoreSimulation	END	1623510966645
USER	PetStoreSimulation	START	1623510966645
REQUEST		request_0	1623510966645	1623510967503	OK	 
REQUEST		request_1	1623510967503	1623510967727	OK	 
REQUEST		request_7	1623510967727	1623510967982	OK	 
REQUEST		request_8	1623510967982	1623510968202	OK	 
REQUEST		request_2	1623510967504	1623510968335	OK	 
REQUEST		request_5	1623510967505	1623510968340	OK	 
REQUEST		request_4	1623510967504	1623510968341	OK	 
REQUEST		request_6	1623510967505	1623510968342	OK	 
REQUEST		request_3	1623510967504	1623510968344	OK	 
REQUEST		request_9	1623510968202	1623510968434	OK	 
REQUEST		request_10	1623510968335	1623510968561	OK	 
REQUEST		request_11	1623510968340	1623510968562	OK	 
REQUEST		request_12	1623510968341	1623510968567	OK	 
REQUEST		request_13	1623510968342	1623510968567	OK	 
REQUEST		request_14	1623510968344	1623510968567	OK	 
REQUEST		request_15	1623510968435	1623510968814	OK	 
USER	PetStoreSimulation	END	1623510968816
USER	PetStoreSimulation	START	1623510968816
REQUEST		request_0	1623510959517	1623510969521	KO	i.n.c.ConnectTimeoutException: connection timed out: petstore.octoperf.com/49.12.128.248:443
USER	PetStoreSimulation	END	1623510969532
USER	PetStoreSimulation	START	1623510969532
REQUEST		request_0	1623510968816	1623510969676	OK	 
REQUEST		request_0	1623510959721	1623510969723	KO	i.n.c.ConnectTimeoutException: connection timed out: petstore.octoperf.com/49.12.128.248:443
USER	PetStoreSimulation	END	1623510969723
USER	PetStoreSimulation	START	1623510969724
REQUEST		request_1	1623510969680	1623510969915	OK	 
REQUEST		request_7	1623510969916	1623510970148	OK	 
REQUEST		request_8	1623510970149	1623510970385	OK	 
REQUEST		request_0	1623510969532	1623510970416	OK	 
REQUEST		request_3	1623510969682	1623510970525	OK	 
REQUEST		request_5	1623510969684	1623510970525	OK	 
REQUEST		request_4	1623510969683	1623510970529	OK	 
REQUEST		request_2	1623510969681	1623510970532	OK	 
REQUEST		request_9	1623510970386	1623510970616	OK	 
REQUEST		request_6	1623510969685	1623510970621	OK	 
REQUEST		request_0	1623510969724	1623510970627	OK	 
REQUEST		request_1	1623510970417	1623510970647	OK	 
REQUEST		request_10	1623510970525	1623510970745	OK	 
REQUEST		request_11	1623510970526	1623510970750	OK	 
REQUEST		request_12	1623510970529	1623510970756	OK	 
REQUEST		request_13	1623510970532	1623510970759	OK	 
REQUEST		request_14	1623510970616	1623510970843	OK	 
REQUEST		request_7	1623510970648	1623510970868	OK	 
REQUEST		request_1	1623510970628	1623510970886	OK	 
REQUEST		request_15	1623510970621	1623510971007	OK	 
USER	PetStoreSimulation	END	1623510971015
USER	PetStoreSimulation	START	1623510971016
REQUEST		request_8	1623510970868	1623510971101	OK	 
REQUEST		request_7	1623510970886	1623510971150	OK	 
REQUEST		request_5	1623510970418	1623510971260	OK	 
REQUEST		request_4	1623510970418	1623510971260	OK	 
REQUEST		request_6	1623510970418	1623510971273	OK	 
REQUEST		request_2	1623510970417	1623510971309	OK	 
REQUEST		request_3	1623510970417	1623510971317	OK	 
REQUEST		request_9	1623510971101	1623510971338	OK	 
REQUEST		request_8	1623510971151	1623510971383	OK	 
REQUEST		request_5	1623510970629	1623510971448	OK	 
REQUEST		request_4	1623510970629	1623510971475	OK	 
REQUEST		request_6	1623510970629	1623510971476	OK	 
REQUEST		request_10	1623510971260	1623510971502	OK	 
REQUEST		request_11	1623510971260	1623510971505	OK	 
REQUEST		request_12	1623510971273	1623510971505	OK	 
REQUEST		request_2	1623510970628	1623510971523	OK	 
REQUEST		request_3	1623510970629	1623510971523	OK	 
REQUEST		request_13	1623510971309	1623510971545	OK	 
REQUEST		request_14	1623510971317	1623510971575	OK	 
REQUEST		request_9	1623510971383	1623510971621	OK	 
REQUEST		request_10	1623510971449	1623510971681	OK	 
REQUEST		request_11	1623510971476	1623510971694	OK	 
REQUEST		request_12	1623510971476	1623510971696	OK	 
REQUEST		request_15	1623510971338	1623510971745	OK	 
REQUEST		request_13	1623510971523	1623510971745	OK	 
USER	PetStoreSimulation	END	1623510971747
USER	PetStoreSimulation	START	1623510971748
REQUEST		request_14	1623510971523	1623510971775	OK	 
REQUEST		request_0	1623510971016	1623510971847	OK	 
REQUEST		request_15	1623510971621	1623510972035	OK	 
USER	PetStoreSimulation	END	1623510972036
USER	PetStoreSimulation	START	1623510972037
REQUEST		request_1	1623510971848	1623510972076	OK	 
REQUEST		request_7	1623510972076	1623510972320	OK	 
REQUEST		request_8	1623510972320	1623510972544	OK	 
REQUEST		request_0	1623510971748	1623510972602	OK	 
REQUEST		request_5	1623510971849	1623510972676	OK	 
REQUEST		request_3	1623510971848	1623510972679	OK	 
REQUEST		request_6	1623510971849	1623510972683	OK	 
REQUEST		request_4	1623510971849	1623510972685	OK	 
REQUEST		request_2	1623510971848	1623510972696	OK	 
REQUEST		request_9	1623510972544	1623510972780	OK	 
REQUEST		request_1	1623510972604	1623510972844	OK	 
REQUEST		request_10	1623510972676	1623510972910	OK	 
REQUEST		request_11	1623510972679	1623510972911	OK	 
REQUEST		request_12	1623510972684	1623510972911	OK	 
REQUEST		request_13	1623510972685	1623510972914	OK	 
REQUEST		request_0	1623510972037	1623510972922	OK	 
REQUEST		request_14	1623510972696	1623510972928	OK	 
REQUEST		request_7	1623510972844	1623510973116	OK	 
REQUEST		request_1	1623510972923	1623510973152	OK	 
REQUEST		request_15	1623510972780	1623510973214	OK	 
USER	PetStoreSimulation	END	1623510973216
USER	PetStoreSimulation	START	1623510973216
REQUEST		request_8	1623510973116	1623510973357	OK	 
REQUEST		request_7	1623510973153	1623510973394	OK	 
REQUEST		request_4	1623510972606	1623510973456	OK	 
REQUEST		request_6	1623510972607	1623510973460	OK	 
REQUEST		request_2	1623510972604	1623510973463	OK	 
REQUEST		request_5	1623510972606	1623510973464	OK	 
REQUEST		request_3	1623510972605	1623510973471	OK	 
REQUEST		request_9	1623510973357	1623510973607	OK	 
REQUEST		request_8	1623510973394	1623510973630	OK	 
REQUEST		request_10	1623510973456	1623510973680	OK	 
REQUEST		request_11	1623510973460	1623510973682	OK	 
REQUEST		request_12	1623510973464	1623510973685	OK	 
REQUEST		request_13	1623510973464	1623510973685	OK	 
REQUEST		request_14	1623510973471	1623510973689	OK	 
REQUEST		request_3	1623510972924	1623510973765	OK	 
REQUEST		request_4	1623510972926	1623510973770	OK	 
REQUEST		request_5	1623510972926	1623510973777	OK	 
REQUEST		request_2	1623510972923	1623510973778	OK	 
REQUEST		request_6	1623510972926	1623510973782	OK	 
REQUEST		request_9	1623510973630	1623510973856	OK	 
REQUEST		request_15	1623510973607	1623510974045	OK	 
REQUEST		request_10	1623510973766	1623510974046	OK	 
REQUEST		request_13	1623510973778	1623510974046	OK	 
REQUEST		request_11	1623510973770	1623510974046	OK	 
REQUEST		request_12	1623510973777	1623510974046	OK	 
USER	PetStoreSimulation	END	1623510974047
USER	PetStoreSimulation	START	1623510974047
REQUEST		request_14	1623510973782	1623510974080	OK	 
REQUEST		request_0	1623510973217	1623510974081	OK	 
REQUEST		request_15	1623510973856	1623510974320	OK	 
USER	PetStoreSimulation	END	1623510974326
USER	PetStoreSimulation	START	1623510974327
REQUEST		request_1	1623510974082	1623510974395	OK	 
REQUEST		request_7	1623510974395	1623510974632	OK	 
REQUEST		request_8	1623510974632	1623510974862	OK	 
REQUEST		request_6	1623510974083	1623510974931	OK	 
REQUEST		request_5	1623510974083	1623510974931	OK	 
REQUEST		request_2	1623510974082	1623510974932	OK	 
REQUEST		request_0	1623510974047	1623510974932	OK	 
REQUEST		request_4	1623510974082	1623510974933	OK	 
REQUEST		request_3	1623510974082	1623510974935	OK	 
REQUEST		request_9	1623510974862	1623510975091	OK	 
REQUEST		request_0	1623510974328	1623510975157	OK	 
REQUEST		request_10	1623510974931	1623510975162	OK	 
REQUEST		request_11	1623510974931	1623510975165	OK	 
REQUEST		request_12	1623510974932	1623510975166	OK	 
REQUEST		request_13	1623510974933	1623510975166	OK	 
REQUEST		request_1	1623510974933	1623510975166	OK	 
REQUEST		request_14	1623510974935	1623510975169	OK	 
REQUEST		request_1	1623510975158	1623510975382	OK	 
REQUEST		request_7	1623510975166	1623510975391	OK	 
REQUEST		request_15	1623510975092	1623510975516	OK	 
USER	PetStoreSimulation	END	1623510975518
USER	PetStoreSimulation	START	1623510975519
REQUEST		request_7	1623510975382	1623510975602	OK	 
REQUEST		request_8	1623510975391	1623510975614	OK	 
REQUEST		request_5	1623510974934	1623510975806	OK	 
REQUEST		request_6	1623510974934	1623510975809	OK	 
REQUEST		request_3	1623510974934	1623510975810	OK	 
REQUEST		request_4	1623510974934	1623510975815	OK	 
REQUEST		request_9	1623510975614	1623510975831	OK	 
REQUEST		request_8	1623510975602	1623510975831	OK	 
REQUEST		request_2	1623510974933	1623510975870	OK	 
REQUEST		request_5	1623510975159	1623510975979	OK	 
REQUEST		request_6	1623510975159	1623510975992	OK	 
REQUEST		request_2	1623510975158	1623510975995	OK	 
REQUEST		request_10	1623510975807	1623510976030	OK	 
REQUEST		request_11	1623510975809	1623510976032	OK	 
REQUEST		request_12	1623510975810	1623510976032	OK	 
REQUEST		request_13	1623510975815	1623510976035	OK	 
REQUEST		request_4	1623510975159	1623510976051	OK	 
REQUEST		request_9	1623510975831	1623510976060	OK	 
REQUEST		request_14	1623510975831	1623510976063	OK	 
REQUEST		request_3	1623510975159	1623510976081	OK	 
REQUEST		request_10	1623510975980	1623510976211	OK	 
REQUEST		request_11	1623510975992	1623510976212	OK	 
REQUEST		request_12	1623510975995	1623510976221	OK	 
REQUEST		request_15	1623510975870	1623510976264	OK	 
USER	PetStoreSimulation	END	1623510976265
USER	PetStoreSimulation	START	1623510976266
REQUEST		request_13	1623510976051	1623510976284	OK	 
REQUEST		request_14	1623510976060	1623510976285	OK	 
REQUEST		request_0	1623510975519	1623510976363	OK	 
REQUEST		request_15	1623510976081	1623510976494	OK	 
USER	PetStoreSimulation	END	1623510976496
USER	PetStoreSimulation	START	1623510976496
REQUEST		request_1	1623510976363	1623510976591	OK	 
REQUEST		request_7	1623510976591	1623510976816	OK	 
REQUEST		request_8	1623510976816	1623510977044	OK	 
REQUEST		request_0	1623510976266	1623510977098	OK	 
REQUEST		request_5	1623510976365	1623510977175	OK	 
REQUEST		request_2	1623510976364	1623510977182	OK	 
REQUEST		request_3	1623510976364	1623510977194	OK	 
REQUEST		request_6	1623510976365	1623510977197	OK	 
REQUEST		request_4	1623510976364	1623510977198	OK	 
REQUEST		request_9	1623510977045	1623510977273	OK	 
REQUEST		request_1	1623510977100	1623510977335	OK	 
REQUEST		request_0	1623510976496	1623510977356	OK	 
REQUEST		request_10	1623510977175	1623510977401	OK	 
REQUEST		request_11	1623510977182	1623510977401	OK	 
REQUEST		request_12	1623510977195	1623510977433	OK	 
REQUEST		request_13	1623510977197	1623510977433	OK	 
REQUEST		request_14	1623510977198	1623510977435	OK	 
REQUEST		request_7	1623510977336	1623510977570	OK	 
REQUEST		request_1	1623510977359	1623510977583	OK	 
REQUEST		request_15	1623510977274	1623510977654	OK	 
USER	PetStoreSimulation	END	1623510977656
USER	PetStoreSimulation	START	1623510977656
REQUEST		request_8	1623510977570	1623510977790	OK	 
REQUEST		request_7	1623510977583	1623510977804	OK	 
REQUEST		request_4	1623510977103	1623510977937	OK	 
REQUEST		request_2	1623510977101	1623510977937	OK	 
REQUEST		request_3	1623510977102	1623510977940	OK	 
REQUEST		request_5	1623510977104	1623510977940	OK	 
REQUEST		request_6	1623510977104	1623510978032	OK	 
REQUEST		request_9	1623510977791	1623510978032	OK	 
REQUEST		request_8	1623510977805	1623510978046	OK	 
REQUEST		request_10	1623510977937	1623510978151	OK	 
REQUEST		request_11	1623510977937	1623510978155	OK	 
REQUEST		request_12	1623510977940	1623510978157	OK	 
REQUEST		request_13	1623510977940	1623510978162	OK	 
REQUEST		request_4	1623510977362	1623510978201	OK	 
REQUEST		request_5	1623510977363	1623510978205	OK	 
REQUEST		request_6	1623510977363	1623510978206	OK	 
REQUEST		request_2	1623510977360	1623510978226	OK	 
REQUEST		request_3	1623510977361	1623510978229	OK	 
REQUEST		request_14	1623510978032	1623510978259	OK	 
REQUEST		request_9	1623510978047	1623510978280	OK	 
REQUEST		request_15	1623510978032	1623510978399	OK	 
USER	PetStoreSimulation	END	1623510978400
USER	PetStoreSimulation	START	1623510978401
REQUEST		request_10	1623510978202	1623510978466	OK	 
REQUEST		request_13	1623510978227	1623510978467	OK	 
REQUEST		request_14	1623510978229	1623510978467	OK	 
REQUEST		request_11	1623510978205	1623510978467	OK	 
REQUEST		request_12	1623510978206	1623510978467	OK	 
REQUEST		request_0	1623510977656	1623510978545	OK	 
REQUEST		request_15	1623510978280	1623510978673	OK	 
USER	PetStoreSimulation	END	1623510978678
USER	PetStoreSimulation	START	1623510978679
REQUEST		request_1	1623510978546	1623510978767	OK	 
REQUEST		request_7	1623510978767	1623510979001	OK	 
REQUEST		request_8	1623510979001	1623510979231	OK	 
REQUEST		request_0	1623510978401	1623510979232	OK	 
REQUEST		request_5	1623510978547	1623510979381	OK	 
REQUEST		request_6	1623510978547	1623510979382	OK	 
REQUEST		request_4	1623510978547	1623510979384	OK	 
REQUEST		request_2	1623510978546	1623510979385	OK	 
REQUEST		request_3	1623510978547	1623510979406	OK	 
REQUEST		request_9	1623510979231	1623510979491	OK	 
REQUEST		request_1	1623510979233	1623510979498	OK	 
REQUEST		request_0	1623510978679	1623510979532	OK	 
REQUEST		request_10	1623510979381	1623510979611	OK	 
REQUEST		request_11	1623510979382	1623510979612	OK	 
REQUEST		request_12	1623510979385	1623510979612	OK	 
REQUEST		request_13	1623510979385	1623510979612	OK	 
REQUEST		request_14	1623510979407	1623510979631	OK	 
REQUEST		request_7	1623510979498	1623510979737	OK	 
REQUEST		request_1	1623510979533	1623510979805	OK	 
REQUEST		request_15	1623510979491	1623510979888	OK	 
USER	PetStoreSimulation	END	1623510979889
USER	PetStoreSimulation	START	1623510979889
REQUEST		request_8	1623510979737	1623510979975	OK	 
REQUEST		request_7	1623510979806	1623510980034	OK	 
REQUEST		request_2	1623510979233	1623510980118	OK	 
REQUEST		request_4	1623510979234	1623510980119	OK	 
REQUEST		request_3	1623510979233	1623510980125	OK	 
REQUEST		request_5	1623510979234	1623510980139	OK	 
REQUEST		request_6	1623510979234	1623510980187	OK	 
REQUEST		request_9	1623510979975	1623510980196	OK	 
REQUEST		request_8	1623510980034	1623510980264	OK	 
REQUEST		request_10	1623510980118	1623510980343	OK	 
REQUEST		request_11	1623510980119	1623510980343	OK	 
REQUEST		request_12	1623510980125	1623510980355	OK	 
REQUEST		request_2	1623510979534	1623510980355	OK	 
REQUEST		request_13	1623510980140	1623510980356	OK	 
REQUEST		request_3	1623510979534	1623510980371	OK	 
REQUEST		request_4	1623510979534	1623510980374	OK	 
REQUEST		request_5	1623510979534	1623510980415	OK	 
REQUEST		request_6	1623510979535	1623510980421	OK	 
REQUEST		request_14	1623510980187	1623510980426	OK	 
REQUEST		request_9	1623510980264	1623510980493	OK	 
REQUEST		request_15	1623510980196	1623510980595	OK	 
REQUEST		request_10	1623510980355	1623510980596	OK	 
USER	PetStoreSimulation	END	1623510980598
USER	PetStoreSimulation	START	1623510980598
REQUEST		request_11	1623510980371	1623510980636	OK	 
REQUEST		request_12	1623510980374	1623510980637	OK	 
REQUEST		request_13	1623510980415	1623510980665	OK	 
REQUEST		request_14	1623510980421	1623510980666	OK	 
REQUEST		request_0	1623510979889	1623510980705	OK	 
REQUEST		request_15	1623510980493	1623510980894	OK	 
USER	PetStoreSimulation	END	1623510980899
USER	PetStoreSimulation	START	1623510980900
REQUEST		request_1	1623510980705	1623510980945	OK	 
REQUEST		request_7	1623510980946	1623510981168	OK	 
REQUEST		request_8	1623510981168	1623510981395	OK	 
REQUEST		request_0	1623510980598	1623510981441	OK	 
REQUEST		request_6	1623510980706	1623510981532	OK	 
REQUEST		request_3	1623510980705	1623510981535	OK	 
REQUEST		request_4	1623510980706	1623510981541	OK	 
REQUEST		request_5	1623510980706	1623510981551	OK	 
REQUEST		request_2	1623510980705	1623510981560	OK	 
REQUEST		request_9	1623510981395	1623510981618	OK	 
REQUEST		request_1	1623510981442	1623510981679	OK	 
REQUEST		request_10	1623510981532	1623510981752	OK	 
REQUEST		request_0	1623510980900	1623510981752	OK	 
REQUEST		request_11	1623510981536	1623510981761	OK	 
REQUEST		request_12	1623510981541	1623510981762	OK	 
REQUEST		request_13	1623510981551	1623510981770	OK	 
REQUEST		request_14	1623510981561	1623510981791	OK	 
REQUEST		request_7	1623510981680	1623510981956	OK	 
REQUEST		request_1	1623510981753	1623510981984	OK	 
REQUEST		request_15	1623510981618	1623510982022	OK	 
USER	PetStoreSimulation	END	1623510982024
USER	PetStoreSimulation	START	1623510982024
REQUEST		request_8	1623510981956	1623510982178	OK	 
REQUEST		request_7	1623510981984	1623510982225	OK	 
REQUEST		request_2	1623510981442	1623510982264	OK	 
REQUEST		request_3	1623510981442	1623510982295	OK	 
REQUEST		request_6	1623510981443	1623510982310	OK	 
REQUEST		request_4	1623510981443	1623510982310	OK	 
REQUEST		request_5	1623510981443	1623510982324	OK	 
REQUEST		request_9	1623510982179	1623510982413	OK	 
REQUEST		request_8	1623510982225	1623510982452	OK	 
REQUEST		request_10	1623510982265	1623510982479	OK	 
REQUEST		request_11	1623510982295	1623510982532	OK	 
REQUEST		request_12	1623510982310	1623510982532	OK	 
REQUEST		request_13	1623510982311	1623510982533	OK	 
REQUEST		request_14	1623510982324	1623510982554	OK	 
REQUEST		request_3	1623510981754	1623510982605	OK	 
REQUEST		request_4	1623510981754	1623510982610	OK	 
REQUEST		request_5	1623510981754	1623510982610	OK	 
REQUEST		request_6	1623510981754	1623510982610	OK	 
REQUEST		request_2	1623510981753	1623510982626	OK	 
REQUEST		request_9	1623510982453	1623510982681	OK	 
REQUEST		request_15	1623510982413	1623510982803	OK	 
USER	PetStoreSimulation	END	1623510982804
USER	PetStoreSimulation	START	1623510982804
REQUEST		request_10	1623510982605	1623510982856	OK	 
REQUEST		request_11	1623510982610	1623510982856	OK	 
REQUEST		request_13	1623510982611	1623510982864	OK	 
REQUEST		request_14	1623510982626	1623510982865	OK	 
REQUEST		request_12	1623510982610	1623510982865	OK	 
REQUEST		request_0	1623510982024	1623510982871	OK	 
REQUEST		request_15	1623510982681	1623510983069	OK	 
USER	PetStoreSimulation	END	1623510983073
USER	PetStoreSimulation	START	1623510983074
REQUEST		request_1	1623510982871	1623510983095	OK	 
REQUEST		request_7	1623510983096	1623510983344	OK	 
REQUEST		request_8	1623510983344	1623510983558	OK	 
REQUEST		request_0	1623510982805	1623510983627	OK	 
REQUEST		request_6	1623510982872	1623510983686	OK	 
REQUEST		request_4	1623510982872	1623510983686	OK	 
REQUEST		request_3	1623510982871	1623510983689	OK	 
REQUEST		request_5	1623510982872	1623510983690	OK	 
REQUEST		request_2	1623510982871	1623510983706	OK	 
REQUEST		request_9	1623510983558	1623510983776	OK	 
REQUEST		request_1	1623510983627	1623510983851	OK	 
REQUEST		request_0	1623510983074	1623510983910	OK	 
REQUEST		request_10	1623510983686	1623510983919	OK	 
REQUEST		request_11	1623510983686	1623510983920	OK	 
REQUEST		request_12	1623510983689	1623510983920	OK	 
REQUEST		request_13	1623510983690	1623510983922	OK	 
REQUEST		request_14	1623510983706	1623510983939	OK	 
REQUEST		request_7	1623510983851	1623510984079	OK	 
REQUEST		request_1	1623510983911	1623510984144	OK	 
REQUEST		request_15	1623510983776	1623510984196	OK	 
USER	PetStoreSimulation	END	1623510984198
USER	PetStoreSimulation	START	1623510984199
REQUEST		request_8	1623510984079	1623510984302	OK	 
REQUEST		request_7	1623510984145	1623510984381	OK	 
REQUEST		request_2	1623510983628	1623510984464	OK	 
REQUEST		request_3	1623510983628	1623510984464	OK	 
REQUEST		request_5	1623510983628	1623510984491	OK	 
REQUEST		request_4	1623510983628	1623510984500	OK	 
REQUEST		request_6	1623510983629	1623510984515	OK	 
REQUEST		request_9	1623510984302	1623510984548	OK	 
REQUEST		request_8	1623510984382	1623510984636	OK	 
REQUEST		request_10	1623510984464	1623510984690	OK	 
REQUEST		request_11	1623510984465	1623510984691	OK	 
REQUEST		request_12	1623510984491	1623510984765	OK	 
REQUEST		request_13	1623510984500	1623510984765	OK	 
REQUEST		request_14	1623510984516	1623510984771	OK	 
REQUEST		request_2	1623510983911	1623510984775	OK	 
REQUEST		request_4	1623510983912	1623510984780	OK	 
REQUEST		request_6	1623510983912	1623510984781	OK	 
REQUEST		request_5	1623510983912	1623510984805	OK	 
REQUEST		request_3	1623510983911	1623510984805	OK	 
REQUEST		request_9	1623510984636	1623510984871	OK	 
REQUEST		request_15	1623510984548	1623510984917	OK	 
USER	PetStoreSimulation	END	1623510984919
USER	PetStoreSimulation	START	1623510984919
REQUEST		request_10	1623510984775	1623510985009	OK	 
REQUEST		request_11	1623510984780	1623510985011	OK	 
REQUEST		request_12	1623510984781	1623510985011	OK	 
REQUEST		request_13	1623510984805	1623510985015	OK	 
REQUEST		request_14	1623510984805	1623510985015	OK	 
REQUEST		request_0	1623510984199	1623510985030	OK	 
REQUEST		request_15	1623510984871	1623510985265	OK	 
USER	PetStoreSimulation	END	1623510985266
USER	PetStoreSimulation	START	1623510985267
REQUEST		request_1	1623510985031	1623510985267	OK	 
REQUEST		request_7	1623510985268	1623510985489	OK	 
REQUEST		request_8	1623510985489	1623510985710	OK	 
REQUEST		request_0	1623510984919	1623510985772	OK	 
REQUEST		request_2	1623510985031	1623510985845	OK	 
REQUEST		request_5	1623510985032	1623510985885	OK	 
REQUEST		request_3	1623510985031	1623510985886	OK	 
REQUEST		request_6	1623510985032	1623510985886	OK	 
REQUEST		request_4	1623510985032	1623510985889	OK	 
REQUEST		request_9	1623510985710	1623510985936	OK	 
REQUEST		request_1	1623510985773	1623510986000	OK	 
REQUEST		request_10	1623510985846	1623510986071	OK	 
REQUEST		request_11	1623510985885	1623510986117	OK	 
REQUEST		request_12	1623510985886	1623510986120	OK	 
REQUEST		request_13	1623510985887	1623510986121	OK	 
REQUEST		request_14	1623510985889	1623510986121	OK	 
REQUEST		request_0	1623510985267	1623510986131	OK	 
REQUEST		request_7	1623510986000	1623510986256	OK	 
REQUEST		request_15	1623510985936	1623510986321	OK	 
USER	PetStoreSimulation	END	1623510986323
USER	PetStoreSimulation	START	1623510986323
REQUEST		request_1	1623510986131	1623510986376	OK	 
REQUEST		request_8	1623510986257	1623510986471	OK	 
REQUEST		request_3	1623510985773	1623510986601	OK	 
REQUEST		request_7	1623510986377	1623510986603	OK	 
REQUEST		request_2	1623510985773	1623510986611	OK	 
REQUEST		request_5	1623510985774	1623510986611	OK	 
REQUEST		request_4	1623510985774	1623510986614	OK	 
REQUEST		request_6	1623510985774	1623510986676	OK	 
REQUEST		request_9	1623510986472	1623510986706	OK	 
REQUEST		request_10	1623510986601	1623510986840	OK	 
REQUEST		request_11	1623510986611	1623510986841	OK	 
REQUEST		request_13	1623510986615	1623510986842	OK	 
REQUEST		request_8	1623510986604	1623510986844	OK	 
REQUEST		request_12	1623510986611	1623510986844	OK	 
REQUEST		request_14	1623510986676	1623510986913	OK	 
REQUEST		request_2	1623510986131	1623510987115	OK	 
REQUEST		request_3	1623510986132	1623510987115	OK	 
REQUEST		request_4	1623510986132	1623510987116	OK	 
REQUEST		request_6	1623510986133	1623510987117	OK	 
REQUEST		request_9	1623510986844	1623510987117	OK	 
REQUEST		request_5	1623510986132	1623510987118	OK	 
REQUEST		request_15	1623510986706	1623510987199	OK	 
REQUEST		request_0	1623510986324	1623510987200	OK	 
USER	PetStoreSimulation	END	1623510987202
USER	PetStoreSimulation	START	1623510987205
REQUEST		request_10	1623510987115	1623510987340	OK	 
REQUEST		request_13	1623510987117	1623510987341	OK	 
REQUEST		request_11	1623510987115	1623510987344	OK	 
REQUEST		request_12	1623510987116	1623510987345	OK	 
REQUEST		request_14	1623510987117	1623510987360	OK	 
REQUEST		request_1	1623510987201	1623510987440	OK	 
REQUEST		request_15	1623510987118	1623510987575	OK	 
USER	PetStoreSimulation	END	1623510987577
USER	PetStoreSimulation	START	1623510987578
REQUEST		request_7	1623510987440	1623510987661	OK	 
REQUEST		request_8	1623510987661	1623510987882	OK	 
REQUEST		request_5	1623510987202	1623510988070	OK	 
REQUEST		request_6	1623510987203	1623510988071	OK	 
REQUEST		request_4	1623510987202	1623510988071	OK	 
REQUEST		request_2	1623510987201	1623510988076	OK	 
REQUEST		request_9	1623510987882	1623510988114	OK	 
REQUEST		request_3	1623510987202	1623510988126	OK	 
REQUEST		request_0	1623510987205	1623510988133	OK	 
REQUEST		request_10	1623510988070	1623510988301	OK	 
REQUEST		request_11	1623510988071	1623510988302	OK	 
REQUEST		request_12	1623510988072	1623510988302	OK	 
REQUEST		request_13	1623510988076	1623510988305	OK	 
REQUEST		request_14	1623510988114	1623510988343	OK	 
REQUEST		request_1	1623510988134	1623510988378	OK	 
REQUEST		request_0	1623510987578	1623510988494	OK	 
REQUEST		request_15	1623510988126	1623510988554	OK	 
USER	PetStoreSimulation	END	1623510988556
USER	PetStoreSimulation	START	1623510988556
REQUEST		request_7	1623510988379	1623510988620	OK	 
REQUEST		request_1	1623510988496	1623510988724	OK	 
REQUEST		request_8	1623510988620	1623510988862	OK	 
REQUEST		request_7	1623510988724	1623510988945	OK	 
REQUEST		request_6	1623510988135	1623510988997	OK	 
REQUEST		request_2	1623510988134	1623510989000	OK	 
REQUEST		request_3	1623510988134	1623510989016	OK	 
REQUEST		request_5	1623510988135	1623510989017	OK	 
REQUEST		request_4	1623510988135	1623510989024	OK	 
REQUEST		request_9	1623510988862	1623510989101	OK	 
REQUEST		request_8	1623510988945	1623510989176	OK	 
REQUEST		request_10	1623510988997	1623510989230	OK	 
REQUEST		request_11	1623510989000	1623510989231	OK	 
REQUEST		request_12	1623510989017	1623510989242	OK	 
REQUEST		request_13	1623510989017	1623510989243	OK	 
REQUEST		request_14	1623510989024	1623510989251	OK	 
REQUEST		request_2	1623510988497	1623510989317	OK	 
REQUEST		request_6	1623510988500	1623510989320	OK	 
REQUEST		request_5	1623510988499	1623510989335	OK	 
REQUEST		request_3	1623510988498	1623510989336	OK	 
REQUEST		request_4	1623510988499	1623510989341	OK	 
REQUEST		request_0	1623510988557	1623510989400	OK	 
REQUEST		request_9	1623510989176	1623510989402	OK	 
REQUEST		request_15	1623510989102	1623510989490	OK	 
USER	PetStoreSimulation	END	1623510989491
USER	PetStoreSimulation	START	1623510989492
REQUEST		request_10	1623510989317	1623510989577	OK	 
REQUEST		request_13	1623510989336	1623510989578	OK	 
REQUEST		request_14	1623510989341	1623510989578	OK	 
REQUEST		request_12	1623510989335	1623510989578	OK	 
REQUEST		request_11	1623510989321	1623510989578	OK	 
REQUEST		request_1	1623510989400	1623510989655	OK	 
REQUEST		request_15	1623510989402	1623510989800	OK	 
USER	PetStoreSimulation	END	1623510989802
USER	PetStoreSimulation	START	1623510989802
REQUEST		request_7	1623510989655	1623510989888	OK	 
REQUEST		request_8	1623510989888	1623510990126	OK	 
REQUEST		request_5	1623510989401	1623510990267	OK	 
REQUEST		request_6	1623510989401	1623510990267	OK	 
REQUEST		request_3	1623510989401	1623510990268	OK	 
REQUEST		request_4	1623510989401	1623510990276	OK	 
REQUEST		request_2	1623510989400	1623510990277	OK	 
REQUEST		request_0	1623510989492	1623510990345	OK	 
REQUEST		request_9	1623510990126	1623510990375	OK	 
REQUEST		request_10	1623510990267	1623510990500	OK	 
REQUEST		request_11	1623510990268	1623510990501	OK	 
REQUEST		request_12	1623510990268	1623510990501	OK	 
REQUEST		request_13	1623510990276	1623510990503	OK	 
REQUEST		request_14	1623510990277	1623510990504	OK	 
REQUEST		request_1	1623510990345	1623510990571	OK	 
REQUEST		request_0	1623510989802	1623510990651	OK	 
REQUEST		request_15	1623510990375	1623510990764	OK	 
USER	PetStoreSimulation	END	1623510990766
USER	PetStoreSimulation	START	1623510990767
REQUEST		request_7	1623510990572	1623510990814	OK	 
REQUEST		request_1	1623510990652	1623510990893	OK	 
REQUEST		request_8	1623510990814	1623510991025	OK	 
REQUEST		request_7	1623510990894	1623510991125	OK	 
REQUEST		request_4	1623510990347	1623510991202	OK	 
REQUEST		request_2	1623510990346	1623510991203	OK	 
REQUEST		request_5	1623510990347	1623510991204	OK	 
REQUEST		request_6	1623510990347	1623510991249	OK	 
REQUEST		request_3	1623510990347	1623510991254	OK	 
REQUEST		request_9	1623510991025	1623510991258	OK	 
REQUEST		request_8	1623510991126	1623510991362	OK	 
REQUEST		request_11	1623510991203	1623510991432	OK	 
REQUEST		request_10	1623510991202	1623510991432	OK	 
REQUEST		request_12	1623510991204	1623510991432	OK	 
REQUEST		request_14	1623510991254	1623510991501	OK	 
REQUEST		request_13	1623510991249	1623510991501	OK	 
REQUEST		request_4	1623510990653	1623510991535	OK	 
REQUEST		request_2	1623510990652	1623510991536	OK	 
REQUEST		request_6	1623510990653	1623510991541	OK	 
REQUEST		request_3	1623510990652	1623510991557	OK	 
REQUEST		request_5	1623510990653	1623510991561	OK	 
REQUEST		request_9	1623510991362	1623510991591	OK	 
REQUEST		request_15	1623510991258	1623510991644	OK	 
USER	PetStoreSimulation	END	1623510991646
USER	PetStoreSimulation	START	1623510991647
REQUEST		request_0	1623510990767	1623510991649	OK	 
REQUEST		request_10	1623510991535	1623510991780	OK	 
REQUEST		request_11	1623510991536	1623510991780	OK	 
REQUEST		request_12	1623510991541	1623510991784	OK	 
REQUEST		request_13	1623510991558	1623510991805	OK	 
REQUEST		request_14	1623510991561	1623510991805	OK	 
REQUEST		request_1	1623510991649	1623510991876	OK	 
REQUEST		request_15	1623510991591	1623510991972	OK	 
USER	PetStoreSimulation	END	1623510991974
USER	PetStoreSimulation	START	1623510991975
REQUEST		request_7	1623510991877	1623510992117	OK	 
REQUEST		request_8	1623510992117	1623510992345	OK	 
REQUEST		request_2	1623510991650	1623510992476	OK	 
REQUEST		request_3	1623510991650	1623510992490	OK	 
REQUEST		request_0	1623510991647	1623510992491	OK	 
REQUEST		request_5	1623510991651	1623510992500	OK	 
REQUEST		request_6	1623510991651	1623510992501	OK	 
REQUEST		request_4	1623510991651	1623510992505	OK	 
REQUEST		request_9	1623510992345	1623510992583	OK	 
REQUEST		request_10	1623510992476	1623510992710	OK	 
REQUEST		request_11	1623510992490	1623510992723	OK	 
REQUEST		request_1	1623510992491	1623510992723	OK	 
REQUEST		request_12	1623510992500	1623510992724	OK	 
REQUEST		request_13	1623510992501	1623510992740	OK	 
REQUEST		request_14	1623510992505	1623510992745	OK	 
REQUEST		request_0	1623510991975	1623510992874	OK	 
REQUEST		request_7	1623510992724	1623510992951	OK	 
REQUEST		request_15	1623510992584	1623510992995	OK	 
USER	PetStoreSimulation	END	1623510992996
USER	PetStoreSimulation	START	1623510992997
REQUEST		request_1	1623510992874	1623510993110	OK	 
REQUEST		request_8	1623510992951	1623510993172	OK	 
REQUEST		request_5	1623510992492	1623510993327	OK	 
REQUEST		request_3	1623510992492	1623510993329	OK	 
REQUEST		request_7	1623510993111	1623510993342	OK	 
REQUEST		request_9	1623510993172	1623510993463	OK	 
REQUEST		request_6	1623510992492	1623510993464	OK	 
REQUEST		request_2	1623510992491	1623510993464	OK	 
REQUEST		request_4	1623510992492	1623510993465	OK	 
REQUEST		request_11	1623510993330	1623510993589	OK	 
REQUEST		request_10	1623510993327	1623510993590	OK	 
REQUEST		request_8	1623510993342	1623510993599	OK	 
REQUEST		request_12	1623510993463	1623510993683	OK	 
REQUEST		request_13	1623510993464	1623510993692	OK	 
REQUEST		request_14	1623510993464	1623510993692	OK	 
REQUEST		request_4	1623510992876	1623510993735	OK	 
REQUEST		request_2	1623510992875	1623510993741	OK	 
REQUEST		request_3	1623510992875	1623510993741	OK	 
REQUEST		request_5	1623510992876	1623510993742	OK	 
REQUEST		request_9	1623510993599	1623510993826	OK	 
REQUEST		request_0	1623510992997	1623510993845	OK	 
REQUEST		request_6	1623510992876	1623510993846	OK	 
REQUEST		request_15	1623510993465	1623510993854	OK	 
USER	PetStoreSimulation	END	1623510993855
USER	PetStoreSimulation	START	1623510993856
REQUEST		request_10	1623510993735	1623510993971	OK	 
REQUEST		request_11	1623510993741	1623510993971	OK	 
REQUEST		request_12	1623510993741	1623510993971	OK	 
REQUEST		request_13	1623510993742	1623510993974	OK	 
REQUEST		request_14	1623510993826	1623510994060	OK	 
REQUEST		request_1	1623510993846	1623510994066	OK	 
REQUEST		request_15	1623510993846	1623510994236	OK	 
USER	PetStoreSimulation	END	1623510994238
USER	PetStoreSimulation	START	1623510994238
REQUEST		request_7	1623510994066	1623510994292	OK	 
REQUEST		request_8	1623510994292	1623510994511	OK	 
REQUEST		request_3	1623510993846	1623510994685	OK	 
REQUEST		request_0	1623510993856	1623510994687	OK	 
REQUEST		request_6	1623510993847	1623510994690	OK	 
REQUEST		request_4	1623510993847	1623510994691	OK	 
REQUEST		request_5	1623510993847	1623510994691	OK	 
REQUEST		request_2	1623510993846	1623510994705	OK	 
REQUEST		request_9	1623510994511	1623510994741	OK	 
REQUEST		request_10	1623510994685	1623510994930	OK	 
REQUEST		request_1	1623510994687	1623510994932	OK	 
REQUEST		request_11	1623510994690	1623510994935	OK	 
REQUEST		request_12	1623510994691	1623510994935	OK	 
REQUEST		request_13	1623510994691	1623510994935	OK	 
REQUEST		request_14	1623510994705	1623510994940	OK	 
REQUEST		request_0	1623510994238	1623510995090	OK	 
REQUEST		request_15	1623510994741	1623510995131	OK	 
USER	PetStoreSimulation	END	1623510995133
USER	PetStoreSimulation	START	1623510995133
REQUEST		request_7	1623510994933	1623510995160	OK	 
REQUEST		request_1	1623510995090	1623510995320	OK	 
REQUEST		request_8	1623510995160	1623510995380	OK	 
REQUEST		request_2	1623510994687	1623510995531	OK	 
REQUEST		request_4	1623510994688	1623510995532	OK	 
REQUEST		request_7	1623510995320	1623510995544	OK	 
REQUEST		request_5	1623510994688	1623510995602	OK	 
REQUEST		request_9	1623510995380	1623510995612	OK	 
REQUEST		request_3	1623510994688	1623510995613	OK	 
REQUEST		request_6	1623510994688	1623510995614	OK	 
REQUEST		request_10	1623510995531	1623510995762	OK	 
REQUEST		request_11	1623510995532	1623510995762	OK	 
REQUEST		request_8	1623510995545	1623510995771	OK	 
REQUEST		request_12	1623510995602	1623510995832	OK	 
REQUEST		request_13	1623510995612	1623510995834	OK	 
REQUEST		request_14	1623510995614	1623510995844	OK	 
REQUEST		request_3	1623510995091	1623510995975	OK	 
REQUEST		request_5	1623510995091	1623510995976	OK	 
REQUEST		request_2	1623510995091	1623510995977	OK	 
REQUEST		request_0	1623510995133	1623510995979	OK	 
REQUEST		request_4	1623510995091	1623510995982	OK	 
REQUEST		request_6	1623510995092	1623510995982	OK	 
REQUEST		request_9	1623510995771	1623510995989	OK	 
REQUEST		request_15	1623510995614	1623510996055	OK	 
USER	PetStoreSimulation	END	1623510996056
USER	PetStoreSimulation	START	1623510996057
REQUEST		request_10	1623510995975	1623510996212	OK	 
REQUEST		request_11	1623510995976	1623510996212	OK	 
REQUEST		request_12	1623510995977	1623510996212	OK	 
REQUEST		request_1	1623510995980	1623510996214	OK	 
REQUEST		request_13	1623510995982	1623510996228	OK	 
REQUEST		request_14	1623510995982	1623510996228	OK	 
REQUEST		request_15	1623510995989	1623510996368	OK	 
USER	PetStoreSimulation	END	1623510996369
USER	PetStoreSimulation	START	1623510996370
REQUEST		request_7	1623510996214	1623510996444	OK	 
REQUEST		request_8	1623510996444	1623510996671	OK	 
REQUEST		request_4	1623510995981	1623510996809	OK	 
REQUEST		request_5	1623510995981	1623510996813	OK	 
REQUEST		request_2	1623510995980	1623510996824	OK	 
REQUEST		request_3	1623510995980	1623510996831	OK	 
REQUEST		request_6	1623510995981	1623510996847	OK	 
REQUEST		request_9	1623510996671	1623510996891	OK	 
REQUEST		request_0	1623510996057	1623510996901	OK	 
REQUEST		request_11	1623510996814	1623510997041	OK	 
REQUEST		request_12	1623510996824	1623510997041	OK	 
REQUEST		request_10	1623510996810	1623510997043	OK	 
REQUEST		request_13	1623510996831	1623510997050	OK	 
REQUEST		request_14	1623510996847	1623510997084	OK	 
REQUEST		request_1	1623510996901	1623510997126	OK	 
REQUEST		request_0	1623510996370	1623510997246	OK	 
REQUEST		request_15	1623510996892	1623510997272	OK	 
USER	PetStoreSimulation	END	1623510997274
USER	PetStoreSimulation	START	1623510997275
REQUEST		request_7	1623510997126	1623510997354	OK	 
REQUEST		request_1	1623510997247	1623510997501	OK	 
REQUEST		request_8	1623510997354	1623510997583	OK	 
REQUEST		request_6	1623510996902	1623510997739	OK	 
REQUEST		request_2	1623510996901	1623510997743	OK	 
REQUEST		request_7	1623510997501	1623510997743	OK	 
REQUEST		request_4	1623510996902	1623510997744	OK	 
REQUEST		request_5	1623510996902	1623510997745	OK	 
REQUEST		request_3	1623510996902	1623510997765	OK	 
REQUEST		request_9	1623510997583	1623510997815	OK	 
REQUEST		request_10	1623510997739	1623510997962	OK	 
REQUEST		request_11	1623510997743	1623510997967	OK	 
REQUEST		request_12	1623510997744	1623510997970	OK	 
REQUEST		request_13	1623510997745	1623510997974	OK	 
REQUEST		request_8	1623510997743	1623510997974	OK	 
REQUEST		request_14	1623510997766	1623510998019	OK	 
REQUEST		request_5	1623510997248	1623510998100	OK	 
REQUEST		request_0	1623510997275	1623510998109	OK	 
REQUEST		request_6	1623510997248	1623510998110	OK	 
REQUEST		request_2	1623510997247	1623510998112	OK	 
REQUEST		request_4	1623510997248	1623510998129	OK	 
REQUEST		request_3	1623510997247	1623510998130	OK	 
REQUEST		request_15	1623510997815	1623510998188	OK	 
USER	PetStoreSimulation	END	1623510998190
REQUEST		request_9	1623510997974	1623510998225	OK	 
REQUEST		request_10	1623510998100	1623510998331	OK	 
REQUEST		request_1	1623510998110	1623510998331	OK	 
REQUEST		request_11	1623510998110	1623510998332	OK	 
REQUEST		request_12	1623510998112	1623510998333	OK	 
REQUEST		request_14	1623510998130	1623510998362	OK	 
REQUEST		request_13	1623510998130	1623510998362	OK	 
REQUEST		request_7	1623510998332	1623510998551	OK	 
REQUEST		request_15	1623510998225	1623510998634	OK	 
USER	PetStoreSimulation	END	1623510998636
REQUEST		request_8	1623510998551	1623510998780	OK	 
REQUEST		request_2	1623510998110	1623510998939	OK	 
REQUEST		request_4	1623510998111	1623510998940	OK	 
REQUEST		request_6	1623510998111	1623510998941	OK	 
REQUEST		request_3	1623510998111	1623510998941	OK	 
REQUEST		request_5	1623510998111	1623510998956	OK	 
REQUEST		request_9	1623510998780	1623510999011	OK	 
REQUEST		request_10	1623510998940	1623510999180	OK	 
REQUEST		request_12	1623510998941	1623510999181	OK	 
REQUEST		request_11	1623510998940	1623510999182	OK	 
REQUEST		request_13	1623510998942	1623510999183	OK	 
REQUEST		request_14	1623510998956	1623510999197	OK	 
REQUEST		request_15	1623510999011	1623510999397	OK	 
USER	PetStoreSimulation	END	1623510999398
