RUN	com.octoperf.tutorials.one.PetStoreSimulation4	petstoresimulation4	1623508635979	testing	3.6.0
USER	PetStoreSimulation	START	1623508637513
USER	PetStoreSimulation	START	1623508637844
USER	PetStoreSimulation	START	1623508638179
REQUEST		request_0	1623508637531	1623508638439	OK	 
REQUEST		request_1	1623508638463	1623508638747	OK	 
REQUEST		request_0	1623508637844	1623508638752	OK	 
REQUEST		request_1	1623508638755	1623508639122	OK	 
REQUEST		request_7	1623508638771	1623508639128	OK	 
REQUEST		request_0	1623508638179	1623508639188	OK	 
REQUEST		request_7	1623508639123	1623508639412	OK	 
REQUEST		request_8	1623508639128	1623508639421	OK	 
REQUEST		request_1	1623508639190	1623508639422	OK	 
REQUEST		request_3	1623508638464	1623508639422	OK	 
REQUEST		request_5	1623508638465	1623508639424	OK	 
REQUEST		request_4	1623508638465	1623508639429	OK	 
REQUEST		request_2	1623508638464	1623508639511	OK	 
REQUEST		request_6	1623508638465	1623508639512	OK	 
REQUEST		request_8	1623508639413	1623508639742	OK	 
REQUEST		request_10	1623508639423	1623508639744	OK	 
REQUEST		request_7	1623508639423	1623508639745	OK	 
REQUEST		request_2	1623508638756	1623508639746	OK	 
REQUEST		request_9	1623508639422	1623508639747	OK	 
REQUEST		request_12	1623508639429	1623508639749	OK	 
REQUEST		request_4	1623508638757	1623508639749	OK	 
REQUEST		request_11	1623508639424	1623508639751	OK	 
REQUEST		request_5	1623508638757	1623508639812	OK	 
REQUEST		request_13	1623508639511	1623508639825	OK	 
REQUEST		request_6	1623508638758	1623508639826	OK	 
REQUEST		request_14	1623508639513	1623508639826	OK	 
REQUEST		request_3	1623508638756	1623508639912	OK	 
REQUEST		request_9	1623508639743	1623508640062	OK	 
REQUEST		request_10	1623508639748	1623508640064	OK	 
REQUEST		request_11	1623508639750	1623508640065	OK	 
REQUEST		request_12	1623508639812	1623508640081	OK	 
REQUEST		request_8	1623508639747	1623508640081	OK	 
REQUEST		request_13	1623508639826	1623508640082	OK	 
REQUEST		request_15	1623508639745	1623508640273	OK	 
USER	PetStoreSimulation	END	1623508640276
USER	PetStoreSimulation	START	1623508640277
REQUEST		request_4	1623508639191	1623508640280	OK	 
REQUEST		request_14	1623508639913	1623508640280	OK	 
REQUEST		request_5	1623508639192	1623508640281	OK	 
REQUEST		request_6	1623508639192	1623508640371	OK	 
REQUEST		request_9	1623508640082	1623508640374	OK	 
REQUEST		request_2	1623508639190	1623508640385	OK	 
REQUEST		request_3	1623508639191	1623508640387	OK	 
REQUEST		request_15	1623508640062	1623508640543	OK	 
USER	PetStoreSimulation	END	1623508640546
REQUEST		request_11	1623508640282	1623508640547	OK	 
REQUEST		request_10	1623508640280	1623508640548	OK	 
USER	PetStoreSimulation	START	1623508640548
REQUEST		request_12	1623508640372	1623508640623	OK	 
REQUEST		request_14	1623508640386	1623508640685	OK	 
REQUEST		request_13	1623508640375	1623508640696	OK	 
REQUEST		request_15	1623508640388	1623508640889	OK	 
USER	PetStoreSimulation	END	1623508640895
USER	PetStoreSimulation	START	1623508640896
REQUEST		request_0	1623508640278	1623508641195	OK	 
REQUEST		request_1	1623508641197	1623508641482	OK	 
REQUEST		request_0	1623508640548	1623508641528	OK	 
REQUEST		request_7	1623508641485	1623508641773	OK	 
REQUEST		request_1	1623508641530	1623508641841	OK	 
REQUEST		request_0	1623508640896	1623508641846	OK	 
REQUEST		request_8	1623508641774	1623508642215	OK	 
REQUEST		request_4	1623508641198	1623508642302	OK	 
REQUEST		request_7	1623508641842	1623508642302	OK	 
REQUEST		request_1	1623508641847	1623508642303	OK	 
REQUEST		request_3	1623508641198	1623508642305	OK	 
REQUEST		request_5	1623508641198	1623508642306	OK	 
REQUEST		request_6	1623508641199	1623508642306	OK	 
REQUEST		request_2	1623508641197	1623508642360	OK	 
REQUEST		request_9	1623508642216	1623508642451	OK	 
REQUEST		request_10	1623508642303	1623508642530	OK	 
REQUEST		request_8	1623508642303	1623508642530	OK	 
REQUEST		request_13	1623508642307	1623508642544	OK	 
REQUEST		request_7	1623508642304	1623508642544	OK	 
REQUEST		request_11	1623508642305	1623508642544	OK	 
REQUEST		request_12	1623508642306	1623508642550	OK	 
REQUEST		request_14	1623508642361	1623508642600	OK	 
REQUEST		request_3	1623508641532	1623508642686	OK	 
REQUEST		request_4	1623508641532	1623508642687	OK	 
REQUEST		request_2	1623508641531	1623508642797	OK	 
REQUEST		request_6	1623508641533	1623508642810	OK	 
REQUEST		request_5	1623508641849	1623508642810	OK	 
REQUEST		request_5	1623508641533	1623508642812	OK	 
REQUEST		request_4	1623508641848	1623508642820	OK	 
REQUEST		request_9	1623508642531	1623508642820	OK	 
REQUEST		request_8	1623508642544	1623508642821	OK	 
REQUEST		request_3	1623508641848	1623508642822	OK	 
REQUEST		request_6	1623508641849	1623508642823	OK	 
REQUEST		request_15	1623508642451	1623508642940	OK	 
USER	PetStoreSimulation	END	1623508642942
USER	PetStoreSimulation	START	1623508642942
REQUEST		request_2	1623508641848	1623508642950	OK	 
REQUEST		request_10	1623508642687	1623508642950	OK	 
REQUEST		request_11	1623508642688	1623508642951	OK	 
REQUEST		request_9	1623508642811	1623508643071	OK	 
REQUEST		request_13	1623508642811	1623508643072	OK	 
REQUEST		request_12	1623508642797	1623508643073	OK	 
REQUEST		request_11	1623508642822	1623508643075	OK	 
REQUEST		request_14	1623508642812	1623508643075	OK	 
REQUEST		request_10	1623508642821	1623508643076	OK	 
REQUEST		request_13	1623508642824	1623508643076	OK	 
REQUEST		request_12	1623508642823	1623508643090	OK	 
REQUEST		request_14	1623508642950	1623508643169	OK	 
REQUEST		request_15	1623508642821	1623508643310	OK	 
USER	PetStoreSimulation	END	1623508643313
USER	PetStoreSimulation	START	1623508643313
REQUEST		request_15	1623508643073	1623508643551	OK	 
USER	PetStoreSimulation	END	1623508643553
USER	PetStoreSimulation	START	1623508643554
REQUEST		request_0	1623508642943	1623508643965	OK	 
REQUEST		request_0	1623508643314	1623508644163	OK	 
REQUEST		request_1	1623508643967	1623508644189	OK	 
REQUEST		request_1	1623508644165	1623508644399	OK	 
REQUEST		request_0	1623508643554	1623508644419	OK	 
REQUEST		request_7	1623508644189	1623508644473	OK	 
REQUEST		request_7	1623508644400	1623508644706	OK	 
REQUEST		request_1	1623508644421	1623508644706	OK	 
REQUEST		request_8	1623508644473	1623508644726	OK	 
REQUEST		request_3	1623508643968	1623508644792	OK	 
REQUEST		request_4	1623508643968	1623508644869	OK	 
REQUEST		request_2	1623508643968	1623508644874	OK	 
REQUEST		request_6	1623508643969	1623508644878	OK	 
REQUEST		request_5	1623508643969	1623508644883	OK	 
REQUEST		request_7	1623508644706	1623508644944	OK	 
REQUEST		request_8	1623508644706	1623508644955	OK	 
REQUEST		request_9	1623508644727	1623508645013	OK	 
REQUEST		request_4	1623508644166	1623508645021	OK	 
REQUEST		request_10	1623508644793	1623508645021	OK	 
REQUEST		request_6	1623508644167	1623508645023	OK	 
REQUEST		request_3	1623508644166	1623508645026	OK	 
REQUEST		request_11	1623508644870	1623508645091	OK	 
REQUEST		request_13	1623508644879	1623508645101	OK	 
REQUEST		request_2	1623508644165	1623508645101	OK	 
REQUEST		request_5	1623508644166	1623508645102	OK	 
REQUEST		request_12	1623508644875	1623508645135	OK	 
REQUEST		request_14	1623508644884	1623508645151	OK	 
REQUEST		request_8	1623508644944	1623508645166	OK	 
REQUEST		request_9	1623508644955	1623508645182	OK	 
REQUEST		request_10	1623508645022	1623508645246	OK	 
REQUEST		request_11	1623508645024	1623508645246	OK	 
REQUEST		request_12	1623508645026	1623508645254	OK	 
REQUEST		request_3	1623508644422	1623508645312	OK	 
REQUEST		request_4	1623508644422	1623508645321	OK	 
REQUEST		request_2	1623508644421	1623508645381	OK	 
REQUEST		request_13	1623508645102	1623508645381	OK	 
REQUEST		request_14	1623508645103	1623508645381	OK	 
REQUEST		request_9	1623508645167	1623508645382	OK	 
REQUEST		request_6	1623508644422	1623508645383	OK	 
REQUEST		request_5	1623508644422	1623508645394	OK	 
REQUEST		request_15	1623508645015	1623508645542	OK	 
USER	PetStoreSimulation	END	1623508645544
USER	PetStoreSimulation	START	1623508645545
REQUEST		request_10	1623508645313	1623508645566	OK	 
REQUEST		request_11	1623508645321	1623508645580	OK	 
REQUEST		request_13	1623508645382	1623508645644	OK	 
REQUEST		request_14	1623508645383	1623508645706	OK	 
REQUEST		request_12	1623508645381	1623508645706	OK	 
REQUEST		request_15	1623508645182	1623508645726	OK	 
USER	PetStoreSimulation	END	1623508645728
USER	PetStoreSimulation	START	1623508645729
REQUEST		request_15	1623508645395	1623508645951	OK	 
USER	PetStoreSimulation	END	1623508645954
USER	PetStoreSimulation	START	1623508645955
REQUEST		request_0	1623508645545	1623508646532	OK	 
REQUEST		request_1	1623508646534	1623508646783	OK	 
REQUEST		request_0	1623508645730	1623508646787	OK	 
REQUEST		request_0	1623508645956	1623508646821	OK	 
REQUEST		request_7	1623508646784	1623508647062	OK	 
REQUEST		request_1	1623508646788	1623508647063	OK	 
REQUEST		request_1	1623508646822	1623508647063	OK	 
REQUEST		request_7	1623508647063	1623508647362	OK	 
REQUEST		request_8	1623508647063	1623508647393	OK	 
REQUEST		request_7	1623508647063	1623508647393	OK	 
REQUEST		request_2	1623508646534	1623508647441	OK	 
REQUEST		request_6	1623508646535	1623508647455	OK	 
REQUEST		request_5	1623508646535	1623508647465	OK	 
REQUEST		request_4	1623508646535	1623508647478	OK	 
REQUEST		request_3	1623508646535	1623508647480	OK	 
REQUEST		request_8	1623508647362	1623508647587	OK	 
REQUEST		request_8	1623508647394	1623508647635	OK	 
REQUEST		request_9	1623508647394	1623508647635	OK	 
REQUEST		request_3	1623508646790	1623508647676	OK	 
REQUEST		request_4	1623508646790	1623508647684	OK	 
REQUEST		request_10	1623508647443	1623508647684	OK	 
REQUEST		request_4	1623508646823	1623508647710	OK	 
REQUEST		request_6	1623508646791	1623508647710	OK	 
REQUEST		request_11	1623508647456	1623508647710	OK	 
REQUEST		request_13	1623508647479	1623508647711	OK	 
REQUEST		request_12	1623508647465	1623508647711	OK	 
REQUEST		request_14	1623508647480	1623508647720	OK	 
REQUEST		request_6	1623508646824	1623508647734	OK	 
REQUEST		request_2	1623508646823	1623508647735	OK	 
REQUEST		request_5	1623508646790	1623508647749	OK	 
REQUEST		request_2	1623508646789	1623508647760	OK	 
REQUEST		request_3	1623508646823	1623508647791	OK	 
REQUEST		request_9	1623508647588	1623508647828	OK	 
REQUEST		request_5	1623508646824	1623508647841	OK	 
REQUEST		request_9	1623508647635	1623508647896	OK	 
REQUEST		request_10	1623508647676	1623508647921	OK	 
REQUEST		request_11	1623508647684	1623508647922	OK	 
REQUEST		request_10	1623508647711	1623508647951	OK	 
REQUEST		request_12	1623508647711	1623508647951	OK	 
REQUEST		request_12	1623508647735	1623508647961	OK	 
REQUEST		request_11	1623508647734	1623508647962	OK	 
REQUEST		request_13	1623508647750	1623508647968	OK	 
REQUEST		request_14	1623508647760	1623508647985	OK	 
REQUEST		request_15	1623508647635	1623508648113	OK	 
USER	PetStoreSimulation	END	1623508648117
USER	PetStoreSimulation	START	1623508648119
REQUEST		request_13	1623508647791	1623508648124	OK	 
REQUEST		request_14	1623508647828	1623508648124	OK	 
REQUEST		request_15	1623508647842	1623508648276	OK	 
USER	PetStoreSimulation	END	1623508648278
USER	PetStoreSimulation	START	1623508648279
REQUEST		request_15	1623508647897	1623508648346	OK	 
USER	PetStoreSimulation	END	1623508648348
USER	PetStoreSimulation	START	1623508648349
REQUEST		request_0	1623508648120	1623508649024	OK	 
REQUEST		request_0	1623508648279	1623508649165	OK	 
REQUEST		request_0	1623508648349	1623508649165	OK	 
REQUEST		request_1	1623508649025	1623508649247	OK	 
REQUEST		request_1	1623508649166	1623508649388	OK	 
REQUEST		request_1	1623508649166	1623508649390	OK	 
REQUEST		request_7	1623508649249	1623508649472	OK	 
REQUEST		request_7	1623508649390	1623508649718	OK	 
REQUEST		request_7	1623508649388	1623508649718	OK	 
REQUEST		request_8	1623508649473	1623508649751	OK	 
REQUEST		request_4	1623508649026	1623508649851	OK	 
REQUEST		request_2	1623508649026	1623508649909	OK	 
REQUEST		request_6	1623508649027	1623508649910	OK	 
REQUEST		request_3	1623508649026	1623508649913	OK	 
REQUEST		request_5	1623508649026	1623508649917	OK	 
REQUEST		request_8	1623508649718	1623508649947	OK	 
REQUEST		request_8	1623508649718	1623508649948	OK	 
REQUEST		request_9	1623508649751	1623508649985	OK	 
REQUEST		request_4	1623508649168	1623508649996	OK	 
REQUEST		request_2	1623508649167	1623508650032	OK	 
REQUEST		request_2	1623508649167	1623508650039	OK	 
REQUEST		request_4	1623508649168	1623508650056	OK	 
REQUEST		request_3	1623508649167	1623508650056	OK	 
REQUEST		request_10	1623508649851	1623508650065	OK	 
REQUEST		request_6	1623508649168	1623508650099	OK	 
REQUEST		request_5	1623508649168	1623508650099	OK	 
REQUEST		request_5	1623508649168	1623508650100	OK	 
REQUEST		request_3	1623508649167	1623508650108	OK	 
REQUEST		request_11	1623508649909	1623508650129	OK	 
REQUEST		request_12	1623508649911	1623508650135	OK	 
REQUEST		request_13	1623508649914	1623508650140	OK	 
REQUEST		request_14	1623508649917	1623508650142	OK	 
REQUEST		request_6	1623508649168	1623508650146	OK	 
REQUEST		request_9	1623508649947	1623508650186	OK	 
REQUEST		request_9	1623508649949	1623508650188	OK	 
REQUEST		request_10	1623508649996	1623508650221	OK	 
REQUEST		request_10	1623508650040	1623508650267	OK	 
REQUEST		request_11	1623508650032	1623508650267	OK	 
REQUEST		request_12	1623508650056	1623508650290	OK	 
REQUEST		request_11	1623508650056	1623508650290	OK	 
REQUEST		request_13	1623508650099	1623508650380	OK	 
REQUEST		request_12	1623508650099	1623508650380	OK	 
REQUEST		request_14	1623508650100	1623508650381	OK	 
REQUEST		request_13	1623508650108	1623508650381	OK	 
REQUEST		request_15	1623508649985	1623508650426	OK	 
REQUEST		request_14	1623508650146	1623508650426	OK	 
USER	PetStoreSimulation	END	1623508650428
USER	PetStoreSimulation	START	1623508650428
REQUEST		request_15	1623508650186	1623508650583	OK	 
USER	PetStoreSimulation	END	1623508650585
USER	PetStoreSimulation	START	1623508650586
REQUEST		request_15	1623508650188	1623508650625	OK	 
USER	PetStoreSimulation	END	1623508650630
USER	PetStoreSimulation	START	1623508650631
REQUEST		request_0	1623508650428	1623508651287	OK	 
REQUEST		request_0	1623508650586	1623508651426	OK	 
REQUEST		request_0	1623508650631	1623508651498	OK	 
REQUEST		request_1	1623508651288	1623508651510	OK	 
REQUEST		request_1	1623508651429	1623508651674	OK	 
REQUEST		request_7	1623508651510	1623508651731	OK	 
REQUEST		request_1	1623508651499	1623508651731	OK	 
REQUEST		request_7	1623508651674	1623508651931	OK	 
REQUEST		request_8	1623508651731	1623508651969	OK	 
REQUEST		request_7	1623508651732	1623508651969	OK	 
REQUEST		request_4	1623508651289	1623508652116	OK	 
REQUEST		request_5	1623508651290	1623508652117	OK	 
REQUEST		request_6	1623508651290	1623508652154	OK	 
REQUEST		request_3	1623508651289	1623508652163	OK	 
REQUEST		request_2	1623508651288	1623508652165	OK	 
REQUEST		request_8	1623508651931	1623508652172	OK	 
REQUEST		request_9	1623508651969	1623508652185	OK	 
REQUEST		request_8	1623508651969	1623508652199	OK	 
REQUEST		request_3	1623508651430	1623508652373	OK	 
REQUEST		request_4	1623508651431	1623508652374	OK	 
REQUEST		request_5	1623508651431	1623508652375	OK	 
REQUEST		request_6	1623508651500	1623508652375	OK	 
REQUEST		request_10	1623508652117	1623508652376	OK	 
REQUEST		request_2	1623508651430	1623508652376	OK	 
REQUEST		request_11	1623508652117	1623508652376	OK	 
REQUEST		request_3	1623508651499	1623508652376	OK	 
REQUEST		request_6	1623508651431	1623508652376	OK	 
REQUEST		request_2	1623508651499	1623508652377	OK	 
REQUEST		request_5	1623508651500	1623508652451	OK	 
REQUEST		request_12	1623508652154	1623508652452	OK	 
REQUEST		request_9	1623508652173	1623508652452	OK	 
REQUEST		request_14	1623508652165	1623508652452	OK	 
REQUEST		request_13	1623508652164	1623508652452	OK	 
REQUEST		request_4	1623508651500	1623508652452	OK	 
REQUEST		request_9	1623508652199	1623508652472	OK	 
REQUEST		request_15	1623508652185	1623508652577	OK	 
USER	PetStoreSimulation	END	1623508652579
USER	PetStoreSimulation	START	1623508652580
REQUEST		request_10	1623508652373	1623508652633	OK	 
REQUEST		request_10	1623508652376	1623508652633	OK	 
REQUEST		request_11	1623508652376	1623508652634	OK	 
REQUEST		request_13	1623508652376	1623508652634	OK	 
REQUEST		request_11	1623508652374	1623508652634	OK	 
REQUEST		request_12	1623508652375	1623508652634	OK	 
REQUEST		request_14	1623508652376	1623508652634	OK	 
REQUEST		request_12	1623508652377	1623508652660	OK	 
REQUEST		request_14	1623508652452	1623508652726	OK	 
REQUEST		request_13	1623508652452	1623508652726	OK	 
REQUEST		request_15	1623508652473	1623508652856	OK	 
USER	PetStoreSimulation	END	1623508652858
USER	PetStoreSimulation	START	1623508652859
REQUEST		request_15	1623508652452	1623508652941	OK	 
USER	PetStoreSimulation	END	1623508652944
USER	PetStoreSimulation	START	1623508652945
REQUEST		request_0	1623508652580	1623508653409	OK	 
REQUEST		request_1	1623508653410	1623508653632	OK	 
REQUEST		request_0	1623508652859	1623508653716	OK	 
REQUEST		request_0	1623508652945	1623508653773	OK	 
REQUEST		request_7	1623508653632	1623508653880	OK	 
REQUEST		request_1	1623508653718	1623508653967	OK	 
REQUEST		request_1	1623508653774	1623508654006	OK	 
REQUEST		request_8	1623508653880	1623508654114	OK	 
REQUEST		request_7	1623508653967	1623508654191	OK	 
REQUEST		request_7	1623508654007	1623508654245	OK	 
REQUEST		request_3	1623508653411	1623508654253	OK	 
REQUEST		request_5	1623508653411	1623508654257	OK	 
REQUEST		request_2	1623508653411	1623508654259	OK	 
REQUEST		request_4	1623508653411	1623508654331	OK	 
REQUEST		request_6	1623508653412	1623508654332	OK	 
REQUEST		request_9	1623508654114	1623508654349	OK	 
REQUEST		request_8	1623508654191	1623508654411	OK	 
REQUEST		request_8	1623508654245	1623508654476	OK	 
REQUEST		request_10	1623508654253	1623508654476	OK	 
REQUEST		request_11	1623508654258	1623508654488	OK	 
REQUEST		request_12	1623508654259	1623508654488	OK	 
REQUEST		request_4	1623508653720	1623508654556	OK	 
REQUEST		request_2	1623508653719	1623508654558	OK	 
REQUEST		request_3	1623508653719	1623508654559	OK	 
REQUEST		request_5	1623508653720	1623508654561	OK	 
REQUEST		request_6	1623508653721	1623508654562	OK	 
REQUEST		request_13	1623508654332	1623508654598	OK	 
REQUEST		request_4	1623508653775	1623508654631	OK	 
REQUEST		request_14	1623508654332	1623508654631	OK	 
REQUEST		request_2	1623508653774	1623508654632	OK	 
REQUEST		request_5	1623508653775	1623508654632	OK	 
REQUEST		request_9	1623508654411	1623508654657	OK	 
REQUEST		request_6	1623508653776	1623508654695	OK	 
REQUEST		request_9	1623508654477	1623508654705	OK	 
REQUEST		request_15	1623508654349	1623508654729	OK	 
REQUEST		request_3	1623508653775	1623508654729	OK	 
USER	PetStoreSimulation	END	1623508654731
USER	PetStoreSimulation	START	1623508654731
REQUEST		request_11	1623508654558	1623508654786	OK	 
REQUEST		request_12	1623508654560	1623508654786	OK	 
REQUEST		request_10	1623508654556	1623508654786	OK	 
REQUEST		request_13	1623508654561	1623508654791	OK	 
REQUEST		request_14	1623508654563	1623508654914	OK	 
REQUEST		request_10	1623508654631	1623508654916	OK	 
REQUEST		request_12	1623508654632	1623508654917	OK	 
REQUEST		request_11	1623508654632	1623508654917	OK	 
REQUEST		request_14	1623508654705	1623508654992	OK	 
REQUEST		request_13	1623508654695	1623508654992	OK	 
REQUEST		request_15	1623508654657	1623508655064	OK	 
USER	PetStoreSimulation	END	1623508655065
USER	PetStoreSimulation	START	1623508655066
REQUEST		request_15	1623508654729	1623508655138	OK	 
USER	PetStoreSimulation	END	1623508655139
USER	PetStoreSimulation	START	1623508655140
REQUEST		request_0	1623508654731	1623508655714	OK	 
REQUEST		request_0	1623508655066	1623508655923	OK	 
REQUEST		request_1	1623508655719	1623508655956	OK	 
REQUEST		request_0	1623508655140	1623508655961	OK	 
REQUEST		request_1	1623508655924	1623508656234	OK	 
REQUEST		request_7	1623508655957	1623508656332	OK	 
REQUEST		request_1	1623508655962	1623508656332	OK	 
REQUEST		request_7	1623508656234	1623508656485	OK	 
REQUEST		request_7	1623508656333	1623508656558	OK	 
REQUEST		request_8	1623508656332	1623508656559	OK	 
REQUEST		request_4	1623508655724	1623508656621	OK	 
REQUEST		request_6	1623508655725	1623508656625	OK	 
REQUEST		request_3	1623508655723	1623508656626	OK	 
REQUEST		request_5	1623508655725	1623508656626	OK	 
REQUEST		request_2	1623508655721	1623508656641	OK	 
REQUEST		request_8	1623508656486	1623508656722	OK	 
REQUEST		request_6	1623508655926	1623508656750	OK	 
REQUEST		request_4	1623508655926	1623508656755	OK	 
REQUEST		request_5	1623508655926	1623508656755	OK	 
REQUEST		request_2	1623508655925	1623508656756	OK	 
REQUEST		request_3	1623508655925	1623508656768	OK	 
REQUEST		request_8	1623508656559	1623508656779	OK	 
REQUEST		request_9	1623508656559	1623508656802	OK	 
REQUEST		request_4	1623508655963	1623508656835	OK	 
REQUEST		request_6	1623508655963	1623508656856	OK	 
REQUEST		request_10	1623508656621	1623508656856	OK	 
REQUEST		request_11	1623508656625	1623508656859	OK	 
REQUEST		request_13	1623508656626	1623508656859	OK	 
REQUEST		request_12	1623508656626	1623508656860	OK	 
REQUEST		request_3	1623508655963	1623508656865	OK	 
REQUEST		request_5	1623508655963	1623508656867	OK	 
REQUEST		request_2	1623508655962	1623508656871	OK	 
REQUEST		request_14	1623508656641	1623508656871	OK	 
REQUEST		request_9	1623508656722	1623508656955	OK	 
REQUEST		request_10	1623508656750	1623508656966	OK	 
REQUEST		request_11	1623508656755	1623508656977	OK	 
REQUEST		request_12	1623508656755	1623508656978	OK	 
REQUEST		request_13	1623508656757	1623508656979	OK	 
REQUEST		request_14	1623508656769	1623508656988	OK	 
REQUEST		request_9	1623508656779	1623508657008	OK	 
REQUEST		request_10	1623508656835	1623508657081	OK	 
REQUEST		request_11	1623508656856	1623508657089	OK	 
REQUEST		request_12	1623508656865	1623508657096	OK	 
REQUEST		request_13	1623508656867	1623508657097	OK	 
REQUEST		request_14	1623508656871	1623508657104	OK	 
REQUEST		request_15	1623508656802	1623508657197	OK	 
USER	PetStoreSimulation	END	1623508657206
USER	PetStoreSimulation	START	1623508657206
REQUEST		request_15	1623508656956	1623508657394	OK	 
USER	PetStoreSimulation	END	1623508657396
USER	PetStoreSimulation	START	1623508657396
REQUEST		request_15	1623508657008	1623508657446	OK	 
USER	PetStoreSimulation	END	1623508657447
USER	PetStoreSimulation	START	1623508657448
REQUEST		request_0	1623508657206	1623508658070	OK	 
REQUEST		request_0	1623508657396	1623508658236	OK	 
REQUEST		request_0	1623508657448	1623508658301	OK	 
REQUEST		request_1	1623508658073	1623508658311	OK	 
REQUEST		request_1	1623508658237	1623508658466	OK	 
REQUEST		request_1	1623508658303	1623508658544	OK	 
REQUEST		request_7	1623508658312	1623508658544	OK	 
REQUEST		request_7	1623508658467	1623508658704	OK	 
REQUEST		request_7	1623508658544	1623508658770	OK	 
REQUEST		request_8	1623508658545	1623508658770	OK	 
REQUEST		request_3	1623508658074	1623508658910	OK	 
REQUEST		request_2	1623508658073	1623508658911	OK	 
REQUEST		request_4	1623508658074	1623508658914	OK	 
REQUEST		request_5	1623508658074	1623508658930	OK	 
REQUEST		request_8	1623508658704	1623508658930	OK	 
REQUEST		request_6	1623508658074	1623508658969	OK	 
REQUEST		request_8	1623508658770	1623508659024	OK	 
REQUEST		request_9	1623508658771	1623508659025	OK	 
REQUEST		request_6	1623508658238	1623508659075	OK	 
REQUEST		request_4	1623508658237	1623508659075	OK	 
REQUEST		request_2	1623508658237	1623508659083	OK	 
REQUEST		request_3	1623508658237	1623508659084	OK	 
REQUEST		request_5	1623508658238	1623508659110	OK	 
REQUEST		request_10	1623508658910	1623508659157	OK	 
REQUEST		request_9	1623508658930	1623508659157	OK	 
REQUEST		request_11	1623508658911	1623508659158	OK	 
REQUEST		request_12	1623508658914	1623508659160	OK	 
REQUEST		request_2	1623508658303	1623508659161	OK	 
REQUEST		request_13	1623508658930	1623508659161	OK	 
REQUEST		request_4	1623508658304	1623508659161	OK	 
REQUEST		request_5	1623508658304	1623508659162	OK	 
REQUEST		request_6	1623508658304	1623508659164	OK	 
REQUEST		request_3	1623508658303	1623508659169	OK	 
REQUEST		request_14	1623508658969	1623508659211	OK	 
REQUEST		request_9	1623508659025	1623508659271	OK	 
REQUEST		request_10	1623508659075	1623508659306	OK	 
REQUEST		request_11	1623508659075	1623508659307	OK	 
REQUEST		request_12	1623508659083	1623508659309	OK	 
REQUEST		request_13	1623508659084	1623508659309	OK	 
REQUEST		request_14	1623508659110	1623508659356	OK	 
REQUEST		request_11	1623508659161	1623508659386	OK	 
REQUEST		request_10	1623508659161	1623508659387	OK	 
REQUEST		request_12	1623508659162	1623508659387	OK	 
REQUEST		request_13	1623508659164	1623508659430	OK	 
REQUEST		request_14	1623508659169	1623508659431	OK	 
REQUEST		request_15	1623508659025	1623508659467	OK	 
USER	PetStoreSimulation	END	1623508659470
USER	PetStoreSimulation	START	1623508659471
REQUEST		request_15	1623508659157	1623508659600	OK	 
USER	PetStoreSimulation	END	1623508659602
USER	PetStoreSimulation	START	1623508659602
REQUEST		request_15	1623508659272	1623508659692	OK	 
USER	PetStoreSimulation	END	1623508659693
USER	PetStoreSimulation	START	1623508659694
REQUEST		request_0	1623508659472	1623508660372	OK	 
REQUEST		request_0	1623508659602	1623508660488	OK	 
REQUEST		request_0	1623508659694	1623508660571	OK	 
REQUEST		request_1	1623508660373	1623508660606	OK	 
REQUEST		request_1	1623508660489	1623508660731	OK	 
REQUEST		request_1	1623508660573	1623508660806	OK	 
REQUEST		request_7	1623508660606	1623508660846	OK	 
REQUEST		request_7	1623508660732	1623508660969	OK	 
REQUEST		request_7	1623508660806	1623508661111	OK	 
REQUEST		request_8	1623508660846	1623508661111	OK	 
REQUEST		request_8	1623508660969	1623508661192	OK	 
REQUEST		request_6	1623508660375	1623508661226	OK	 
REQUEST		request_5	1623508660375	1623508661227	OK	 
REQUEST		request_3	1623508660374	1623508661247	OK	 
REQUEST		request_2	1623508660374	1623508661249	OK	 
REQUEST		request_4	1623508660375	1623508661286	OK	 
REQUEST		request_2	1623508660489	1623508661344	OK	 
REQUEST		request_3	1623508660490	1623508661347	OK	 
REQUEST		request_4	1623508660490	1623508661349	OK	 
REQUEST		request_6	1623508660490	1623508661352	OK	 
REQUEST		request_5	1623508660490	1623508661354	OK	 
REQUEST		request_9	1623508661111	1623508661357	OK	 
REQUEST		request_8	1623508661111	1623508661366	OK	 
REQUEST		request_3	1623508660575	1623508661426	OK	 
REQUEST		request_4	1623508660575	1623508661427	OK	 
REQUEST		request_6	1623508660576	1623508661428	OK	 
REQUEST		request_9	1623508661192	1623508661429	OK	 
REQUEST		request_5	1623508660576	1623508661430	OK	 
REQUEST		request_2	1623508660574	1623508661443	OK	 
REQUEST		request_10	1623508661227	1623508661444	OK	 
REQUEST		request_11	1623508661227	1623508661457	OK	 
REQUEST		request_12	1623508661248	1623508661469	OK	 
REQUEST		request_13	1623508661249	1623508661475	OK	 
REQUEST		request_14	1623508661286	1623508661525	OK	 
REQUEST		request_10	1623508661345	1623508661567	OK	 
REQUEST		request_11	1623508661348	1623508661569	OK	 
REQUEST		request_12	1623508661350	1623508661569	OK	 
REQUEST		request_13	1623508661352	1623508661576	OK	 
REQUEST		request_14	1623508661354	1623508661589	OK	 
REQUEST		request_9	1623508661366	1623508661589	OK	 
REQUEST		request_10	1623508661426	1623508661650	OK	 
REQUEST		request_12	1623508661428	1623508661651	OK	 
REQUEST		request_11	1623508661427	1623508661662	OK	 
REQUEST		request_13	1623508661430	1623508661662	OK	 
REQUEST		request_14	1623508661444	1623508661679	OK	 
REQUEST		request_15	1623508661358	1623508661744	OK	 
USER	PetStoreSimulation	END	1623508661746
USER	PetStoreSimulation	START	1623508661746
REQUEST		request_15	1623508661430	1623508661801	OK	 
USER	PetStoreSimulation	END	1623508661803
USER	PetStoreSimulation	START	1623508661803
REQUEST		request_15	1623508661589	1623508661981	OK	 
USER	PetStoreSimulation	END	1623508661983
USER	PetStoreSimulation	START	1623508661983
REQUEST		request_0	1623508661803	1623508662660	OK	 
REQUEST		request_0	1623508661746	1623508662660	OK	 
REQUEST		request_0	1623508661983	1623508662886	OK	 
REQUEST		request_1	1623508662666	1623508662892	OK	 
REQUEST		request_1	1623508662666	1623508662892	OK	 
REQUEST		request_7	1623508662892	1623508663140	OK	 
REQUEST		request_7	1623508662892	1623508663140	OK	 
REQUEST		request_1	1623508662887	1623508663142	OK	 
REQUEST		request_8	1623508663141	1623508663381	OK	 
REQUEST		request_8	1623508663141	1623508663381	OK	 
REQUEST		request_7	1623508663144	1623508663384	OK	 
REQUEST		request_5	1623508662668	1623508663521	OK	 
REQUEST		request_6	1623508662669	1623508663524	OK	 
REQUEST		request_3	1623508662668	1623508663527	OK	 
REQUEST		request_2	1623508662667	1623508663527	OK	 
REQUEST		request_6	1623508662669	1623508663565	OK	 
REQUEST		request_4	1623508662668	1623508663596	OK	 
REQUEST		request_2	1623508662667	1623508663597	OK	 
REQUEST		request_5	1623508662668	1623508663597	OK	 
REQUEST		request_4	1623508662668	1623508663598	OK	 
REQUEST		request_9	1623508663381	1623508663601	OK	 
REQUEST		request_9	1623508663381	1623508663603	OK	 
REQUEST		request_8	1623508663384	1623508663609	OK	 
REQUEST		request_3	1623508662668	1623508663610	OK	 
REQUEST		request_3	1623508662888	1623508663741	OK	 
REQUEST		request_4	1623508662888	1623508663742	OK	 
REQUEST		request_10	1623508663521	1623508663744	OK	 
REQUEST		request_5	1623508662888	1623508663746	OK	 
REQUEST		request_10	1623508663524	1623508663747	OK	 
REQUEST		request_11	1623508663527	1623508663748	OK	 
REQUEST		request_11	1623508663527	1623508663748	OK	 
REQUEST		request_6	1623508662888	1623508663749	OK	 
REQUEST		request_2	1623508662887	1623508663792	OK	 
REQUEST		request_12	1623508663565	1623508663809	OK	 
REQUEST		request_14	1623508663601	1623508663831	OK	 
REQUEST		request_12	1623508663597	1623508663832	OK	 
REQUEST		request_14	1623508663598	1623508663832	OK	 
REQUEST		request_13	1623508663596	1623508663847	OK	 
REQUEST		request_13	1623508663598	1623508663847	OK	 
REQUEST		request_9	1623508663609	1623508663862	OK	 
REQUEST		request_15	1623508663603	1623508663990	OK	 
USER	PetStoreSimulation	END	1623508663991
USER	PetStoreSimulation	START	1623508663992
REQUEST		request_15	1623508663610	1623508664056	OK	 
REQUEST		request_10	1623508663742	1623508664056	OK	 
REQUEST		request_11	1623508663742	1623508664057	OK	 
REQUEST		request_12	1623508663747	1623508664057	OK	 
REQUEST		request_14	1623508663792	1623508664057	OK	 
REQUEST		request_13	1623508663750	1623508664058	OK	 
USER	PetStoreSimulation	END	1623508664059
USER	PetStoreSimulation	START	1623508664059
REQUEST		request_15	1623508663863	1623508664240	OK	 
USER	PetStoreSimulation	END	1623508664242
USER	PetStoreSimulation	START	1623508664242
REQUEST		request_0	1623508663992	1623508664876	OK	 
REQUEST		request_0	1623508664060	1623508664881	OK	 
REQUEST		request_0	1623508664242	1623508665154	OK	 
REQUEST		request_1	1623508664882	1623508665155	OK	 
REQUEST		request_1	1623508664877	1623508665155	OK	 
REQUEST		request_7	1623508665155	1623508665426	OK	 
REQUEST		request_1	1623508665155	1623508665426	OK	 
REQUEST		request_7	1623508665155	1623508665426	OK	 
REQUEST		request_8	1623508665426	1623508665691	OK	 
REQUEST		request_8	1623508665426	1623508665691	OK	 
REQUEST		request_7	1623508665426	1623508665691	OK	 
REQUEST		request_5	1623508664884	1623508665712	OK	 
REQUEST		request_2	1623508664883	1623508665716	OK	 
REQUEST		request_6	1623508664879	1623508665716	OK	 
REQUEST		request_3	1623508664878	1623508665716	OK	 
REQUEST		request_2	1623508664878	1623508665718	OK	 
REQUEST		request_4	1623508664883	1623508665783	OK	 
REQUEST		request_3	1623508664883	1623508665784	OK	 
REQUEST		request_4	1623508664879	1623508665787	OK	 
REQUEST		request_5	1623508664879	1623508665801	OK	 
REQUEST		request_6	1623508664884	1623508665801	OK	 
REQUEST		request_9	1623508665691	1623508665928	OK	 
REQUEST		request_8	1623508665691	1623508665936	OK	 
REQUEST		request_9	1623508665691	1623508665936	OK	 
REQUEST		request_11	1623508665716	1623508665940	OK	 
REQUEST		request_11	1623508665716	1623508665941	OK	 
REQUEST		request_10	1623508665712	1623508665941	OK	 
REQUEST		request_10	1623508665716	1623508665941	OK	 
REQUEST		request_12	1623508665718	1623508665941	OK	 
REQUEST		request_4	1623508665156	1623508665993	OK	 
REQUEST		request_2	1623508665155	1623508665995	OK	 
REQUEST		request_5	1623508665156	1623508665995	OK	 
REQUEST		request_12	1623508665783	1623508666007	OK	 
REQUEST		request_6	1623508665156	1623508666009	OK	 
REQUEST		request_13	1623508665788	1623508666031	OK	 
REQUEST		request_3	1623508665156	1623508666031	OK	 
REQUEST		request_13	1623508665784	1623508666031	OK	 
REQUEST		request_14	1623508665801	1623508666033	OK	 
REQUEST		request_14	1623508665801	1623508666034	OK	 
REQUEST		request_9	1623508665936	1623508666187	OK	 
REQUEST		request_10	1623508665993	1623508666231	OK	 
REQUEST		request_11	1623508665995	1623508666232	OK	 
REQUEST		request_12	1623508665995	1623508666251	OK	 
REQUEST		request_13	1623508666009	1623508666251	OK	 
REQUEST		request_14	1623508666031	1623508666273	OK	 
REQUEST		request_15	1623508665928	1623508666450	OK	 
USER	PetStoreSimulation	END	1623508666452
USER	PetStoreSimulation	START	1623508666453
REQUEST		request_15	1623508665936	1623508666535	OK	 
USER	PetStoreSimulation	END	1623508666536
USER	PetStoreSimulation	START	1623508666537
REQUEST		request_15	1623508666187	1623508666612	OK	 
USER	PetStoreSimulation	END	1623508666614
USER	PetStoreSimulation	START	1623508666614
REQUEST		request_0	1623508666453	1623508667302	OK	 
REQUEST		request_0	1623508666537	1623508667395	OK	 
REQUEST		request_1	1623508667302	1623508667813	OK	 
REQUEST		request_0	1623508666614	1623508667815	OK	 
REQUEST		request_1	1623508667396	1623508667826	OK	 
REQUEST		request_7	1623508667813	1623508668046	OK	 
REQUEST		request_1	1623508667817	1623508668049	OK	 
REQUEST		request_7	1623508667826	1623508668057	OK	 
REQUEST		request_8	1623508668047	1623508668297	OK	 
REQUEST		request_7	1623508668050	1623508668298	OK	 
REQUEST		request_8	1623508668058	1623508668330	OK	 
REQUEST		request_4	1623508667397	1623508668443	OK	 
REQUEST		request_6	1623508667306	1623508668443	OK	 
REQUEST		request_3	1623508667397	1623508668443	OK	 
REQUEST		request_6	1623508667398	1623508668444	OK	 
REQUEST		request_9	1623508668297	1623508668510	OK	 
REQUEST		request_4	1623508667305	1623508668515	OK	 
REQUEST		request_2	1623508667397	1623508668516	OK	 
REQUEST		request_3	1623508667303	1623508668518	OK	 
REQUEST		request_2	1623508667303	1623508668520	OK	 
REQUEST		request_8	1623508668298	1623508668523	OK	 
REQUEST		request_5	1623508667305	1623508668526	OK	 
REQUEST		request_5	1623508667398	1623508668528	OK	 
REQUEST		request_9	1623508668330	1623508668578	OK	 
REQUEST		request_3	1623508667820	1623508668631	OK	 
REQUEST		request_5	1623508667821	1623508668634	OK	 
REQUEST		request_6	1623508667821	1623508668640	OK	 
REQUEST		request_4	1623508667820	1623508668655	OK	 
REQUEST		request_2	1623508667818	1623508668658	OK	 
REQUEST		request_11	1623508668443	1623508668687	OK	 
REQUEST		request_10	1623508668443	1623508668688	OK	 
REQUEST		request_10	1623508668443	1623508668688	OK	 
REQUEST		request_12	1623508668444	1623508668688	OK	 
REQUEST		request_11	1623508668510	1623508668729	OK	 
REQUEST		request_13	1623508668516	1623508668749	OK	 
REQUEST		request_14	1623508668520	1623508668749	OK	 
REQUEST		request_12	1623508668515	1623508668750	OK	 
REQUEST		request_13	1623508668518	1623508668750	OK	 
REQUEST		request_9	1623508668523	1623508668755	OK	 
REQUEST		request_14	1623508668528	1623508668791	OK	 
REQUEST		request_10	1623508668631	1623508668993	OK	 
REQUEST		request_11	1623508668634	1623508668993	OK	 
REQUEST		request_12	1623508668640	1623508668994	OK	 
REQUEST		request_13	1623508668656	1623508668994	OK	 
REQUEST		request_14	1623508668659	1623508668995	OK	 
REQUEST		request_15	1623508668526	1623508669072	OK	 
USER	PetStoreSimulation	END	1623508669075
USER	PetStoreSimulation	START	1623508669076
REQUEST		request_15	1623508668578	1623508669087	OK	 
USER	PetStoreSimulation	END	1623508669088
USER	PetStoreSimulation	START	1623508669089
REQUEST		request_15	1623508668755	1623508669231	OK	 
USER	PetStoreSimulation	END	1623508669233
USER	PetStoreSimulation	START	1623508669234
REQUEST		request_0	1623508669076	1623508669947	OK	 
REQUEST		request_0	1623508669089	1623508669999	OK	 
REQUEST		request_0	1623508669234	1623508670120	OK	 
REQUEST		request_1	1623508669948	1623508670191	OK	 
REQUEST		request_1	1623508670000	1623508670240	OK	 
REQUEST		request_1	1623508670121	1623508670340	OK	 
REQUEST		request_7	1623508670191	1623508670411	OK	 
REQUEST		request_7	1623508670240	1623508670471	OK	 
REQUEST		request_7	1623508670340	1623508670578	OK	 
REQUEST		request_8	1623508670411	1623508670649	OK	 
REQUEST		request_8	1623508670471	1623508670700	OK	 
REQUEST		request_4	1623508669949	1623508670798	OK	 
REQUEST		request_6	1623508669949	1623508670798	OK	 
REQUEST		request_5	1623508669949	1623508670800	OK	 
REQUEST		request_8	1623508670579	1623508670803	OK	 
REQUEST		request_2	1623508669948	1623508670809	OK	 
REQUEST		request_3	1623508670001	1623508670850	OK	 
REQUEST		request_3	1623508669949	1623508670860	OK	 
REQUEST		request_9	1623508670649	1623508670869	OK	 
REQUEST		request_5	1623508670001	1623508670880	OK	 
REQUEST		request_6	1623508670001	1623508670890	OK	 
REQUEST		request_2	1623508670000	1623508670891	OK	 
REQUEST		request_4	1623508670001	1623508670891	OK	 
REQUEST		request_9	1623508670700	1623508670929	OK	 
REQUEST		request_2	1623508670121	1623508670937	OK	 
REQUEST		request_6	1623508670123	1623508670938	OK	 
REQUEST		request_3	1623508670122	1623508670947	OK	 
REQUEST		request_5	1623508670122	1623508670956	OK	 
REQUEST		request_4	1623508670122	1623508670957	OK	 
REQUEST		request_9	1623508670803	1623508671040	OK	 
REQUEST		request_10	1623508670798	1623508671040	OK	 
REQUEST		request_11	1623508670799	1623508671041	OK	 
REQUEST		request_12	1623508670800	1623508671041	OK	 
REQUEST		request_13	1623508670809	1623508671044	OK	 
REQUEST		request_10	1623508670850	1623508671065	OK	 
REQUEST		request_14	1623508670861	1623508671085	OK	 
REQUEST		request_11	1623508670881	1623508671115	OK	 
REQUEST		request_13	1623508670891	1623508671121	OK	 
REQUEST		request_12	1623508670890	1623508671121	OK	 
REQUEST		request_14	1623508670891	1623508671123	OK	 
REQUEST		request_10	1623508670938	1623508671172	OK	 
REQUEST		request_12	1623508670947	1623508671194	OK	 
REQUEST		request_11	1623508670938	1623508671195	OK	 
REQUEST		request_14	1623508670957	1623508671195	OK	 
REQUEST		request_13	1623508670956	1623508671195	OK	 
REQUEST		request_15	1623508670869	1623508671262	OK	 
USER	PetStoreSimulation	END	1623508671264
USER	PetStoreSimulation	START	1623508671264
REQUEST		request_15	1623508670930	1623508671326	OK	 
USER	PetStoreSimulation	END	1623508671328
USER	PetStoreSimulation	START	1623508671328
REQUEST		request_15	1623508671040	1623508671512	OK	 
USER	PetStoreSimulation	END	1623508671514
USER	PetStoreSimulation	START	1623508671514
REQUEST		request_0	1623508671328	1623508672173	OK	 
REQUEST		request_0	1623508671264	1623508672207	OK	 
REQUEST		request_0	1623508671514	1623508672395	OK	 
REQUEST		request_1	1623508672175	1623508672420	OK	 
REQUEST		request_1	1623508672207	1623508672443	OK	 
REQUEST		request_7	1623508672421	1623508672640	OK	 
REQUEST		request_1	1623508672396	1623508672648	OK	 
REQUEST		request_7	1623508672444	1623508672737	OK	 
REQUEST		request_8	1623508672640	1623508672866	OK	 
REQUEST		request_7	1623508672649	1623508672880	OK	 
REQUEST		request_8	1623508672737	1623508672976	OK	 
REQUEST		request_6	1623508672208	1623508673022	OK	 
REQUEST		request_2	1623508672208	1623508673025	OK	 
REQUEST		request_6	1623508672177	1623508673025	OK	 
REQUEST		request_3	1623508672176	1623508673026	OK	 
REQUEST		request_5	1623508672176	1623508673026	OK	 
REQUEST		request_9	1623508672866	1623508673088	OK	 
REQUEST		request_3	1623508672208	1623508673096	OK	 
REQUEST		request_8	1623508672880	1623508673107	OK	 
REQUEST		request_4	1623508672208	1623508673115	OK	 
REQUEST		request_4	1623508672176	1623508673115	OK	 
REQUEST		request_5	1623508672208	1623508673115	OK	 
REQUEST		request_2	1623508672175	1623508673132	OK	 
REQUEST		request_9	1623508672976	1623508673224	OK	 
REQUEST		request_6	1623508672397	1623508673235	OK	 
REQUEST		request_4	1623508672397	1623508673236	OK	 
REQUEST		request_5	1623508672397	1623508673236	OK	 
REQUEST		request_2	1623508672396	1623508673245	OK	 
REQUEST		request_10	1623508673022	1623508673246	OK	 
REQUEST		request_11	1623508673025	1623508673246	OK	 
REQUEST		request_3	1623508672397	1623508673248	OK	 
REQUEST		request_11	1623508673026	1623508673248	OK	 
REQUEST		request_10	1623508673025	1623508673248	OK	 
REQUEST		request_12	1623508673026	1623508673248	OK	 
REQUEST		request_13	1623508673088	1623508673322	OK	 
REQUEST		request_12	1623508673096	1623508673324	OK	 
REQUEST		request_9	1623508673107	1623508673336	OK	 
REQUEST		request_14	1623508673115	1623508673339	OK	 
REQUEST		request_13	1623508673115	1623508673339	OK	 
REQUEST		request_14	1623508673115	1623508673339	OK	 
REQUEST		request_10	1623508673236	1623508673468	OK	 
REQUEST		request_11	1623508673236	1623508673471	OK	 
REQUEST		request_12	1623508673236	1623508673471	OK	 
REQUEST		request_13	1623508673245	1623508673479	OK	 
REQUEST		request_14	1623508673248	1623508673479	OK	 
REQUEST		request_15	1623508673132	1623508673540	OK	 
USER	PetStoreSimulation	END	1623508673541
USER	PetStoreSimulation	START	1623508673542
REQUEST		request_15	1623508673224	1623508673690	OK	 
USER	PetStoreSimulation	END	1623508673692
USER	PetStoreSimulation	START	1623508673692
REQUEST		request_15	1623508673336	1623508673740	OK	 
USER	PetStoreSimulation	END	1623508673741
USER	PetStoreSimulation	START	1623508673742
REQUEST		request_0	1623508673542	1623508674403	OK	 
REQUEST		request_0	1623508673692	1623508674536	OK	 
REQUEST		request_0	1623508673742	1623508674602	OK	 
REQUEST		request_1	1623508674405	1623508674641	OK	 
REQUEST		request_1	1623508674537	1623508674769	OK	 
REQUEST		request_1	1623508674605	1623508674831	OK	 
REQUEST		request_7	1623508674641	1623508674848	OK	 
REQUEST		request_7	1623508674769	1623508675000	OK	 
REQUEST		request_7	1623508674831	1623508675051	OK	 
REQUEST		request_8	1623508674848	1623508675087	OK	 
REQUEST		request_8	1623508675000	1623508675228	OK	 
REQUEST		request_2	1623508674406	1623508675251	OK	 
REQUEST		request_5	1623508674408	1623508675255	OK	 
REQUEST		request_3	1623508674407	1623508675255	OK	 
REQUEST		request_4	1623508674407	1623508675261	OK	 
REQUEST		request_6	1623508674408	1623508675267	OK	 
REQUEST		request_8	1623508675051	1623508675267	OK	 
REQUEST		request_9	1623508675087	1623508675345	OK	 
REQUEST		request_5	1623508674538	1623508675374	OK	 
REQUEST		request_6	1623508674538	1623508675376	OK	 
REQUEST		request_4	1623508674537	1623508675377	OK	 
REQUEST		request_3	1623508674537	1623508675380	OK	 
REQUEST		request_2	1623508674537	1623508675395	OK	 
REQUEST		request_5	1623508674610	1623508675440	OK	 
REQUEST		request_4	1623508674609	1623508675508	OK	 
REQUEST		request_9	1623508675228	1623508675508	OK	 
REQUEST		request_2	1623508674606	1623508675508	OK	 
REQUEST		request_10	1623508675251	1623508675508	OK	 
REQUEST		request_3	1623508674608	1623508675508	OK	 
REQUEST		request_6	1623508674611	1623508675509	OK	 
REQUEST		request_11	1623508675255	1623508675510	OK	 
REQUEST		request_12	1623508675255	1623508675511	OK	 
REQUEST		request_13	1623508675261	1623508675512	OK	 
REQUEST		request_9	1623508675267	1623508675513	OK	 
REQUEST		request_14	1623508675267	1623508675515	OK	 
REQUEST		request_10	1623508675374	1623508675604	OK	 
REQUEST		request_11	1623508675376	1623508675605	OK	 
REQUEST		request_13	1623508675381	1623508675605	OK	 
REQUEST		request_12	1623508675378	1623508675605	OK	 
REQUEST		request_14	1623508675396	1623508675610	OK	 
REQUEST		request_10	1623508675441	1623508675669	OK	 
REQUEST		request_15	1623508675345	1623508675750	OK	 
USER	PetStoreSimulation	END	1623508675752
USER	PetStoreSimulation	START	1623508675752
REQUEST		request_11	1623508675508	1623508675804	OK	 
REQUEST		request_14	1623508675509	1623508675805	OK	 
REQUEST		request_12	1623508675508	1623508675805	OK	 
REQUEST		request_13	1623508675508	1623508675821	OK	 
REQUEST		request_15	1623508675508	1623508675896	OK	 
USER	PetStoreSimulation	END	1623508675897
USER	PetStoreSimulation	START	1623508675897
REQUEST		request_15	1623508675513	1623508675981	OK	 
USER	PetStoreSimulation	END	1623508675983
USER	PetStoreSimulation	START	1623508675983
REQUEST		request_0	1623508675752	1623508676589	OK	 
REQUEST		request_0	1623508675898	1623508676757	OK	 
REQUEST		request_1	1623508676591	1623508676814	OK	 
REQUEST		request_0	1623508675984	1623508676814	OK	 
REQUEST		request_1	1623508676757	1623508676991	OK	 
REQUEST		request_1	1623508676815	1623508677044	OK	 
REQUEST		request_7	1623508676814	1623508677048	OK	 
REQUEST		request_7	1623508676991	1623508677219	OK	 
REQUEST		request_7	1623508677044	1623508677276	OK	 
REQUEST		request_8	1623508677048	1623508677279	OK	 
REQUEST		request_2	1623508676592	1623508677426	OK	 
REQUEST		request_3	1623508676592	1623508677427	OK	 
REQUEST		request_6	1623508676592	1623508677427	OK	 
REQUEST		request_4	1623508676592	1623508677435	OK	 
REQUEST		request_8	1623508677219	1623508677435	OK	 
REQUEST		request_5	1623508676592	1623508677472	OK	 
REQUEST		request_8	1623508677276	1623508677516	OK	 
REQUEST		request_9	1623508677280	1623508677519	OK	 
REQUEST		request_2	1623508676758	1623508677571	OK	 
REQUEST		request_4	1623508676758	1623508677574	OK	 
REQUEST		request_5	1623508676758	1623508677575	OK	 
REQUEST		request_3	1623508676758	1623508677585	OK	 
REQUEST		request_6	1623508676758	1623508677604	OK	 
REQUEST		request_6	1623508676816	1623508677661	OK	 
REQUEST		request_4	1623508676816	1623508677663	OK	 
REQUEST		request_3	1623508676816	1623508677664	OK	 
REQUEST		request_10	1623508677426	1623508677667	OK	 
REQUEST		request_9	1623508677435	1623508677667	OK	 
REQUEST		request_12	1623508677427	1623508677668	OK	 
REQUEST		request_11	1623508677427	1623508677668	OK	 
REQUEST		request_13	1623508677435	1623508677672	OK	 
REQUEST		request_5	1623508676816	1623508677676	OK	 
REQUEST		request_2	1623508676815	1623508677682	OK	 
REQUEST		request_14	1623508677472	1623508677718	OK	 
REQUEST		request_9	1623508677516	1623508677746	OK	 
REQUEST		request_10	1623508677571	1623508677786	OK	 
REQUEST		request_12	1623508677575	1623508677797	OK	 
REQUEST		request_11	1623508677574	1623508677799	OK	 
REQUEST		request_13	1623508677585	1623508677803	OK	 
REQUEST		request_14	1623508677604	1623508677884	OK	 
REQUEST		request_15	1623508677519	1623508677916	OK	 
REQUEST		request_10	1623508677661	1623508677916	OK	 
USER	PetStoreSimulation	END	1623508677917
USER	PetStoreSimulation	START	1623508677918
REQUEST		request_11	1623508677663	1623508677955	OK	 
REQUEST		request_12	1623508677664	1623508677956	OK	 
REQUEST		request_13	1623508677676	1623508677971	OK	 
REQUEST		request_14	1623508677683	1623508677974	OK	 
REQUEST		request_15	1623508677667	1623508678060	OK	 
USER	PetStoreSimulation	END	1623508678062
USER	PetStoreSimulation	START	1623508678062
REQUEST		request_15	1623508677746	1623508678153	OK	 
USER	PetStoreSimulation	END	1623508678155
USER	PetStoreSimulation	START	1623508678155
REQUEST		request_0	1623508677918	1623508678771	OK	 
REQUEST		request_0	1623508678062	1623508678918	OK	 
REQUEST		request_0	1623508678155	1623508678976	OK	 
REQUEST		request_1	1623508678772	1623508678990	OK	 
REQUEST		request_1	1623508678919	1623508679148	OK	 
REQUEST		request_7	1623508678990	1623508679222	OK	 
REQUEST		request_1	1623508678977	1623508679222	OK	 
REQUEST		request_7	1623508679148	1623508679385	OK	 
REQUEST		request_7	1623508679222	1623508679459	OK	 
REQUEST		request_8	1623508679222	1623508679460	OK	 
REQUEST		request_8	1623508679386	1623508679604	OK	 
REQUEST		request_6	1623508678773	1623508679609	OK	 
REQUEST		request_2	1623508678772	1623508679610	OK	 
REQUEST		request_4	1623508678773	1623508679616	OK	 
REQUEST		request_3	1623508678772	1623508679624	OK	 
REQUEST		request_5	1623508678773	1623508679672	OK	 
REQUEST		request_9	1623508679461	1623508679684	OK	 
REQUEST		request_8	1623508679459	1623508679684	OK	 
REQUEST		request_4	1623508678921	1623508679743	OK	 
REQUEST		request_3	1623508678920	1623508679746	OK	 
REQUEST		request_6	1623508678921	1623508679749	OK	 
REQUEST		request_5	1623508678921	1623508679780	OK	 
REQUEST		request_2	1623508678920	1623508679780	OK	 
REQUEST		request_3	1623508678977	1623508679817	OK	 
REQUEST		request_4	1623508678978	1623508679818	OK	 
REQUEST		request_9	1623508679604	1623508679820	OK	 
REQUEST		request_5	1623508678978	1623508679835	OK	 
REQUEST		request_6	1623508678978	1623508679835	OK	 
REQUEST		request_10	1623508679609	1623508679842	OK	 
REQUEST		request_11	1623508679610	1623508679842	OK	 
REQUEST		request_12	1623508679616	1623508679845	OK	 
REQUEST		request_13	1623508679624	1623508679848	OK	 
REQUEST		request_2	1623508678977	1623508679883	OK	 
REQUEST		request_14	1623508679672	1623508679896	OK	 
REQUEST		request_9	1623508679684	1623508679904	OK	 
REQUEST		request_10	1623508679743	1623508679964	OK	 
REQUEST		request_11	1623508679746	1623508679967	OK	 
REQUEST		request_12	1623508679749	1623508679968	OK	 
REQUEST		request_13	1623508679780	1623508680024	OK	 
REQUEST		request_14	1623508679780	1623508680025	OK	 
REQUEST		request_15	1623508679684	1623508680092	OK	 
REQUEST		request_10	1623508679818	1623508680092	OK	 
REQUEST		request_11	1623508679818	1623508680093	OK	 
USER	PetStoreSimulation	END	1623508680098
USER	PetStoreSimulation	START	1623508680099
REQUEST		request_12	1623508679835	1623508680140	OK	 
REQUEST		request_13	1623508679835	1623508680141	OK	 
REQUEST		request_14	1623508679883	1623508680141	OK	 
REQUEST		request_15	1623508679820	1623508680251	OK	 
USER	PetStoreSimulation	END	1623508680253
USER	PetStoreSimulation	START	1623508680253
REQUEST		request_15	1623508679904	1623508680289	OK	 
USER	PetStoreSimulation	END	1623508680291
USER	PetStoreSimulation	START	1623508680291
REQUEST		request_0	1623508680099	1623508680972	OK	 
REQUEST		request_0	1623508680291	1623508681132	OK	 
REQUEST		request_0	1623508680253	1623508681132	OK	 
REQUEST		request_1	1623508680973	1623508681216	OK	 
REQUEST		request_1	1623508681132	1623508681387	OK	 
REQUEST		request_1	1623508681132	1623508681387	OK	 
REQUEST		request_7	1623508681216	1623508681481	OK	 
REQUEST		request_7	1623508681387	1623508681696	OK	 
REQUEST		request_7	1623508681387	1623508681696	OK	 
REQUEST		request_8	1623508681482	1623508681727	OK	 
REQUEST		request_4	1623508680974	1623508681811	OK	 
REQUEST		request_2	1623508680973	1623508681818	OK	 
REQUEST		request_3	1623508680973	1623508681867	OK	 
REQUEST		request_5	1623508680974	1623508681868	OK	 
REQUEST		request_6	1623508680974	1623508681877	OK	 
REQUEST		request_8	1623508681696	1623508681936	OK	 
REQUEST		request_8	1623508681696	1623508681936	OK	 
REQUEST		request_9	1623508681727	1623508681944	OK	 
REQUEST		request_3	1623508681133	1623508681984	OK	 
REQUEST		request_5	1623508681133	1623508681986	OK	 
REQUEST		request_2	1623508681132	1623508681987	OK	 
REQUEST		request_4	1623508681133	1623508681988	OK	 
REQUEST		request_5	1623508681133	1623508681988	OK	 
REQUEST		request_4	1623508681133	1623508682040	OK	 
REQUEST		request_10	1623508681811	1623508682045	OK	 
REQUEST		request_2	1623508681132	1623508682047	OK	 
REQUEST		request_11	1623508681819	1623508682049	OK	 
REQUEST		request_6	1623508681133	1623508682050	OK	 
REQUEST		request_12	1623508681867	1623508682090	OK	 
REQUEST		request_6	1623508681133	1623508682091	OK	 
REQUEST		request_13	1623508681868	1623508682091	OK	 
REQUEST		request_3	1623508681133	1623508682097	OK	 
REQUEST		request_14	1623508681877	1623508682104	OK	 
REQUEST		request_9	1623508681937	1623508682199	OK	 
REQUEST		request_9	1623508681937	1623508682199	OK	 
REQUEST		request_11	1623508681986	1623508682216	OK	 
REQUEST		request_10	1623508681984	1623508682216	OK	 
REQUEST		request_10	1623508681987	1623508682218	OK	 
REQUEST		request_11	1623508681988	1623508682218	OK	 
REQUEST		request_12	1623508681989	1623508682219	OK	 
REQUEST		request_12	1623508682040	1623508682279	OK	 
REQUEST		request_13	1623508682047	1623508682279	OK	 
REQUEST		request_14	1623508682050	1623508682280	OK	 
REQUEST		request_13	1623508682091	1623508682327	OK	 
REQUEST		request_14	1623508682098	1623508682327	OK	 
REQUEST		request_15	1623508681944	1623508682351	OK	 
USER	PetStoreSimulation	END	1623508682352
USER	PetStoreSimulation	START	1623508682352
REQUEST		request_15	1623508682199	1623508682592	OK	 
USER	PetStoreSimulation	END	1623508682594
USER	PetStoreSimulation	START	1623508682594
REQUEST		request_15	1623508682199	1623508682684	OK	 
USER	PetStoreSimulation	END	1623508682685
USER	PetStoreSimulation	START	1623508682686
REQUEST		request_0	1623508682352	1623508683212	OK	 
REQUEST		request_1	1623508683213	1623508683459	OK	 
REQUEST		request_0	1623508682594	1623508683459	OK	 
REQUEST		request_0	1623508682686	1623508683562	OK	 
REQUEST		request_1	1623508683461	1623508683690	OK	 
REQUEST		request_7	1623508683460	1623508683693	OK	 
REQUEST		request_1	1623508683563	1623508683785	OK	 
REQUEST		request_7	1623508683690	1623508683908	OK	 
REQUEST		request_8	1623508683693	1623508683924	OK	 
REQUEST		request_7	1623508683785	1623508684020	OK	 
REQUEST		request_6	1623508683214	1623508684054	OK	 
REQUEST		request_3	1623508683213	1623508684059	OK	 
REQUEST		request_4	1623508683213	1623508684061	OK	 
REQUEST		request_2	1623508683213	1623508684080	OK	 
REQUEST		request_5	1623508683214	1623508684091	OK	 
REQUEST		request_8	1623508683908	1623508684160	OK	 
REQUEST		request_9	1623508683924	1623508684165	OK	 
REQUEST		request_8	1623508684020	1623508684269	OK	 
REQUEST		request_10	1623508684054	1623508684284	OK	 
REQUEST		request_11	1623508684059	1623508684287	OK	 
REQUEST		request_12	1623508684061	1623508684288	OK	 
REQUEST		request_3	1623508683463	1623508684302	OK	 
REQUEST		request_5	1623508683465	1623508684302	OK	 
REQUEST		request_2	1623508683462	1623508684308	OK	 
REQUEST		request_4	1623508683464	1623508684313	OK	 
REQUEST		request_13	1623508684080	1623508684313	OK	 
REQUEST		request_14	1623508684091	1623508684314	OK	 
REQUEST		request_6	1623508683466	1623508684316	OK	 
REQUEST		request_9	1623508684161	1623508684387	OK	 
REQUEST		request_5	1623508683564	1623508684410	OK	 
REQUEST		request_3	1623508683563	1623508684411	OK	 
REQUEST		request_4	1623508683564	1623508684412	OK	 
REQUEST		request_2	1623508683563	1623508684412	OK	 
REQUEST		request_6	1623508683564	1623508684416	OK	 
REQUEST		request_9	1623508684270	1623508684525	OK	 
REQUEST		request_10	1623508684302	1623508684525	OK	 
REQUEST		request_11	1623508684302	1623508684525	OK	 
REQUEST		request_12	1623508684308	1623508684532	OK	 
REQUEST		request_13	1623508684313	1623508684536	OK	 
REQUEST		request_14	1623508684316	1623508684539	OK	 
REQUEST		request_15	1623508684165	1623508684591	OK	 
USER	PetStoreSimulation	END	1623508684593
USER	PetStoreSimulation	START	1623508684593
REQUEST		request_10	1623508684410	1623508684651	OK	 
REQUEST		request_11	1623508684411	1623508684651	OK	 
REQUEST		request_12	1623508684412	1623508684652	OK	 
REQUEST		request_13	1623508684413	1623508684652	OK	 
REQUEST		request_14	1623508684416	1623508684653	OK	 
REQUEST		request_15	1623508684387	1623508684766	OK	 
USER	PetStoreSimulation	END	1623508684767
USER	PetStoreSimulation	START	1623508684767
REQUEST		request_15	1623508684525	1623508684911	OK	 
USER	PetStoreSimulation	END	1623508684912
USER	PetStoreSimulation	START	1623508684912
REQUEST		request_0	1623508684593	1623508685438	OK	 
REQUEST		request_0	1623508684767	1623508685611	OK	 
REQUEST		request_1	1623508685438	1623508685680	OK	 
REQUEST		request_0	1623508684912	1623508685734	OK	 
REQUEST		request_1	1623508685612	1623508685835	OK	 
REQUEST		request_7	1623508685681	1623508685910	OK	 
REQUEST		request_1	1623508685734	1623508685978	OK	 
REQUEST		request_7	1623508685835	1623508686089	OK	 
REQUEST		request_8	1623508685910	1623508686150	OK	 
REQUEST		request_7	1623508685979	1623508686205	OK	 
REQUEST		request_2	1623508685438	1623508686302	OK	 
REQUEST		request_6	1623508685439	1623508686304	OK	 
REQUEST		request_3	1623508685439	1623508686304	OK	 
REQUEST		request_5	1623508685439	1623508686308	OK	 
REQUEST		request_4	1623508685439	1623508686309	OK	 
REQUEST		request_8	1623508686089	1623508686335	OK	 
REQUEST		request_9	1623508686150	1623508686381	OK	 
REQUEST		request_8	1623508686205	1623508686426	OK	 
REQUEST		request_3	1623508685612	1623508686448	OK	 
REQUEST		request_2	1623508685612	1623508686454	OK	 
REQUEST		request_4	1623508685612	1623508686456	OK	 
REQUEST		request_5	1623508685612	1623508686457	OK	 
REQUEST		request_6	1623508685613	1623508686477	OK	 
REQUEST		request_12	1623508686304	1623508686528	OK	 
REQUEST		request_11	1623508686304	1623508686528	OK	 
REQUEST		request_13	1623508686308	1623508686531	OK	 
REQUEST		request_14	1623508686309	1623508686531	OK	 
REQUEST		request_10	1623508686302	1623508686532	OK	 
REQUEST		request_9	1623508686335	1623508686550	OK	 
REQUEST		request_6	1623508685736	1623508686613	OK	 
REQUEST		request_2	1623508685735	1623508686616	OK	 
REQUEST		request_4	1623508685735	1623508686621	OK	 
REQUEST		request_5	1623508685735	1623508686624	OK	 
REQUEST		request_3	1623508685735	1623508686628	OK	 
REQUEST		request_9	1623508686427	1623508686666	OK	 
REQUEST		request_10	1623508686448	1623508686691	OK	 
REQUEST		request_11	1623508686454	1623508686692	OK	 
REQUEST		request_12	1623508686456	1623508686700	OK	 
REQUEST		request_13	1623508686458	1623508686700	OK	 
REQUEST		request_14	1623508686477	1623508686715	OK	 
REQUEST		request_15	1623508686381	1623508686779	OK	 
USER	PetStoreSimulation	END	1623508686781
USER	PetStoreSimulation	START	1623508686781
REQUEST		request_11	1623508686616	1623508686883	OK	 
REQUEST		request_10	1623508686613	1623508686884	OK	 
REQUEST		request_14	1623508686628	1623508686885	OK	 
REQUEST		request_12	1623508686622	1623508686886	OK	 
REQUEST		request_13	1623508686624	1623508686886	OK	 
REQUEST		request_15	1623508686551	1623508686964	OK	 
USER	PetStoreSimulation	END	1623508686966
USER	PetStoreSimulation	START	1623508686966
REQUEST		request_15	1623508686666	1623508687056	OK	 
USER	PetStoreSimulation	END	1623508687058
USER	PetStoreSimulation	START	1623508687059
REQUEST		request_0	1623508686782	1623508687637	OK	 
REQUEST		request_0	1623508686966	1623508687815	OK	 
REQUEST		request_1	1623508687637	1623508687866	OK	 
REQUEST		request_0	1623508687059	1623508687919	OK	 
REQUEST		request_1	1623508687816	1623508688063	OK	 
REQUEST		request_7	1623508687867	1623508688116	OK	 
REQUEST		request_1	1623508687920	1623508688161	OK	 
REQUEST		request_7	1623508688063	1623508688320	OK	 
REQUEST		request_8	1623508688117	1623508688352	OK	 
REQUEST		request_7	1623508688161	1623508688416	OK	 
REQUEST		request_6	1623508687638	1623508688513	OK	 
REQUEST		request_4	1623508687638	1623508688515	OK	 
REQUEST		request_3	1623508687638	1623508688518	OK	 
REQUEST		request_2	1623508687638	1623508688530	OK	 
REQUEST		request_5	1623508687638	1623508688532	OK	 
REQUEST		request_8	1623508688320	1623508688543	OK	 
REQUEST		request_9	1623508688352	1623508688591	OK	 
REQUEST		request_8	1623508688416	1623508688640	OK	 
REQUEST		request_2	1623508687816	1623508688682	OK	 
REQUEST		request_5	1623508687817	1623508688682	OK	 
REQUEST		request_3	1623508687816	1623508688683	OK	 
REQUEST		request_4	1623508687817	1623508688691	OK	 
REQUEST		request_6	1623508687817	1623508688696	OK	 
REQUEST		request_10	1623508688513	1623508688745	OK	 
REQUEST		request_12	1623508688518	1623508688750	OK	 
REQUEST		request_11	1623508688516	1623508688750	OK	 
REQUEST		request_13	1623508688531	1623508688758	OK	 
REQUEST		request_14	1623508688532	1623508688758	OK	 
REQUEST		request_9	1623508688543	1623508688760	OK	 
REQUEST		request_3	1623508687920	1623508688769	OK	 
REQUEST		request_5	1623508687921	1623508688770	OK	 
REQUEST		request_6	1623508687921	1623508688770	OK	 
REQUEST		request_4	1623508687921	1623508688777	OK	 
REQUEST		request_2	1623508687920	1623508688798	OK	 
REQUEST		request_9	1623508688640	1623508688877	OK	 
REQUEST		request_10	1623508688682	1623508688907	OK	 
REQUEST		request_12	1623508688684	1623508688907	OK	 
REQUEST		request_11	1623508688682	1623508688907	OK	 
REQUEST		request_13	1623508688691	1623508688919	OK	 
REQUEST		request_14	1623508688696	1623508688924	OK	 
REQUEST		request_15	1623508688591	1623508688996	OK	 
REQUEST		request_10	1623508688769	1623508688996	OK	 
USER	PetStoreSimulation	END	1623508688999
USER	PetStoreSimulation	START	1623508689000
REQUEST		request_11	1623508688770	1623508689004	OK	 
REQUEST		request_12	1623508688770	1623508689005	OK	 
REQUEST		request_13	1623508688777	1623508689005	OK	 
REQUEST		request_14	1623508688798	1623508689059	OK	 
REQUEST		request_15	1623508688760	1623508689151	OK	 
USER	PetStoreSimulation	END	1623508689152
USER	PetStoreSimulation	START	1623508689153
REQUEST		request_15	1623508688877	1623508689276	OK	 
USER	PetStoreSimulation	END	1623508689278
USER	PetStoreSimulation	START	1623508689278
REQUEST		request_0	1623508689000	1623508689840	OK	 
REQUEST		request_0	1623508689153	1623508690044	OK	 
REQUEST		request_1	1623508689842	1623508690063	OK	 
REQUEST		request_0	1623508689278	1623508690115	OK	 
REQUEST		request_7	1623508690063	1623508690289	OK	 
REQUEST		request_1	1623508690045	1623508690295	OK	 
REQUEST		request_1	1623508690116	1623508690351	OK	 
REQUEST		request_8	1623508690289	1623508690511	OK	 
REQUEST		request_7	1623508690296	1623508690528	OK	 
REQUEST		request_7	1623508690351	1623508690570	OK	 
REQUEST		request_3	1623508689844	1623508690712	OK	 
REQUEST		request_2	1623508689843	1623508690713	OK	 
REQUEST		request_5	1623508689846	1623508690714	OK	 
REQUEST		request_4	1623508689845	1623508690715	OK	 
REQUEST		request_6	1623508689847	1623508690716	OK	 
REQUEST		request_9	1623508690511	1623508690728	OK	 
REQUEST		request_8	1623508690529	1623508690766	OK	 
REQUEST		request_8	1623508690570	1623508690798	OK	 
REQUEST		request_6	1623508690046	1623508690880	OK	 
REQUEST		request_3	1623508690045	1623508690905	OK	 
REQUEST		request_2	1623508690045	1623508690915	OK	 
REQUEST		request_4	1623508690046	1623508690916	OK	 
REQUEST		request_5	1623508690046	1623508690918	OK	 
REQUEST		request_10	1623508690712	1623508690941	OK	 
REQUEST		request_11	1623508690713	1623508690941	OK	 
REQUEST		request_12	1623508690714	1623508690941	OK	 
REQUEST		request_13	1623508690715	1623508690946	OK	 
REQUEST		request_6	1623508690117	1623508690950	OK	 
REQUEST		request_3	1623508690116	1623508690951	OK	 
REQUEST		request_14	1623508690716	1623508690953	OK	 
REQUEST		request_2	1623508690116	1623508690975	OK	 
REQUEST		request_4	1623508690116	1623508690975	OK	 
REQUEST		request_5	1623508690117	1623508690984	OK	 
REQUEST		request_9	1623508690766	1623508690990	OK	 
REQUEST		request_9	1623508690798	1623508691030	OK	 
REQUEST		request_15	1623508690728	1623508691101	OK	 
USER	PetStoreSimulation	END	1623508691105
REQUEST		request_10	1623508690880	1623508691105	OK	 
USER	PetStoreSimulation	START	1623508691106
REQUEST		request_11	1623508690906	1623508691122	OK	 
REQUEST		request_12	1623508690915	1623508691133	OK	 
REQUEST		request_13	1623508690916	1623508691136	OK	 
REQUEST		request_14	1623508690918	1623508691140	OK	 
REQUEST		request_10	1623508690950	1623508691183	OK	 
REQUEST		request_11	1623508690951	1623508691185	OK	 
REQUEST		request_13	1623508690975	1623508691201	OK	 
REQUEST		request_12	1623508690975	1623508691201	OK	 
REQUEST		request_14	1623508690984	1623508691209	OK	 
REQUEST		request_15	1623508690990	1623508691361	OK	 
USER	PetStoreSimulation	END	1623508691362
USER	PetStoreSimulation	START	1623508691363
REQUEST		request_15	1623508691030	1623508691453	OK	 
USER	PetStoreSimulation	END	1623508691457
USER	PetStoreSimulation	START	1623508691458
REQUEST		request_0	1623508691106	1623508691930	OK	 
REQUEST		request_1	1623508691930	1623508692152	OK	 
REQUEST		request_0	1623508691363	1623508692220	OK	 
REQUEST		request_0	1623508691458	1623508692300	OK	 
REQUEST		request_7	1623508692152	1623508692389	OK	 
REQUEST		request_1	1623508692220	1623508692450	OK	 
REQUEST		request_1	1623508692301	1623508692531	OK	 
REQUEST		request_8	1623508692389	1623508692610	OK	 
REQUEST		request_7	1623508692451	1623508692670	OK	 
REQUEST		request_7	1623508692531	1623508692749	OK	 
REQUEST		request_5	1623508691931	1623508692753	OK	 
REQUEST		request_6	1623508691931	1623508692753	OK	 
REQUEST		request_4	1623508691931	1623508692755	OK	 
REQUEST		request_3	1623508691930	1623508692770	OK	 
REQUEST		request_2	1623508691930	1623508692772	OK	 
REQUEST		request_9	1623508692610	1623508692827	OK	 
REQUEST		request_8	1623508692670	1623508692890	OK	 
REQUEST		request_10	1623508692753	1623508692994	OK	 
REQUEST		request_8	1623508692749	1623508692994	OK	 
REQUEST		request_11	1623508692753	1623508692994	OK	 
REQUEST		request_12	1623508692755	1623508692997	OK	 
REQUEST		request_13	1623508692770	1623508693004	OK	 
REQUEST		request_14	1623508692773	1623508693004	OK	 
REQUEST		request_3	1623508692221	1623508693038	OK	 
REQUEST		request_6	1623508692221	1623508693043	OK	 
REQUEST		request_5	1623508692221	1623508693044	OK	 
REQUEST		request_2	1623508692220	1623508693045	OK	 
REQUEST		request_4	1623508692221	1623508693061	OK	 
REQUEST		request_5	1623508692302	1623508693135	OK	 
REQUEST		request_9	1623508692890	1623508693139	OK	 
REQUEST		request_2	1623508692301	1623508693146	OK	 
REQUEST		request_6	1623508692302	1623508693150	OK	 
REQUEST		request_4	1623508692301	1623508693151	OK	 
REQUEST		request_3	1623508692301	1623508693159	OK	 
REQUEST		request_9	1623508692995	1623508693230	OK	 
REQUEST		request_15	1623508692828	1623508693233	OK	 
USER	PetStoreSimulation	END	1623508693235
USER	PetStoreSimulation	START	1623508693235
REQUEST		request_10	1623508693039	1623508693275	OK	 
REQUEST		request_12	1623508693044	1623508693278	OK	 
REQUEST		request_11	1623508693043	1623508693279	OK	 
REQUEST		request_13	1623508693045	1623508693279	OK	 
REQUEST		request_14	1623508693061	1623508693290	OK	 
REQUEST		request_10	1623508693135	1623508693353	OK	 
REQUEST		request_11	1623508693146	1623508693374	OK	 
REQUEST		request_12	1623508693150	1623508693375	OK	 
REQUEST		request_13	1623508693151	1623508693375	OK	 
REQUEST		request_14	1623508693159	1623508693380	OK	 
REQUEST		request_15	1623508693139	1623508693509	OK	 
USER	PetStoreSimulation	END	1623508693510
USER	PetStoreSimulation	START	1623508693511
REQUEST		request_15	1623508693230	1623508693627	OK	 
USER	PetStoreSimulation	END	1623508693628
USER	PetStoreSimulation	START	1623508693629
REQUEST		request_0	1623508693236	1623508694126	OK	 
REQUEST		request_1	1623508694127	1623508694358	OK	 
REQUEST		request_0	1623508693511	1623508694358	OK	 
REQUEST		request_0	1623508693629	1623508694490	OK	 
REQUEST		request_1	1623508694360	1623508694591	OK	 
REQUEST		request_7	1623508694358	1623508694594	OK	 
REQUEST		request_1	1623508694491	1623508694695	OK	 
REQUEST		request_7	1623508694591	1623508694804	OK	 
REQUEST		request_8	1623508694594	1623508694814	OK	 
REQUEST		request_7	1623508694696	1623508694927	OK	 
REQUEST		request_6	1623508694128	1623508694928	OK	 
REQUEST		request_5	1623508694128	1623508694943	OK	 
REQUEST		request_3	1623508694127	1623508694944	OK	 
REQUEST		request_4	1623508694127	1623508694945	OK	 
REQUEST		request_2	1623508694127	1623508694962	OK	 
REQUEST		request_8	1623508694804	1623508695029	OK	 
REQUEST		request_9	1623508694814	1623508695045	OK	 
REQUEST		request_10	1623508694928	1623508695176	OK	 
REQUEST		request_8	1623508694927	1623508695176	OK	 
REQUEST		request_12	1623508694944	1623508695186	OK	 
REQUEST		request_13	1623508694945	1623508695186	OK	 
REQUEST		request_11	1623508694943	1623508695186	OK	 
REQUEST		request_14	1623508694963	1623508695189	OK	 
REQUEST		request_2	1623508694360	1623508695221	OK	 
REQUEST		request_5	1623508694362	1623508695221	OK	 
REQUEST		request_6	1623508694362	1623508695222	OK	 
REQUEST		request_3	1623508694361	1623508695226	OK	 
REQUEST		request_4	1623508694361	1623508695230	OK	 
REQUEST		request_9	1623508695030	1623508695271	OK	 
REQUEST		request_3	1623508694492	1623508695323	OK	 
REQUEST		request_2	1623508694491	1623508695325	OK	 
REQUEST		request_4	1623508694492	1623508695331	OK	 
REQUEST		request_5	1623508694492	1623508695346	OK	 
REQUEST		request_6	1623508694492	1623508695347	OK	 
REQUEST		request_9	1623508695177	1623508695406	OK	 
REQUEST		request_15	1623508695045	1623508695430	OK	 
USER	PetStoreSimulation	END	1623508695431
USER	PetStoreSimulation	START	1623508695432
REQUEST		request_10	1623508695221	1623508695443	OK	 
REQUEST		request_12	1623508695222	1623508695444	OK	 
REQUEST		request_11	1623508695221	1623508695446	OK	 
REQUEST		request_13	1623508695227	1623508695449	OK	 
REQUEST		request_14	1623508695230	1623508695449	OK	 
REQUEST		request_10	1623508695323	1623508695546	OK	 
REQUEST		request_11	1623508695325	1623508695547	OK	 
REQUEST		request_12	1623508695331	1623508695549	OK	 
REQUEST		request_13	1623508695346	1623508695570	OK	 
REQUEST		request_14	1623508695347	1623508695570	OK	 
REQUEST		request_15	1623508695271	1623508695659	OK	 
USER	PetStoreSimulation	END	1623508695661
USER	PetStoreSimulation	START	1623508695661
REQUEST		request_15	1623508695406	1623508695816	OK	 
USER	PetStoreSimulation	END	1623508695818
USER	PetStoreSimulation	START	1623508695818
REQUEST		request_0	1623508695432	1623508696283	OK	 
REQUEST		request_1	1623508696284	1623508696511	OK	 
REQUEST		request_0	1623508695661	1623508696535	OK	 
REQUEST		request_0	1623508695818	1623508696656	OK	 
REQUEST		request_7	1623508696512	1623508696748	OK	 
REQUEST		request_1	1623508696536	1623508696764	OK	 
REQUEST		request_1	1623508696657	1623508696889	OK	 
REQUEST		request_8	1623508696748	1623508696985	OK	 
REQUEST		request_7	1623508696764	1623508696985	OK	 
REQUEST		request_3	1623508696285	1623508697126	OK	 
REQUEST		request_4	1623508696285	1623508697128	OK	 
REQUEST		request_5	1623508696285	1623508697129	OK	 
REQUEST		request_7	1623508696890	1623508697130	OK	 
REQUEST		request_6	1623508696285	1623508697130	OK	 
REQUEST		request_2	1623508696285	1623508697144	OK	 
REQUEST		request_8	1623508696985	1623508697208	OK	 
REQUEST		request_9	1623508696985	1623508697211	OK	 
REQUEST		request_4	1623508696539	1623508697355	OK	 
REQUEST		request_6	1623508696540	1623508697356	OK	 
REQUEST		request_2	1623508696537	1623508697367	OK	 
REQUEST		request_10	1623508697126	1623508697367	OK	 
REQUEST		request_8	1623508697130	1623508697368	OK	 
REQUEST		request_5	1623508696540	1623508697368	OK	 
REQUEST		request_11	1623508697128	1623508697368	OK	 
REQUEST		request_12	1623508697129	1623508697368	OK	 
REQUEST		request_3	1623508696538	1623508697368	OK	 
REQUEST		request_13	1623508697130	1623508697374	OK	 
REQUEST		request_14	1623508697144	1623508697380	OK	 
REQUEST		request_9	1623508697208	1623508697446	OK	 
REQUEST		request_3	1623508696657	1623508697509	OK	 
REQUEST		request_4	1623508696658	1623508697513	OK	 
REQUEST		request_6	1623508696658	1623508697520	OK	 
REQUEST		request_2	1623508696657	1623508697521	OK	 
REQUEST		request_5	1623508696658	1623508697522	OK	 
REQUEST		request_15	1623508697211	1623508697608	OK	 
REQUEST		request_11	1623508697356	1623508697608	OK	 
REQUEST		request_10	1623508697355	1623508697608	OK	 
REQUEST		request_12	1623508697367	1623508697609	OK	 
USER	PetStoreSimulation	END	1623508697609
REQUEST		request_13	1623508697368	1623508697610	OK	 
REQUEST		request_9	1623508697368	1623508697611	OK	 
REQUEST		request_14	1623508697368	1623508697614	OK	 
REQUEST		request_10	1623508697510	1623508697745	OK	 
REQUEST		request_11	1623508697513	1623508697745	OK	 
REQUEST		request_12	1623508697520	1623508697748	OK	 
REQUEST		request_13	1623508697521	1623508697749	OK	 
REQUEST		request_14	1623508697522	1623508697749	OK	 
REQUEST		request_15	1623508697446	1623508697836	OK	 
USER	PetStoreSimulation	END	1623508697837
REQUEST		request_15	1623508697611	1623508697982	OK	 
USER	PetStoreSimulation	END	1623508697984
