RUN	com.octoperf.tutorials.one.PetStoreSimulation4	petstoresimulation4	1623554738151	testing	3.6.0
USER	PetStoreSimulation	START	1623554740094
USER	PetStoreSimulation	START	1623554740427
USER	PetStoreSimulation	START	1623554740760
REQUEST		request_0	1623554740117	1623554740994	OK	 
REQUEST		request_1	1623554741053	1623554741314	OK	 
REQUEST		request_0	1623554740428	1623554741412	OK	 
REQUEST		request_7	1623554741371	1623554741788	OK	 
REQUEST		request_1	1623554741418	1623554741850	OK	 
REQUEST		request_0	1623554740761	1623554741856	OK	 
REQUEST		request_8	1623554741791	1623554742049	OK	 
REQUEST		request_4	1623554741058	1623554742052	OK	 
REQUEST		request_3	1623554741057	1623554742100	OK	 
REQUEST		request_7	1623554741852	1623554742101	OK	 
REQUEST		request_5	1623554741059	1623554742104	OK	 
REQUEST		request_1	1623554741859	1623554742110	OK	 
REQUEST		request_2	1623554741056	1623554742171	OK	 
REQUEST		request_6	1623554741060	1623554742281	OK	 
REQUEST		request_9	1623554742050	1623554742342	OK	 
REQUEST		request_10	1623554742053	1623554742346	OK	 
REQUEST		request_12	1623554742106	1623554742449	OK	 
REQUEST		request_11	1623554742102	1623554742452	OK	 
REQUEST		request_8	1623554742102	1623554742458	OK	 
REQUEST		request_13	1623554742173	1623554742459	OK	 
REQUEST		request_7	1623554742112	1623554742461	OK	 
REQUEST		request_14	1623554742282	1623554742510	OK	 
REQUEST		request_4	1623554741423	1623554742629	OK	 
REQUEST		request_2	1623554741420	1623554742667	OK	 
REQUEST		request_8	1623554742463	1623554742686	OK	 
REQUEST		request_3	1623554741422	1623554742686	OK	 
REQUEST		request_9	1623554742460	1623554742690	OK	 
REQUEST		request_6	1623554741425	1623554742696	OK	 
REQUEST		request_15	1623554742343	1623554742848	OK	 
REQUEST		request_4	1623554741862	1623554742848	OK	 
REQUEST		request_5	1623554741424	1623554742859	OK	 
REQUEST		request_2	1623554741860	1623554742859	OK	 
USER	PetStoreSimulation	END	1623554742860
REQUEST		request_3	1623554741861	1623554742863	OK	 
REQUEST		request_10	1623554742630	1623554742864	OK	 
USER	PetStoreSimulation	START	1623554742863
REQUEST		request_5	1623554741862	1623554742866	OK	 
REQUEST		request_6	1623554741863	1623554742869	OK	 
REQUEST		request_11	1623554742669	1623554742948	OK	 
REQUEST		request_9	1623554742688	1623554742948	OK	 
REQUEST		request_12	1623554742688	1623554742949	OK	 
REQUEST		request_13	1623554742692	1623554742958	OK	 
REQUEST		request_14	1623554742697	1623554742960	OK	 
REQUEST		request_10	1623554742849	1623554743070	OK	 
REQUEST		request_11	1623554742861	1623554743098	OK	 
REQUEST		request_12	1623554742864	1623554743100	OK	 
REQUEST		request_13	1623554742868	1623554743101	OK	 
REQUEST		request_14	1623554742870	1623554743102	OK	 
REQUEST		request_15	1623554742860	1623554743328	OK	 
USER	PetStoreSimulation	END	1623554743333
USER	PetStoreSimulation	START	1623554743334
REQUEST		request_15	1623554742949	1623554743449	OK	 
USER	PetStoreSimulation	END	1623554743457
USER	PetStoreSimulation	START	1623554743461
REQUEST		request_0	1623554742864	1623554743887	OK	 
REQUEST		request_1	1623554743890	1623554744123	OK	 
REQUEST		request_0	1623554743335	1623554744274	OK	 
REQUEST		request_0	1623554743463	1623554744400	OK	 
REQUEST		request_7	1623554744126	1623554744409	OK	 
REQUEST		request_1	1623554744279	1623554744531	OK	 
REQUEST		request_1	1623554744406	1623554744639	OK	 
REQUEST		request_8	1623554744410	1623554744639	OK	 
REQUEST		request_2	1623554743891	1623554744709	OK	 
REQUEST		request_4	1623554743892	1623554744712	OK	 
REQUEST		request_7	1623554744532	1623554744760	OK	 
REQUEST		request_5	1623554743892	1623554744780	OK	 
REQUEST		request_6	1623554743893	1623554744785	OK	 
REQUEST		request_3	1623554743891	1623554744840	OK	 
REQUEST		request_7	1623554744640	1623554744906	OK	 
REQUEST		request_9	1623554744640	1623554744939	OK	 
REQUEST		request_11	1623554744713	1623554744948	OK	 
REQUEST		request_10	1623554744710	1623554744949	OK	 
REQUEST		request_8	1623554744762	1623554744980	OK	 
REQUEST		request_12	1623554744782	1623554744999	OK	 
REQUEST		request_13	1623554744786	1623554745000	OK	 
REQUEST		request_14	1623554744841	1623554745060	OK	 
REQUEST		request_8	1623554744907	1623554745124	OK	 
REQUEST		request_4	1623554744282	1623554745161	OK	 
REQUEST		request_9	1623554744981	1623554745200	OK	 
REQUEST		request_6	1623554744284	1623554745204	OK	 
REQUEST		request_5	1623554744283	1623554745228	OK	 
REQUEST		request_3	1623554744281	1623554745231	OK	 
REQUEST		request_2	1623554744280	1623554745238	OK	 
REQUEST		request_2	1623554744407	1623554745264	OK	 
REQUEST		request_6	1623554744412	1623554745298	OK	 
REQUEST		request_3	1623554744408	1623554745301	OK	 
REQUEST		request_5	1623554744411	1623554745304	OK	 
REQUEST		request_15	1623554744941	1623554745380	OK	 
REQUEST		request_4	1623554744410	1623554745381	OK	 
REQUEST		request_9	1623554745125	1623554745383	OK	 
USER	PetStoreSimulation	END	1623554745386
USER	PetStoreSimulation	START	1623554745387
REQUEST		request_10	1623554745163	1623554745390	OK	 
REQUEST		request_11	1623554745202	1623554745439	OK	 
REQUEST		request_12	1623554745205	1623554745440	OK	 
REQUEST		request_13	1623554745229	1623554745499	OK	 
REQUEST		request_14	1623554745232	1623554745500	OK	 
REQUEST		request_10	1623554745265	1623554745540	OK	 
REQUEST		request_11	1623554745299	1623554745542	OK	 
REQUEST		request_12	1623554745302	1623554745543	OK	 
REQUEST		request_13	1623554745305	1623554745544	OK	 
REQUEST		request_14	1623554745382	1623554745611	OK	 
REQUEST		request_15	1623554745239	1623554745731	OK	 
USER	PetStoreSimulation	END	1623554745741
USER	PetStoreSimulation	START	1623554745744
REQUEST		request_15	1623554745384	1623554745809	OK	 
USER	PetStoreSimulation	END	1623554745815
USER	PetStoreSimulation	START	1623554745817
REQUEST		request_0	1623554745388	1623554746256	OK	 
REQUEST		request_1	1623554746261	1623554746476	OK	 
REQUEST		request_0	1623554745744	1623554746645	OK	 
REQUEST		request_0	1623554745817	1623554746647	OK	 
REQUEST		request_7	1623554746478	1623554746702	OK	 
REQUEST		request_1	1623554746649	1623554746904	OK	 
REQUEST		request_8	1623554746703	1623554746958	OK	 
REQUEST		request_1	1623554746651	1623554746958	OK	 
REQUEST		request_3	1623554746263	1623554747125	OK	 
REQUEST		request_5	1623554746265	1623554747138	OK	 
REQUEST		request_7	1623554746905	1623554747139	OK	 
REQUEST		request_4	1623554746264	1623554747142	OK	 
REQUEST		request_9	1623554746959	1623554747181	OK	 
REQUEST		request_7	1623554746959	1623554747188	OK	 
REQUEST		request_2	1623554746262	1623554747259	OK	 
REQUEST		request_6	1623554746266	1623554747321	OK	 
REQUEST		request_10	1623554747127	1623554747392	OK	 
REQUEST		request_11	1623554747140	1623554747402	OK	 
REQUEST		request_8	1623554747140	1623554747402	OK	 
REQUEST		request_12	1623554747142	1623554747403	OK	 
REQUEST		request_13	1623554747182	1623554747419	OK	 
REQUEST		request_8	1623554747189	1623554747437	OK	 
REQUEST		request_14	1623554747261	1623554747477	OK	 
REQUEST		request_3	1623554746651	1623554747628	OK	 
REQUEST		request_3	1623554746653	1623554747628	OK	 
REQUEST		request_9	1623554747403	1623554747635	OK	 
REQUEST		request_9	1623554747439	1623554747660	OK	 
REQUEST		request_5	1623554746653	1623554747703	OK	 
REQUEST		request_2	1623554746652	1623554747704	OK	 
REQUEST		request_15	1623554747323	1623554747795	OK	 
REQUEST		request_4	1623554746653	1623554747797	OK	 
REQUEST		request_6	1623554746654	1623554747798	OK	 
REQUEST		request_5	1623554746654	1623554747802	OK	 
REQUEST		request_2	1623554746651	1623554747804	OK	 
REQUEST		request_6	1623554746654	1623554747808	OK	 
REQUEST		request_4	1623554746652	1623554747809	OK	 
USER	PetStoreSimulation	END	1623554747809
USER	PetStoreSimulation	START	1623554747815
REQUEST		request_10	1623554747629	1623554747850	OK	 
REQUEST		request_10	1623554747629	1623554747850	OK	 
REQUEST		request_11	1623554747636	1623554747873	OK	 
REQUEST		request_11	1623554747661	1623554747909	OK	 
REQUEST		request_12	1623554747706	1623554747929	OK	 
REQUEST		request_12	1623554747705	1623554747929	OK	 
REQUEST		request_13	1623554747799	1623554748021	OK	 
REQUEST		request_13	1623554747801	1623554748160	OK	 
REQUEST		request_14	1623554747806	1623554748230	OK	 
REQUEST		request_14	1623554747805	1623554748230	OK	 
REQUEST		request_15	1623554747810	1623554748303	OK	 
REQUEST		request_15	1623554747811	1623554748305	OK	 
USER	PetStoreSimulation	END	1623554748307
USER	PetStoreSimulation	END	1623554748309
USER	PetStoreSimulation	START	1623554748308
USER	PetStoreSimulation	START	1623554748310
REQUEST		request_0	1623554747816	1623554748731	OK	 
REQUEST		request_1	1623554748735	1623554748968	OK	 
REQUEST		request_0	1623554748309	1623554749197	OK	 
REQUEST		request_0	1623554748310	1623554749197	OK	 
REQUEST		request_7	1623554748970	1623554749240	OK	 
REQUEST		request_1	1623554749200	1623554749419	OK	 
REQUEST		request_1	1623554749201	1623554749419	OK	 
REQUEST		request_8	1623554749241	1623554749462	OK	 
REQUEST		request_2	1623554748737	1623554749552	OK	 
REQUEST		request_3	1623554748738	1623554749559	OK	 
REQUEST		request_6	1623554748740	1623554749564	OK	 
REQUEST		request_4	1623554748739	1623554749609	OK	 
REQUEST		request_5	1623554748739	1623554749618	OK	 
REQUEST		request_7	1623554749422	1623554749669	OK	 
REQUEST		request_7	1623554749422	1623554749671	OK	 
REQUEST		request_9	1623554749463	1623554749710	OK	 
REQUEST		request_10	1623554749552	1623554749774	OK	 
REQUEST		request_11	1623554749560	1623554749777	OK	 
REQUEST		request_12	1623554749564	1623554749783	OK	 
REQUEST		request_13	1623554749610	1623554749851	OK	 
REQUEST		request_14	1623554749620	1623554749853	OK	 
REQUEST		request_8	1623554749669	1623554749899	OK	 
REQUEST		request_8	1623554749672	1623554749899	OK	 
REQUEST		request_4	1623554749203	1623554750000	OK	 
REQUEST		request_2	1623554749202	1623554750006	OK	 
REQUEST		request_3	1623554749202	1623554750014	OK	 
REQUEST		request_3	1623554749202	1623554750014	OK	 
REQUEST		request_5	1623554749203	1623554750047	OK	 
REQUEST		request_6	1623554749205	1623554750059	OK	 
REQUEST		request_5	1623554749204	1623554750064	OK	 
REQUEST		request_4	1623554749203	1623554750066	OK	 
REQUEST		request_2	1623554749201	1623554750072	OK	 
REQUEST		request_15	1623554749711	1623554750128	OK	 
REQUEST		request_6	1623554749204	1623554750128	OK	 
REQUEST		request_9	1623554749899	1623554750129	OK	 
REQUEST		request_9	1623554749899	1623554750131	OK	 
USER	PetStoreSimulation	END	1623554750134
USER	PetStoreSimulation	START	1623554750136
REQUEST		request_10	1623554750001	1623554750229	OK	 
REQUEST		request_11	1623554750007	1623554750230	OK	 
REQUEST		request_12	1623554750015	1623554750232	OK	 
REQUEST		request_10	1623554750016	1623554750232	OK	 
REQUEST		request_11	1623554750048	1623554750268	OK	 
REQUEST		request_13	1623554750059	1623554750268	OK	 
REQUEST		request_14	1623554750064	1623554750280	OK	 
REQUEST		request_12	1623554750067	1623554750282	OK	 
REQUEST		request_13	1623554750073	1623554750290	OK	 
REQUEST		request_14	1623554750129	1623554750408	OK	 
REQUEST		request_15	1623554750132	1623554750508	OK	 
USER	PetStoreSimulation	END	1623554750514
USER	PetStoreSimulation	START	1623554750516
REQUEST		request_15	1623554750129	1623554750562	OK	 
USER	PetStoreSimulation	END	1623554750565
USER	PetStoreSimulation	START	1623554750566
REQUEST		request_0	1623554750136	1623554751046	OK	 
REQUEST		request_1	1623554751049	1623554751271	OK	 
REQUEST		request_0	1623554750567	1623554751445	OK	 
REQUEST		request_0	1623554750516	1623554751447	OK	 
REQUEST		request_7	1623554751273	1623554751508	OK	 
REQUEST		request_1	1623554751449	1623554751685	OK	 
REQUEST		request_1	1623554751451	1623554751685	OK	 
REQUEST		request_8	1623554751509	1623554751729	OK	 
REQUEST		request_3	1623554751051	1623554751883	OK	 
REQUEST		request_2	1623554751050	1623554751885	OK	 
REQUEST		request_4	1623554751052	1623554751887	OK	 
REQUEST		request_5	1623554751053	1623554751980	OK	 
REQUEST		request_7	1623554751688	1623554751982	OK	 
REQUEST		request_7	1623554751688	1623554751983	OK	 
REQUEST		request_6	1623554751053	1623554751985	OK	 
REQUEST		request_9	1623554751731	1623554752053	OK	 
REQUEST		request_11	1623554751886	1623554752109	OK	 
REQUEST		request_10	1623554751884	1623554752109	OK	 
REQUEST		request_12	1623554751888	1623554752110	OK	 
REQUEST		request_8	1623554751985	1623554752197	OK	 
REQUEST		request_8	1623554751984	1623554752200	OK	 
REQUEST		request_13	1623554751982	1623554752201	OK	 
REQUEST		request_14	1623554751987	1623554752213	OK	 
REQUEST		request_3	1623554751452	1623554752366	OK	 
REQUEST		request_4	1623554751452	1623554752366	OK	 
REQUEST		request_5	1623554751454	1623554752369	OK	 
REQUEST		request_5	1623554751453	1623554752369	OK	 
REQUEST		request_6	1623554751454	1623554752406	OK	 
REQUEST		request_3	1623554751451	1623554752419	OK	 
REQUEST		request_9	1623554752197	1623554752427	OK	 
REQUEST		request_9	1623554752200	1623554752429	OK	 
REQUEST		request_2	1623554751450	1623554752437	OK	 
REQUEST		request_2	1623554751451	1623554752438	OK	 
REQUEST		request_15	1623554752054	1623554752499	OK	 
REQUEST		request_4	1623554751453	1623554752499	OK	 
REQUEST		request_6	1623554751454	1623554752499	OK	 
USER	PetStoreSimulation	END	1623554752502
USER	PetStoreSimulation	START	1623554752504
REQUEST		request_10	1623554752367	1623554752575	OK	 
REQUEST		request_10	1623554752367	1623554752576	OK	 
REQUEST		request_11	1623554752370	1623554752593	OK	 
REQUEST		request_11	1623554752370	1623554752595	OK	 
REQUEST		request_12	1623554752407	1623554752628	OK	 
REQUEST		request_12	1623554752420	1623554752654	OK	 
REQUEST		request_13	1623554752428	1623554752654	OK	 
REQUEST		request_13	1623554752430	1623554752655	OK	 
REQUEST		request_14	1623554752438	1623554752659	OK	 
REQUEST		request_14	1623554752439	1623554752659	OK	 
REQUEST		request_15	1623554752499	1623554752936	OK	 
USER	PetStoreSimulation	END	1623554752942
USER	PetStoreSimulation	START	1623554752944
REQUEST		request_15	1623554752499	1623554752970	OK	 
USER	PetStoreSimulation	END	1623554752989
USER	PetStoreSimulation	START	1623554752990
REQUEST		request_0	1623554752504	1623554753354	OK	 
REQUEST		request_1	1623554753356	1623554753593	OK	 
REQUEST		request_0	1623554752945	1623554753779	OK	 
REQUEST		request_0	1623554752991	1623554753821	OK	 
REQUEST		request_7	1623554753594	1623554753880	OK	 
REQUEST		request_1	1623554753781	1623554754010	OK	 
REQUEST		request_1	1623554753823	1623554754056	OK	 
REQUEST		request_8	1623554753881	1623554754112	OK	 
REQUEST		request_3	1623554753358	1623554754198	OK	 
REQUEST		request_4	1623554753358	1623554754199	OK	 
REQUEST		request_5	1623554753359	1623554754200	OK	 
REQUEST		request_6	1623554753359	1623554754213	OK	 
REQUEST		request_7	1623554754013	1623554754228	OK	 
REQUEST		request_2	1623554753357	1623554754333	OK	 
REQUEST		request_7	1623554754057	1623554754341	OK	 
REQUEST		request_9	1623554754112	1623554754354	OK	 
REQUEST		request_11	1623554754199	1623554754419	OK	 
REQUEST		request_12	1623554754201	1623554754420	OK	 
REQUEST		request_10	1623554754198	1623554754424	OK	 
REQUEST		request_8	1623554754229	1623554754459	OK	 
REQUEST		request_13	1623554754215	1623554754462	OK	 
REQUEST		request_14	1623554754335	1623554754564	OK	 
REQUEST		request_8	1623554754342	1623554754571	OK	 
REQUEST		request_5	1623554753826	1623554754637	OK	 
REQUEST		request_3	1623554753825	1623554754638	OK	 
REQUEST		request_2	1623554753782	1623554754639	OK	 
REQUEST		request_6	1623554753826	1623554754640	OK	 
REQUEST		request_5	1623554753784	1623554754641	OK	 
REQUEST		request_9	1623554754459	1623554754679	OK	 
REQUEST		request_15	1623554754356	1623554754746	OK	 
USER	PetStoreSimulation	END	1623554754749
USER	PetStoreSimulation	START	1623554754750
REQUEST		request_3	1623554753783	1623554754783	OK	 
REQUEST		request_4	1623554753825	1623554754783	OK	 
REQUEST		request_4	1623554753783	1623554754784	OK	 
REQUEST		request_6	1623554753785	1623554754785	OK	 
REQUEST		request_2	1623554753824	1623554754787	OK	 
REQUEST		request_9	1623554754572	1623554754794	OK	 
REQUEST		request_11	1623554754639	1623554754858	OK	 
REQUEST		request_10	1623554754637	1623554754859	OK	 
REQUEST		request_12	1623554754640	1623554754859	OK	 
REQUEST		request_10	1623554754640	1623554754863	OK	 
REQUEST		request_11	1623554754641	1623554754879	OK	 
REQUEST		request_12	1623554754679	1623554754898	OK	 
REQUEST		request_13	1623554754783	1623554755016	OK	 
REQUEST		request_14	1623554754784	1623554755017	OK	 
REQUEST		request_13	1623554754783	1623554755017	OK	 
REQUEST		request_14	1623554754788	1623554755037	OK	 
REQUEST		request_15	1623554754785	1623554755235	OK	 
USER	PetStoreSimulation	END	1623554755241
USER	PetStoreSimulation	START	1623554755242
REQUEST		request_15	1623554754795	1623554755249	OK	 
USER	PetStoreSimulation	END	1623554755253
USER	PetStoreSimulation	START	1623554755254
REQUEST		request_0	1623554754750	1623554755630	OK	 
REQUEST		request_1	1623554755632	1623554755858	OK	 
REQUEST		request_0	1623554755242	1623554756082	OK	 
REQUEST		request_0	1623554755254	1623554756082	OK	 
REQUEST		request_7	1623554755858	1623554756088	OK	 
REQUEST		request_1	1623554756084	1623554756301	OK	 
REQUEST		request_1	1623554756084	1623554756302	OK	 
REQUEST		request_8	1623554756088	1623554756303	OK	 
REQUEST		request_3	1623554755632	1623554756443	OK	 
REQUEST		request_2	1623554755632	1623554756444	OK	 
REQUEST		request_5	1623554755633	1623554756446	OK	 
REQUEST		request_6	1623554755633	1623554756507	OK	 
REQUEST		request_7	1623554756303	1623554756519	OK	 
REQUEST		request_4	1623554755633	1623554756520	OK	 
REQUEST		request_7	1623554756302	1623554756522	OK	 
REQUEST		request_9	1623554756303	1623554756580	OK	 
REQUEST		request_11	1623554756445	1623554756668	OK	 
REQUEST		request_10	1623554756443	1623554756668	OK	 
REQUEST		request_12	1623554756446	1623554756671	OK	 
REQUEST		request_13	1623554756508	1623554756728	OK	 
REQUEST		request_8	1623554756523	1623554756738	OK	 
REQUEST		request_8	1623554756520	1623554756738	OK	 
REQUEST		request_14	1623554756521	1623554756741	OK	 
REQUEST		request_2	1623554756084	1623554756883	OK	 
REQUEST		request_3	1623554756085	1623554756886	OK	 
REQUEST		request_5	1623554756086	1623554756887	OK	 
REQUEST		request_2	1623554756084	1623554756890	OK	 
REQUEST		request_5	1623554756086	1623554756936	OK	 
REQUEST		request_4	1623554756085	1623554756939	OK	 
REQUEST		request_3	1623554756085	1623554756948	OK	 
REQUEST		request_6	1623554756086	1623554756948	OK	 
REQUEST		request_15	1623554756581	1623554757002	OK	 
REQUEST		request_4	1623554756085	1623554757002	OK	 
REQUEST		request_9	1623554756738	1623554757002	OK	 
REQUEST		request_6	1623554756086	1623554757005	OK	 
REQUEST		request_9	1623554756738	1623554757007	OK	 
USER	PetStoreSimulation	END	1623554757009
USER	PetStoreSimulation	START	1623554757011
REQUEST		request_10	1623554756887	1623554757107	OK	 
REQUEST		request_11	1623554756888	1623554757107	OK	 
REQUEST		request_10	1623554756885	1623554757108	OK	 
REQUEST		request_11	1623554756891	1623554757108	OK	 
REQUEST		request_12	1623554756937	1623554757147	OK	 
REQUEST		request_13	1623554756939	1623554757159	OK	 
REQUEST		request_12	1623554756948	1623554757159	OK	 
REQUEST		request_14	1623554756948	1623554757160	OK	 
REQUEST		request_13	1623554757003	1623554757259	OK	 
REQUEST		request_14	1623554757006	1623554757259	OK	 
REQUEST		request_15	1623554757003	1623554757437	OK	 
USER	PetStoreSimulation	END	1623554757439
USER	PetStoreSimulation	START	1623554757440
REQUEST		request_15	1623554757008	1623554757465	OK	 
USER	PetStoreSimulation	END	1623554757468
USER	PetStoreSimulation	START	1623554757468
REQUEST		request_0	1623554757012	1623554757846	OK	 
REQUEST		request_1	1623554757847	1623554758087	OK	 
REQUEST		request_0	1623554757469	1623554758279	OK	 
REQUEST		request_0	1623554757440	1623554758291	OK	 
REQUEST		request_7	1623554758088	1623554758340	OK	 
REQUEST		request_1	1623554758281	1623554758502	OK	 
REQUEST		request_1	1623554758294	1623554758516	OK	 
REQUEST		request_8	1623554758341	1623554758562	OK	 
REQUEST		request_5	1623554757849	1623554758658	OK	 
REQUEST		request_3	1623554757848	1623554758660	OK	 
REQUEST		request_2	1623554757848	1623554758666	OK	 
REQUEST		request_4	1623554757848	1623554758717	OK	 
REQUEST		request_6	1623554757849	1623554758718	OK	 
REQUEST		request_7	1623554758503	1623554758727	OK	 
REQUEST		request_7	1623554758517	1623554758778	OK	 
REQUEST		request_9	1623554758562	1623554758787	OK	 
REQUEST		request_10	1623554758659	1623554758880	OK	 
REQUEST		request_11	1623554758660	1623554758881	OK	 
REQUEST		request_12	1623554758667	1623554758881	OK	 
REQUEST		request_13	1623554758717	1623554758939	OK	 
REQUEST		request_14	1623554758719	1623554758940	OK	 
REQUEST		request_8	1623554758728	1623554758940	OK	 
REQUEST		request_8	1623554758778	1623554759006	OK	 
REQUEST		request_3	1623554758283	1623554759078	OK	 
REQUEST		request_2	1623554758282	1623554759081	OK	 
REQUEST		request_4	1623554758284	1623554759105	OK	 
REQUEST		request_6	1623554758285	1623554759117	OK	 
REQUEST		request_3	1623554758296	1623554759137	OK	 
REQUEST		request_5	1623554758297	1623554759148	OK	 
REQUEST		request_5	1623554758284	1623554759149	OK	 
REQUEST		request_6	1623554758298	1623554759151	OK	 
REQUEST		request_4	1623554758296	1623554759154	OK	 
REQUEST		request_9	1623554758941	1623554759159	OK	 
REQUEST		request_2	1623554758295	1623554759160	OK	 
REQUEST		request_15	1623554758788	1623554759221	OK	 
USER	PetStoreSimulation	END	1623554759227
USER	PetStoreSimulation	START	1623554759229
REQUEST		request_9	1623554759007	1623554759258	OK	 
REQUEST		request_10	1623554759079	1623554759296	OK	 
REQUEST		request_11	1623554759082	1623554759297	OK	 
REQUEST		request_13	1623554759118	1623554759355	OK	 
REQUEST		request_12	1623554759106	1623554759357	OK	 
REQUEST		request_10	1623554759138	1623554759358	OK	 
REQUEST		request_13	1623554759155	1623554759376	OK	 
REQUEST		request_11	1623554759149	1623554759377	OK	 
REQUEST		request_12	1623554759152	1623554759378	OK	 
REQUEST		request_14	1623554759150	1623554759418	OK	 
REQUEST		request_14	1623554759161	1623554759418	OK	 
REQUEST		request_15	1623554759160	1623554759760	OK	 
USER	PetStoreSimulation	END	1623554759767
USER	PetStoreSimulation	START	1623554759768
REQUEST		request_15	1623554759259	1623554759843	OK	 
USER	PetStoreSimulation	END	1623554759845
USER	PetStoreSimulation	START	1623554759846
REQUEST		request_0	1623554759229	1623554760221	OK	 
REQUEST		request_1	1623554760225	1623554760446	OK	 
REQUEST		request_0	1623554759768	1623554760640	OK	 
REQUEST		request_0	1623554759846	1623554760657	OK	 
REQUEST		request_7	1623554760448	1623554760679	OK	 
REQUEST		request_1	1623554760645	1623554760859	OK	 
REQUEST		request_1	1623554760661	1623554760876	OK	 
REQUEST		request_8	1623554760679	1623554760904	OK	 
REQUEST		request_4	1623554760229	1623554761028	OK	 
REQUEST		request_6	1623554760231	1623554761030	OK	 
REQUEST		request_3	1623554760228	1623554761039	OK	 
REQUEST		request_7	1623554760860	1623554761082	OK	 
REQUEST		request_5	1623554760230	1623554761090	OK	 
REQUEST		request_2	1623554760227	1623554761092	OK	 
REQUEST		request_7	1623554760876	1623554761161	OK	 
REQUEST		request_9	1623554760905	1623554761169	OK	 
REQUEST		request_10	1623554761028	1623554761249	OK	 
REQUEST		request_11	1623554761031	1623554761249	OK	 
REQUEST		request_12	1623554761040	1623554761263	OK	 
REQUEST		request_8	1623554761083	1623554761308	OK	 
REQUEST		request_14	1623554761093	1623554761315	OK	 
REQUEST		request_13	1623554761091	1623554761316	OK	 
REQUEST		request_8	1623554761162	1623554761378	OK	 
REQUEST		request_3	1623554760648	1623554761454	OK	 
REQUEST		request_2	1623554760646	1623554761468	OK	 
REQUEST		request_5	1623554760651	1623554761470	OK	 
REQUEST		request_2	1623554760661	1623554761507	OK	 
REQUEST		request_9	1623554761309	1623554761529	OK	 
REQUEST		request_6	1623554760653	1623554761531	OK	 
REQUEST		request_4	1623554760663	1623554761537	OK	 
REQUEST		request_5	1623554760664	1623554761540	OK	 
REQUEST		request_15	1623554761170	1623554761599	OK	 
USER	PetStoreSimulation	END	1623554761608
REQUEST		request_4	1623554760650	1623554761609	OK	 
REQUEST		request_6	1623554760664	1623554761609	OK	 
REQUEST		request_9	1623554761379	1623554761612	OK	 
USER	PetStoreSimulation	START	1623554761612
REQUEST		request_3	1623554760662	1623554761614	OK	 
REQUEST		request_10	1623554761455	1623554761678	OK	 
REQUEST		request_11	1623554761469	1623554761688	OK	 
REQUEST		request_12	1623554761471	1623554761694	OK	 
REQUEST		request_10	1623554761508	1623554761719	OK	 
REQUEST		request_13	1623554761530	1623554761760	OK	 
REQUEST		request_11	1623554761538	1623554761760	OK	 
REQUEST		request_14	1623554761532	1623554761761	OK	 
REQUEST		request_12	1623554761541	1623554761761	OK	 
REQUEST		request_14	1623554761612	1623554761830	OK	 
REQUEST		request_13	1623554761609	1623554761836	OK	 
REQUEST		request_15	1623554761615	1623554762008	OK	 
USER	PetStoreSimulation	END	1623554762013
USER	PetStoreSimulation	START	1623554762014
REQUEST		request_15	1623554761609	1623554762068	OK	 
USER	PetStoreSimulation	END	1623554762072
USER	PetStoreSimulation	START	1623554762073
REQUEST		request_0	1623554761612	1623554762437	OK	 
REQUEST		request_1	1623554762442	1623554762670	OK	 
REQUEST		request_7	1623554762671	1623554762899	OK	 
REQUEST		request_0	1623554762073	1623554762907	OK	 
REQUEST		request_0	1623554762015	1623554762915	OK	 
REQUEST		request_8	1623554762899	1623554763120	OK	 
REQUEST		request_1	1623554762909	1623554763126	OK	 
REQUEST		request_1	1623554762917	1623554763137	OK	 
REQUEST		request_4	1623554762446	1623554763265	OK	 
REQUEST		request_2	1623554762443	1623554763269	OK	 
REQUEST		request_3	1623554762445	1623554763276	OK	 
REQUEST		request_9	1623554763121	1623554763338	OK	 
REQUEST		request_5	1623554762446	1623554763339	OK	 
REQUEST		request_6	1623554762447	1623554763340	OK	 
REQUEST		request_7	1623554763127	1623554763409	OK	 
REQUEST		request_7	1623554763138	1623554763414	OK	 
REQUEST		request_10	1623554763266	1623554763487	OK	 
REQUEST		request_12	1623554763277	1623554763488	OK	 
REQUEST		request_11	1623554763270	1623554763488	OK	 
REQUEST		request_13	1623554763338	1623554763559	OK	 
REQUEST		request_14	1623554763340	1623554763564	OK	 
REQUEST		request_8	1623554763409	1623554763630	OK	 
REQUEST		request_8	1623554763414	1623554763634	OK	 
REQUEST		request_4	1623554762910	1623554763704	OK	 
REQUEST		request_5	1623554762910	1623554763707	OK	 
REQUEST		request_3	1623554762910	1623554763709	OK	 
REQUEST		request_15	1623554763341	1623554763777	OK	 
USER	PetStoreSimulation	END	1623554763782
REQUEST		request_6	1623554762910	1623554763784	OK	 
REQUEST		request_2	1623554762917	1623554763784	OK	 
USER	PetStoreSimulation	START	1623554763783
REQUEST		request_3	1623554762918	1623554763786	OK	 
REQUEST		request_4	1623554762918	1623554763787	OK	 
REQUEST		request_5	1623554762919	1623554763788	OK	 
REQUEST		request_2	1623554762909	1623554763788	OK	 
REQUEST		request_6	1623554762919	1623554763789	OK	 
REQUEST		request_9	1623554763631	1623554763864	OK	 
REQUEST		request_9	1623554763635	1623554763867	OK	 
REQUEST		request_10	1623554763705	1623554763928	OK	 
REQUEST		request_12	1623554763710	1623554763929	OK	 
REQUEST		request_11	1623554763708	1623554763930	OK	 
REQUEST		request_13	1623554763784	1623554764000	OK	 
REQUEST		request_10	1623554763784	1623554764000	OK	 
REQUEST		request_14	1623554763789	1623554764011	OK	 
REQUEST		request_11	1623554763786	1623554764012	OK	 
REQUEST		request_13	1623554763788	1623554764012	OK	 
REQUEST		request_12	1623554763787	1623554764013	OK	 
REQUEST		request_14	1623554763789	1623554764017	OK	 
REQUEST		request_15	1623554763865	1623554764353	OK	 
REQUEST		request_15	1623554763868	1623554764353	OK	 
USER	PetStoreSimulation	END	1623554764359
USER	PetStoreSimulation	END	1623554764359
USER	PetStoreSimulation	START	1623554764360
USER	PetStoreSimulation	START	1623554764361
REQUEST		request_0	1623554763784	1623554764609	OK	 
REQUEST		request_1	1623554764614	1623554764831	OK	 
REQUEST		request_7	1623554764832	1623554765055	OK	 
REQUEST		request_0	1623554764361	1623554765176	OK	 
REQUEST		request_0	1623554764361	1623554765177	OK	 
REQUEST		request_8	1623554765056	1623554765278	OK	 
REQUEST		request_1	1623554765180	1623554765404	OK	 
REQUEST		request_1	1623554765180	1623554765413	OK	 
REQUEST		request_3	1623554764617	1623554765428	OK	 
REQUEST		request_4	1623554764618	1623554765430	OK	 
REQUEST		request_6	1623554764620	1623554765438	OK	 
REQUEST		request_5	1623554764619	1623554765448	OK	 
REQUEST		request_2	1623554764615	1623554765468	OK	 
REQUEST		request_9	1623554765279	1623554765483	OK	 
REQUEST		request_7	1623554765414	1623554765628	OK	 
REQUEST		request_7	1623554765406	1623554765630	OK	 
REQUEST		request_10	1623554765428	1623554765697	OK	 
REQUEST		request_14	1623554765469	1623554765699	OK	 
REQUEST		request_11	1623554765431	1623554765700	OK	 
REQUEST		request_13	1623554765449	1623554765701	OK	 
REQUEST		request_12	1623554765439	1623554765703	OK	 
REQUEST		request_15	1623554765484	1623554765890	OK	 
USER	PetStoreSimulation	END	1623554765899
USER	PetStoreSimulation	START	1623554765902
REQUEST		request_8	1623554765630	1623554765908	OK	 
REQUEST		request_8	1623554765631	1623554765908	OK	 
REQUEST		request_4	1623554765182	1623554766004	OK	 
REQUEST		request_4	1623554765183	1623554766004	OK	 
REQUEST		request_2	1623554765181	1623554766005	OK	 
REQUEST		request_3	1623554765182	1623554766026	OK	 
REQUEST		request_5	1623554765184	1623554766027	OK	 
REQUEST		request_6	1623554765184	1623554766043	OK	 
REQUEST		request_6	1623554765183	1623554766043	OK	 
REQUEST		request_5	1623554765183	1623554766052	OK	 
REQUEST		request_3	1623554765182	1623554766081	OK	 
REQUEST		request_2	1623554765181	1623554766092	OK	 
REQUEST		request_9	1623554765908	1623554766153	OK	 
REQUEST		request_9	1623554765908	1623554766153	OK	 
REQUEST		request_10	1623554766004	1623554766228	OK	 
REQUEST		request_11	1623554766006	1623554766228	OK	 
REQUEST		request_10	1623554766005	1623554766228	OK	 
REQUEST		request_11	1623554766026	1623554766243	OK	 
REQUEST		request_12	1623554766027	1623554766243	OK	 
REQUEST		request_13	1623554766043	1623554766269	OK	 
REQUEST		request_12	1623554766043	1623554766269	OK	 
REQUEST		request_13	1623554766053	1623554766270	OK	 
REQUEST		request_14	1623554766093	1623554766325	OK	 
REQUEST		request_14	1623554766081	1623554766325	OK	 
REQUEST		request_15	1623554766154	1623554766581	OK	 
USER	PetStoreSimulation	END	1623554766591
USER	PetStoreSimulation	START	1623554766592
REQUEST		request_15	1623554766154	1623554766602	OK	 
USER	PetStoreSimulation	END	1623554766604
USER	PetStoreSimulation	START	1623554766604
REQUEST		request_0	1623554765903	1623554766807	OK	 
REQUEST		request_1	1623554766809	1623554767037	OK	 
REQUEST		request_7	1623554767039	1623554767263	OK	 
REQUEST		request_0	1623554766604	1623554767409	OK	 
REQUEST		request_0	1623554766592	1623554767420	OK	 
REQUEST		request_8	1623554767263	1623554767483	OK	 
REQUEST		request_2	1623554766810	1623554767616	OK	 
REQUEST		request_5	1623554766812	1623554767617	OK	 
REQUEST		request_6	1623554766813	1623554767618	OK	 
REQUEST		request_1	1623554767411	1623554767634	OK	 
REQUEST		request_4	1623554766812	1623554767644	OK	 
REQUEST		request_1	1623554767421	1623554767645	OK	 
REQUEST		request_3	1623554766811	1623554767646	OK	 
REQUEST		request_9	1623554767483	1623554767708	OK	 
REQUEST		request_10	1623554767616	1623554767847	OK	 
REQUEST		request_12	1623554767618	1623554767848	OK	 
REQUEST		request_11	1623554767617	1623554767848	OK	 
REQUEST		request_7	1623554767634	1623554767859	OK	 
REQUEST		request_13	1623554767645	1623554767917	OK	 
REQUEST		request_14	1623554767646	1623554767918	OK	 
REQUEST		request_7	1623554767646	1623554767919	OK	 
REQUEST		request_8	1623554767859	1623554768070	OK	 
REQUEST		request_15	1623554767708	1623554768119	OK	 
USER	PetStoreSimulation	END	1623554768124
USER	PetStoreSimulation	START	1623554768125
REQUEST		request_8	1623554767919	1623554768148	OK	 
REQUEST		request_3	1623554767413	1623554768217	OK	 
REQUEST		request_4	1623554767413	1623554768220	OK	 
REQUEST		request_6	1623554767414	1623554768227	OK	 
REQUEST		request_5	1623554767414	1623554768258	OK	 
REQUEST		request_2	1623554767421	1623554768265	OK	 
REQUEST		request_2	1623554767412	1623554768267	OK	 
REQUEST		request_4	1623554767422	1623554768267	OK	 
REQUEST		request_3	1623554767422	1623554768283	OK	 
REQUEST		request_6	1623554767422	1623554768284	OK	 
REQUEST		request_5	1623554767422	1623554768287	OK	 
REQUEST		request_9	1623554768070	1623554768299	OK	 
REQUEST		request_9	1623554768148	1623554768374	OK	 
REQUEST		request_10	1623554768218	1623554768427	OK	 
REQUEST		request_11	1623554768220	1623554768433	OK	 
REQUEST		request_12	1623554768228	1623554768433	OK	 
REQUEST		request_10	1623554768265	1623554768479	OK	 
REQUEST		request_14	1623554768267	1623554768479	OK	 
REQUEST		request_13	1623554768258	1623554768480	OK	 
REQUEST		request_11	1623554768268	1623554768480	OK	 
REQUEST		request_12	1623554768283	1623554768492	OK	 
REQUEST		request_13	1623554768284	1623554768502	OK	 
REQUEST		request_14	1623554768287	1623554768669	OK	 
REQUEST		request_15	1623554768299	1623554768752	OK	 
USER	PetStoreSimulation	END	1623554768755
USER	PetStoreSimulation	START	1623554768756
REQUEST		request_15	1623554768374	1623554768793	OK	 
USER	PetStoreSimulation	END	1623554768796
USER	PetStoreSimulation	START	1623554768797
REQUEST		request_0	1623554768126	1623554769049	OK	 
REQUEST		request_1	1623554769051	1623554769274	OK	 
REQUEST		request_7	1623554769274	1623554769498	OK	 
REQUEST		request_0	1623554768797	1623554769609	OK	 
REQUEST		request_0	1623554768757	1623554769620	OK	 
REQUEST		request_8	1623554769498	1623554769708	OK	 
REQUEST		request_1	1623554769611	1623554769843	OK	 
REQUEST		request_4	1623554769059	1623554769873	OK	 
REQUEST		request_1	1623554769621	1623554769873	OK	 
REQUEST		request_6	1623554769060	1623554769874	OK	 
REQUEST		request_2	1623554769052	1623554769875	OK	 
REQUEST		request_5	1623554769060	1623554769876	OK	 
REQUEST		request_3	1623554769053	1623554769877	OK	 
REQUEST		request_9	1623554769709	1623554769928	OK	 
REQUEST		request_7	1623554769844	1623554770109	OK	 
REQUEST		request_10	1623554769873	1623554770129	OK	 
REQUEST		request_11	1623554769874	1623554770130	OK	 
REQUEST		request_7	1623554769874	1623554770130	OK	 
REQUEST		request_12	1623554769875	1623554770130	OK	 
REQUEST		request_14	1623554769877	1623554770135	OK	 
REQUEST		request_13	1623554769876	1623554770136	OK	 
REQUEST		request_15	1623554769928	1623554770348	OK	 
REQUEST		request_8	1623554770109	1623554770348	OK	 
USER	PetStoreSimulation	END	1623554770351
REQUEST		request_8	1623554770130	1623554770354	OK	 
USER	PetStoreSimulation	START	1623554770352
REQUEST		request_3	1623554769612	1623554770427	OK	 
REQUEST		request_4	1623554769613	1623554770427	OK	 
REQUEST		request_2	1623554769612	1623554770428	OK	 
REQUEST		request_5	1623554769614	1623554770438	OK	 
REQUEST		request_6	1623554769623	1623554770484	OK	 
REQUEST		request_6	1623554769614	1623554770500	OK	 
REQUEST		request_5	1623554769623	1623554770500	OK	 
REQUEST		request_2	1623554769622	1623554770509	OK	 
REQUEST		request_4	1623554769623	1623554770509	OK	 
REQUEST		request_3	1623554769622	1623554770511	OK	 
REQUEST		request_9	1623554770348	1623554770567	OK	 
REQUEST		request_9	1623554770355	1623554770572	OK	 
REQUEST		request_10	1623554770427	1623554770639	OK	 
REQUEST		request_11	1623554770427	1623554770639	OK	 
REQUEST		request_12	1623554770429	1623554770641	OK	 
REQUEST		request_13	1623554770438	1623554770654	OK	 
REQUEST		request_10	1623554770484	1623554770708	OK	 
REQUEST		request_11	1623554770500	1623554770717	OK	 
REQUEST		request_12	1623554770509	1623554770718	OK	 
REQUEST		request_13	1623554770510	1623554770722	OK	 
REQUEST		request_14	1623554770500	1623554770723	OK	 
REQUEST		request_14	1623554770511	1623554770725	OK	 
REQUEST		request_15	1623554770568	1623554770998	OK	 
USER	PetStoreSimulation	END	1623554771003
USER	PetStoreSimulation	START	1623554771004
REQUEST		request_15	1623554770572	1623554771021	OK	 
USER	PetStoreSimulation	END	1623554771024
USER	PetStoreSimulation	START	1623554771025
REQUEST		request_0	1623554770352	1623554771192	OK	 
REQUEST		request_1	1623554771197	1623554771412	OK	 
REQUEST		request_7	1623554771414	1623554771632	OK	 
REQUEST		request_8	1623554771633	1623554771849	OK	 
REQUEST		request_0	1623554771025	1623554771919	OK	 
REQUEST		request_0	1623554771004	1623554771920	OK	 
REQUEST		request_2	1623554771198	1623554771992	OK	 
REQUEST		request_3	1623554771199	1623554772024	OK	 
REQUEST		request_4	1623554771200	1623554772028	OK	 
REQUEST		request_5	1623554771201	1623554772033	OK	 
REQUEST		request_9	1623554771850	1623554772070	OK	 
REQUEST		request_6	1623554771202	1623554772071	OK	 
REQUEST		request_1	1623554771921	1623554772140	OK	 
REQUEST		request_1	1623554771922	1623554772141	OK	 
REQUEST		request_10	1623554771993	1623554772207	OK	 
REQUEST		request_13	1623554772034	1623554772255	OK	 
REQUEST		request_11	1623554772024	1623554772256	OK	 
REQUEST		request_12	1623554772028	1623554772257	OK	 
REQUEST		request_14	1623554772070	1623554772290	OK	 
REQUEST		request_7	1623554772142	1623554772381	OK	 
REQUEST		request_7	1623554772141	1623554772383	OK	 
REQUEST		request_15	1623554772072	1623554772523	OK	 
USER	PetStoreSimulation	END	1623554772526
USER	PetStoreSimulation	START	1623554772527
REQUEST		request_8	1623554772383	1623554772597	OK	 
REQUEST		request_8	1623554772382	1623554772597	OK	 
REQUEST		request_4	1623554771923	1623554772744	OK	 
REQUEST		request_2	1623554771922	1623554772746	OK	 
REQUEST		request_6	1623554771924	1623554772746	OK	 
REQUEST		request_2	1623554771922	1623554772747	OK	 
REQUEST		request_3	1623554771922	1623554772747	OK	 
REQUEST		request_4	1623554771923	1623554772748	OK	 
REQUEST		request_5	1623554771923	1623554772817	OK	 
REQUEST		request_9	1623554772597	1623554772817	OK	 
REQUEST		request_9	1623554772597	1623554772822	OK	 
REQUEST		request_3	1623554771923	1623554772826	OK	 
REQUEST		request_6	1623554771924	1623554772854	OK	 
REQUEST		request_5	1623554771924	1623554772858	OK	 
REQUEST		request_10	1623554772744	1623554772985	OK	 
REQUEST		request_13	1623554772748	1623554772985	OK	 
REQUEST		request_10	1623554772746	1623554772986	OK	 
REQUEST		request_11	1623554772747	1623554772987	OK	 
REQUEST		request_11	1623554772747	1623554772987	OK	 
REQUEST		request_12	1623554772747	1623554772988	OK	 
REQUEST		request_14	1623554772817	1623554773039	OK	 
REQUEST		request_12	1623554772817	1623554773050	OK	 
REQUEST		request_13	1623554772826	1623554773069	OK	 
REQUEST		request_14	1623554772855	1623554773085	OK	 
REQUEST		request_15	1623554772822	1623554773219	OK	 
USER	PetStoreSimulation	END	1623554773227
USER	PetStoreSimulation	START	1623554773229
REQUEST		request_15	1623554772858	1623554773265	OK	 
USER	PetStoreSimulation	END	1623554773273
USER	PetStoreSimulation	START	1623554773275
REQUEST		request_0	1623554772527	1623554773384	OK	 
REQUEST		request_1	1623554773387	1623554773617	OK	 
REQUEST		request_7	1623554773619	1623554773933	OK	 
REQUEST		request_8	1623554773934	1623554774155	OK	 
REQUEST		request_0	1623554773275	1623554774226	OK	 
REQUEST		request_2	1623554773388	1623554774230	OK	 
REQUEST		request_3	1623554773390	1623554774232	OK	 
REQUEST		request_4	1623554773391	1623554774236	OK	 
REQUEST		request_0	1623554773229	1623554774239	OK	 
REQUEST		request_5	1623554773392	1623554774314	OK	 
REQUEST		request_6	1623554773393	1623554774325	OK	 
REQUEST		request_9	1623554774156	1623554774386	OK	 
REQUEST		request_10	1623554774231	1623554774448	OK	 
REQUEST		request_11	1623554774232	1623554774449	OK	 
REQUEST		request_1	1623554774230	1623554774449	OK	 
REQUEST		request_12	1623554774236	1623554774451	OK	 
REQUEST		request_1	1623554774242	1623554774467	OK	 
REQUEST		request_13	1623554774314	1623554774535	OK	 
REQUEST		request_14	1623554774325	1623554774548	OK	 
REQUEST		request_7	1623554774449	1623554774676	OK	 
REQUEST		request_7	1623554774467	1623554774750	OK	 
REQUEST		request_15	1623554774387	1623554774812	OK	 
USER	PetStoreSimulation	END	1623554774818
USER	PetStoreSimulation	START	1623554774819
REQUEST		request_8	1623554774676	1623554774895	OK	 
REQUEST		request_8	1623554774750	1623554774969	OK	 
REQUEST		request_2	1623554774231	1623554775061	OK	 
REQUEST		request_4	1623554774244	1623554775063	OK	 
REQUEST		request_3	1623554774233	1623554775063	OK	 
REQUEST		request_4	1623554774234	1623554775065	OK	 
REQUEST		request_2	1623554774243	1623554775099	OK	 
REQUEST		request_3	1623554774244	1623554775102	OK	 
REQUEST		request_6	1623554774246	1623554775108	OK	 
REQUEST		request_5	1623554774235	1623554775117	OK	 
REQUEST		request_6	1623554774237	1623554775123	OK	 
REQUEST		request_5	1623554774245	1623554775123	OK	 
REQUEST		request_9	1623554774896	1623554775147	OK	 
REQUEST		request_9	1623554774969	1623554775194	OK	 
REQUEST		request_11	1623554775063	1623554775278	OK	 
REQUEST		request_12	1623554775066	1623554775278	OK	 
REQUEST		request_10	1623554775063	1623554775278	OK	 
REQUEST		request_10	1623554775061	1623554775279	OK	 
REQUEST		request_11	1623554775100	1623554775319	OK	 
REQUEST		request_12	1623554775102	1623554775320	OK	 
REQUEST		request_13	1623554775109	1623554775329	OK	 
REQUEST		request_13	1623554775118	1623554775332	OK	 
REQUEST		request_14	1623554775124	1623554775339	OK	 
REQUEST		request_14	1623554775124	1623554775339	OK	 
REQUEST		request_15	1623554775147	1623554775589	OK	 
USER	PetStoreSimulation	END	1623554775593
USER	PetStoreSimulation	START	1623554775594
REQUEST		request_15	1623554775194	1623554775600	OK	 
USER	PetStoreSimulation	END	1623554775604
USER	PetStoreSimulation	START	1623554775605
REQUEST		request_0	1623554774819	1623554775665	OK	 
REQUEST		request_1	1623554775667	1623554775889	OK	 
REQUEST		request_7	1623554775890	1623554776110	OK	 
REQUEST		request_8	1623554776110	1623554776326	OK	 
REQUEST		request_0	1623554775605	1623554776442	OK	 
REQUEST		request_0	1623554775594	1623554776444	OK	 
REQUEST		request_2	1623554775668	1623554776479	OK	 
REQUEST		request_3	1623554775669	1623554776480	OK	 
REQUEST		request_4	1623554775671	1623554776481	OK	 
REQUEST		request_6	1623554775672	1623554776482	OK	 
REQUEST		request_5	1623554775672	1623554776504	OK	 
REQUEST		request_9	1623554776327	1623554776548	OK	 
REQUEST		request_1	1623554776445	1623554776660	OK	 
REQUEST		request_1	1623554776447	1623554776668	OK	 
REQUEST		request_10	1623554776479	1623554776696	OK	 
REQUEST		request_11	1623554776481	1623554776697	OK	 
REQUEST		request_13	1623554776482	1623554776717	OK	 
REQUEST		request_12	1623554776482	1623554776717	OK	 
REQUEST		request_14	1623554776504	1623554776719	OK	 
REQUEST		request_7	1623554776661	1623554776951	OK	 
REQUEST		request_7	1623554776668	1623554776961	OK	 
REQUEST		request_15	1623554776549	1623554777017	OK	 
USER	PetStoreSimulation	END	1623554777020
USER	PetStoreSimulation	START	1623554777020
REQUEST		request_8	1623554776951	1623554777169	OK	 
REQUEST		request_8	1623554776961	1623554777185	OK	 
REQUEST		request_2	1623554776448	1623554777253	OK	 
REQUEST		request_6	1623554776452	1623554777253	OK	 
REQUEST		request_5	1623554776452	1623554777254	OK	 
REQUEST		request_4	1623554776449	1623554777259	OK	 
REQUEST		request_2	1623554776446	1623554777260	OK	 
REQUEST		request_3	1623554776450	1623554777318	OK	 
REQUEST		request_5	1623554776451	1623554777318	OK	 
REQUEST		request_3	1623554776448	1623554777338	OK	 
REQUEST		request_4	1623554776451	1623554777338	OK	 
REQUEST		request_6	1623554776453	1623554777340	OK	 
REQUEST		request_9	1623554777169	1623554777403	OK	 
REQUEST		request_9	1623554777185	1623554777409	OK	 
REQUEST		request_11	1623554777254	1623554777518	OK	 
REQUEST		request_10	1623554777253	1623554777525	OK	 
REQUEST		request_10	1623554777253	1623554777526	OK	 
REQUEST		request_12	1623554777260	1623554777593	OK	 
REQUEST		request_11	1623554777259	1623554777593	OK	 
REQUEST		request_12	1623554777318	1623554777594	OK	 
REQUEST		request_14	1623554777339	1623554777595	OK	 
REQUEST		request_13	1623554777318	1623554777595	OK	 
REQUEST		request_14	1623554777340	1623554777595	OK	 
REQUEST		request_13	1623554777339	1623554777595	OK	 
REQUEST		request_15	1623554777403	1623554777798	OK	 
USER	PetStoreSimulation	END	1623554777803
USER	PetStoreSimulation	START	1623554777805
REQUEST		request_15	1623554777409	1623554777858	OK	 
USER	PetStoreSimulation	END	1623554777863
USER	PetStoreSimulation	START	1623554777864
REQUEST		request_0	1623554777020	1623554777974	OK	 
REQUEST		request_1	1623554777975	1623554778221	OK	 
REQUEST		request_7	1623554778222	1623554778444	OK	 
REQUEST		request_8	1623554778445	1623554778666	OK	 
REQUEST		request_0	1623554777805	1623554778670	OK	 
REQUEST		request_0	1623554777864	1623554778679	OK	 
REQUEST		request_4	1623554777977	1623554778800	OK	 
REQUEST		request_5	1623554777977	1623554778801	OK	 
REQUEST		request_6	1623554777977	1623554778808	OK	 
REQUEST		request_2	1623554777975	1623554778811	OK	 
REQUEST		request_3	1623554777976	1623554778814	OK	 
REQUEST		request_9	1623554778667	1623554778886	OK	 
REQUEST		request_1	1623554778672	1623554778889	OK	 
REQUEST		request_1	1623554778682	1623554778899	OK	 
REQUEST		request_11	1623554778802	1623554779030	OK	 
REQUEST		request_10	1623554778800	1623554779031	OK	 
REQUEST		request_13	1623554778812	1623554779055	OK	 
REQUEST		request_12	1623554778809	1623554779056	OK	 
REQUEST		request_14	1623554778815	1623554779056	OK	 
REQUEST		request_7	1623554778889	1623554779110	OK	 
REQUEST		request_7	1623554778899	1623554779113	OK	 
REQUEST		request_15	1623554778886	1623554779304	OK	 
USER	PetStoreSimulation	END	1623554779312
USER	PetStoreSimulation	START	1623554779314
REQUEST		request_8	1623554779110	1623554779328	OK	 
REQUEST		request_8	1623554779114	1623554779337	OK	 
REQUEST		request_2	1623554778684	1623554779484	OK	 
REQUEST		request_6	1623554778678	1623554779488	OK	 
REQUEST		request_2	1623554778673	1623554779536	OK	 
REQUEST		request_9	1623554779329	1623554779538	OK	 
REQUEST		request_6	1623554778686	1623554779544	OK	 
REQUEST		request_4	1623554778685	1623554779547	OK	 
REQUEST		request_4	1623554778676	1623554779548	OK	 
REQUEST		request_5	1623554778677	1623554779550	OK	 
REQUEST		request_9	1623554779337	1623554779553	OK	 
REQUEST		request_3	1623554778675	1623554779556	OK	 
REQUEST		request_5	1623554778686	1623554779558	OK	 
REQUEST		request_3	1623554778685	1623554779559	OK	 
REQUEST		request_10	1623554779489	1623554779697	OK	 
REQUEST		request_10	1623554779484	1623554779697	OK	 
REQUEST		request_11	1623554779536	1623554779757	OK	 
REQUEST		request_11	1623554779544	1623554779758	OK	 
REQUEST		request_12	1623554779548	1623554779758	OK	 
REQUEST		request_12	1623554779538	1623554779759	OK	 
REQUEST		request_13	1623554779548	1623554779773	OK	 
REQUEST		request_14	1623554779550	1623554779774	OK	 
REQUEST		request_13	1623554779553	1623554779777	OK	 
REQUEST		request_14	1623554779558	1623554779809	OK	 
REQUEST		request_15	1623554779557	1623554779947	OK	 
USER	PetStoreSimulation	END	1623554779951
USER	PetStoreSimulation	START	1623554779952
REQUEST		request_15	1623554779559	1623554780001	OK	 
USER	PetStoreSimulation	END	1623554780005
USER	PetStoreSimulation	START	1623554780007
REQUEST		request_0	1623554779314	1623554780122	OK	 
REQUEST		request_1	1623554780124	1623554780341	OK	 
REQUEST		request_7	1623554780342	1623554780568	OK	 
REQUEST		request_8	1623554780568	1623554780790	OK	 
REQUEST		request_0	1623554779953	1623554780823	OK	 
REQUEST		request_0	1623554780007	1623554780827	OK	 
REQUEST		request_3	1623554780126	1623554780937	OK	 
REQUEST		request_5	1623554780128	1623554780938	OK	 
REQUEST		request_2	1623554780125	1623554780953	OK	 
REQUEST		request_4	1623554780127	1623554780966	OK	 
REQUEST		request_6	1623554780129	1623554780968	OK	 
REQUEST		request_9	1623554780790	1623554781009	OK	 
REQUEST		request_1	1623554780825	1623554781058	OK	 
REQUEST		request_11	1623554780938	1623554781158	OK	 
REQUEST		request_10	1623554780937	1623554781158	OK	 
REQUEST		request_12	1623554780953	1623554781174	OK	 
REQUEST		request_13	1623554780967	1623554781179	OK	 
REQUEST		request_14	1623554780968	1623554781184	OK	 
REQUEST		request_7	1623554781059	1623554781301	OK	 
REQUEST		request_15	1623554781010	1623554781529	OK	 
REQUEST		request_8	1623554781302	1623554781533	OK	 
USER	PetStoreSimulation	END	1623554781539
USER	PetStoreSimulation	START	1623554781541
REQUEST		request_1	1623554780829	1623554781550	OK	 
REQUEST		request_3	1623554780828	1623554781682	OK	 
REQUEST		request_5	1623554780831	1623554781685	OK	 
REQUEST		request_6	1623554780832	1623554781687	OK	 
REQUEST		request_4	1623554780829	1623554781689	OK	 
REQUEST		request_7	1623554781551	1623554781758	OK	 
REQUEST		request_9	1623554781534	1623554781758	OK	 
REQUEST		request_2	1623554780827	1623554781838	OK	 
REQUEST		request_10	1623554781683	1623554781899	OK	 
REQUEST		request_12	1623554781687	1623554781900	OK	 
REQUEST		request_11	1623554781685	1623554781901	OK	 
REQUEST		request_13	1623554781689	1623554781905	OK	 
REQUEST		request_8	1623554781759	1623554781978	OK	 
REQUEST		request_14	1623554781759	1623554781983	OK	 
REQUEST		request_9	1623554781979	1623554782222	OK	 
REQUEST		request_15	1623554781839	1623554782278	OK	 
USER	PetStoreSimulation	END	1623554782282
USER	PetStoreSimulation	START	1623554782283
REQUEST		request_2	1623554780831	1623554782357	OK	 
REQUEST		request_4	1623554781542	1623554782383	OK	 
REQUEST		request_0	1623554781541	1623554782386	OK	 
REQUEST		request_3	1623554780832	1623554782387	OK	 
REQUEST		request_5	1623554781543	1623554782406	OK	 
REQUEST		request_10	1623554782222	1623554782441	OK	 
REQUEST		request_6	1623554781544	1623554782461	OK	 
REQUEST		request_11	1623554782358	1623554782578	OK	 
REQUEST		request_12	1623554782383	1623554782628	OK	 
REQUEST		request_14	1623554782407	1623554782628	OK	 
REQUEST		request_1	1623554782387	1623554782628	OK	 
REQUEST		request_13	1623554782387	1623554782628	OK	 
REQUEST		request_15	1623554782441	1623554782891	OK	 
USER	PetStoreSimulation	END	1623554782894
USER	PetStoreSimulation	START	1623554782894
REQUEST		request_7	1623554782628	1623554782904	OK	 
REQUEST		request_0	1623554782283	1623554783099	OK	 
REQUEST		request_8	1623554782904	1623554783125	OK	 
REQUEST		request_6	1623554782390	1623554783255	OK	 
REQUEST		request_2	1623554782388	1623554783259	OK	 
REQUEST		request_3	1623554782388	1623554783260	OK	 
REQUEST		request_4	1623554782389	1623554783267	OK	 
REQUEST		request_5	1623554782389	1623554783278	OK	 
REQUEST		request_1	1623554783100	1623554783335	OK	 
REQUEST		request_9	1623554783125	1623554783363	OK	 
REQUEST		request_11	1623554783259	1623554783469	OK	 
REQUEST		request_10	1623554783256	1623554783470	OK	 
REQUEST		request_12	1623554783260	1623554783479	OK	 
REQUEST		request_13	1623554783268	1623554783480	OK	 
REQUEST		request_14	1623554783279	1623554783490	OK	 
REQUEST		request_7	1623554783335	1623554783548	OK	 
REQUEST		request_0	1623554782895	1623554783697	OK	 
REQUEST		request_15	1623554783363	1623554783797	OK	 
REQUEST		request_8	1623554783548	1623554783798	OK	 
USER	PetStoreSimulation	END	1623554783803
USER	PetStoreSimulation	START	1623554783804
REQUEST		request_1	1623554783698	1623554784003	OK	 
REQUEST		request_6	1623554783104	1623554784004	OK	 
REQUEST		request_2	1623554783101	1623554784060	OK	 
REQUEST		request_9	1623554783799	1623554784061	OK	 
REQUEST		request_3	1623554783102	1623554784062	OK	 
REQUEST		request_4	1623554783103	1623554784063	OK	 
REQUEST		request_5	1623554783103	1623554784064	OK	 
REQUEST		request_7	1623554784004	1623554784228	OK	 
REQUEST		request_10	1623554784004	1623554784228	OK	 
REQUEST		request_12	1623554784061	1623554784283	OK	 
REQUEST		request_11	1623554784060	1623554784283	OK	 
REQUEST		request_13	1623554784062	1623554784292	OK	 
REQUEST		request_14	1623554784063	1623554784301	OK	 
REQUEST		request_15	1623554784064	1623554784508	OK	 
REQUEST		request_8	1623554784228	1623554784509	OK	 
USER	PetStoreSimulation	END	1623554784513
USER	PetStoreSimulation	START	1623554784514
REQUEST		request_5	1623554783700	1623554784538	OK	 
REQUEST		request_2	1623554783698	1623554784539	OK	 
REQUEST		request_3	1623554783699	1623554784558	OK	 
REQUEST		request_4	1623554783699	1623554784559	OK	 
REQUEST		request_6	1623554783700	1623554784560	OK	 
REQUEST		request_9	1623554784509	1623554784728	OK	 
REQUEST		request_0	1623554783804	1623554784749	OK	 
REQUEST		request_11	1623554784540	1623554784758	OK	 
REQUEST		request_10	1623554784538	1623554784758	OK	 
REQUEST		request_12	1623554784559	1623554784769	OK	 
REQUEST		request_13	1623554784560	1623554784770	OK	 
REQUEST		request_14	1623554784560	1623554784772	OK	 
REQUEST		request_1	1623554784750	1623554784964	OK	 
REQUEST		request_15	1623554784728	1623554785167	OK	 
USER	PetStoreSimulation	END	1623554785172
USER	PetStoreSimulation	START	1623554785174
REQUEST		request_7	1623554784964	1623554785187	OK	 
REQUEST		request_0	1623554784515	1623554785330	OK	 
REQUEST		request_8	1623554785187	1623554785401	OK	 
REQUEST		request_6	1623554784753	1623554785546	OK	 
REQUEST		request_2	1623554784751	1623554785548	OK	 
REQUEST		request_1	1623554785331	1623554785549	OK	 
REQUEST		request_3	1623554784752	1623554785563	OK	 
REQUEST		request_5	1623554784753	1623554785611	OK	 
REQUEST		request_4	1623554784752	1623554785612	OK	 
REQUEST		request_9	1623554785401	1623554785641	OK	 
REQUEST		request_10	1623554785546	1623554785769	OK	 
REQUEST		request_11	1623554785549	1623554785770	OK	 
REQUEST		request_7	1623554785550	1623554785770	OK	 
REQUEST		request_12	1623554785563	1623554785841	OK	 
REQUEST		request_13	1623554785611	1623554785841	OK	 
REQUEST		request_14	1623554785612	1623554785841	OK	 
REQUEST		request_8	1623554785770	1623554786002	OK	 
REQUEST		request_15	1623554785641	1623554786078	OK	 
REQUEST		request_0	1623554785174	1623554786078	OK	 
USER	PetStoreSimulation	END	1623554786080
USER	PetStoreSimulation	START	1623554786080
REQUEST		request_3	1623554785333	1623554786144	OK	 
REQUEST		request_6	1623554785334	1623554786145	OK	 
REQUEST		request_5	1623554785333	1623554786146	OK	 
REQUEST		request_4	1623554785333	1623554786151	OK	 
REQUEST		request_2	1623554785332	1623554786216	OK	 
REQUEST		request_9	1623554786002	1623554786230	OK	 
REQUEST		request_1	1623554786079	1623554786307	OK	 
REQUEST		request_10	1623554786144	1623554786357	OK	 
REQUEST		request_12	1623554786147	1623554786357	OK	 
REQUEST		request_11	1623554786146	1623554786357	OK	 
REQUEST		request_13	1623554786151	1623554786362	OK	 
REQUEST		request_14	1623554786216	1623554786477	OK	 
REQUEST		request_7	1623554786307	1623554786547	OK	 
REQUEST		request_15	1623554786230	1623554786603	OK	 
USER	PetStoreSimulation	END	1623554786606
USER	PetStoreSimulation	START	1623554786607
REQUEST		request_8	1623554786547	1623554786763	OK	 
REQUEST		request_2	1623554786079	1623554786889	OK	 
REQUEST		request_0	1623554786080	1623554786891	OK	 
REQUEST		request_3	1623554786079	1623554786896	OK	 
REQUEST		request_4	1623554786080	1623554786897	OK	 
REQUEST		request_5	1623554786080	1623554786901	OK	 
REQUEST		request_6	1623554786080	1623554786916	OK	 
REQUEST		request_9	1623554786763	1623554786983	OK	 
REQUEST		request_12	1623554786897	1623554787108	OK	 
REQUEST		request_11	1623554786896	1623554787108	OK	 
REQUEST		request_10	1623554786890	1623554787109	OK	 
REQUEST		request_1	1623554786892	1623554787109	OK	 
REQUEST		request_13	1623554786901	1623554787118	OK	 
REQUEST		request_14	1623554786916	1623554787134	OK	 
REQUEST		request_7	1623554787110	1623554787339	OK	 
REQUEST		request_15	1623554786983	1623554787422	OK	 
USER	PetStoreSimulation	END	1623554787427
USER	PetStoreSimulation	START	1623554787428
REQUEST		request_0	1623554786607	1623554787442	OK	 
REQUEST		request_8	1623554787339	1623554787567	OK	 
REQUEST		request_1	1623554787443	1623554787647	OK	 
REQUEST		request_5	1623554786894	1623554787838	OK	 
REQUEST		request_3	1623554786893	1623554787839	OK	 
REQUEST		request_6	1623554786894	1623554787840	OK	 
REQUEST		request_9	1623554787568	1623554787841	OK	 
REQUEST		request_2	1623554786892	1623554787842	OK	 
REQUEST		request_4	1623554786893	1623554787843	OK	 
REQUEST		request_7	1623554787648	1623554787912	OK	 
REQUEST		request_10	1623554787838	1623554788058	OK	 
REQUEST		request_12	1623554787840	1623554788059	OK	 
REQUEST		request_13	1623554787841	1623554788059	OK	 
REQUEST		request_11	1623554787839	1623554788060	OK	 
REQUEST		request_14	1623554787842	1623554788069	OK	 
REQUEST		request_8	1623554787912	1623554788135	OK	 
REQUEST		request_3	1623554787444	1623554788208	OK	 
REQUEST		request_15	1623554787843	1623554788269	OK	 
USER	PetStoreSimulation	END	1623554788274
USER	PetStoreSimulation	START	1623554788275
REQUEST		request_4	1623554787445	1623554788287	OK	 
REQUEST		request_2	1623554787443	1623554788291	OK	 
REQUEST		request_5	1623554787445	1623554788293	OK	 
REQUEST		request_0	1623554787429	1623554788293	OK	 
REQUEST		request_6	1623554787445	1623554788294	OK	 
REQUEST		request_9	1623554788135	1623554788359	OK	 
REQUEST		request_10	1623554788209	1623554788436	OK	 
REQUEST		request_11	1623554788287	1623554788497	OK	 
REQUEST		request_13	1623554788293	1623554788513	OK	 
REQUEST		request_14	1623554788294	1623554788513	OK	 
REQUEST		request_12	1623554788291	1623554788514	OK	 
REQUEST		request_1	1623554788294	1623554788526	OK	 
REQUEST		request_15	1623554788359	1623554788771	OK	 
USER	PetStoreSimulation	END	1623554788782
USER	PetStoreSimulation	START	1623554788785
REQUEST		request_7	1623554788527	1623554788790	OK	 
REQUEST		request_8	1623554788790	1623554789010	OK	 
REQUEST		request_0	1623554788275	1623554789080	OK	 
REQUEST		request_4	1623554788297	1623554789139	OK	 
REQUEST		request_6	1623554788298	1623554789141	OK	 
REQUEST		request_3	1623554788296	1623554789144	OK	 
REQUEST		request_2	1623554788295	1623554789164	OK	 
REQUEST		request_5	1623554788297	1623554789166	OK	 
REQUEST		request_9	1623554789010	1623554789234	OK	 
REQUEST		request_1	1623554789082	1623554789298	OK	 
REQUEST		request_10	1623554789140	1623554789366	OK	 
REQUEST		request_12	1623554789144	1623554789367	OK	 
REQUEST		request_11	1623554789141	1623554789367	OK	 
REQUEST		request_13	1623554789164	1623554789382	OK	 
REQUEST		request_14	1623554789167	1623554789383	OK	 
REQUEST		request_7	1623554789299	1623554789517	OK	 
REQUEST		request_0	1623554788785	1623554789589	OK	 
REQUEST		request_15	1623554789234	1623554789667	OK	 
USER	PetStoreSimulation	END	1623554789670
USER	PetStoreSimulation	START	1623554789670
REQUEST		request_8	1623554789517	1623554789742	OK	 
REQUEST		request_1	1623554789590	1623554789802	OK	 
REQUEST		request_3	1623554789084	1623554789885	OK	 
REQUEST		request_4	1623554789085	1623554789886	OK	 
REQUEST		request_2	1623554789083	1623554789908	OK	 
REQUEST		request_6	1623554789087	1623554789911	OK	 
REQUEST		request_5	1623554789086	1623554789912	OK	 
REQUEST		request_9	1623554789742	1623554789958	OK	 
REQUEST		request_7	1623554789803	1623554790019	OK	 
REQUEST		request_11	1623554789886	1623554790117	OK	 
REQUEST		request_10	1623554789885	1623554790117	OK	 
REQUEST		request_12	1623554789909	1623554790127	OK	 
REQUEST		request_13	1623554789911	1623554790128	OK	 
REQUEST		request_14	1623554789912	1623554790129	OK	 
REQUEST		request_8	1623554790020	1623554790239	OK	 
REQUEST		request_15	1623554789958	1623554790370	OK	 
USER	PetStoreSimulation	END	1623554790374
USER	PetStoreSimulation	START	1623554790375
REQUEST		request_3	1623554789592	1623554790443	OK	 
REQUEST		request_5	1623554789593	1623554790445	OK	 
REQUEST		request_2	1623554789591	1623554790447	OK	 
REQUEST		request_4	1623554789593	1623554790450	OK	 
REQUEST		request_6	1623554789594	1623554790452	OK	 
REQUEST		request_9	1623554790240	1623554790508	OK	 
REQUEST		request_0	1623554789670	1623554790510	OK	 
REQUEST		request_10	1623554790443	1623554790668	OK	 
REQUEST		request_12	1623554790448	1623554790669	OK	 
REQUEST		request_11	1623554790445	1623554790670	OK	 
REQUEST		request_13	1623554790450	1623554790676	OK	 
REQUEST		request_14	1623554790452	1623554790680	OK	 
REQUEST		request_1	1623554790512	1623554790746	OK	 
REQUEST		request_15	1623554790509	1623554790899	OK	 
USER	PetStoreSimulation	END	1623554790906
USER	PetStoreSimulation	START	1623554790908
REQUEST		request_7	1623554790747	1623554791009	OK	 
REQUEST		request_8	1623554791009	1623554791289	OK	 
REQUEST		request_0	1623554790375	1623554791290	OK	 
REQUEST		request_5	1623554790516	1623554791327	OK	 
REQUEST		request_6	1623554790517	1623554791332	OK	 
REQUEST		request_3	1623554790514	1623554791345	OK	 
REQUEST		request_2	1623554790513	1623554791347	OK	 
REQUEST		request_4	1623554790515	1623554791349	OK	 
REQUEST		request_9	1623554791290	1623554791518	OK	 
REQUEST		request_1	1623554791291	1623554791520	OK	 
REQUEST		request_10	1623554791330	1623554791576	OK	 
REQUEST		request_11	1623554791332	1623554791577	OK	 
REQUEST		request_12	1623554791346	1623554791578	OK	 
REQUEST		request_13	1623554791348	1623554791579	OK	 
REQUEST		request_14	1623554791349	1623554791579	OK	 
REQUEST		request_7	1623554791521	1623554791780	OK	 
REQUEST		request_0	1623554790909	1623554791781	OK	 
REQUEST		request_15	1623554791519	1623554791926	OK	 
USER	PetStoreSimulation	END	1623554791933
USER	PetStoreSimulation	START	1623554791935
REQUEST		request_8	1623554791781	1623554792016	OK	 
REQUEST		request_1	1623554791783	1623554792017	OK	 
REQUEST		request_6	1623554791294	1623554792087	OK	 
REQUEST		request_4	1623554791293	1623554792110	OK	 
REQUEST		request_2	1623554791292	1623554792118	OK	 
REQUEST		request_5	1623554791294	1623554792131	OK	 
REQUEST		request_3	1623554791293	1623554792137	OK	 
REQUEST		request_9	1623554792016	1623554792267	OK	 
REQUEST		request_7	1623554792018	1623554792267	OK	 
REQUEST		request_10	1623554792087	1623554792308	OK	 
REQUEST		request_11	1623554792111	1623554792323	OK	 
REQUEST		request_12	1623554792118	1623554792333	OK	 
REQUEST		request_13	1623554792132	1623554792334	OK	 
REQUEST		request_14	1623554792138	1623554792378	OK	 
REQUEST		request_8	1623554792267	1623554792506	OK	 
REQUEST		request_5	1623554791786	1623554792608	OK	 
REQUEST		request_2	1623554791784	1623554792611	OK	 
REQUEST		request_4	1623554791785	1623554792619	OK	 
REQUEST		request_3	1623554791785	1623554792622	OK	 
REQUEST		request_6	1623554791786	1623554792623	OK	 
REQUEST		request_15	1623554792267	1623554792689	OK	 
USER	PetStoreSimulation	END	1623554792693
USER	PetStoreSimulation	START	1623554792694
REQUEST		request_9	1623554792506	1623554792736	OK	 
REQUEST		request_0	1623554791936	1623554792750	OK	 
REQUEST		request_10	1623554792609	1623554792855	OK	 
REQUEST		request_11	1623554792611	1623554792856	OK	 
REQUEST		request_12	1623554792620	1623554792856	OK	 
REQUEST		request_13	1623554792622	1623554792856	OK	 
REQUEST		request_14	1623554792624	1623554792856	OK	 
REQUEST		request_1	1623554792752	1623554792986	OK	 
REQUEST		request_15	1623554792736	1623554793222	OK	 
REQUEST		request_7	1623554792987	1623554793224	OK	 
USER	PetStoreSimulation	END	1623554793232
USER	PetStoreSimulation	START	1623554793233
REQUEST		request_8	1623554793225	1623554793444	OK	 
REQUEST		request_6	1623554792756	1623554793594	OK	 
REQUEST		request_2	1623554792753	1623554793596	OK	 
REQUEST		request_4	1623554792755	1623554793601	OK	 
REQUEST		request_3	1623554792754	1623554793602	OK	 
REQUEST		request_0	1623554792694	1623554793602	OK	 
REQUEST		request_9	1623554793445	1623554793685	OK	 
REQUEST		request_5	1623554792755	1623554793690	OK	 
REQUEST		request_11	1623554793597	1623554793822	OK	 
REQUEST		request_10	1623554793595	1623554793823	OK	 
REQUEST		request_13	1623554793603	1623554793824	OK	 
REQUEST		request_12	1623554793601	1623554793824	OK	 
REQUEST		request_1	1623554793604	1623554793826	OK	 
REQUEST		request_14	1623554793685	1623554793898	OK	 
REQUEST		request_7	1623554793827	1623554794058	OK	 
REQUEST		request_0	1623554793234	1623554794069	OK	 
REQUEST		request_15	1623554793690	1623554794136	OK	 
USER	PetStoreSimulation	END	1623554794139
USER	PetStoreSimulation	START	1623554794140
REQUEST		request_8	1623554794059	1623554794287	OK	 
REQUEST		request_1	1623554794072	1623554794292	OK	 
REQUEST		request_3	1623554793605	1623554794435	OK	 
REQUEST		request_4	1623554793606	1623554794437	OK	 
REQUEST		request_7	1623554794293	1623554794509	OK	 
REQUEST		request_9	1623554794287	1623554794516	OK	 
REQUEST		request_6	1623554793606	1623554794517	OK	 
REQUEST		request_2	1623554793605	1623554794518	OK	 
REQUEST		request_5	1623554793606	1623554794537	OK	 
REQUEST		request_10	1623554794435	1623554794658	OK	 
REQUEST		request_11	1623554794437	1623554794664	OK	 
REQUEST		request_8	1623554794509	1623554794729	OK	 
REQUEST		request_14	1623554794518	1623554794735	OK	 
REQUEST		request_13	1623554794517	1623554794735	OK	 
REQUEST		request_12	1623554794516	1623554794736	OK	 
REQUEST		request_5	1623554794075	1623554794879	OK	 
REQUEST		request_3	1623554794074	1623554794886	OK	 
REQUEST		request_4	1623554794075	1623554794899	OK	 
REQUEST		request_15	1623554794537	1623554794947	OK	 
REQUEST		request_0	1623554794141	1623554794948	OK	 
USER	PetStoreSimulation	END	1623554794949
USER	PetStoreSimulation	START	1623554794950
REQUEST		request_6	1623554794076	1623554794955	OK	 
REQUEST		request_2	1623554794073	1623554794974	OK	 
REQUEST		request_9	1623554794730	1623554794975	OK	 
REQUEST		request_10	1623554794879	1623554795089	OK	 
REQUEST		request_11	1623554794886	1623554795098	OK	 
REQUEST		request_12	1623554794899	1623554795128	OK	 
REQUEST		request_1	1623554794948	1623554795167	OK	 
REQUEST		request_13	1623554794955	1623554795174	OK	 
REQUEST		request_14	1623554794975	1623554795204	OK	 
REQUEST		request_15	1623554794976	1623554795402	OK	 
USER	PetStoreSimulation	END	1623554795409
USER	PetStoreSimulation	START	1623554795410
REQUEST		request_7	1623554795168	1623554795424	OK	 
REQUEST		request_8	1623554795424	1623554795643	OK	 
REQUEST		request_3	1623554794949	1623554795785	OK	 
REQUEST		request_6	1623554794950	1623554795819	OK	 
REQUEST		request_0	1623554794950	1623554795821	OK	 
REQUEST		request_4	1623554794949	1623554795826	OK	 
REQUEST		request_5	1623554794950	1623554795833	OK	 
REQUEST		request_2	1623554794949	1623554795834	OK	 
REQUEST		request_9	1623554795643	1623554795868	OK	 
REQUEST		request_10	1623554795786	1623554796007	OK	 
REQUEST		request_11	1623554795820	1623554796039	OK	 
REQUEST		request_1	1623554795823	1623554796040	OK	 
REQUEST		request_12	1623554795826	1623554796044	OK	 
REQUEST		request_14	1623554795835	1623554796055	OK	 
REQUEST		request_13	1623554795834	1623554796056	OK	 
REQUEST		request_15	1623554795868	1623554796288	OK	 
REQUEST		request_0	1623554795410	1623554796289	OK	 
USER	PetStoreSimulation	END	1623554796290
USER	PetStoreSimulation	START	1623554796291
REQUEST		request_7	1623554796041	1623554796291	OK	 
REQUEST		request_8	1623554796291	1623554796510	OK	 
REQUEST		request_1	1623554796290	1623554796511	OK	 
REQUEST		request_4	1623554795826	1623554796664	OK	 
REQUEST		request_5	1623554795827	1623554796665	OK	 
REQUEST		request_6	1623554795828	1623554796667	OK	 
REQUEST		request_3	1623554795826	1623554796697	OK	 
REQUEST		request_2	1623554795824	1623554796700	OK	 
REQUEST		request_7	1623554796511	1623554796729	OK	 
REQUEST		request_9	1623554796510	1623554796729	OK	 
REQUEST		request_10	1623554796664	1623554796889	OK	 
REQUEST		request_12	1623554796667	1623554796889	OK	 
REQUEST		request_11	1623554796666	1623554796890	OK	 
REQUEST		request_14	1623554796701	1623554796927	OK	 
REQUEST		request_13	1623554796698	1623554796927	OK	 
REQUEST		request_8	1623554796730	1623554796957	OK	 
REQUEST		request_15	1623554796730	1623554797128	OK	 
USER	PetStoreSimulation	END	1623554797133
USER	PetStoreSimulation	START	1623554797134
REQUEST		request_3	1623554796290	1623554797159	OK	 
REQUEST		request_0	1623554796291	1623554797160	OK	 
REQUEST		request_4	1623554796291	1623554797160	OK	 
REQUEST		request_2	1623554796290	1623554797169	OK	 
REQUEST		request_5	1623554796291	1623554797170	OK	 
REQUEST		request_6	1623554796291	1623554797171	OK	 
REQUEST		request_9	1623554796958	1623554797173	OK	 
REQUEST		request_10	1623554797159	1623554797389	OK	 
REQUEST		request_11	1623554797161	1623554797391	OK	 
REQUEST		request_1	1623554797161	1623554797392	OK	 
REQUEST		request_12	1623554797169	1623554797395	OK	 
REQUEST		request_13	1623554797170	1623554797417	OK	 
REQUEST		request_14	1623554797171	1623554797417	OK	 
REQUEST		request_15	1623554797173	1623554797587	OK	 
USER	PetStoreSimulation	END	1623554797596
USER	PetStoreSimulation	START	1623554797597
REQUEST		request_7	1623554797393	1623554797608	OK	 
REQUEST		request_8	1623554797609	1623554797825	OK	 
REQUEST		request_0	1623554797135	1623554797962	OK	 
REQUEST		request_4	1623554797163	1623554797989	OK	 
REQUEST		request_5	1623554797163	1623554797990	OK	 
REQUEST		request_6	1623554797164	1623554797993	OK	 
REQUEST		request_2	1623554797162	1623554797999	OK	 
REQUEST		request_3	1623554797163	1623554798040	OK	 
REQUEST		request_9	1623554797826	1623554798042	OK	 
REQUEST		request_1	1623554797964	1623554798190	OK	 
REQUEST		request_10	1623554797989	1623554798204	OK	 
REQUEST		request_11	1623554797991	1623554798204	OK	 
REQUEST		request_13	1623554797999	1623554798208	OK	 
REQUEST		request_12	1623554797993	1623554798209	OK	 
REQUEST		request_14	1623554798040	1623554798267	OK	 
REQUEST		request_15	1623554798043	1623554798466	OK	 
REQUEST		request_0	1623554797598	1623554798468	OK	 
USER	PetStoreSimulation	END	1623554798471
USER	PetStoreSimulation	START	1623554798472
REQUEST		request_7	1623554798190	1623554798481	OK	 
REQUEST		request_8	1623554798481	1623554798694	OK	 
REQUEST		request_1	1623554798469	1623554798695	OK	 
REQUEST		request_4	1623554797967	1623554798839	OK	 
REQUEST		request_3	1623554797966	1623554798842	OK	 
REQUEST		request_2	1623554797965	1623554798844	OK	 
REQUEST		request_5	1623554797968	1623554798853	OK	 
REQUEST		request_6	1623554797968	1623554798854	OK	 
REQUEST		request_9	1623554798695	1623554798911	OK	 
REQUEST		request_7	1623554798696	1623554798912	OK	 
REQUEST		request_11	1623554798842	1623554799058	OK	 
REQUEST		request_10	1623554798840	1623554799058	OK	 
REQUEST		request_12	1623554798844	1623554799059	OK	 
REQUEST		request_14	1623554798854	1623554799075	OK	 
REQUEST		request_13	1623554798853	1623554799076	OK	 
REQUEST		request_8	1623554798913	1623554799151	OK	 
REQUEST		request_15	1623554798911	1623554799307	OK	 
USER	PetStoreSimulation	END	1623554799314
USER	PetStoreSimulation	START	1623554799315
REQUEST		request_2	1623554798470	1623554799357	OK	 
REQUEST		request_4	1623554798471	1623554799367	OK	 
REQUEST		request_0	1623554798472	1623554799367	OK	 
REQUEST		request_6	1623554798472	1623554799367	OK	 
REQUEST		request_3	1623554798471	1623554799368	OK	 
REQUEST		request_5	1623554798472	1623554799368	OK	 
REQUEST		request_9	1623554799152	1623554799370	OK	 
REQUEST		request_10	1623554799358	1623554799582	OK	 
REQUEST		request_11	1623554799367	1623554799583	OK	 
REQUEST		request_1	1623554799367	1623554799586	OK	 
REQUEST		request_12	1623554799367	1623554799586	OK	 
REQUEST		request_13	1623554799368	1623554799588	OK	 
REQUEST		request_14	1623554799368	1623554799588	OK	 
REQUEST		request_15	1623554799370	1623554799809	OK	 
REQUEST		request_7	1623554799588	1623554799811	OK	 
USER	PetStoreSimulation	END	1623554799817
USER	PetStoreSimulation	START	1623554799819
REQUEST		request_8	1623554799811	1623554800037	OK	 
REQUEST		request_6	1623554799369	1623554800192	OK	 
REQUEST		request_0	1623554799316	1623554800193	OK	 
REQUEST		request_2	1623554799368	1623554800198	OK	 
REQUEST		request_4	1623554799368	1623554800213	OK	 
REQUEST		request_3	1623554799368	1623554800214	OK	 
REQUEST		request_5	1623554799369	1623554800217	OK	 
REQUEST		request_9	1623554800038	1623554800260	OK	 
REQUEST		request_10	1623554800192	1623554800417	OK	 
REQUEST		request_1	1623554800194	1623554800421	OK	 
REQUEST		request_11	1623554800198	1623554800421	OK	 
REQUEST		request_12	1623554800214	1623554800440	OK	 
REQUEST		request_13	1623554800214	1623554800441	OK	 
REQUEST		request_14	1623554800217	1623554800441	OK	 
REQUEST		request_15	1623554800260	1623554800668	OK	 
USER	PetStoreSimulation	END	1623554800675
REQUEST		request_0	1623554799819	1623554800690	OK	 
REQUEST		request_7	1623554800422	1623554800701	OK	 
REQUEST		request_1	1623554800692	1623554800904	OK	 
REQUEST		request_8	1623554800702	1623554800917	OK	 
REQUEST		request_3	1623554800195	1623554801064	OK	 
REQUEST		request_6	1623554800197	1623554801066	OK	 
REQUEST		request_5	1623554800196	1623554801067	OK	 
REQUEST		request_4	1623554800196	1623554801076	OK	 
REQUEST		request_2	1623554800195	1623554801084	OK	 
REQUEST		request_7	1623554800905	1623554801124	OK	 
REQUEST		request_9	1623554800918	1623554801127	OK	 
REQUEST		request_10	1623554801065	1623554801279	OK	 
REQUEST		request_11	1623554801066	1623554801280	OK	 
REQUEST		request_12	1623554801068	1623554801281	OK	 
REQUEST		request_13	1623554801077	1623554801287	OK	 
REQUEST		request_14	1623554801085	1623554801305	OK	 
REQUEST		request_8	1623554801124	1623554801354	OK	 
REQUEST		request_15	1623554801128	1623554801519	OK	 
USER	PetStoreSimulation	END	1623554801527
REQUEST		request_3	1623554800760	1623554801575	OK	 
REQUEST		request_4	1623554800760	1623554801576	OK	 
REQUEST		request_9	1623554801354	1623554801577	OK	 
REQUEST		request_5	1623554800760	1623554801578	OK	 
REQUEST		request_2	1623554800694	1623554801588	OK	 
REQUEST		request_6	1623554800761	1623554801589	OK	 
REQUEST		request_11	1623554801577	1623554801831	OK	 
REQUEST		request_12	1623554801577	1623554801831	OK	 
REQUEST		request_10	1623554801576	1623554801832	OK	 
REQUEST		request_13	1623554801578	1623554801832	OK	 
REQUEST		request_14	1623554801588	1623554801839	OK	 
REQUEST		request_15	1623554801589	1623554802049	OK	 
USER	PetStoreSimulation	END	1623554802056
