RUN	com.octoperf.tutorials.one.PetStoreSimulation4	petstoresimulation4	1623554018205	testing	3.6.0
USER	PetStoreSimulation	START	1623554020007
USER	PetStoreSimulation	START	1623554020338
USER	PetStoreSimulation	START	1623554020672
REQUEST		request_0	1623554020039	1623554021211	OK	 
REQUEST		request_0	1623554020339	1623554021291	OK	 
REQUEST		request_1	1623554021245	1623554021512	OK	 
REQUEST		request_1	1623554021297	1623554021532	OK	 
REQUEST		request_0	1623554020673	1623554021645	OK	 
REQUEST		request_7	1623554021560	1623554022079	OK	 
REQUEST		request_7	1623554021560	1623554022079	OK	 
REQUEST		request_1	1623554021649	1623554022152	OK	 
REQUEST		request_8	1623554022082	1623554022330	OK	 
REQUEST		request_8	1623554022082	1623554022331	OK	 
REQUEST		request_4	1623554021248	1623554022375	OK	 
REQUEST		request_6	1623554021249	1623554022377	OK	 
REQUEST		request_2	1623554021247	1623554022441	OK	 
REQUEST		request_2	1623554021298	1623554022446	OK	 
REQUEST		request_4	1623554021300	1623554022448	OK	 
REQUEST		request_5	1623554021248	1623554022449	OK	 
REQUEST		request_3	1623554021247	1623554022451	OK	 
REQUEST		request_3	1623554021299	1623554022451	OK	 
REQUEST		request_7	1623554022153	1623554022451	OK	 
REQUEST		request_6	1623554021302	1623554022453	OK	 
REQUEST		request_5	1623554021301	1623554022595	OK	 
REQUEST		request_9	1623554022332	1623554022598	OK	 
REQUEST		request_9	1623554022332	1623554022670	OK	 
REQUEST		request_4	1623554021652	1623554022672	OK	 
REQUEST		request_11	1623554022449	1623554022672	OK	 
REQUEST		request_10	1623554022446	1623554022674	OK	 
REQUEST		request_12	1623554022442	1623554022674	OK	 
REQUEST		request_3	1623554021652	1623554022675	OK	 
REQUEST		request_12	1623554022452	1623554022675	OK	 
REQUEST		request_10	1623554022376	1623554022676	OK	 
REQUEST		request_13	1623554022454	1623554022677	OK	 
REQUEST		request_11	1623554022379	1623554022677	OK	 
REQUEST		request_14	1623554022452	1623554022814	OK	 
REQUEST		request_8	1623554022452	1623554022815	OK	 
REQUEST		request_13	1623554022449	1623554022816	OK	 
REQUEST		request_2	1623554021651	1623554022818	OK	 
REQUEST		request_5	1623554021653	1623554022820	OK	 
REQUEST		request_6	1623554021654	1623554023033	OK	 
REQUEST		request_14	1623554022596	1623554023300	OK	 
REQUEST		request_9	1623554022673	1623554023320	OK	 
REQUEST		request_10	1623554022676	1623554023324	OK	 
REQUEST		request_15	1623554022600	1623554024192	OK	 
REQUEST		request_14	1623554023034	1623554024193	OK	 
REQUEST		request_11	1623554022816	1623554024194	OK	 
REQUEST		request_12	1623554022819	1623554024196	OK	 
REQUEST		request_13	1623554022821	1623554024197	OK	 
USER	PetStoreSimulation	END	1623554024199
USER	PetStoreSimulation	START	1623554024201
REQUEST		request_15	1623554022672	1623554024491	OK	 
USER	PetStoreSimulation	END	1623554024497
USER	PetStoreSimulation	START	1623554024501
REQUEST		request_15	1623554023322	1623554025021	OK	 
USER	PetStoreSimulation	END	1623554025035
USER	PetStoreSimulation	START	1623554025036
REQUEST		request_0	1623554024202	1623554025283	OK	 
REQUEST		request_0	1623554024502	1623554025353	OK	 
REQUEST		request_1	1623554025287	1623554025518	OK	 
REQUEST		request_1	1623554025358	1623554025572	OK	 
REQUEST		request_7	1623554025520	1623554025800	OK	 
REQUEST		request_7	1623554025573	1623554025853	OK	 
REQUEST		request_0	1623554025037	1623554025924	OK	 
REQUEST		request_8	1623554025801	1623554026031	OK	 
REQUEST		request_8	1623554025854	1623554026075	OK	 
REQUEST		request_5	1623554025290	1623554026100	OK	 
REQUEST		request_6	1623554025291	1623554026104	OK	 
REQUEST		request_1	1623554025928	1623554026153	OK	 
REQUEST		request_2	1623554025359	1623554026165	OK	 
REQUEST		request_4	1623554025289	1623554026165	OK	 
REQUEST		request_3	1623554025289	1623554026175	OK	 
REQUEST		request_2	1623554025288	1623554026209	OK	 
REQUEST		request_5	1623554025363	1623554026210	OK	 
REQUEST		request_3	1623554025361	1623554026235	OK	 
REQUEST		request_4	1623554025362	1623554026239	OK	 
REQUEST		request_6	1623554025364	1623554026243	OK	 
REQUEST		request_9	1623554026033	1623554026270	OK	 
REQUEST		request_9	1623554026076	1623554026293	OK	 
REQUEST		request_10	1623554026102	1623554026327	OK	 
REQUEST		request_11	1623554026105	1623554026329	OK	 
REQUEST		request_7	1623554026154	1623554026431	OK	 
REQUEST		request_10	1623554026166	1623554026441	OK	 
REQUEST		request_13	1623554026176	1623554026442	OK	 
REQUEST		request_11	1623554026212	1623554026443	OK	 
REQUEST		request_12	1623554026166	1623554026443	OK	 
REQUEST		request_14	1623554026211	1623554026444	OK	 
REQUEST		request_13	1623554026241	1623554026555	OK	 
REQUEST		request_12	1623554026237	1623554026556	OK	 
REQUEST		request_14	1623554026244	1623554026557	OK	 
REQUEST		request_15	1623554026271	1623554026784	OK	 
USER	PetStoreSimulation	END	1623554026790
USER	PetStoreSimulation	START	1623554026792
REQUEST		request_8	1623554026433	1623554026860	OK	 
REQUEST		request_15	1623554026294	1623554026876	OK	 
REQUEST		request_4	1623554025932	1623554026876	OK	 
REQUEST		request_3	1623554025931	1623554026878	OK	 
USER	PetStoreSimulation	END	1623554026880
REQUEST		request_5	1623554025933	1623554026880	OK	 
REQUEST		request_6	1623554025935	1623554026882	OK	 
USER	PetStoreSimulation	START	1623554026881
REQUEST		request_2	1623554025930	1623554026997	OK	 
REQUEST		request_9	1623554026860	1623554027084	OK	 
REQUEST		request_10	1623554026877	1623554027101	OK	 
REQUEST		request_13	1623554026883	1623554027230	OK	 
REQUEST		request_11	1623554026879	1623554027231	OK	 
REQUEST		request_12	1623554026881	1623554027233	OK	 
REQUEST		request_14	1623554026998	1623554027234	OK	 
REQUEST		request_15	1623554027085	1623554027515	OK	 
USER	PetStoreSimulation	END	1623554027521
USER	PetStoreSimulation	START	1623554027522
REQUEST		request_0	1623554026793	1623554027889	OK	 
REQUEST		request_0	1623554026882	1623554027926	OK	 
REQUEST		request_1	1623554027893	1623554028131	OK	 
REQUEST		request_1	1623554027928	1623554028158	OK	 
REQUEST		request_7	1623554028132	1623554028388	OK	 
REQUEST		request_7	1623554028159	1623554028391	OK	 
REQUEST		request_0	1623554027523	1623554028481	OK	 
REQUEST		request_8	1623554028389	1623554028601	OK	 
REQUEST		request_8	1623554028391	1623554028607	OK	 
REQUEST		request_4	1623554027895	1623554028698	OK	 
REQUEST		request_1	1623554028483	1623554028700	OK	 
REQUEST		request_2	1623554027893	1623554028706	OK	 
REQUEST		request_3	1623554027894	1623554028709	OK	 
REQUEST		request_5	1623554027895	1623554028759	OK	 
REQUEST		request_6	1623554027896	1623554028764	OK	 
REQUEST		request_9	1623554028601	1623554028815	OK	 
REQUEST		request_9	1623554028608	1623554028831	OK	 
REQUEST		request_3	1623554027930	1623554028840	OK	 
REQUEST		request_6	1623554027932	1623554028843	OK	 
REQUEST		request_4	1623554027931	1623554028861	OK	 
REQUEST		request_5	1623554027932	1623554028902	OK	 
REQUEST		request_2	1623554027930	1623554028905	OK	 
REQUEST		request_11	1623554028707	1623554028961	OK	 
REQUEST		request_7	1623554028701	1623554028963	OK	 
REQUEST		request_12	1623554028710	1623554028963	OK	 
REQUEST		request_10	1623554028699	1623554028964	OK	 
REQUEST		request_13	1623554028760	1623554028976	OK	 
REQUEST		request_14	1623554028765	1623554028986	OK	 
REQUEST		request_11	1623554028841	1623554029054	OK	 
REQUEST		request_12	1623554028844	1623554029080	OK	 
REQUEST		request_10	1623554028832	1623554029081	OK	 
REQUEST		request_13	1623554028862	1623554029091	OK	 
REQUEST		request_14	1623554028904	1623554029130	OK	 
REQUEST		request_8	1623554028964	1623554029181	OK	 
REQUEST		request_15	1623554028816	1623554029215	OK	 
USER	PetStoreSimulation	END	1623554029222
USER	PetStoreSimulation	START	1623554029224
REQUEST		request_4	1623554028485	1623554029266	OK	 
REQUEST		request_5	1623554028485	1623554029275	OK	 
REQUEST		request_15	1623554028906	1623554029340	OK	 
REQUEST		request_3	1623554028484	1623554029342	OK	 
REQUEST		request_6	1623554028485	1623554029344	OK	 
USER	PetStoreSimulation	END	1623554029347
REQUEST		request_2	1623554028484	1623554029347	OK	 
USER	PetStoreSimulation	START	1623554029349
REQUEST		request_9	1623554029182	1623554029412	OK	 
REQUEST		request_10	1623554029267	1623554029494	OK	 
REQUEST		request_11	1623554029276	1623554029496	OK	 
REQUEST		request_13	1623554029345	1623554029555	OK	 
REQUEST		request_12	1623554029343	1623554029562	OK	 
REQUEST		request_14	1623554029348	1623554029563	OK	 
REQUEST		request_15	1623554029413	1623554029849	OK	 
USER	PetStoreSimulation	END	1623554029854
USER	PetStoreSimulation	START	1623554029856
REQUEST		request_0	1623554029225	1623554030131	OK	 
REQUEST		request_0	1623554029350	1623554030246	OK	 
REQUEST		request_1	1623554030136	1623554030352	OK	 
REQUEST		request_1	1623554030249	1623554030479	OK	 
REQUEST		request_7	1623554030352	1623554030738	OK	 
REQUEST		request_7	1623554030481	1623554030824	OK	 
REQUEST		request_0	1623554029856	1623554030832	OK	 
REQUEST		request_8	1623554030739	1623554030977	OK	 
REQUEST		request_8	1623554030825	1623554031056	OK	 
REQUEST		request_1	1623554030834	1623554031057	OK	 
REQUEST		request_3	1623554030139	1623554031175	OK	 
REQUEST		request_2	1623554030138	1623554031176	OK	 
REQUEST		request_4	1623554030140	1623554031178	OK	 
REQUEST		request_5	1623554030142	1623554031179	OK	 
REQUEST		request_3	1623554030251	1623554031195	OK	 
REQUEST		request_4	1623554030252	1623554031199	OK	 
REQUEST		request_9	1623554030978	1623554031200	OK	 
REQUEST		request_2	1623554030250	1623554031200	OK	 
REQUEST		request_6	1623554030143	1623554031252	OK	 
REQUEST		request_5	1623554030253	1623554031252	OK	 
REQUEST		request_6	1623554030254	1623554031254	OK	 
REQUEST		request_7	1623554031058	1623554031400	OK	 
REQUEST		request_10	1623554031175	1623554031400	OK	 
REQUEST		request_11	1623554031177	1623554031406	OK	 
REQUEST		request_9	1623554031057	1623554031407	OK	 
REQUEST		request_12	1623554031178	1623554031407	OK	 
REQUEST		request_13	1623554031180	1623554031408	OK	 
REQUEST		request_10	1623554031196	1623554031409	OK	 
REQUEST		request_12	1623554031201	1623554031411	OK	 
REQUEST		request_11	1623554031199	1623554031413	OK	 
REQUEST		request_14	1623554031200	1623554031416	OK	 
REQUEST		request_14	1623554031254	1623554031483	OK	 
REQUEST		request_13	1623554031253	1623554031483	OK	 
REQUEST		request_15	1623554031253	1623554031633	OK	 
USER	PetStoreSimulation	END	1623554031636
USER	PetStoreSimulation	START	1623554031637
REQUEST		request_8	1623554031400	1623554031679	OK	 
REQUEST		request_2	1623554030835	1623554031838	OK	 
REQUEST		request_15	1623554031408	1623554031842	OK	 
USER	PetStoreSimulation	END	1623554031847
USER	PetStoreSimulation	START	1623554031849
REQUEST		request_4	1623554030836	1623554031909	OK	 
REQUEST		request_9	1623554031680	1623554031911	OK	 
REQUEST		request_3	1623554030835	1623554031912	OK	 
REQUEST		request_5	1623554030836	1623554031913	OK	 
REQUEST		request_6	1623554030837	1623554031915	OK	 
REQUEST		request_10	1623554031839	1623554032060	OK	 
REQUEST		request_11	1623554031910	1623554032130	OK	 
REQUEST		request_12	1623554031911	1623554032131	OK	 
REQUEST		request_13	1623554031912	1623554032133	OK	 
REQUEST		request_14	1623554031914	1623554032147	OK	 
REQUEST		request_15	1623554031915	1623554032308	OK	 
USER	PetStoreSimulation	END	1623554032315
USER	PetStoreSimulation	START	1623554032317
REQUEST		request_0	1623554031638	1623554032694	OK	 
REQUEST		request_0	1623554031850	1623554032745	OK	 
REQUEST		request_1	1623554032696	1623554032934	OK	 
REQUEST		request_1	1623554032747	1623554032974	OK	 
REQUEST		request_7	1623554032975	1623554033384	OK	 
REQUEST		request_7	1623554032936	1623554033384	OK	 
REQUEST		request_3	1623554032697	1623554033541	OK	 
REQUEST		request_2	1623554032696	1623554033589	OK	 
REQUEST		request_8	1623554033385	1623554033604	OK	 
REQUEST		request_8	1623554033385	1623554033604	OK	 
REQUEST		request_0	1623554032317	1623554033609	OK	 
REQUEST		request_9	1623554033541	1623554033945	OK	 
REQUEST		request_11	1623554033605	1623554033947	OK	 
REQUEST		request_9	1623554033605	1623554033948	OK	 
REQUEST		request_10	1623554033589	1623554033948	OK	 
REQUEST		request_4	1623554032697	1623554034001	OK	 
REQUEST		request_4	1623554032749	1623554034001	OK	 
REQUEST		request_1	1623554033611	1623554034001	OK	 
REQUEST		request_5	1623554032698	1623554034003	OK	 
REQUEST		request_6	1623554032750	1623554034004	OK	 
REQUEST		request_10	1623554033948	1623554034362	OK	 
REQUEST		request_14	1623554033948	1623554034362	OK	 
REQUEST		request_12	1623554033946	1623554034363	OK	 
REQUEST		request_13	1623554033947	1623554034364	OK	 
REQUEST		request_2	1623554032748	1623554034365	OK	 
REQUEST		request_6	1623554032698	1623554034441	OK	 
REQUEST		request_3	1623554032749	1623554034441	OK	 
REQUEST		request_5	1623554032749	1623554034444	OK	 
REQUEST		request_11	1623554034002	1623554034453	OK	 
REQUEST		request_12	1623554034004	1623554034454	OK	 
REQUEST		request_7	1623554034002	1623554034455	OK	 
REQUEST		request_15	1623554034002	1623554034517	OK	 
USER	PetStoreSimulation	END	1623554034523
USER	PetStoreSimulation	START	1623554034524
REQUEST		request_13	1623554034363	1623554034593	OK	 
REQUEST		request_14	1623554034366	1623554034596	OK	 
REQUEST		request_8	1623554034456	1623554034841	OK	 
REQUEST		request_15	1623554034442	1623554035249	OK	 
USER	PetStoreSimulation	END	1623554035255
USER	PetStoreSimulation	START	1623554035256
REQUEST		request_5	1623554033613	1623554035302	OK	 
REQUEST		request_9	1623554034842	1623554035304	OK	 
REQUEST		request_2	1623554033612	1623554035306	OK	 
REQUEST		request_3	1623554033612	1623554035308	OK	 
REQUEST		request_4	1623554033613	1623554035310	OK	 
REQUEST		request_6	1623554033613	1623554035311	OK	 
REQUEST		request_12	1623554035307	1623554035645	OK	 
REQUEST		request_10	1623554035303	1623554035646	OK	 
REQUEST		request_13	1623554035309	1623554035648	OK	 
REQUEST		request_14	1623554035310	1623554035649	OK	 
REQUEST		request_11	1623554035305	1623554035701	OK	 
REQUEST		request_15	1623554035312	1623554035710	OK	 
USER	PetStoreSimulation	END	1623554035716
USER	PetStoreSimulation	START	1623554035717
REQUEST		request_0	1623554035256	1623554036079	OK	 
REQUEST		request_0	1623554034525	1623554036094	OK	 
REQUEST		request_1	1623554036098	1623554036485	OK	 
REQUEST		request_1	1623554036084	1623554036485	OK	 
REQUEST		request_0	1623554035718	1623554036632	OK	 
REQUEST		request_7	1623554036486	1623554036703	OK	 
REQUEST		request_7	1623554036486	1623554036704	OK	 
REQUEST		request_1	1623554036636	1623554036859	OK	 
REQUEST		request_8	1623554036705	1623554036929	OK	 
REQUEST		request_8	1623554036704	1623554036929	OK	 
REQUEST		request_2	1623554036099	1623554037085	OK	 
REQUEST		request_6	1623554036090	1623554037086	OK	 
REQUEST		request_7	1623554036861	1623554037086	OK	 
REQUEST		request_3	1623554036087	1623554037087	OK	 
REQUEST		request_5	1623554036089	1623554037087	OK	 
REQUEST		request_4	1623554036101	1623554037140	OK	 
REQUEST		request_9	1623554036930	1623554037159	OK	 
REQUEST		request_9	1623554036930	1623554037159	OK	 
REQUEST		request_3	1623554036100	1623554037161	OK	 
REQUEST		request_5	1623554036102	1623554037162	OK	 
REQUEST		request_4	1623554036088	1623554037162	OK	 
REQUEST		request_6	1623554036103	1623554037163	OK	 
REQUEST		request_2	1623554036085	1623554037163	OK	 
REQUEST		request_10	1623554037086	1623554037311	OK	 
REQUEST		request_10	1623554037086	1623554037311	OK	 
REQUEST		request_8	1623554037086	1623554037311	OK	 
REQUEST		request_12	1623554037088	1623554037314	OK	 
REQUEST		request_11	1623554037087	1623554037315	OK	 
REQUEST		request_11	1623554037141	1623554037363	OK	 
REQUEST		request_12	1623554037160	1623554037370	OK	 
REQUEST		request_13	1623554037160	1623554037370	OK	 
REQUEST		request_13	1623554037161	1623554037373	OK	 
REQUEST		request_14	1623554037163	1623554037377	OK	 
REQUEST		request_14	1623554037163	1623554037390	OK	 
REQUEST		request_2	1623554036637	1623554037467	OK	 
REQUEST		request_4	1623554036639	1623554037468	OK	 
REQUEST		request_5	1623554036640	1623554037469	OK	 
REQUEST		request_3	1623554036638	1623554037524	OK	 
REQUEST		request_6	1623554036641	1623554037525	OK	 
REQUEST		request_9	1623554037312	1623554037529	OK	 
REQUEST		request_15	1623554037164	1623554037589	OK	 
USER	PetStoreSimulation	END	1623554037593
USER	PetStoreSimulation	START	1623554037594
REQUEST		request_15	1623554037164	1623554037621	OK	 
USER	PetStoreSimulation	END	1623554037624
USER	PetStoreSimulation	START	1623554037625
REQUEST		request_10	1623554037468	1623554037684	OK	 
REQUEST		request_11	1623554037469	1623554037691	OK	 
REQUEST		request_12	1623554037469	1623554037692	OK	 
REQUEST		request_13	1623554037524	1623554037761	OK	 
REQUEST		request_14	1623554037525	1623554037762	OK	 
REQUEST		request_15	1623554037529	1623554037911	OK	 
USER	PetStoreSimulation	END	1623554037914
USER	PetStoreSimulation	START	1623554037915
REQUEST		request_0	1623554037594	1623554038515	OK	 
REQUEST		request_0	1623554037625	1623554038535	OK	 
REQUEST		request_1	1623554038519	1623554038732	OK	 
REQUEST		request_0	1623554037915	1623554038732	OK	 
REQUEST		request_1	1623554038538	1623554038896	OK	 
REQUEST		request_7	1623554038733	1623554038950	OK	 
REQUEST		request_8	1623554038951	1623554039380	OK	 
REQUEST		request_1	1623554038734	1623554039383	OK	 
REQUEST		request_7	1623554038897	1623554039389	OK	 
REQUEST		request_3	1623554038521	1623554039570	OK	 
REQUEST		request_3	1623554038539	1623554039570	OK	 
REQUEST		request_4	1623554038522	1623554039573	OK	 
REQUEST		request_5	1623554038523	1623554039575	OK	 
REQUEST		request_6	1623554038524	1623554039577	OK	 
REQUEST		request_5	1623554038540	1623554039578	OK	 
REQUEST		request_2	1623554038520	1623554039579	OK	 
REQUEST		request_4	1623554038540	1623554039774	OK	 
REQUEST		request_2	1623554038539	1623554039835	OK	 
REQUEST		request_9	1623554039381	1623554039835	OK	 
REQUEST		request_7	1623554039384	1623554039835	OK	 
REQUEST		request_8	1623554039390	1623554039836	OK	 
REQUEST		request_6	1623554038541	1623554039837	OK	 
REQUEST		request_13	1623554039578	1623554040001	OK	 
REQUEST		request_9	1623554039571	1623554040003	OK	 
REQUEST		request_12	1623554039575	1623554040004	OK	 
REQUEST		request_11	1623554039573	1623554040004	OK	 
REQUEST		request_10	1623554039571	1623554040005	OK	 
REQUEST		request_14	1623554039580	1623554040007	OK	 
REQUEST		request_10	1623554039579	1623554040007	OK	 
REQUEST		request_11	1623554039775	1623554040008	OK	 
REQUEST		request_8	1623554039835	1623554040284	OK	 
REQUEST		request_12	1623554039835	1623554040285	OK	 
REQUEST		request_14	1623554039838	1623554040286	OK	 
REQUEST		request_13	1623554039837	1623554040286	OK	 
REQUEST		request_15	1623554039835	1623554040517	OK	 
USER	PetStoreSimulation	END	1623554040521
USER	PetStoreSimulation	START	1623554040522
REQUEST		request_4	1623554038736	1623554040650	OK	 
REQUEST		request_5	1623554038737	1623554040653	OK	 
REQUEST		request_9	1623554040285	1623554040701	OK	 
REQUEST		request_6	1623554038738	1623554040703	OK	 
REQUEST		request_2	1623554038735	1623554040710	OK	 
REQUEST		request_3	1623554038736	1623554040712	OK	 
REQUEST		request_15	1623554040004	1623554040830	OK	 
USER	PetStoreSimulation	END	1623554040834
USER	PetStoreSimulation	START	1623554040835
REQUEST		request_10	1623554040651	1623554040933	OK	 
REQUEST		request_12	1623554040702	1623554040934	OK	 
REQUEST		request_11	1623554040653	1623554040935	OK	 
REQUEST		request_13	1623554040704	1623554040936	OK	 
REQUEST		request_14	1623554040711	1623554040940	OK	 
REQUEST		request_15	1623554040713	1623554041106	OK	 
USER	PetStoreSimulation	END	1623554041111
USER	PetStoreSimulation	START	1623554041112
REQUEST		request_0	1623554040522	1623554041523	OK	 
REQUEST		request_0	1623554040835	1623554041662	OK	 
REQUEST		request_1	1623554041525	1623554041751	OK	 
REQUEST		request_1	1623554041665	1623554041887	OK	 
REQUEST		request_0	1623554041112	1623554041945	OK	 
REQUEST		request_7	1623554041751	1623554041958	OK	 
REQUEST		request_7	1623554041887	1623554042118	OK	 
REQUEST		request_8	1623554041958	1623554042169	OK	 
REQUEST		request_1	1623554041947	1623554042171	OK	 
REQUEST		request_8	1623554042118	1623554042346	OK	 
REQUEST		request_3	1623554041527	1623554042360	OK	 
REQUEST		request_5	1623554041528	1623554042361	OK	 
REQUEST		request_2	1623554041526	1623554042363	OK	 
REQUEST		request_6	1623554041528	1623554042365	OK	 
REQUEST		request_4	1623554041527	1623554042376	OK	 
REQUEST		request_9	1623554042170	1623554042400	OK	 
REQUEST		request_7	1623554042172	1623554042404	OK	 
REQUEST		request_6	1623554041668	1623554042481	OK	 
REQUEST		request_3	1623554041666	1623554042482	OK	 
REQUEST		request_5	1623554041667	1623554042483	OK	 
REQUEST		request_4	1623554041667	1623554042498	OK	 
REQUEST		request_2	1623554041665	1623554042499	OK	 
REQUEST		request_9	1623554042347	1623554042565	OK	 
REQUEST		request_10	1623554042360	1623554042570	OK	 
REQUEST		request_11	1623554042362	1623554042570	OK	 
REQUEST		request_12	1623554042364	1623554042571	OK	 
REQUEST		request_13	1623554042365	1623554042574	OK	 
REQUEST		request_14	1623554042377	1623554042586	OK	 
REQUEST		request_8	1623554042405	1623554042647	OK	 
REQUEST		request_12	1623554042483	1623554042701	OK	 
REQUEST		request_10	1623554042481	1623554042701	OK	 
REQUEST		request_11	1623554042482	1623554042703	OK	 
REQUEST		request_13	1623554042498	1623554042715	OK	 
REQUEST		request_14	1623554042499	1623554042717	OK	 
REQUEST		request_15	1623554042400	1623554042792	OK	 
USER	PetStoreSimulation	END	1623554042837
USER	PetStoreSimulation	START	1623554042838
REQUEST		request_4	1623554041949	1623554042855	OK	 
REQUEST		request_5	1623554041950	1623554042856	OK	 
REQUEST		request_6	1623554041950	1623554042858	OK	 
REQUEST		request_2	1623554041948	1623554042859	OK	 
REQUEST		request_3	1623554041949	1623554042860	OK	 
REQUEST		request_9	1623554042648	1623554042862	OK	 
REQUEST		request_15	1623554042566	1623554043074	OK	 
REQUEST		request_10	1623554042856	1623554043079	OK	 
USER	PetStoreSimulation	END	1623554043081
USER	PetStoreSimulation	START	1623554043082
REQUEST		request_11	1623554042857	1623554043084	OK	 
REQUEST		request_12	1623554042858	1623554043093	OK	 
REQUEST		request_13	1623554042859	1623554043094	OK	 
REQUEST		request_14	1623554042860	1623554043095	OK	 
REQUEST		request_15	1623554042862	1623554043519	OK	 
USER	PetStoreSimulation	END	1623554043523
USER	PetStoreSimulation	START	1623554043524
REQUEST		request_0	1623554042838	1623554044026	OK	 
REQUEST		request_1	1623554044029	1623554044471	OK	 
REQUEST		request_7	1623554044472	1623554044835	OK	 
REQUEST		request_0	1623554043083	1623554044836	OK	 
REQUEST		request_1	1623554044838	1623554045050	OK	 
REQUEST		request_8	1623554044836	1623554045052	OK	 
REQUEST		request_0	1623554043524	1623554045058	OK	 
REQUEST		request_9	1623554045052	1623554045281	OK	 
REQUEST		request_7	1623554045050	1623554045281	OK	 
REQUEST		request_1	1623554045060	1623554045300	OK	 
REQUEST		request_2	1623554044030	1623554045344	OK	 
REQUEST		request_5	1623554044033	1623554045346	OK	 
REQUEST		request_6	1623554044034	1623554045438	OK	 
REQUEST		request_3	1623554044031	1623554045439	OK	 
REQUEST		request_4	1623554044032	1623554045440	OK	 
REQUEST		request_8	1623554045281	1623554045588	OK	 
REQUEST		request_10	1623554045281	1623554045589	OK	 
REQUEST		request_11	1623554045345	1623554045594	OK	 
REQUEST		request_12	1623554045347	1623554045594	OK	 
REQUEST		request_7	1623554045301	1623554045595	OK	 
REQUEST		request_13	1623554045438	1623554045650	OK	 
REQUEST		request_14	1623554045439	1623554045655	OK	 
REQUEST		request_4	1623554044839	1623554045738	OK	 
REQUEST		request_2	1623554044838	1623554045740	OK	 
REQUEST		request_3	1623554044839	1623554045742	OK	 
REQUEST		request_6	1623554044840	1623554045744	OK	 
REQUEST		request_5	1623554044840	1623554045746	OK	 
REQUEST		request_15	1623554045440	1623554045811	OK	 
USER	PetStoreSimulation	END	1623554045814
USER	PetStoreSimulation	START	1623554045815
REQUEST		request_9	1623554045589	1623554045818	OK	 
REQUEST		request_8	1623554045595	1623554045818	OK	 
REQUEST		request_6	1623554045062	1623554045869	OK	 
REQUEST		request_2	1623554045060	1623554045870	OK	 
REQUEST		request_5	1623554045061	1623554045872	OK	 
REQUEST		request_10	1623554045739	1623554045959	OK	 
REQUEST		request_13	1623554045745	1623554045960	OK	 
REQUEST		request_11	1623554045741	1623554045961	OK	 
REQUEST		request_12	1623554045743	1623554045961	OK	 
REQUEST		request_14	1623554045747	1623554045965	OK	 
REQUEST		request_9	1623554045818	1623554046034	OK	 
REQUEST		request_11	1623554045871	1623554046090	OK	 
REQUEST		request_12	1623554045872	1623554046091	OK	 
REQUEST		request_10	1623554045869	1623554046092	OK	 
REQUEST		request_15	1623554045818	1623554046188	OK	 
USER	PetStoreSimulation	END	1623554046191
USER	PetStoreSimulation	START	1623554046191
REQUEST		request_13	1623554046034	1623554046258	OK	 
REQUEST		request_14	1623554046091	1623554046310	OK	 
REQUEST		request_15	1623554046092	1623554046487	OK	 
REQUEST		request_0	1623554045815	1623554046621	OK	 
REQUEST		request_1	1623554046623	1623554046845	OK	 
REQUEST		request_0	1623554046192	1623554047034	OK	 
REQUEST		request_7	1623554046846	1623554047068	OK	 
REQUEST		request_1	1623554047036	1623554047278	OK	 
REQUEST		request_8	1623554047069	1623554047289	OK	 
REQUEST		request_4	1623554046624	1623554047475	OK	 
REQUEST		request_5	1623554046624	1623554047476	OK	 
REQUEST		request_6	1623554046624	1623554047478	OK	 
REQUEST		request_3	1623554046624	1623554047479	OK	 
REQUEST		request_9	1623554047290	1623554047498	OK	 
REQUEST		request_7	1623554047279	1623554047499	OK	 
REQUEST		request_12	1623554047478	1623554047700	OK	 
REQUEST		request_11	1623554047477	1623554047703	OK	 
REQUEST		request_10	1623554047475	1623554047708	OK	 
REQUEST		request_13	1623554047480	1623554047709	OK	 
REQUEST		request_14	1623554047498	1623554047711	OK	 
REQUEST		request_8	1623554047499	1623554047715	OK	 
REQUEST		request_6	1623554047038	1623554047917	OK	 
REQUEST		request_2	1623554047036	1623554047918	OK	 
REQUEST		request_3	1623554047037	1623554047919	OK	 
REQUEST		request_5	1623554047038	1623554047920	OK	 
REQUEST		request_4	1623554047038	1623554047925	OK	 
REQUEST		request_9	1623554047715	1623554047930	OK	 
REQUEST		request_15	1623554047701	1623554048140	OK	 
REQUEST		request_11	1623554047918	1623554048222	OK	 
REQUEST		request_10	1623554047917	1623554048224	OK	 
REQUEST		request_12	1623554047919	1623554048225	OK	 
REQUEST		request_14	1623554047925	1623554048225	OK	 
REQUEST		request_13	1623554047920	1623554048226	OK	 
REQUEST		request_15	1623554047931	1623554048361	OK	 
USER	PetStoreSimulation	END	1623554048366
USER	PetStoreSimulation	START	1623554048367
REQUEST		request_0	1623554048367	1623554049210	OK	 
REQUEST		request_1	1623554049212	1623554049431	OK	 
REQUEST		request_7	1623554049432	1623554049652	OK	 
REQUEST		request_8	1623554049653	1623554049871	OK	 
REQUEST		request_4	1623554049214	1623554050016	OK	 
REQUEST		request_6	1623554049215	1623554050029	OK	 
REQUEST		request_3	1623554049213	1623554050030	OK	 
REQUEST		request_5	1623554049215	1623554050043	OK	 
REQUEST		request_2	1623554049213	1623554050044	OK	 
REQUEST		request_9	1623554049872	1623554050086	OK	 
REQUEST		request_10	1623554050017	1623554050249	OK	 
REQUEST		request_12	1623554050031	1623554050250	OK	 
REQUEST		request_11	1623554050029	1623554050251	OK	 
REQUEST		request_14	1623554050045	1623554050269	OK	 
REQUEST		request_13	1623554050043	1623554050270	OK	 
REQUEST		request_15	1623554050087	1623554050455	OK	 
USER	PetStoreSimulation	END	1623554050458
USER	PetStoreSimulation	START	1623554050459
REQUEST		request_0	1623554050459	1623554051297	OK	 
REQUEST		request_1	1623554051299	1623554051529	OK	 
REQUEST		request_7	1623554051530	1623554051755	OK	 
REQUEST		request_8	1623554051756	1623554052094	OK	 
REQUEST		request_4	1623554051300	1623554052315	OK	 
REQUEST		request_2	1623554051299	1623554052316	OK	 
REQUEST		request_3	1623554051300	1623554052318	OK	 
REQUEST		request_5	1623554051300	1623554052319	OK	 
REQUEST		request_6	1623554051301	1623554052320	OK	 
REQUEST		request_9	1623554052095	1623554052322	OK	 
REQUEST		request_12	1623554052318	1623554052543	OK	 
REQUEST		request_10	1623554052315	1623554052543	OK	 
REQUEST		request_13	1623554052319	1623554052543	OK	 
REQUEST		request_14	1623554052321	1623554052544	OK	 
REQUEST		request_11	1623554052317	1623554052545	OK	 
REQUEST		request_15	1623554052322	1623554052761	OK	 
USER	PetStoreSimulation	END	1623554052765
USER	PetStoreSimulation	START	1623554052766
REQUEST		request_0	1623554052766	1623554053603	OK	 
REQUEST		request_1	1623554053605	1623554053833	OK	 
REQUEST		request_7	1623554053834	1623554054058	OK	 
REQUEST		request_8	1623554054058	1623554054302	OK	 
REQUEST		request_3	1623554053606	1623554054412	OK	 
REQUEST		request_5	1623554053608	1623554054414	OK	 
REQUEST		request_4	1623554053607	1623554054430	OK	 
REQUEST		request_2	1623554053606	1623554054431	OK	 
REQUEST		request_6	1623554053608	1623554054432	OK	 
REQUEST		request_9	1623554054302	1623554054526	OK	 
REQUEST		request_10	1623554054413	1623554054630	OK	 
REQUEST		request_11	1623554054414	1623554054630	OK	 
REQUEST		request_13	1623554054432	1623554054645	OK	 
REQUEST		request_12	1623554054430	1623554054646	OK	 
REQUEST		request_14	1623554054433	1623554054649	OK	 
REQUEST		request_15	1623554054527	1623554054920	OK	 
USER	PetStoreSimulation	END	1623554054923
USER	PetStoreSimulation	START	1623554054923
REQUEST		request_3	1623554045061	1623554055064	KO	i.n.c.ConnectTimeoutException: connection timed out: petstore.octoperf.com/49.12.128.248:443
REQUEST		request_4	1623554045061	1623554055074	KO	i.n.c.ConnectTimeoutException: connection timed out: petstore.octoperf.com/49.12.128.248:443
USER	PetStoreSimulation	END	1623554055077
USER	PetStoreSimulation	START	1623554055077
REQUEST		request_0	1623554054923	1623554055836	OK	 
REQUEST		request_0	1623554055078	1623554056056	OK	 
REQUEST		request_1	1623554055839	1623554056061	OK	 
REQUEST		request_7	1623554056061	1623554056281	OK	 
REQUEST		request_1	1623554056058	1623554056292	OK	 
REQUEST		request_8	1623554056282	1623554056502	OK	 
REQUEST		request_7	1623554056293	1623554056508	OK	 
REQUEST		request_2	1623554046623	1623554056626	KO	i.n.c.ConnectTimeoutException: connection timed out: petstore.octoperf.com/49.12.128.248:443
USER	PetStoreSimulation	END	1623554056631
USER	PetStoreSimulation	START	1623554056632
REQUEST		request_4	1623554055843	1623554056718	OK	 
REQUEST		request_8	1623554056508	1623554056719	OK	 
REQUEST		request_5	1623554055844	1623554056719	OK	 
REQUEST		request_9	1623554056502	1623554056720	OK	 
REQUEST		request_2	1623554055841	1623554056722	OK	 
REQUEST		request_3	1623554055842	1623554056723	OK	 
REQUEST		request_6	1623554055844	1623554056724	OK	 
REQUEST		request_5	1623554056060	1623554056934	OK	 
REQUEST		request_2	1623554056059	1623554056935	OK	 
REQUEST		request_3	1623554056059	1623554056936	OK	 
REQUEST		request_6	1623554056061	1623554056937	OK	 
REQUEST		request_9	1623554056720	1623554056941	OK	 
REQUEST		request_11	1623554056720	1623554056941	OK	 
REQUEST		request_10	1623554056719	1623554056941	OK	 
REQUEST		request_12	1623554056721	1623554056944	OK	 
REQUEST		request_13	1623554056722	1623554056945	OK	 
REQUEST		request_14	1623554056723	1623554057010	OK	 
REQUEST		request_4	1623554056060	1623554057010	OK	 
REQUEST		request_15	1623554056724	1623554057138	OK	 
USER	PetStoreSimulation	END	1623554057141
USER	PetStoreSimulation	START	1623554057142
REQUEST		request_14	1623554056941	1623554057200	OK	 
REQUEST		request_11	1623554056935	1623554057200	OK	 
REQUEST		request_10	1623554056934	1623554057200	OK	 
REQUEST		request_12	1623554056936	1623554057218	OK	 
REQUEST		request_13	1623554056937	1623554057219	OK	 
REQUEST		request_15	1623554057011	1623554057383	OK	 
USER	PetStoreSimulation	END	1623554057386
USER	PetStoreSimulation	START	1623554057387
REQUEST		request_0	1623554056632	1623554057593	OK	 
REQUEST		request_1	1623554057596	1623554057818	OK	 
REQUEST		request_0	1623554057143	1623554057970	OK	 
REQUEST		request_7	1623554057819	1623554058056	OK	 
REQUEST		request_1	1623554057971	1623554058243	OK	 
REQUEST		request_0	1623554057387	1623554058244	OK	 
REQUEST		request_8	1623554058056	1623554058285	OK	 
REQUEST		request_3	1623554057598	1623554058479	OK	 
REQUEST		request_7	1623554058244	1623554058480	OK	 
REQUEST		request_2	1623554057597	1623554058480	OK	 
REQUEST		request_1	1623554058246	1623554058481	OK	 
REQUEST		request_4	1623554057598	1623554058481	OK	 
REQUEST		request_5	1623554057599	1623554058482	OK	 
REQUEST		request_6	1623554057599	1623554058483	OK	 
REQUEST		request_9	1623554058286	1623554058505	OK	 
REQUEST		request_10	1623554058480	1623554058698	OK	 
REQUEST		request_11	1623554058481	1623554058720	OK	 
REQUEST		request_8	1623554058480	1623554058720	OK	 
REQUEST		request_12	1623554058481	1623554058720	OK	 
REQUEST		request_14	1623554058483	1623554058720	OK	 
REQUEST		request_7	1623554058481	1623554058724	OK	 
REQUEST		request_13	1623554058482	1623554058725	OK	 
REQUEST		request_2	1623554057972	1623554058789	OK	 
REQUEST		request_3	1623554057972	1623554058790	OK	 
REQUEST		request_4	1623554057973	1623554058800	OK	 
REQUEST		request_5	1623554057973	1623554058801	OK	 
REQUEST		request_6	1623554057973	1623554058802	OK	 
REQUEST		request_15	1623554058505	1623554058885	OK	 
USER	PetStoreSimulation	END	1623554058890
USER	PetStoreSimulation	START	1623554058891
REQUEST		request_9	1623554058720	1623554058934	OK	 
REQUEST		request_8	1623554058725	1623554058939	OK	 
REQUEST		request_10	1623554058789	1623554059003	OK	 
REQUEST		request_11	1623554058790	1623554059003	OK	 
REQUEST		request_12	1623554058800	1623554059005	OK	 
REQUEST		request_13	1623554058802	1623554059005	OK	 
REQUEST		request_14	1623554058803	1623554059010	OK	 
REQUEST		request_5	1623554058248	1623554059069	OK	 
REQUEST		request_6	1623554058255	1623554059070	OK	 
REQUEST		request_2	1623554058247	1623554059071	OK	 
REQUEST		request_3	1623554058247	1623554059080	OK	 
REQUEST		request_4	1623554058248	1623554059092	OK	 
REQUEST		request_9	1623554058940	1623554059169	OK	 
REQUEST		request_12	1623554059071	1623554059358	OK	 
REQUEST		request_10	1623554059069	1623554059358	OK	 
REQUEST		request_11	1623554059070	1623554059358	OK	 
REQUEST		request_13	1623554059081	1623554059359	OK	 
REQUEST		request_14	1623554059092	1623554059359	OK	 
REQUEST		request_15	1623554058935	1623554059419	OK	 
USER	PetStoreSimulation	END	1623554059423
USER	PetStoreSimulation	START	1623554059423
REQUEST		request_15	1623554059170	1623554059641	OK	 
USER	PetStoreSimulation	END	1623554059645
USER	PetStoreSimulation	START	1623554059646
REQUEST		request_0	1623554058891	1623554059805	OK	 
REQUEST		request_1	1623554059808	1623554060020	OK	 
REQUEST		request_7	1623554060021	1623554060243	OK	 
REQUEST		request_0	1623554059424	1623554060455	OK	 
REQUEST		request_8	1623554060243	1623554060462	OK	 
REQUEST		request_5	1623554059811	1623554060678	OK	 
REQUEST		request_2	1623554059809	1623554060679	OK	 
REQUEST		request_0	1623554059647	1623554060680	OK	 
REQUEST		request_4	1623554059810	1623554060680	OK	 
REQUEST		request_3	1623554059810	1623554060682	OK	 
REQUEST		request_6	1623554059812	1623554060683	OK	 
REQUEST		request_9	1623554060462	1623554060684	OK	 
REQUEST		request_1	1623554060457	1623554060685	OK	 
REQUEST		request_10	1623554060678	1623554060899	OK	 
REQUEST		request_11	1623554060680	1623554060901	OK	 
REQUEST		request_12	1623554060681	1623554060901	OK	 
REQUEST		request_1	1623554060682	1623554060902	OK	 
REQUEST		request_7	1623554060685	1623554060905	OK	 
REQUEST		request_14	1623554060683	1623554060982	OK	 
REQUEST		request_13	1623554060682	1623554060982	OK	 
REQUEST		request_15	1623554060684	1623554061122	OK	 
USER	PetStoreSimulation	END	1623554061126
USER	PetStoreSimulation	START	1623554061127
REQUEST		request_8	1623554060906	1623554061200	OK	 
REQUEST		request_7	1623554060902	1623554061201	OK	 
REQUEST		request_2	1623554060458	1623554061278	OK	 
REQUEST		request_4	1623554060460	1623554061353	OK	 
REQUEST		request_5	1623554060460	1623554061354	OK	 
REQUEST		request_6	1623554060461	1623554061355	OK	 
REQUEST		request_3	1623554060459	1623554061359	OK	 
REQUEST		request_8	1623554061201	1623554061419	OK	 
REQUEST		request_9	1623554061201	1623554061419	OK	 
REQUEST		request_10	1623554061279	1623554061490	OK	 
REQUEST		request_4	1623554060684	1623554061563	OK	 
REQUEST		request_3	1623554060683	1623554061568	OK	 
REQUEST		request_6	1623554060685	1623554061579	OK	 
REQUEST		request_2	1623554060683	1623554061580	OK	 
REQUEST		request_12	1623554061355	1623554061580	OK	 
REQUEST		request_13	1623554061356	1623554061580	OK	 
REQUEST		request_11	1623554061354	1623554061581	OK	 
REQUEST		request_5	1623554060685	1623554061581	OK	 
REQUEST		request_14	1623554061359	1623554061586	OK	 
REQUEST		request_9	1623554061419	1623554061640	OK	 
REQUEST		request_15	1623554061419	1623554061804	OK	 
REQUEST		request_11	1623554061568	1623554061804	OK	 
USER	PetStoreSimulation	END	1623554061808
USER	PetStoreSimulation	START	1623554061809
REQUEST		request_10	1623554061564	1623554061820	OK	 
REQUEST		request_13	1623554061580	1623554061821	OK	 
REQUEST		request_12	1623554061579	1623554061822	OK	 
REQUEST		request_14	1623554061581	1623554061822	OK	 
REQUEST		request_0	1623554061127	1623554061997	OK	 
REQUEST		request_15	1623554061640	1623554062010	OK	 
USER	PetStoreSimulation	END	1623554062013
USER	PetStoreSimulation	START	1623554062014
REQUEST		request_1	1623554061999	1623554062233	OK	 
REQUEST		request_7	1623554062234	1623554062454	OK	 
REQUEST		request_0	1623554061810	1623554062615	OK	 
REQUEST		request_8	1623554062454	1623554062670	OK	 
REQUEST		request_6	1623554062003	1623554062814	OK	 
REQUEST		request_3	1623554062001	1623554062816	OK	 
REQUEST		request_4	1623554062002	1623554062817	OK	 
REQUEST		request_2	1623554062000	1623554062819	OK	 
REQUEST		request_5	1623554062002	1623554062829	OK	 
REQUEST		request_1	1623554062617	1623554062835	OK	 
REQUEST		request_9	1623554062670	1623554062889	OK	 
REQUEST		request_0	1623554062014	1623554062898	OK	 
REQUEST		request_10	1623554062815	1623554063040	OK	 
REQUEST		request_11	1623554062816	1623554063041	OK	 
REQUEST		request_13	1623554062819	1623554063041	OK	 
REQUEST		request_12	1623554062817	1623554063041	OK	 
REQUEST		request_7	1623554062836	1623554063050	OK	 
REQUEST		request_14	1623554062829	1623554063050	OK	 
REQUEST		request_1	1623554062899	1623554063119	OK	 
REQUEST		request_15	1623554062890	1623554063263	OK	 
REQUEST		request_8	1623554063051	1623554063263	OK	 
USER	PetStoreSimulation	END	1623554063265
USER	PetStoreSimulation	START	1623554063265
REQUEST		request_7	1623554063119	1623554063368	OK	 
REQUEST		request_5	1623554062619	1623554063405	OK	 
REQUEST		request_6	1623554062620	1623554063405	OK	 
REQUEST		request_4	1623554062618	1623554063408	OK	 
REQUEST		request_3	1623554062618	1623554063535	OK	 
REQUEST		request_2	1623554062617	1623554063536	OK	 
REQUEST		request_9	1623554063263	1623554063537	OK	 
REQUEST		request_8	1623554063369	1623554063597	OK	 
REQUEST		request_10	1623554063405	1623554063631	OK	 
REQUEST		request_11	1623554063405	1623554063633	OK	 
REQUEST		request_12	1623554063408	1623554063634	OK	 
REQUEST		request_4	1623554062900	1623554063755	OK	 
REQUEST		request_3	1623554062900	1623554063756	OK	 
REQUEST		request_5	1623554062900	1623554063757	OK	 
REQUEST		request_6	1623554062900	1623554063757	OK	 
REQUEST		request_2	1623554062899	1623554063758	OK	 
REQUEST		request_13	1623554063535	1623554063759	OK	 
REQUEST		request_9	1623554063597	1623554063831	OK	 
REQUEST		request_14	1623554063536	1623554063831	OK	 
REQUEST		request_15	1623554063537	1623554063983	OK	 
REQUEST		request_10	1623554063755	1623554063984	OK	 
USER	PetStoreSimulation	END	1623554063986
USER	PetStoreSimulation	START	1623554063987
REQUEST		request_12	1623554063757	1623554064040	OK	 
REQUEST		request_13	1623554063757	1623554064040	OK	 
REQUEST		request_11	1623554063756	1623554064049	OK	 
REQUEST		request_14	1623554063759	1623554064049	OK	 
REQUEST		request_0	1623554063266	1623554064194	OK	 
REQUEST		request_15	1623554063832	1623554064216	OK	 
USER	PetStoreSimulation	END	1623554064218
USER	PetStoreSimulation	START	1623554064218
REQUEST		request_1	1623554064195	1623554064427	OK	 
REQUEST		request_7	1623554064428	1623554064640	OK	 
REQUEST		request_0	1623554063987	1623554064855	OK	 
REQUEST		request_8	1623554064640	1623554064860	OK	 
REQUEST		request_2	1623554064196	1623554065076	OK	 
REQUEST		request_3	1623554064196	1623554065077	OK	 
REQUEST		request_0	1623554064219	1623554065078	OK	 
REQUEST		request_4	1623554064197	1623554065079	OK	 
REQUEST		request_5	1623554064197	1623554065080	OK	 
REQUEST		request_6	1623554064197	1623554065081	OK	 
REQUEST		request_1	1623554064856	1623554065082	OK	 
REQUEST		request_9	1623554064860	1623554065083	OK	 
REQUEST		request_10	1623554065076	1623554065301	OK	 
REQUEST		request_7	1623554065083	1623554065304	OK	 
REQUEST		request_14	1623554065082	1623554065304	OK	 
REQUEST		request_13	1623554065080	1623554065304	OK	 
REQUEST		request_12	1623554065079	1623554065305	OK	 
REQUEST		request_1	1623554065080	1623554065305	OK	 
REQUEST		request_11	1623554065078	1623554065372	OK	 
REQUEST		request_15	1623554065083	1623554065460	OK	 
USER	PetStoreSimulation	END	1623554065462
USER	PetStoreSimulation	START	1623554065463
REQUEST		request_8	1623554065304	1623554065517	OK	 
REQUEST		request_7	1623554065306	1623554065518	OK	 
REQUEST		request_3	1623554064857	1623554065669	OK	 
REQUEST		request_4	1623554064857	1623554065670	OK	 
REQUEST		request_8	1623554065519	1623554065740	OK	 
REQUEST		request_9	1623554065517	1623554065740	OK	 
REQUEST		request_5	1623554064858	1623554065769	OK	 
REQUEST		request_6	1623554064858	1623554065770	OK	 
REQUEST		request_2	1623554064856	1623554065771	OK	 
REQUEST		request_10	1623554065669	1623554065880	OK	 
REQUEST		request_11	1623554065670	1623554065880	OK	 
REQUEST		request_2	1623554065081	1623554065899	OK	 
REQUEST		request_3	1623554065082	1623554065900	OK	 
REQUEST		request_4	1623554065083	1623554065910	OK	 
REQUEST		request_5	1623554065084	1623554065911	OK	 
REQUEST		request_12	1623554065740	1623554065949	OK	 
REQUEST		request_9	1623554065740	1623554065950	OK	 
REQUEST		request_6	1623554065084	1623554065960	OK	 
REQUEST		request_13	1623554065769	1623554066016	OK	 
REQUEST		request_14	1623554065770	1623554066020	OK	 
REQUEST		request_10	1623554065899	1623554066118	OK	 
REQUEST		request_11	1623554065901	1623554066118	OK	 
REQUEST		request_12	1623554065910	1623554066125	OK	 
REQUEST		request_13	1623554065911	1623554066126	OK	 
REQUEST		request_15	1623554065771	1623554066179	OK	 
REQUEST		request_14	1623554065950	1623554066180	OK	 
USER	PetStoreSimulation	END	1623554066183
USER	PetStoreSimulation	START	1623554066184
REQUEST		request_0	1623554065463	1623554066291	OK	 
REQUEST		request_15	1623554065961	1623554066332	OK	 
USER	PetStoreSimulation	END	1623554066335
USER	PetStoreSimulation	START	1623554066336
REQUEST		request_1	1623554066293	1623554066518	OK	 
REQUEST		request_7	1623554066519	1623554066749	OK	 
REQUEST		request_8	1623554066749	1623554066967	OK	 
REQUEST		request_0	1623554066185	1623554066998	OK	 
REQUEST		request_2	1623554066294	1623554067099	OK	 
REQUEST		request_4	1623554066295	1623554067100	OK	 
REQUEST		request_6	1623554066296	1623554067101	OK	 
REQUEST		request_3	1623554066295	1623554067118	OK	 
REQUEST		request_5	1623554066295	1623554067119	OK	 
REQUEST		request_0	1623554066336	1623554067140	OK	 
REQUEST		request_9	1623554066967	1623554067207	OK	 
REQUEST		request_1	1623554066999	1623554067230	OK	 
REQUEST		request_10	1623554067100	1623554067315	OK	 
REQUEST		request_11	1623554067100	1623554067315	OK	 
REQUEST		request_12	1623554067101	1623554067316	OK	 
REQUEST		request_13	1623554067119	1623554067325	OK	 
REQUEST		request_14	1623554067119	1623554067325	OK	 
REQUEST		request_1	1623554067141	1623554067351	OK	 
REQUEST		request_7	1623554067231	1623554067500	OK	 
REQUEST		request_7	1623554067351	1623554067570	OK	 
REQUEST		request_15	1623554067207	1623554067719	OK	 
REQUEST		request_8	1623554067500	1623554067721	OK	 
USER	PetStoreSimulation	END	1623554067723
USER	PetStoreSimulation	START	1623554067724
REQUEST		request_8	1623554067570	1623554067780	OK	 
REQUEST		request_6	1623554067001	1623554067936	OK	 
REQUEST		request_2	1623554066999	1623554067936	OK	 
REQUEST		request_4	1623554067000	1623554067937	OK	 
REQUEST		request_5	1623554067000	1623554067937	OK	 
REQUEST		request_9	1623554067722	1623554067943	OK	 
REQUEST		request_3	1623554067142	1623554067944	OK	 
REQUEST		request_4	1623554067142	1623554067944	OK	 
REQUEST		request_3	1623554067000	1623554067946	OK	 
REQUEST		request_2	1623554067142	1623554067957	OK	 
REQUEST		request_5	1623554067142	1623554067958	OK	 
REQUEST		request_9	1623554067780	1623554068001	OK	 
REQUEST		request_6	1623554067143	1623554068154	OK	 
REQUEST		request_11	1623554067936	1623554068161	OK	 
REQUEST		request_13	1623554067937	1623554068161	OK	 
REQUEST		request_10	1623554067936	1623554068161	OK	 
REQUEST		request_14	1623554067943	1623554068164	OK	 
REQUEST		request_10	1623554067944	1623554068164	OK	 
REQUEST		request_11	1623554067944	1623554068165	OK	 
REQUEST		request_12	1623554067937	1623554068176	OK	 
REQUEST		request_12	1623554067957	1623554068177	OK	 
REQUEST		request_13	1623554067958	1623554068177	OK	 
REQUEST		request_14	1623554068002	1623554068229	OK	 
REQUEST		request_15	1623554067946	1623554068381	OK	 
USER	PetStoreSimulation	END	1623554068385
USER	PetStoreSimulation	START	1623554068386
REQUEST		request_0	1623554067724	1623554068598	OK	 
REQUEST		request_15	1623554068154	1623554068602	OK	 
USER	PetStoreSimulation	END	1623554068604
USER	PetStoreSimulation	START	1623554068605
REQUEST		request_1	1623554068599	1623554068831	OK	 
REQUEST		request_7	1623554068832	1623554069051	OK	 
REQUEST		request_0	1623554068386	1623554069255	OK	 
REQUEST		request_8	1623554069051	1623554069272	OK	 
REQUEST		request_2	1623554068600	1623554069424	OK	 
REQUEST		request_5	1623554068601	1623554069425	OK	 
REQUEST		request_0	1623554068605	1623554069446	OK	 
REQUEST		request_3	1623554068600	1623554069447	OK	 
REQUEST		request_9	1623554069272	1623554069485	OK	 
REQUEST		request_4	1623554068601	1623554069486	OK	 
REQUEST		request_1	1623554069256	1623554069486	OK	 
REQUEST		request_6	1623554068602	1623554069488	OK	 
REQUEST		request_10	1623554069424	1623554069740	OK	 
REQUEST		request_11	1623554069425	1623554069741	OK	 
REQUEST		request_12	1623554069447	1623554069742	OK	 
REQUEST		request_1	1623554069447	1623554069742	OK	 
REQUEST		request_13	1623554069485	1623554069810	OK	 
REQUEST		request_14	1623554069486	1623554069812	OK	 
REQUEST		request_7	1623554069487	1623554069813	OK	 
REQUEST		request_15	1623554069488	1623554069932	OK	 
USER	PetStoreSimulation	END	1623554069935
USER	PetStoreSimulation	START	1623554069936
REQUEST		request_7	1623554069742	1623554069968	OK	 
REQUEST		request_8	1623554069813	1623554070032	OK	 
REQUEST		request_6	1623554069258	1623554070107	OK	 
REQUEST		request_4	1623554069258	1623554070159	OK	 
REQUEST		request_5	1623554069258	1623554070160	OK	 
REQUEST		request_3	1623554069257	1623554070169	OK	 
REQUEST		request_2	1623554069257	1623554070186	OK	 
REQUEST		request_8	1623554069969	1623554070205	OK	 
REQUEST		request_2	1623554069447	1623554070230	OK	 
REQUEST		request_3	1623554069448	1623554070238	OK	 
REQUEST		request_9	1623554070032	1623554070251	OK	 
REQUEST		request_4	1623554069448	1623554070299	OK	 
REQUEST		request_5	1623554069448	1623554070300	OK	 
REQUEST		request_6	1623554069448	1623554070310	OK	 
REQUEST		request_10	1623554070108	1623554070318	OK	 
REQUEST		request_13	1623554070170	1623554070380	OK	 
REQUEST		request_11	1623554070160	1623554070381	OK	 
REQUEST		request_12	1623554070160	1623554070381	OK	 
REQUEST		request_14	1623554070187	1623554070410	OK	 
REQUEST		request_9	1623554070205	1623554070421	OK	 
REQUEST		request_10	1623554070230	1623554070450	OK	 
REQUEST		request_11	1623554070238	1623554070451	OK	 
REQUEST		request_12	1623554070299	1623554070520	OK	 
REQUEST		request_13	1623554070301	1623554070520	OK	 
REQUEST		request_14	1623554070310	1623554070525	OK	 
REQUEST		request_15	1623554070251	1623554070622	OK	 
USER	PetStoreSimulation	END	1623554070626
USER	PetStoreSimulation	START	1623554070627
REQUEST		request_0	1623554069937	1623554070740	OK	 
REQUEST		request_15	1623554070421	1623554070801	OK	 
USER	PetStoreSimulation	END	1623554070804
USER	PetStoreSimulation	START	1623554070805
REQUEST		request_1	1623554070741	1623554070962	OK	 
REQUEST		request_7	1623554070963	1623554071179	OK	 
REQUEST		request_8	1623554071180	1623554071401	OK	 
REQUEST		request_0	1623554070627	1623554071430	OK	 
REQUEST		request_5	1623554070743	1623554071676	OK	 
REQUEST		request_2	1623554070742	1623554071678	OK	 
REQUEST		request_3	1623554070742	1623554071679	OK	 
REQUEST		request_4	1623554070742	1623554071679	OK	 
REQUEST		request_0	1623554070805	1623554071680	OK	 
REQUEST		request_6	1623554070743	1623554071680	OK	 
REQUEST		request_9	1623554071401	1623554071681	OK	 
REQUEST		request_1	1623554071431	1623554071686	OK	 
REQUEST		request_13	1623554071680	1623554071899	OK	 
REQUEST		request_10	1623554071677	1623554071900	OK	 
REQUEST		request_11	1623554071678	1623554071971	OK	 
REQUEST		request_14	1623554071680	1623554071972	OK	 
REQUEST		request_7	1623554071686	1623554071972	OK	 
REQUEST		request_1	1623554071681	1623554071972	OK	 
REQUEST		request_12	1623554071679	1623554071972	OK	 
REQUEST		request_15	1623554071681	1623554072121	OK	 
USER	PetStoreSimulation	END	1623554072125
USER	PetStoreSimulation	START	1623554072126
REQUEST		request_7	1623554071972	1623554072409	OK	 
REQUEST		request_8	1623554071972	1623554072411	OK	 
REQUEST		request_8	1623554072410	1623554072624	OK	 
REQUEST		request_9	1623554072411	1623554072626	OK	 
REQUEST		request_4	1623554071683	1623554072776	OK	 
REQUEST		request_6	1623554071433	1623554072777	OK	 
REQUEST		request_2	1623554071682	1623554072777	OK	 
REQUEST		request_3	1623554071682	1623554072778	OK	 
REQUEST		request_2	1623554071431	1623554072779	OK	 
REQUEST		request_4	1623554071432	1623554072780	OK	 
REQUEST		request_5	1623554071683	1623554072781	OK	 
REQUEST		request_3	1623554071432	1623554072781	OK	 
REQUEST		request_6	1623554071684	1623554072782	OK	 
REQUEST		request_5	1623554071432	1623554072782	OK	 
REQUEST		request_10	1623554072626	1623554072841	OK	 
REQUEST		request_9	1623554072624	1623554072841	OK	 
REQUEST		request_10	1623554072776	1623554073000	OK	 
REQUEST		request_12	1623554072778	1623554073000	OK	 
REQUEST		request_11	1623554072777	1623554073001	OK	 
REQUEST		request_11	1623554072777	1623554073001	OK	 
REQUEST		request_12	1623554072779	1623554073001	OK	 
REQUEST		request_13	1623554072780	1623554073002	OK	 
REQUEST		request_14	1623554072781	1623554073002	OK	 
REQUEST		request_13	1623554072781	1623554073009	OK	 
REQUEST		request_14	1623554072782	1623554073009	OK	 
REQUEST		request_15	1623554072782	1623554073222	OK	 
USER	PetStoreSimulation	END	1623554073226
USER	PetStoreSimulation	START	1623554073227
REQUEST		request_15	1623554072841	1623554073293	OK	 
REQUEST		request_0	1623554072126	1623554073294	OK	 
USER	PetStoreSimulation	END	1623554073296
USER	PetStoreSimulation	START	1623554073297
REQUEST		request_1	1623554073295	1623554073670	OK	 
REQUEST		request_7	1623554073671	1623554073891	OK	 
REQUEST		request_0	1623554073227	1623554074056	OK	 
REQUEST		request_8	1623554073891	1623554074108	OK	 
REQUEST		request_2	1623554073296	1623554074146	OK	 
REQUEST		request_4	1623554073297	1623554074148	OK	 
REQUEST		request_3	1623554073296	1623554074149	OK	 
REQUEST		request_5	1623554073297	1623554074150	OK	 
REQUEST		request_6	1623554073298	1623554074150	OK	 
REQUEST		request_0	1623554073297	1623554074166	OK	 
REQUEST		request_1	1623554074057	1623554074274	OK	 
REQUEST		request_9	1623554074109	1623554074330	OK	 
REQUEST		request_10	1623554074146	1623554074344	OK	 
REQUEST		request_11	1623554074148	1623554074369	OK	 
REQUEST		request_12	1623554074149	1623554074369	OK	 
REQUEST		request_13	1623554074150	1623554074370	OK	 
REQUEST		request_14	1623554074150	1623554074370	OK	 
REQUEST		request_1	1623554074167	1623554074386	OK	 
REQUEST		request_7	1623554074275	1623554074495	OK	 
REQUEST		request_7	1623554074387	1623554074630	OK	 
REQUEST		request_15	1623554074330	1623554074728	OK	 
REQUEST		request_8	1623554074495	1623554074728	OK	 
USER	PetStoreSimulation	END	1623554074731
USER	PetStoreSimulation	START	1623554074732
REQUEST		request_2	1623554074057	1623554074840	OK	 
REQUEST		request_4	1623554074058	1623554074843	OK	 
REQUEST		request_8	1623554074630	1623554074844	OK	 
REQUEST		request_3	1623554074058	1623554074846	OK	 
REQUEST		request_5	1623554074058	1623554074868	OK	 
REQUEST		request_6	1623554074059	1623554074868	OK	 
REQUEST		request_2	1623554074168	1623554074957	OK	 
REQUEST		request_4	1623554074169	1623554074959	OK	 
REQUEST		request_9	1623554074729	1623554074965	OK	 
REQUEST		request_6	1623554074170	1623554074977	OK	 
REQUEST		request_5	1623554074170	1623554074979	OK	 
REQUEST		request_3	1623554074169	1623554074994	OK	 
REQUEST		request_10	1623554074841	1623554075070	OK	 
REQUEST		request_9	1623554074844	1623554075070	OK	 
REQUEST		request_12	1623554074847	1623554075070	OK	 
REQUEST		request_11	1623554074844	1623554075071	OK	 
REQUEST		request_13	1623554074868	1623554075095	OK	 
REQUEST		request_14	1623554074868	1623554075095	OK	 
REQUEST		request_10	1623554074958	1623554075178	OK	 
REQUEST		request_11	1623554074959	1623554075181	OK	 
REQUEST		request_13	1623554074979	1623554075190	OK	 
REQUEST		request_12	1623554074977	1623554075209	OK	 
REQUEST		request_14	1623554074994	1623554075209	OK	 
REQUEST		request_15	1623554074965	1623554075359	OK	 
USER	PetStoreSimulation	END	1623554075363
USER	PetStoreSimulation	START	1623554075364
REQUEST		request_15	1623554075071	1623554075489	OK	 
USER	PetStoreSimulation	END	1623554075492
USER	PetStoreSimulation	START	1623554075493
REQUEST		request_0	1623554074732	1623554075550	OK	 
REQUEST		request_1	1623554075551	1623554075856	OK	 
REQUEST		request_7	1623554075856	1623554076294	OK	 
REQUEST		request_0	1623554075493	1623554076517	OK	 
REQUEST		request_0	1623554075364	1623554076517	OK	 
REQUEST		request_8	1623554076294	1623554076958	OK	 
REQUEST		request_2	1623554075551	1623554076959	OK	 
REQUEST		request_6	1623554075553	1623554076959	OK	 
REQUEST		request_3	1623554075552	1623554076960	OK	 
REQUEST		request_4	1623554075552	1623554076960	OK	 
REQUEST		request_5	1623554075552	1623554076961	OK	 
REQUEST		request_1	1623554076518	1623554077214	OK	 
REQUEST		request_1	1623554076519	1623554077215	OK	 
REQUEST		request_7	1623554077215	1623554077672	OK	 
REQUEST		request_9	1623554076958	1623554077672	OK	 
REQUEST		request_10	1623554076959	1623554077673	OK	 
REQUEST		request_13	1623554076960	1623554077673	OK	 
REQUEST		request_14	1623554076961	1623554077673	OK	 
REQUEST		request_11	1623554076959	1623554077674	OK	 
REQUEST		request_7	1623554077215	1623554077675	OK	 
REQUEST		request_12	1623554076960	1623554077675	OK	 
REQUEST		request_8	1623554077672	1623554078040	OK	 
REQUEST		request_8	1623554077676	1623554078061	OK	 
REQUEST		request_15	1623554077672	1623554078192	OK	 
REQUEST		request_4	1623554076521	1623554078193	OK	 
REQUEST		request_6	1623554076522	1623554078193	OK	 
USER	PetStoreSimulation	END	1623554078195
USER	PetStoreSimulation	START	1623554078196
REQUEST		request_5	1623554076521	1623554078239	OK	 
REQUEST		request_2	1623554076519	1623554078240	OK	 
REQUEST		request_2	1623554076519	1623554078248	OK	 
REQUEST		request_3	1623554076520	1623554078248	OK	 
REQUEST		request_5	1623554076521	1623554078257	OK	 
REQUEST		request_9	1623554078041	1623554078258	OK	 
REQUEST		request_6	1623554076522	1623554078258	OK	 
REQUEST		request_4	1623554076521	1623554078267	OK	 
REQUEST		request_3	1623554076520	1623554078268	OK	 
REQUEST		request_9	1623554078061	1623554078305	OK	 
REQUEST		request_10	1623554078193	1623554078409	OK	 
REQUEST		request_10	1623554078193	1623554078409	OK	 
REQUEST		request_11	1623554078240	1623554078460	OK	 
REQUEST		request_11	1623554078239	1623554078460	OK	 
REQUEST		request_12	1623554078248	1623554078460	OK	 
REQUEST		request_12	1623554078248	1623554078460	OK	 
REQUEST		request_14	1623554078258	1623554078470	OK	 
REQUEST		request_13	1623554078258	1623554078471	OK	 
REQUEST		request_13	1623554078267	1623554078509	OK	 
REQUEST		request_14	1623554078268	1623554078510	OK	 
REQUEST		request_15	1623554078258	1623554078656	OK	 
USER	PetStoreSimulation	END	1623554078658
USER	PetStoreSimulation	START	1623554078659
REQUEST		request_15	1623554078305	1623554078736	OK	 
USER	PetStoreSimulation	END	1623554078739
USER	PetStoreSimulation	START	1623554078740
REQUEST		request_0	1623554078196	1623554079030	OK	 
REQUEST		request_1	1623554079032	1623554079248	OK	 
REQUEST		request_0	1623554078659	1623554079467	OK	 
REQUEST		request_7	1623554079248	1623554079521	OK	 
REQUEST		request_0	1623554078741	1623554079555	OK	 
REQUEST		request_1	1623554079468	1623554079681	OK	 
REQUEST		request_8	1623554079521	1623554079815	OK	 
REQUEST		request_1	1623554079556	1623554079816	OK	 
REQUEST		request_6	1623554079034	1623554079823	OK	 
REQUEST		request_2	1623554079032	1623554079920	OK	 
REQUEST		request_3	1623554079033	1623554079921	OK	 
REQUEST		request_5	1623554079033	1623554079922	OK	 
REQUEST		request_7	1623554079682	1623554080041	OK	 
REQUEST		request_4	1623554079033	1623554080041	OK	 
REQUEST		request_9	1623554079815	1623554080328	OK	 
REQUEST		request_10	1623554079824	1623554080329	OK	 
REQUEST		request_7	1623554079817	1623554080330	OK	 
REQUEST		request_11	1623554079921	1623554080695	OK	 
REQUEST		request_8	1623554080041	1623554080695	OK	 
REQUEST		request_13	1623554079922	1623554080696	OK	 
REQUEST		request_12	1623554079922	1623554080696	OK	 
REQUEST		request_14	1623554080042	1623554080696	OK	 
REQUEST		request_8	1623554080330	1623554080969	OK	 
REQUEST		request_4	1623554079470	1623554081210	OK	 
REQUEST		request_2	1623554079468	1623554081211	OK	 
REQUEST		request_5	1623554079470	1623554081212	OK	 
REQUEST		request_9	1623554080695	1623554081425	OK	 
REQUEST		request_2	1623554079557	1623554081425	OK	 
REQUEST		request_3	1623554079558	1623554081427	OK	 
REQUEST		request_3	1623554079469	1623554081427	OK	 
REQUEST		request_4	1623554079558	1623554081427	OK	 
REQUEST		request_6	1623554079470	1623554081427	OK	 
REQUEST		request_5	1623554079558	1623554081428	OK	 
REQUEST		request_6	1623554079559	1623554081429	OK	 
REQUEST		request_15	1623554080329	1623554081429	OK	 
USER	PetStoreSimulation	END	1623554081432
REQUEST		request_9	1623554080969	1623554081577	OK	 
REQUEST		request_10	1623554081210	1623554081639	OK	 
REQUEST		request_11	1623554081211	1623554081639	OK	 
REQUEST		request_12	1623554081212	1623554081639	OK	 
REQUEST		request_10	1623554081426	1623554081645	OK	 
REQUEST		request_13	1623554081426	1623554081645	OK	 
REQUEST		request_12	1623554081427	1623554081645	OK	 
REQUEST		request_11	1623554081427	1623554081647	OK	 
REQUEST		request_14	1623554081427	1623554081649	OK	 
REQUEST		request_13	1623554081428	1623554081657	OK	 
REQUEST		request_14	1623554081429	1623554081657	OK	 
REQUEST		request_15	1623554081427	1623554081861	OK	 
USER	PetStoreSimulation	END	1623554081863
REQUEST		request_15	1623554081577	1623554082020	OK	 
USER	PetStoreSimulation	END	1623554082024
